TN:
SF:src/completionProvider.ts
FN:57,(anonymous_9)
FN:112,(anonymous_10)
FN:117,(anonymous_11)
FN:131,(anonymous_12)
FN:152,(anonymous_13)
FN:157,(anonymous_14)
FN:174,(anonymous_15)
FN:181,(anonymous_16)
FN:202,(anonymous_17)
FN:218,(anonymous_18)
FN:231,(anonymous_19)
FN:232,(anonymous_20)
FN:243,(anonymous_21)
FN:244,(anonymous_22)
FNF:14
FNH:14
FNDA:13,(anonymous_9)
FNDA:8,(anonymous_10)
FNDA:2,(anonymous_11)
FNDA:8,(anonymous_12)
FNDA:8,(anonymous_13)
FNDA:1,(anonymous_14)
FNDA:2,(anonymous_15)
FNDA:1,(anonymous_16)
FNDA:2,(anonymous_17)
FNDA:1,(anonymous_18)
FNDA:2,(anonymous_19)
FNDA:2,(anonymous_20)
FNDA:10,(anonymous_21)
FNDA:46,(anonymous_22)
DA:1,1
DA:2,1
DA:19,1
DA:27,1
DA:36,1
DA:44,1
DA:56,1
DA:58,13
DA:61,13
DA:62,2
DA:67,11
DA:68,11
DA:71,1
DA:74,10
DA:75,2
DA:78,8
DA:79,8
DA:80,8
DA:81,8
DA:84,8
DA:85,1
DA:89,7
DA:91,4
DA:94,3
DA:96,1
DA:100,2
DA:101,2
DA:102,1
DA:103,1
DA:104,1
DA:109,0
DA:113,8
DA:114,8
DA:118,2
DA:119,2
DA:120,2
DA:121,2
DA:122,2
DA:124,0
DA:125,0
DA:128,0
DA:132,8
DA:133,8
DA:136,8
DA:138,2
DA:139,9
DA:140,9
DA:141,2
DA:144,7
DA:145,0
DA:149,6
DA:154,8
DA:158,1
DA:159,1
DA:160,0
DA:164,1
DA:167,1
DA:168,1
DA:169,3
DA:170,2
DA:174,2
DA:182,1
DA:184,1
DA:185,4
DA:186,4
DA:189,4
DA:190,4
DA:191,1
DA:195,3
DA:196,0
DA:199,0
DA:204,2
DA:205,2
DA:207,0
DA:210,2
DA:211,0
DA:214,2
DA:216,1
DA:217,1
DA:218,1
DA:226,1
DA:228,1
DA:229,1
DA:230,1
DA:231,2
DA:232,2
DA:240,0
DA:244,46
LF:88
LH:77
BRDA:61,0,0,2
BRDA:62,1,0,2
BRDA:62,1,1,0
BRDA:74,2,0,2
BRDA:84,3,0,1
BRDA:89,4,0,4
BRDA:94,5,0,1
BRDA:100,6,0,2
BRDA:100,7,0,2
BRDA:100,7,1,2
BRDA:101,8,0,1
BRDA:101,8,1,1
BRDA:103,9,0,1
BRDA:114,10,0,8
BRDA:114,10,1,0
BRDA:121,11,0,2
BRDA:121,12,0,2
BRDA:121,12,1,2
BRDA:124,13,0,0
BRDA:124,14,0,0
BRDA:124,14,1,0
BRDA:133,15,0,8
BRDA:133,15,1,4
BRDA:136,16,0,2
BRDA:140,17,0,2
BRDA:140,18,0,9
BRDA:140,18,1,9
BRDA:144,19,0,0
BRDA:144,20,0,7
BRDA:144,20,1,7
BRDA:154,21,0,8
BRDA:154,21,1,2
BRDA:159,22,0,0
BRDA:169,23,0,2
BRDA:169,24,0,3
BRDA:169,24,1,3
BRDA:186,25,0,0
BRDA:190,26,0,1
BRDA:195,27,0,0
BRDA:195,28,0,3
BRDA:195,28,1,0
BRDA:210,29,0,0
BRDA:214,30,0,1
BRDA:217,31,0,1
BRDA:217,32,0,1
BRDA:217,32,1,1
BRDA:226,33,0,1
BRDA:229,34,0,1
BRF:48
BRH:37
end_of_record
TN:
SF:src/diagnosticsProvider.ts
FN:3,(anonymous_9)
FN:23,(anonymous_10)
FN:63,(anonymous_11)
FN:120,(anonymous_12)
FN:144,(anonymous_13)
FN:179,(anonymous_14)
FN:217,(anonymous_15)
FN:227,(anonymous_16)
FN:250,(anonymous_17)
FNF:9
FNH:9
FNDA:1,(anonymous_9)
FNDA:13,(anonymous_10)
FNDA:8,(anonymous_11)
FNDA:3,(anonymous_12)
FNDA:7,(anonymous_13)
FNDA:8,(anonymous_14)
FNDA:6,(anonymous_15)
FNDA:7,(anonymous_16)
FNDA:9,(anonymous_17)
DA:1,1
DA:3,1
DA:4,1
DA:5,1
DA:6,1
DA:7,1
DA:22,1
DA:24,13
DA:25,1
DA:28,12
DA:32,12
DA:33,12
DA:35,1
DA:36,1
DA:45,1
DA:48,11
DA:49,0
DA:52,11
DA:54,11
DA:55,8
DA:56,3
DA:57,3
DA:60,11
DA:65,8
DA:66,1
DA:67,1
DA:76,8
DA:77,1
DA:78,1
DA:84,1
DA:88,7
DA:89,7
DA:91,7
DA:92,8
DA:93,8
DA:95,8
DA:96,2
DA:103,6
DA:106,8
DA:107,1
DA:117,7
DA:122,3
DA:123,1
DA:124,1
DA:133,3
DA:134,1
DA:135,1
DA:151,7
DA:152,7
DA:153,8
DA:154,6
DA:159,7
DA:160,8
DA:161,3
DA:162,3
DA:163,1
DA:164,1
DA:176,7
DA:177,7
DA:179,7
DA:180,8
DA:181,1
DA:183,7
DA:184,0
DA:187,7
DA:188,7
DA:190,7
DA:191,7
DA:192,3
DA:193,2
DA:197,5
DA:198,5
DA:201,7
DA:202,5
DA:203,5
DA:204,5
DA:205,1
DA:206,1
DA:212,1
DA:218,6
DA:219,6
DA:220,27
DA:221,6
DA:224,0
DA:228,7
DA:229,7
DA:230,7
DA:232,7
DA:233,54
DA:234,54
DA:235,7
DA:236,7
DA:238,47
DA:239,11
DA:242,47
DA:243,0
DA:247,7
DA:251,9
LF:98
LH:94
BRDA:3,0,0,1
BRDA:3,0,1,1
BRDA:24,1,0,1
BRDA:24,2,0,13
BRDA:24,2,1,12
BRDA:35,3,0,1
BRDA:35,3,1,0
BRDA:48,4,0,0
BRDA:54,5,0,8
BRDA:54,5,1,3
BRDA:56,6,0,3
BRDA:65,7,0,1
BRDA:68,8,0,1
BRDA:68,8,1,0
BRDA:76,9,0,1
BRDA:76,10,0,8
BRDA:76,10,1,7
BRDA:79,11,0,1
BRDA:79,11,1,0
BRDA:93,12,0,8
BRDA:93,12,1,0
BRDA:95,13,0,2
BRDA:95,13,1,6
BRDA:106,14,0,1
BRDA:106,15,0,8
BRDA:106,15,1,1
BRDA:109,16,0,1
BRDA:109,16,1,0
BRDA:122,17,0,1
BRDA:125,18,0,1
BRDA:125,18,1,0
BRDA:133,19,0,1
BRDA:136,20,0,1
BRDA:136,20,1,0
BRDA:153,21,0,6
BRDA:154,22,0,6
BRDA:154,22,1,3
BRDA:160,23,0,3
BRDA:160,24,0,8
BRDA:160,24,1,3
BRDA:162,25,0,1
BRDA:165,26,0,1
BRDA:165,26,1,0
BRDA:180,27,0,1
BRDA:183,28,0,0
BRDA:190,29,0,7
BRDA:190,29,1,1
BRDA:192,30,0,2
BRDA:204,31,0,1
BRDA:207,32,0,1
BRDA:207,32,1,0
BRDA:220,33,0,6
BRDA:234,34,0,7
BRDA:238,35,0,11
BRDA:238,36,0,47
BRDA:238,36,1,19
BRDA:242,37,0,0
BRDA:242,38,0,47
BRDA:242,38,1,19
BRDA:242,38,2,8
BRDA:242,38,3,8
BRF:61
BRH:49
end_of_record
TN:
SF:src/hoverProvider.ts
FN:62,(anonymous_0)
FNF:1
FNH:1
FNDA:9,(anonymous_0)
DA:16,1
DA:24,1
DA:33,1
DA:41,1
DA:54,1
DA:61,1
DA:63,9
DA:66,9
DA:68,9
DA:69,8
DA:74,1
LF:11
LH:11
BRDA:68,0,0,8
BRF:1
BRH:1
end_of_record
TN:
SF:src/snippetProvider.ts
FN:191,(anonymous_0)
FN:195,(anonymous_1)
FN:196,(anonymous_2)
FNF:3
FNH:3
FNDA:11,(anonymous_0)
FNDA:2,(anonymous_1)
FNDA:13,(anonymous_2)
DA:8,1
DA:190,1
DA:192,11
DA:196,13
LF:4
LH:4
BRDA:196,0,0,2
BRDA:196,0,1,1
BRF:2
BRH:2
end_of_record
