{"numTotalTestSuites":38,"numPassedTestSuites":38,"numFailedTestSuites":0,"numPendingTestSuites":0,"numTotalTests":90,"numPassedTests":90,"numFailedTests":0,"numPendingTests":0,"numTodoTests":0,"snapshot":{"added":0,"failure":false,"filesAdded":0,"filesRemoved":0,"filesRemovedList":[],"filesUnmatched":0,"filesUpdated":0,"matched":0,"total":0,"unchecked":0,"uncheckedKeysByFile":[],"unmatched":0,"updated":0,"didUpdate":false},"startTime":1764660590004,"success":true,"testResults":[{"assertionResults":[{"ancestorTitles":["error-fixing","ERROR_FIXES"],"fullName":"error-fixing ERROR_FIXES should generate unknown_task_ref message","status":"passed","title":"should generate unknown_task_ref message","duration":1.9409049999999297,"failureMessages":[],"meta":{}},{"ancestorTitles":["error-fixing","ERROR_FIXES"],"fullName":"error-fixing ERROR_FIXES should generate invalid_template message","status":"passed","title":"should generate invalid_template message","duration":0.4153150000000778,"failureMessages":[],"meta":{}},{"ancestorTitles":["error-fixing","ERROR_FIXES"],"fullName":"error-fixing ERROR_FIXES should generate circular_dependency message","status":"passed","title":"should generate circular_dependency message","duration":0.46901600000001054,"failureMessages":[],"meta":{}},{"ancestorTitles":["error-fixing","ERROR_FIXES"],"fullName":"error-fixing ERROR_FIXES should generate schema_mismatch message","status":"passed","title":"should generate schema_mismatch message","duration":0.35902100000009796,"failureMessages":[],"meta":{}},{"ancestorTitles":["error-fixing","ERROR_FIXES"],"fullName":"error-fixing ERROR_FIXES should generate missing_dependency message","status":"passed","title":"should generate missing_dependency message","duration":0.3150789999999688,"failureMessages":[],"meta":{}},{"ancestorTitles":["error-fixing","ERROR_FIXES"],"fullName":"error-fixing ERROR_FIXES should generate duplicate_task_id message","status":"passed","title":"should generate duplicate_task_id message","duration":0.27693299999998544,"failureMessages":[],"meta":{}},{"ancestorTitles":["error-fixing","ERROR_FIXES"],"fullName":"error-fixing ERROR_FIXES should generate invalid_yaml message","status":"passed","title":"should generate invalid_yaml message","duration":0.2938130000000001,"failureMessages":[],"meta":{}},{"ancestorTitles":["error-fixing","ERROR_FIXES"],"fullName":"error-fixing ERROR_FIXES should generate missing_required_field message","status":"passed","title":"should generate missing_required_field message","duration":0.27561900000000605,"failureMessages":[],"meta":{}},{"ancestorTitles":["error-fixing","detectErrorType"],"fullName":"error-fixing detectErrorType should detect unknown_task_ref","status":"passed","title":"should detect unknown_task_ref","duration":0.5418650000000298,"failureMessages":[],"meta":{}},{"ancestorTitles":["error-fixing","detectErrorType"],"fullName":"error-fixing detectErrorType should detect invalid_template","status":"passed","title":"should detect invalid_template","duration":0.48204499999997097,"failureMessages":[],"meta":{}},{"ancestorTitles":["error-fixing","detectErrorType"],"fullName":"error-fixing detectErrorType should detect circular_dependency","status":"passed","title":"should detect circular_dependency","duration":0.5698019999999815,"failureMessages":[],"meta":{}},{"ancestorTitles":["error-fixing","detectErrorType"],"fullName":"error-fixing detectErrorType should detect schema_mismatch","status":"passed","title":"should detect schema_mismatch","duration":0.3400800000000572,"failureMessages":[],"meta":{}},{"ancestorTitles":["error-fixing","detectErrorType"],"fullName":"error-fixing detectErrorType should detect missing_dependency","status":"passed","title":"should detect missing_dependency","duration":0.25700499999993554,"failureMessages":[],"meta":{}},{"ancestorTitles":["error-fixing","detectErrorType"],"fullName":"error-fixing detectErrorType should detect duplicate_task_id","status":"passed","title":"should detect duplicate_task_id","duration":0.2059070000000247,"failureMessages":[],"meta":{}},{"ancestorTitles":["error-fixing","detectErrorType"],"fullName":"error-fixing detectErrorType should detect invalid_yaml","status":"passed","title":"should detect invalid_yaml","duration":0.19172600000001694,"failureMessages":[],"meta":{}},{"ancestorTitles":["error-fixing","detectErrorType"],"fullName":"error-fixing detectErrorType should detect missing_required_field","status":"passed","title":"should detect missing_required_field","duration":0.280934000000002,"failureMessages":[],"meta":{}},{"ancestorTitles":["error-fixing","detectErrorType"],"fullName":"error-fixing detectErrorType should return null for unknown errors","status":"passed","title":"should return null for unknown errors","duration":0.24222100000008595,"failureMessages":[],"meta":{}},{"ancestorTitles":["error-fixing","generateSuggestion"],"fullName":"error-fixing generateSuggestion should generate suggestion for unknown_task_ref","status":"passed","title":"should generate suggestion for unknown_task_ref","duration":0.40838000000007924,"failureMessages":[],"meta":{}},{"ancestorTitles":["error-fixing","generateSuggestion"],"fullName":"error-fixing generateSuggestion should generate suggestion for invalid_template","status":"passed","title":"should generate suggestion for invalid_template","duration":0.23894900000004782,"failureMessages":[],"meta":{}},{"ancestorTitles":["error-fixing","generateSuggestion"],"fullName":"error-fixing generateSuggestion should generate suggestion for circular_dependency","status":"passed","title":"should generate suggestion for circular_dependency","duration":0.32389999999998054,"failureMessages":[],"meta":{}},{"ancestorTitles":["error-fixing","generateSuggestion"],"fullName":"error-fixing generateSuggestion should generate suggestion for invalid_yaml","status":"passed","title":"should generate suggestion for invalid_yaml","duration":0.3396869999999126,"failureMessages":[],"meta":{}},{"ancestorTitles":["error-fixing","generateSuggestion"],"fullName":"error-fixing generateSuggestion should return undefined for unknown errors","status":"passed","title":"should return undefined for unknown errors","duration":0.37953399999992143,"failureMessages":[],"meta":{}},{"ancestorTitles":["error-fixing","generateSuggestion"],"fullName":"error-fixing generateSuggestion should handle missing template in error message","status":"passed","title":"should handle missing template in error message","duration":0.3730470000000423,"failureMessages":[],"meta":{}},{"ancestorTitles":["error-fixing","generateSuggestion"],"fullName":"error-fixing generateSuggestion should handle missing task in error message","status":"passed","title":"should handle missing task in error message","duration":0.3639779999999746,"failureMessages":[],"meta":{}}],"startTime":1764660590691,"endTime":1764660590701.373,"status":"passed","message":"","name":"/Users/darren/dev/workflow/packages/workflow-mcp-server/tests/prompts/error-fixing.test.ts"},{"assertionResults":[{"ancestorTitles":["few-shot-examples","FEW_SHOT_EXAMPLES"],"fullName":"few-shot-examples FEW_SHOT_EXAMPLES should have sequential example","status":"passed","title":"should have sequential example","duration":2.990393999999924,"failureMessages":[],"meta":{}},{"ancestorTitles":["few-shot-examples","FEW_SHOT_EXAMPLES"],"fullName":"few-shot-examples FEW_SHOT_EXAMPLES should have parallel example","status":"passed","title":"should have parallel example","duration":0.690309999999954,"failureMessages":[],"meta":{}},{"ancestorTitles":["few-shot-examples","FEW_SHOT_EXAMPLES"],"fullName":"few-shot-examples FEW_SHOT_EXAMPLES should have diamond example","status":"passed","title":"should have diamond example","duration":0.5381529999999657,"failureMessages":[],"meta":{}},{"ancestorTitles":["few-shot-examples","selectRelevantExample"],"fullName":"few-shot-examples selectRelevantExample should select parallel for \"at the same time\"","status":"passed","title":"should select parallel for \"at the same time\"","duration":0.4941769999999224,"failureMessages":[],"meta":{}},{"ancestorTitles":["few-shot-examples","selectRelevantExample"],"fullName":"few-shot-examples selectRelevantExample should select parallel for \"simultaneously\"","status":"passed","title":"should select parallel for \"simultaneously\"","duration":0.4318359999999757,"failureMessages":[],"meta":{}},{"ancestorTitles":["few-shot-examples","selectRelevantExample"],"fullName":"few-shot-examples selectRelevantExample should select diamond for check-then-process pattern","status":"passed","title":"should select diamond for check-then-process pattern","duration":0.2499360000000479,"failureMessages":[],"meta":{}},{"ancestorTitles":["few-shot-examples","selectRelevantExample"],"fullName":"few-shot-examples selectRelevantExample should select diamond for validate-process pattern","status":"passed","title":"should select diamond for validate-process pattern","duration":0.40070300000002135,"failureMessages":[],"meta":{}},{"ancestorTitles":["few-shot-examples","selectRelevantExample"],"fullName":"few-shot-examples selectRelevantExample should select complex for batch operations","status":"passed","title":"should select complex for batch operations","duration":0.40467100000000755,"failureMessages":[],"meta":{}},{"ancestorTitles":["few-shot-examples","selectRelevantExample"],"fullName":"few-shot-examples selectRelevantExample should default to sequential","status":"passed","title":"should default to sequential","duration":0.2449980000000096,"failureMessages":[],"meta":{}},{"ancestorTitles":["few-shot-examples","formatExample"],"fullName":"few-shot-examples formatExample should format example with all fields","status":"passed","title":"should format example with all fields","duration":0.5928139999999757,"failureMessages":[],"meta":{}}],"startTime":1764660590690,"endTime":1764660590698.5928,"status":"passed","message":"","name":"/Users/darren/dev/workflow/packages/workflow-mcp-server/tests/prompts/few-shot-examples.test.ts"},{"assertionResults":[{"ancestorTitles":["system-prompt","formatTaskList"],"fullName":"system-prompt formatTaskList should format empty task list","status":"passed","title":"should format empty task list","duration":2.4591469999999163,"failureMessages":[],"meta":{}},{"ancestorTitles":["system-prompt","formatTaskList"],"fullName":"system-prompt formatTaskList should format tasks with properties","status":"passed","title":"should format tasks with properties","duration":0.8470929999999726,"failureMessages":[],"meta":{}},{"ancestorTitles":["system-prompt","formatTaskList"],"fullName":"system-prompt formatTaskList should handle tasks without properties","status":"passed","title":"should handle tasks without properties","duration":0.38859500000000935,"failureMessages":[],"meta":{}},{"ancestorTitles":["system-prompt","formatTaskList"],"fullName":"system-prompt formatTaskList should format multiple tasks","status":"passed","title":"should format multiple tasks","duration":0.30250499999999647,"failureMessages":[],"meta":{}},{"ancestorTitles":["system-prompt","buildSystemPrompt"],"fullName":"system-prompt buildSystemPrompt should include task list in prompt","status":"passed","title":"should include task list in prompt","duration":0.8040839999999889,"failureMessages":[],"meta":{}},{"ancestorTitles":["system-prompt","buildSystemPrompt"],"fullName":"system-prompt buildSystemPrompt should include template syntax instructions","status":"passed","title":"should include template syntax instructions","duration":0.5355779999999868,"failureMessages":[],"meta":{}},{"ancestorTitles":["system-prompt","buildSystemPrompt"],"fullName":"system-prompt buildSystemPrompt should include workflow structure rules","status":"passed","title":"should include workflow structure rules","duration":0.5642369999999346,"failureMessages":[],"meta":{}}],"startTime":1764660590708,"endTime":1764660590714.5642,"status":"passed","message":"","name":"/Users/darren/dev/workflow/packages/workflow-mcp-server/tests/prompts/system-prompt.test.ts"},{"assertionResults":[{"ancestorTitles":["GatewayClient","listTasks"],"fullName":"GatewayClient listTasks should list all tasks successfully","status":"passed","title":"should list all tasks successfully","duration":4.705310999999938,"failureMessages":[],"meta":{}},{"ancestorTitles":["GatewayClient","listTasks"],"fullName":"GatewayClient listTasks should handle API errors","status":"passed","title":"should handle API errors","duration":2.1593520000000126,"failureMessages":[],"meta":{}},{"ancestorTitles":["GatewayClient","listTasks"],"fullName":"GatewayClient listTasks should handle network errors","status":"passed","title":"should handle network errors","duration":0.5661489999999958,"failureMessages":[],"meta":{}},{"ancestorTitles":["GatewayClient","getTask"],"fullName":"GatewayClient getTask should get a single task by name","status":"passed","title":"should get a single task by name","duration":0.6169509999999718,"failureMessages":[],"meta":{}},{"ancestorTitles":["GatewayClient","getTask"],"fullName":"GatewayClient getTask should handle task not found","status":"passed","title":"should handle task not found","duration":0.42846700000006877,"failureMessages":[],"meta":{}},{"ancestorTitles":["GatewayClient","validateWorkflow"],"fullName":"GatewayClient validateWorkflow should validate a workflow successfully","status":"passed","title":"should validate a workflow successfully","duration":1.2112000000000762,"failureMessages":[],"meta":{}},{"ancestorTitles":["GatewayClient","validateWorkflow"],"fullName":"GatewayClient validateWorkflow should handle validation errors from API","status":"passed","title":"should handle validation errors from API","duration":0.8061100000001034,"failureMessages":[],"meta":{}},{"ancestorTitles":["GatewayClient","validateWorkflow"],"fullName":"GatewayClient validateWorkflow should handle API errors during validation","status":"passed","title":"should handle API errors during validation","duration":0.43883100000005015,"failureMessages":[],"meta":{}},{"ancestorTitles":["GatewayClient","constructor"],"fullName":"GatewayClient constructor should use default base URL if not provided","status":"passed","title":"should use default base URL if not provided","duration":0.35559699999998884,"failureMessages":[],"meta":{}},{"ancestorTitles":["GatewayClient","constructor"],"fullName":"GatewayClient constructor should use provided base URL","status":"passed","title":"should use provided base URL","duration":0.23636400000009417,"failureMessages":[],"meta":{}},{"ancestorTitles":["GatewayClient","constructor"],"fullName":"GatewayClient constructor should use environment variable if set","status":"passed","title":"should use environment variable if set","duration":0.3476490000000467,"failureMessages":[],"meta":{}}],"startTime":1764660590691,"endTime":1764660590703.3557,"status":"passed","message":"","name":"/Users/darren/dev/workflow/packages/workflow-mcp-server/tests/services/gateway-client.test.ts"},{"assertionResults":[{"ancestorTitles":["generateWorkflow tool","detectPattern"],"fullName":"generateWorkflow tool detectPattern should detect sequential pattern","status":"passed","title":"should detect sequential pattern","duration":2.690866000000028,"failureMessages":[],"meta":{}},{"ancestorTitles":["generateWorkflow tool","detectPattern"],"fullName":"generateWorkflow tool detectPattern should detect parallel pattern","status":"passed","title":"should detect parallel pattern","duration":0.46962200000007215,"failureMessages":[],"meta":{}},{"ancestorTitles":["generateWorkflow tool","detectPattern"],"fullName":"generateWorkflow tool detectPattern should detect diamond pattern","status":"passed","title":"should detect diamond pattern","duration":0.4059060000000727,"failureMessages":[],"meta":{}},{"ancestorTitles":["generateWorkflow tool","detectPattern"],"fullName":"generateWorkflow tool detectPattern should default to sequential for unclear intent","status":"passed","title":"should default to sequential for unclear intent","duration":0.2644840000000386,"failureMessages":[],"meta":{}},{"ancestorTitles":["generateWorkflow tool","parseGeneratedYaml"],"fullName":"generateWorkflow tool parseGeneratedYaml should extract YAML from markdown code block","status":"passed","title":"should extract YAML from markdown code block","duration":0.6527760000000171,"failureMessages":[],"meta":{}},{"ancestorTitles":["generateWorkflow tool","parseGeneratedYaml"],"fullName":"generateWorkflow tool parseGeneratedYaml should handle response without code block","status":"passed","title":"should handle response without code block","duration":0.6091769999999315,"failureMessages":[],"meta":{}},{"ancestorTitles":["generateWorkflow tool","parseGeneratedYaml"],"fullName":"generateWorkflow tool parseGeneratedYaml should return empty string for invalid response","status":"passed","title":"should return empty string for invalid response","duration":0.3178780000000643,"failureMessages":[],"meta":{}},{"ancestorTitles":["generateWorkflow tool","generateWorkflow"],"fullName":"generateWorkflow tool generateWorkflow should return workflow structure with yaml and metadata","status":"passed","title":"should return workflow structure with yaml and metadata","duration":1.4449599999999236,"failureMessages":[],"meta":{}},{"ancestorTitles":["generateWorkflow tool","generateWorkflow"],"fullName":"generateWorkflow tool generateWorkflow should detect sequential pattern","status":"passed","title":"should detect sequential pattern","duration":0.3468249999999671,"failureMessages":[],"meta":{}},{"ancestorTitles":["generateWorkflow tool","generateWorkflow"],"fullName":"generateWorkflow tool generateWorkflow should detect parallel pattern","status":"passed","title":"should detect parallel pattern","duration":0.28062899999997626,"failureMessages":[],"meta":{}},{"ancestorTitles":["generateWorkflow tool","generateWorkflow"],"fullName":"generateWorkflow tool generateWorkflow should generate valid YAML with workflow name","status":"passed","title":"should generate valid YAML with workflow name","duration":0.35226000000000113,"failureMessages":[],"meta":{}},{"ancestorTitles":["generateWorkflow tool","generateWorkflow"],"fullName":"generateWorkflow tool generateWorkflow should respect maxTasks constraint","status":"passed","title":"should respect maxTasks constraint","duration":0.3457690000000184,"failureMessages":[],"meta":{}},{"ancestorTitles":["generateWorkflow tool","generateWorkflow"],"fullName":"generateWorkflow tool generateWorkflow should use correct template syntax","status":"passed","title":"should use correct template syntax","duration":0.39187700000002224,"failureMessages":[],"meta":{}},{"ancestorTitles":["generateWorkflow tool","generateWorkflow"],"fullName":"generateWorkflow tool generateWorkflow should include output mapping","status":"passed","title":"should include output mapping","duration":0.3049379999999928,"failureMessages":[],"meta":{}},{"ancestorTitles":["generateWorkflow tool","generateWorkflow"],"fullName":"generateWorkflow tool generateWorkflow should provide explanation","status":"passed","title":"should provide explanation","duration":0.5368119999999408,"failureMessages":[],"meta":{}},{"ancestorTitles":["generateWorkflow tool","generateWorkflow"],"fullName":"generateWorkflow tool generateWorkflow should handle API errors","status":"passed","title":"should handle API errors","duration":1.9695580000000064,"failureMessages":[],"meta":{}},{"ancestorTitles":["generateWorkflow tool","generateWorkflow"],"fullName":"generateWorkflow tool generateWorkflow should handle empty task list gracefully","status":"passed","title":"should handle empty task list gracefully","duration":0.33684199999993325,"failureMessages":[],"meta":{}},{"ancestorTitles":["generateWorkflow tool","generateWorkflow"],"fullName":"generateWorkflow tool generateWorkflow should filter tasks by allowedTasks constraint","status":"passed","title":"should filter tasks by allowedTasks constraint","duration":0.591523000000052,"failureMessages":[],"meta":{}}],"startTime":1764660590691,"endTime":1764660590704.5916,"status":"passed","message":"","name":"/Users/darren/dev/workflow/packages/workflow-mcp-server/tests/tools/generate-workflow.test.ts"},{"assertionResults":[{"ancestorTitles":["listTasks tool"],"fullName":"listTasks tool should list all tasks when no filters provided","status":"passed","title":"should list all tasks when no filters provided","duration":4.473442999999975,"failureMessages":[],"meta":{}},{"ancestorTitles":["listTasks tool"],"fullName":"listTasks tool should filter tasks by category","status":"passed","title":"should filter tasks by category","duration":0.5739710000000287,"failureMessages":[],"meta":{}},{"ancestorTitles":["listTasks tool"],"fullName":"listTasks tool should search tasks by name","status":"passed","title":"should search tasks by name","duration":0.6746900000000551,"failureMessages":[],"meta":{}},{"ancestorTitles":["listTasks tool"],"fullName":"listTasks tool should search tasks by description","status":"passed","title":"should search tasks by description","duration":0.5186220000000503,"failureMessages":[],"meta":{}},{"ancestorTitles":["listTasks tool"],"fullName":"listTasks tool should handle empty results","status":"passed","title":"should handle empty results","duration":0.509584000000018,"failureMessages":[],"meta":{}},{"ancestorTitles":["listTasks tool"],"fullName":"listTasks tool should handle API errors","status":"passed","title":"should handle API errors","duration":2.8594610000000102,"failureMessages":[],"meta":{}},{"ancestorTitles":["listTasks tool"],"fullName":"listTasks tool should transform tasks to TaskSummary format","status":"passed","title":"should transform tasks to TaskSummary format","duration":1.1540550000000849,"failureMessages":[],"meta":{}},{"ancestorTitles":["listTasks tool"],"fullName":"listTasks tool should handle tasks with missing optional fields","status":"passed","title":"should handle tasks with missing optional fields","duration":0.5190529999999853,"failureMessages":[],"meta":{}},{"ancestorTitles":["listTasks tool"],"fullName":"listTasks tool should be case-insensitive when searching","status":"passed","title":"should be case-insensitive when searching","duration":0.6663330000000087,"failureMessages":[],"meta":{}},{"ancestorTitles":["listTasks tool"],"fullName":"listTasks tool should combine category and search filters","status":"passed","title":"should combine category and search filters","duration":0.5872259999999869,"failureMessages":[],"meta":{}}],"startTime":1764660590697,"endTime":1764660590710.5872,"status":"passed","message":"","name":"/Users/darren/dev/workflow/packages/workflow-mcp-server/tests/tools/list-tasks.test.ts"},{"assertionResults":[{"ancestorTitles":["validateWorkflow tool","valid workflow"],"fullName":"validateWorkflow tool valid workflow should validate a correct workflow","status":"passed","title":"should validate a correct workflow","duration":5.160331000000042,"failureMessages":[],"meta":{}},{"ancestorTitles":["validateWorkflow tool","schema errors"],"fullName":"validateWorkflow tool schema errors should catch schema validation errors","status":"passed","title":"should catch schema validation errors","duration":1.194458999999938,"failureMessages":[],"meta":{}},{"ancestorTitles":["validateWorkflow tool","template syntax errors"],"fullName":"validateWorkflow tool template syntax errors should catch invalid template syntax","status":"passed","title":"should catch invalid template syntax","duration":0.6373689999999215,"failureMessages":[],"meta":{}},{"ancestorTitles":["validateWorkflow tool","circular dependency errors"],"fullName":"validateWorkflow tool circular dependency errors should catch circular dependencies","status":"passed","title":"should catch circular dependencies","duration":1.0629410000000235,"failureMessages":[],"meta":{}},{"ancestorTitles":["validateWorkflow tool","unknown task reference"],"fullName":"validateWorkflow tool unknown task reference should catch unknown task references","status":"passed","title":"should catch unknown task references","duration":0.6811229999999568,"failureMessages":[],"meta":{}},{"ancestorTitles":["validateWorkflow tool","fix suggestions"],"fullName":"validateWorkflow tool fix suggestions should provide fix suggestions when enabled","status":"passed","title":"should provide fix suggestions when enabled","duration":0.55972799999995,"failureMessages":[],"meta":{}},{"ancestorTitles":["validateWorkflow tool","fix suggestions"],"fullName":"validateWorkflow tool fix suggestions should skip suggestions when disabled","status":"passed","title":"should skip suggestions when disabled","duration":0.47373000000004595,"failureMessages":[],"meta":{}},{"ancestorTitles":["validateWorkflow tool","warnings"],"fullName":"validateWorkflow tool warnings should handle warnings separately from errors","status":"passed","title":"should handle warnings separately from errors","duration":0.6897319999999354,"failureMessages":[],"meta":{}},{"ancestorTitles":["validateWorkflow tool","malformed YAML"],"fullName":"validateWorkflow tool malformed YAML should handle malformed YAML","status":"passed","title":"should handle malformed YAML","duration":0.7373479999999972,"failureMessages":[],"meta":{}},{"ancestorTitles":["validateWorkflow tool","API errors"],"fullName":"validateWorkflow tool API errors should handle API errors during validation","status":"passed","title":"should handle API errors during validation","duration":2.0301920000000564,"failureMessages":[],"meta":{}}],"startTime":1764660590705,"endTime":1764660590720.0303,"status":"passed","message":"","name":"/Users/darren/dev/workflow/packages/workflow-mcp-server/tests/tools/validate-workflow.test.ts"}]}