<?xml version="1.0" encoding="utf-8"?>
<!DOCTYPE coverage SYSTEM "http://cobertura.sourceforge.net/xml/coverage-04.dtd">
<coverage line-rate="0.9360529217199559" branch-rate="0.8342541436464088" lines-covered="849" lines-valid="907" branches-covered="302" branches-valid="362" complexity="409" version="0" timestamp="1764095908">
  <sources>
    <source>/Users/darren/dev/workflow/src/WorkflowCore/</source>
  </sources>
  <packages>
    <package name="WorkflowCore" line-rate="0.9360529217199559" branch-rate="0.8342541436464088" complexity="409">
      <classes>
        <class name="WorkflowCore.Data.Repositories.ExecutionRepository" filename="/Users/darren/dev/workflow/src/WorkflowCore/Data/Repositories/ExecutionRepository.cs" line-rate="1" branch-rate="1" complexity="1">
          <methods>
            <method name=".ctor" signature="(WorkflowCore.Data.WorkflowDbContext)" line-rate="1" branch-rate="1" complexity="1">
              <lines>
                <line number="13" hits="21" branch="false" />
                <line number="14" hits="21" branch="false" />
                <line number="15" hits="21" branch="false" />
                <line number="16" hits="21" branch="false" />
              </lines>
            </method>
          </methods>
          <lines>
            <line number="13" hits="21" branch="false" />
            <line number="14" hits="21" branch="false" />
            <line number="15" hits="21" branch="false" />
            <line number="16" hits="21" branch="false" />
          </lines>
        </class>
        <class name="WorkflowCore.Data.Repositories.TaskExecutionRepository" filename="/Users/darren/dev/workflow/src/WorkflowCore/Data/Repositories/TaskExecutionRepository.cs" line-rate="1" branch-rate="1" complexity="1">
          <methods>
            <method name=".ctor" signature="(WorkflowCore.Data.WorkflowDbContext)" line-rate="1" branch-rate="1" complexity="1">
              <lines>
                <line number="13" hits="8" branch="false" />
                <line number="14" hits="8" branch="false" />
                <line number="15" hits="8" branch="false" />
                <line number="16" hits="8" branch="false" />
              </lines>
            </method>
          </methods>
          <lines>
            <line number="13" hits="8" branch="false" />
            <line number="14" hits="8" branch="false" />
            <line number="15" hits="8" branch="false" />
            <line number="16" hits="8" branch="false" />
          </lines>
        </class>
        <class name="WorkflowCore.Data.Repositories.WorkflowVersionRepository" filename="/Users/darren/dev/workflow/src/WorkflowCore/Data/Repositories/WorkflowVersionRepository.cs" line-rate="1" branch-rate="1" complexity="1">
          <methods>
            <method name=".ctor" signature="(WorkflowCore.Data.WorkflowDbContext)" line-rate="1" branch-rate="1" complexity="1">
              <lines>
                <line number="13" hits="9" branch="false" />
                <line number="14" hits="9" branch="false" />
                <line number="15" hits="9" branch="false" />
                <line number="16" hits="9" branch="false" />
              </lines>
            </method>
          </methods>
          <lines>
            <line number="13" hits="9" branch="false" />
            <line number="14" hits="9" branch="false" />
            <line number="15" hits="9" branch="false" />
            <line number="16" hits="9" branch="false" />
          </lines>
        </class>
        <class name="WorkflowCore.Data.WorkflowDbContext" filename="/Users/darren/dev/workflow/src/WorkflowCore/Data/WorkflowDbContext.cs" line-rate="1" branch-rate="1" complexity="2">
          <methods>
            <method name="OnModelCreating" signature="(Microsoft.EntityFrameworkCore.ModelBuilder)" line-rate="1" branch-rate="1" complexity="1">
              <lines>
                <line number="31" hits="1" branch="false" />
                <line number="32" hits="1" branch="false" />
                <line number="35" hits="1" branch="false" />
                <line number="36" hits="1" branch="false" />
                <line number="37" hits="1" branch="false" />
                <line number="38" hits="1" branch="false" />
                <line number="39" hits="1" branch="false" />
                <line number="42" hits="1" branch="false" />
                <line number="43" hits="1" branch="false" />
                <line number="44" hits="1" branch="false" />
                <line number="46" hits="1" branch="false" />
                <line number="47" hits="1" branch="false" />
                <line number="48" hits="1" branch="false" />
                <line number="50" hits="1" branch="false" />
                <line number="51" hits="1" branch="false" />
                <line number="52" hits="1" branch="false" />
                <line number="55" hits="1" branch="false" />
                <line number="56" hits="1" branch="false" />
                <line number="57" hits="1" branch="false" />
                <line number="59" hits="1" branch="false" />
                <line number="60" hits="1" branch="false" />
                <line number="61" hits="1" branch="false" />
                <line number="62" hits="1" branch="false" />
              </lines>
            </method>
            <method name=".ctor" signature="(Microsoft.EntityFrameworkCore.DbContextOptions`1&lt;WorkflowCore.Data.WorkflowDbContext&gt;)" line-rate="1" branch-rate="1" complexity="1">
              <lines>
                <line number="11" hits="89" branch="false" />
                <line number="12" hits="89" branch="false" />
                <line number="13" hits="89" branch="false" />
                <line number="18" hits="89" branch="false" />
                <line number="23" hits="89" branch="false" />
                <line number="28" hits="89" branch="false" />
              </lines>
            </method>
          </methods>
          <lines>
            <line number="11" hits="89" branch="false" />
            <line number="12" hits="89" branch="false" />
            <line number="13" hits="89" branch="false" />
            <line number="18" hits="89" branch="false" />
            <line number="23" hits="89" branch="false" />
            <line number="28" hits="89" branch="false" />
            <line number="31" hits="1" branch="false" />
            <line number="32" hits="1" branch="false" />
            <line number="35" hits="1" branch="false" />
            <line number="36" hits="1" branch="false" />
            <line number="37" hits="1" branch="false" />
            <line number="38" hits="1" branch="false" />
            <line number="39" hits="1" branch="false" />
            <line number="42" hits="1" branch="false" />
            <line number="43" hits="1" branch="false" />
            <line number="44" hits="1" branch="false" />
            <line number="46" hits="1" branch="false" />
            <line number="47" hits="1" branch="false" />
            <line number="48" hits="1" branch="false" />
            <line number="50" hits="1" branch="false" />
            <line number="51" hits="1" branch="false" />
            <line number="52" hits="1" branch="false" />
            <line number="55" hits="1" branch="false" />
            <line number="56" hits="1" branch="false" />
            <line number="57" hits="1" branch="false" />
            <line number="59" hits="1" branch="false" />
            <line number="60" hits="1" branch="false" />
            <line number="61" hits="1" branch="false" />
            <line number="62" hits="1" branch="false" />
          </lines>
        </class>
        <class name="WorkflowCore.Models.CompatibilityError" filename="/Users/darren/dev/workflow/src/WorkflowCore/Models/CompatibilityResult.cs" line-rate="1" branch-rate="1" complexity="1">
          <methods>
            <method name=".ctor" signature="()" line-rate="1" branch-rate="1" complexity="1">
              <lines>
                <line number="12" hits="27" branch="false" />
              </lines>
            </method>
          </methods>
          <lines>
            <line number="12" hits="27" branch="false" />
          </lines>
        </class>
        <class name="WorkflowCore.Models.CompatibilityResult" filename="/Users/darren/dev/workflow/src/WorkflowCore/Models/CompatibilityResult.cs" line-rate="1" branch-rate="1" complexity="1">
          <methods>
            <method name=".ctor" signature="()" line-rate="1" branch-rate="1" complexity="1">
              <lines>
                <line number="6" hits="32" branch="false" />
              </lines>
            </method>
          </methods>
          <lines>
            <line number="6" hits="32" branch="false" />
          </lines>
        </class>
        <class name="WorkflowCore.Models.ErrorMessageBuilder" filename="/Users/darren/dev/workflow/src/WorkflowCore/Models/ErrorMessageBuilder.cs" line-rate="1" branch-rate="0.75" complexity="7">
          <methods>
            <method name="TypeMismatch" signature="(System.String,System.String,System.String,System.String,System.String)" line-rate="1" branch-rate="1" complexity="1">
              <lines>
                <line number="11" hits="1" branch="false" />
                <line number="12" hits="1" branch="false" />
                <line number="13" hits="1" branch="false" />
                <line number="14" hits="1" branch="false" />
                <line number="15" hits="1" branch="false" />
                <line number="16" hits="1" branch="false" />
                <line number="17" hits="1" branch="false" />
                <line number="18" hits="1" branch="false" />
                <line number="19" hits="1" branch="false" />
              </lines>
            </method>
            <method name="MissingRequiredField" signature="(System.String,System.String,System.Collections.Generic.List`1&lt;System.String&gt;)" line-rate="1" branch-rate="0.75" complexity="4">
              <lines>
                <line number="25" hits="5" branch="false" />
                <line number="26" hits="5" branch="false" />
                <line number="27" hits="5" branch="false" />
                <line number="29" hits="5" branch="true" condition-coverage="75% (3/4)" />
                <line number="30" hits="2" branch="false" />
                <line number="31" hits="2" branch="false" />
                <line number="32" hits="2" branch="false" />
                <line number="34" hits="5" branch="false" />
                <line number="35" hits="5" branch="false" />
                <line number="36" hits="5" branch="false" />
                <line number="37" hits="5" branch="false" />
                <line number="38" hits="5" branch="false" />
                <line number="39" hits="5" branch="false" />
                <line number="40" hits="5" branch="false" />
                <line number="41" hits="5" branch="false" />
              </lines>
            </method>
            <method name="InvalidTemplate" signature="(System.String,System.String,System.String,System.String)" line-rate="1" branch-rate="1" complexity="1">
              <lines>
                <line number="48" hits="1" branch="false" />
                <line number="49" hits="1" branch="false" />
                <line number="50" hits="1" branch="false" />
                <line number="51" hits="1" branch="false" />
                <line number="52" hits="1" branch="false" />
                <line number="53" hits="1" branch="false" />
                <line number="54" hits="1" branch="false" />
                <line number="55" hits="1" branch="false" />
                <line number="56" hits="1" branch="false" />
              </lines>
            </method>
            <method name="CircularDependency" signature="(System.String,System.Collections.Generic.List`1&lt;System.String&gt;)" line-rate="1" branch-rate="1" complexity="1">
              <lines>
                <line number="61" hits="5" branch="false" />
                <line number="62" hits="5" branch="false" />
                <line number="63" hits="5" branch="false" />
                <line number="64" hits="5" branch="false" />
                <line number="65" hits="5" branch="false" />
                <line number="66" hits="5" branch="false" />
                <line number="67" hits="5" branch="false" />
                <line number="68" hits="5" branch="false" />
              </lines>
            </method>
          </methods>
          <lines>
            <line number="11" hits="1" branch="false" />
            <line number="12" hits="1" branch="false" />
            <line number="13" hits="1" branch="false" />
            <line number="14" hits="1" branch="false" />
            <line number="15" hits="1" branch="false" />
            <line number="16" hits="1" branch="false" />
            <line number="17" hits="1" branch="false" />
            <line number="18" hits="1" branch="false" />
            <line number="19" hits="1" branch="false" />
            <line number="25" hits="5" branch="false" />
            <line number="26" hits="5" branch="false" />
            <line number="27" hits="5" branch="false" />
            <line number="29" hits="5" branch="true" condition-coverage="75% (3/4)" />
            <line number="30" hits="2" branch="false" />
            <line number="31" hits="2" branch="false" />
            <line number="32" hits="2" branch="false" />
            <line number="34" hits="5" branch="false" />
            <line number="35" hits="5" branch="false" />
            <line number="36" hits="5" branch="false" />
            <line number="37" hits="5" branch="false" />
            <line number="38" hits="5" branch="false" />
            <line number="39" hits="5" branch="false" />
            <line number="40" hits="5" branch="false" />
            <line number="41" hits="5" branch="false" />
            <line number="48" hits="1" branch="false" />
            <line number="49" hits="1" branch="false" />
            <line number="50" hits="1" branch="false" />
            <line number="51" hits="1" branch="false" />
            <line number="52" hits="1" branch="false" />
            <line number="53" hits="1" branch="false" />
            <line number="54" hits="1" branch="false" />
            <line number="55" hits="1" branch="false" />
            <line number="56" hits="1" branch="false" />
            <line number="61" hits="5" branch="false" />
            <line number="62" hits="5" branch="false" />
            <line number="63" hits="5" branch="false" />
            <line number="64" hits="5" branch="false" />
            <line number="65" hits="5" branch="false" />
            <line number="66" hits="5" branch="false" />
            <line number="67" hits="5" branch="false" />
            <line number="68" hits="5" branch="false" />
          </lines>
        </class>
        <class name="WorkflowCore.Models.ExecutionGraph" filename="/Users/darren/dev/workflow/src/WorkflowCore/Models/ExecutionGraph.cs" line-rate="1" branch-rate="1" complexity="59">
          <methods>
            <method name="get_Nodes" signature="()" line-rate="1" branch-rate="1" complexity="1">
              <lines>
                <line number="7" hits="66" branch="false" />
              </lines>
            </method>
            <method name="AddNode" signature="(System.String)" line-rate="1" branch-rate="1" complexity="2">
              <lines>
                <line number="10" hits="144" branch="false" />
                <line number="11" hits="144" branch="true" condition-coverage="100% (2/2)" />
                <line number="12" hits="142" branch="false" />
                <line number="13" hits="142" branch="false" />
                <line number="14" hits="142" branch="false" />
                <line number="15" hits="144" branch="false" />
              </lines>
            </method>
            <method name="AddDependency" signature="(System.String,System.String)" line-rate="1" branch-rate="1" complexity="2">
              <lines>
                <line number="18" hits="93" branch="false" />
                <line number="19" hits="93" branch="true" condition-coverage="100% (2/2)" />
                <line number="20" hits="27" branch="false" />
                <line number="21" hits="27" branch="false" />
                <line number="22" hits="27" branch="false" />
                <line number="24" hits="93" branch="false" />
                <line number="25" hits="93" branch="false" />
              </lines>
            </method>
            <method name="GetDependencies" signature="(System.String)" line-rate="1" branch-rate="1" complexity="2">
              <lines>
                <line number="28" hits="277" branch="false" />
                <line number="29" hits="277" branch="true" condition-coverage="100% (2/2)" />
                <line number="30" hits="277" branch="false" />
                <line number="31" hits="277" branch="false" />
                <line number="32" hits="277" branch="false" />
              </lines>
            </method>
            <method name="DetectCycles" signature="()" line-rate="1" branch-rate="1" complexity="4">
              <lines>
                <line number="35" hits="21" branch="false" />
                <line number="36" hits="21" branch="false" />
                <line number="37" hits="21" branch="false" />
                <line number="38" hits="21" branch="false" />
                <line number="39" hits="21" branch="false" />
                <line number="41" hits="153" branch="true" condition-coverage="100% (2/2)" />
                <line number="42" hits="45" branch="false" />
                <line number="43" hits="45" branch="true" condition-coverage="100% (2/2)" />
                <line number="44" hits="33" branch="false" />
                <line number="45" hits="33" branch="false" />
                <line number="46" hits="33" branch="false" />
                <line number="47" hits="45" branch="false" />
                <line number="49" hits="21" branch="false" />
                <line number="50" hits="21" branch="false" />
              </lines>
            </method>
            <method name="DetectCyclesRecursive" signature="(System.String,System.Collections.Generic.HashSet`1&lt;System.String&gt;,System.Collections.Generic.HashSet`1&lt;System.String&gt;,System.Collections.Generic.List`1&lt;System.String&gt;,System.Collections.Generic.List`1&lt;System.Collections.Generic.List`1&lt;System.String&gt;&gt;)" line-rate="1" branch-rate="1" complexity="8">
              <lines>
                <line number="58" hits="47" branch="false" />
                <line number="59" hits="47" branch="false" />
                <line number="60" hits="47" branch="false" />
                <line number="61" hits="47" branch="false" />
                <line number="63" hits="191" branch="true" condition-coverage="100% (2/2)" />
                <line number="64" hits="33" branch="false" />
                <line number="65" hits="33" branch="true" condition-coverage="100% (2/2)" />
                <line number="66" hits="14" branch="false" />
                <line number="67" hits="14" branch="true" condition-coverage="100% (2/2)" />
                <line number="68" hits="8" branch="false" />
                <line number="69" hits="8" branch="false" />
                <line number="71" hits="6" branch="false" />
                <line number="72" hits="19" branch="true" condition-coverage="100% (2/2)" />
                <line number="73" hits="8" branch="false" />
                <line number="75" hits="8" branch="false" />
                <line number="76" hits="8" branch="false" />
                <line number="77" hits="8" branch="false" />
                <line number="78" hits="8" branch="false" />
                <line number="79" hits="8" branch="false" />
                <line number="81" hits="17" branch="false" />
                <line number="83" hits="31" branch="false" />
                <line number="84" hits="31" branch="false" />
                <line number="85" hits="31" branch="false" />
                <line number="86" hits="47" branch="false" />
              </lines>
            </method>
            <method name="GetIndependentTasks" signature="()" line-rate="1" branch-rate="1" complexity="1">
              <lines>
                <line number="89" hits="6" branch="false" />
                <line number="90" hits="6" branch="false" />
                <line number="91" hits="6" branch="false" />
                <line number="92" hits="6" branch="false" />
                <line number="93" hits="6" branch="false" />
              </lines>
            </method>
            <method name="GetExecutionOrder" signature="()" line-rate="1" branch-rate="1" complexity="4">
              <lines>
                <line number="96" hits="7" branch="false" />
                <line number="97" hits="7" branch="false" />
                <line number="98" hits="7" branch="false" />
                <line number="100" hits="51" branch="true" condition-coverage="100% (2/2)" />
                <line number="101" hits="15" branch="false" />
                <line number="102" hits="15" branch="true" condition-coverage="100% (2/2)" />
                <line number="103" hits="11" branch="false" />
                <line number="104" hits="11" branch="false" />
                <line number="105" hits="11" branch="false" />
                <line number="106" hits="15" branch="false" />
                <line number="108" hits="7" branch="false" />
                <line number="109" hits="7" branch="false" />
              </lines>
            </method>
            <method name="TopologicalSortRecursive" signature="(System.String,System.Collections.Generic.HashSet`1&lt;System.String&gt;,System.Collections.Generic.List`1&lt;System.String&gt;)" line-rate="1" branch-rate="1" complexity="4">
              <lines>
                <line number="112" hits="17" branch="false" />
                <line number="113" hits="17" branch="false" />
                <line number="115" hits="71" branch="true" condition-coverage="100% (2/2)" />
                <line number="116" hits="10" branch="false" />
                <line number="117" hits="10" branch="true" condition-coverage="100% (2/2)" />
                <line number="118" hits="6" branch="false" />
                <line number="119" hits="6" branch="false" />
                <line number="120" hits="6" branch="false" />
                <line number="121" hits="10" branch="false" />
                <line number="123" hits="17" branch="false" />
                <line number="124" hits="17" branch="false" />
              </lines>
            </method>
            <method name="GetParallelGroups" signature="()" line-rate="1" branch-rate="1" complexity="24">
              <lines>
                <line number="132" hits="7" branch="false" />
                <line number="133" hits="7" branch="true" condition-coverage="100% (2/2)" />
                <line number="134" hits="1" branch="false" />
                <line number="135" hits="1" branch="false" />
                <line number="139" hits="6" branch="false" />
                <line number="142" hits="6" branch="false" />
                <line number="145" hits="6" branch="false" />
                <line number="146" hits="72" branch="true" condition-coverage="100% (2/2)" />
                <line number="147" hits="27" branch="false" />
                <line number="148" hits="27" branch="true" condition-coverage="100% (2/2)" />
                <line number="149" hits="9" branch="false" />
                <line number="150" hits="9" branch="false" />
                <line number="151" hits="9" branch="false" />
                <line number="152" hits="9" branch="false" />
                <line number="153" hits="27" branch="false" />
                <line number="156" hits="33" branch="true" condition-coverage="100% (2/2)" />
                <line number="157" hits="27" branch="false" />
                <line number="158" hits="27" branch="false" />
                <line number="159" hits="27" branch="false" />
                <line number="162" hits="27" branch="true" condition-coverage="100% (2/2)" />
                <line number="163" hits="19" branch="false" />
                <line number="164" hits="115" branch="true" condition-coverage="100% (2/2)" />
                <line number="165" hits="29" branch="false" />
                <line number="167" hits="29" branch="false" />
                <line number="168" hits="29" branch="true" condition-coverage="100% (4/4)" />
                <line number="169" hits="29" branch="false" />
                <line number="170" hits="29" branch="false" />
                <line number="171" hits="29" branch="false" />
                <line number="172" hits="29" branch="false" />
                <line number="174" hits="29" branch="true" condition-coverage="100% (4/4)" />
                <line number="175" hits="29" branch="false" />
                <line number="176" hits="29" branch="false" />
                <line number="179" hits="29" branch="true" condition-coverage="100% (4/4)" />
                <line number="180" hits="18" branch="false" />
                <line number="181" hits="18" branch="false" />
                <line number="182" hits="18" branch="false" />
                <line number="183" hits="18" branch="false" />
                <line number="184" hits="29" branch="false" />
                <line number="185" hits="29" branch="false" />
                <line number="186" hits="19" branch="false" />
                <line number="187" hits="27" branch="false" />
                <line number="190" hits="6" branch="false" />
                <line number="191" hits="6" branch="false" />
                <line number="192" hits="6" branch="false" />
                <line number="193" hits="6" branch="false" />
                <line number="194" hits="6" branch="false" />
                <line number="195" hits="6" branch="false" />
                <line number="196" hits="6" branch="false" />
                <line number="197" hits="6" branch="false" />
                <line number="198" hits="6" branch="false" />
                <line number="200" hits="6" branch="false" />
                <line number="201" hits="7" branch="false" />
              </lines>
            </method>
            <method name="BuildDependentsMap" signature="()" line-rate="1" branch-rate="1" complexity="6">
              <lines>
                <line number="207" hits="6" branch="false" />
                <line number="208" hits="6" branch="false" />
                <line number="210" hits="72" branch="true" condition-coverage="100% (2/2)" />
                <line number="211" hits="27" branch="false" />
                <line number="212" hits="139" branch="true" condition-coverage="100% (2/2)" />
                <line number="213" hits="29" branch="false" />
                <line number="214" hits="29" branch="true" condition-coverage="100% (2/2)" />
                <line number="215" hits="19" branch="false" />
                <line number="216" hits="19" branch="false" />
                <line number="217" hits="19" branch="false" />
                <line number="218" hits="29" branch="false" />
                <line number="219" hits="29" branch="false" />
                <line number="220" hits="27" branch="false" />
                <line number="222" hits="6" branch="false" />
                <line number="223" hits="6" branch="false" />
              </lines>
            </method>
            <method name=".ctor" signature="()" line-rate="1" branch-rate="1" complexity="1">
              <lines>
                <line number="5" hits="67" branch="false" />
              </lines>
            </method>
          </methods>
          <lines>
            <line number="5" hits="67" branch="false" />
            <line number="7" hits="66" branch="false" />
            <line number="10" hits="144" branch="false" />
            <line number="11" hits="144" branch="true" condition-coverage="100% (2/2)" />
            <line number="12" hits="142" branch="false" />
            <line number="13" hits="142" branch="false" />
            <line number="14" hits="142" branch="false" />
            <line number="15" hits="144" branch="false" />
            <line number="18" hits="93" branch="false" />
            <line number="19" hits="93" branch="true" condition-coverage="100% (2/2)" />
            <line number="20" hits="27" branch="false" />
            <line number="21" hits="27" branch="false" />
            <line number="22" hits="27" branch="false" />
            <line number="24" hits="93" branch="false" />
            <line number="25" hits="93" branch="false" />
            <line number="28" hits="277" branch="false" />
            <line number="29" hits="277" branch="true" condition-coverage="100% (2/2)" />
            <line number="30" hits="277" branch="false" />
            <line number="31" hits="277" branch="false" />
            <line number="32" hits="277" branch="false" />
            <line number="35" hits="21" branch="false" />
            <line number="36" hits="21" branch="false" />
            <line number="37" hits="21" branch="false" />
            <line number="38" hits="21" branch="false" />
            <line number="39" hits="21" branch="false" />
            <line number="41" hits="153" branch="true" condition-coverage="100% (2/2)" />
            <line number="42" hits="45" branch="false" />
            <line number="43" hits="45" branch="true" condition-coverage="100% (2/2)" />
            <line number="44" hits="33" branch="false" />
            <line number="45" hits="33" branch="false" />
            <line number="46" hits="33" branch="false" />
            <line number="47" hits="45" branch="false" />
            <line number="49" hits="21" branch="false" />
            <line number="50" hits="21" branch="false" />
            <line number="58" hits="47" branch="false" />
            <line number="59" hits="47" branch="false" />
            <line number="60" hits="47" branch="false" />
            <line number="61" hits="47" branch="false" />
            <line number="63" hits="191" branch="true" condition-coverage="100% (2/2)" />
            <line number="64" hits="33" branch="false" />
            <line number="65" hits="33" branch="true" condition-coverage="100% (2/2)" />
            <line number="66" hits="14" branch="false" />
            <line number="67" hits="14" branch="true" condition-coverage="100% (2/2)" />
            <line number="68" hits="8" branch="false" />
            <line number="69" hits="8" branch="false" />
            <line number="71" hits="6" branch="false" />
            <line number="72" hits="19" branch="true" condition-coverage="100% (2/2)" />
            <line number="73" hits="8" branch="false" />
            <line number="75" hits="8" branch="false" />
            <line number="76" hits="8" branch="false" />
            <line number="77" hits="8" branch="false" />
            <line number="78" hits="8" branch="false" />
            <line number="79" hits="8" branch="false" />
            <line number="81" hits="17" branch="false" />
            <line number="83" hits="31" branch="false" />
            <line number="84" hits="31" branch="false" />
            <line number="85" hits="31" branch="false" />
            <line number="86" hits="47" branch="false" />
            <line number="89" hits="6" branch="false" />
            <line number="90" hits="6" branch="false" />
            <line number="91" hits="6" branch="false" />
            <line number="92" hits="6" branch="false" />
            <line number="93" hits="6" branch="false" />
            <line number="96" hits="7" branch="false" />
            <line number="97" hits="7" branch="false" />
            <line number="98" hits="7" branch="false" />
            <line number="100" hits="51" branch="true" condition-coverage="100% (2/2)" />
            <line number="101" hits="15" branch="false" />
            <line number="102" hits="15" branch="true" condition-coverage="100% (2/2)" />
            <line number="103" hits="11" branch="false" />
            <line number="104" hits="11" branch="false" />
            <line number="105" hits="11" branch="false" />
            <line number="106" hits="15" branch="false" />
            <line number="108" hits="7" branch="false" />
            <line number="109" hits="7" branch="false" />
            <line number="112" hits="17" branch="false" />
            <line number="113" hits="17" branch="false" />
            <line number="115" hits="71" branch="true" condition-coverage="100% (2/2)" />
            <line number="116" hits="10" branch="false" />
            <line number="117" hits="10" branch="true" condition-coverage="100% (2/2)" />
            <line number="118" hits="6" branch="false" />
            <line number="119" hits="6" branch="false" />
            <line number="120" hits="6" branch="false" />
            <line number="121" hits="10" branch="false" />
            <line number="123" hits="17" branch="false" />
            <line number="124" hits="17" branch="false" />
            <line number="132" hits="7" branch="false" />
            <line number="133" hits="7" branch="true" condition-coverage="100% (2/2)" />
            <line number="134" hits="1" branch="false" />
            <line number="135" hits="1" branch="false" />
            <line number="139" hits="6" branch="false" />
            <line number="142" hits="6" branch="false" />
            <line number="145" hits="6" branch="false" />
            <line number="146" hits="72" branch="true" condition-coverage="100% (2/2)" />
            <line number="147" hits="27" branch="false" />
            <line number="148" hits="27" branch="true" condition-coverage="100% (2/2)" />
            <line number="149" hits="9" branch="false" />
            <line number="150" hits="9" branch="false" />
            <line number="151" hits="9" branch="false" />
            <line number="152" hits="9" branch="false" />
            <line number="153" hits="27" branch="false" />
            <line number="156" hits="33" branch="true" condition-coverage="100% (2/2)" />
            <line number="157" hits="27" branch="false" />
            <line number="158" hits="27" branch="false" />
            <line number="159" hits="27" branch="false" />
            <line number="162" hits="27" branch="true" condition-coverage="100% (2/2)" />
            <line number="163" hits="19" branch="false" />
            <line number="164" hits="115" branch="true" condition-coverage="100% (2/2)" />
            <line number="165" hits="29" branch="false" />
            <line number="167" hits="29" branch="false" />
            <line number="168" hits="29" branch="true" condition-coverage="100% (4/4)" />
            <line number="169" hits="29" branch="false" />
            <line number="170" hits="29" branch="false" />
            <line number="171" hits="29" branch="false" />
            <line number="172" hits="29" branch="false" />
            <line number="174" hits="29" branch="true" condition-coverage="100% (4/4)" />
            <line number="175" hits="29" branch="false" />
            <line number="176" hits="29" branch="false" />
            <line number="179" hits="29" branch="true" condition-coverage="100% (4/4)" />
            <line number="180" hits="18" branch="false" />
            <line number="181" hits="18" branch="false" />
            <line number="182" hits="18" branch="false" />
            <line number="183" hits="18" branch="false" />
            <line number="184" hits="29" branch="false" />
            <line number="185" hits="29" branch="false" />
            <line number="186" hits="19" branch="false" />
            <line number="187" hits="27" branch="false" />
            <line number="190" hits="6" branch="false" />
            <line number="191" hits="6" branch="false" />
            <line number="192" hits="6" branch="false" />
            <line number="193" hits="6" branch="false" />
            <line number="194" hits="6" branch="false" />
            <line number="195" hits="6" branch="false" />
            <line number="196" hits="6" branch="false" />
            <line number="197" hits="6" branch="false" />
            <line number="198" hits="6" branch="false" />
            <line number="200" hits="6" branch="false" />
            <line number="201" hits="7" branch="false" />
            <line number="207" hits="6" branch="false" />
            <line number="208" hits="6" branch="false" />
            <line number="210" hits="72" branch="true" condition-coverage="100% (2/2)" />
            <line number="211" hits="27" branch="false" />
            <line number="212" hits="139" branch="true" condition-coverage="100% (2/2)" />
            <line number="213" hits="29" branch="false" />
            <line number="214" hits="29" branch="true" condition-coverage="100% (2/2)" />
            <line number="215" hits="19" branch="false" />
            <line number="216" hits="19" branch="false" />
            <line number="217" hits="19" branch="false" />
            <line number="218" hits="29" branch="false" />
            <line number="219" hits="29" branch="false" />
            <line number="220" hits="27" branch="false" />
            <line number="222" hits="6" branch="false" />
            <line number="223" hits="6" branch="false" />
          </lines>
        </class>
        <class name="WorkflowCore.Models.ExecutionGraphResult" filename="/Users/darren/dev/workflow/src/WorkflowCore/Models/ExecutionGraph.cs" line-rate="1" branch-rate="1" complexity="1">
          <methods>
            <method name=".ctor" signature="()" line-rate="1" branch-rate="1" complexity="1">
              <lines>
                <line number="230" hits="37" branch="false" />
              </lines>
            </method>
          </methods>
          <lines>
            <line number="230" hits="37" branch="false" />
          </lines>
        </class>
        <class name="WorkflowCore.Models.ExecutionRecord" filename="/Users/darren/dev/workflow/src/WorkflowCore/Models/ExecutionRecord.cs" line-rate="1" branch-rate="1" complexity="1">
          <methods>
            <method name=".ctor" signature="()" line-rate="1" branch-rate="1" complexity="1">
              <lines>
                <line number="11" hits="86" branch="false" />
                <line number="21" hits="86" branch="false" />
                <line number="26" hits="86" branch="false" />
                <line number="46" hits="86" branch="false" />
              </lines>
            </method>
          </methods>
          <lines>
            <line number="11" hits="86" branch="false" />
            <line number="21" hits="86" branch="false" />
            <line number="26" hits="86" branch="false" />
            <line number="46" hits="86" branch="false" />
          </lines>
        </class>
        <class name="WorkflowCore.Models.HttpRequestDefinition" filename="/Users/darren/dev/workflow/src/WorkflowCore/Models/WorkflowTaskResource.cs" line-rate="1" branch-rate="1" complexity="1">
          <methods>
            <method name=".ctor" signature="()" line-rate="1" branch-rate="1" complexity="1">
              <lines>
                <line number="56" hits="30" branch="false" />
                <line number="59" hits="30" branch="false" />
              </lines>
            </method>
          </methods>
          <lines>
            <line number="56" hits="30" branch="false" />
            <line number="59" hits="30" branch="false" />
          </lines>
        </class>
        <class name="WorkflowCore.Models.ParallelGroup" filename="/Users/darren/dev/workflow/src/WorkflowCore/Models/ParallelGroup.cs" line-rate="1" branch-rate="1" complexity="1">
          <methods>
            <method name=".ctor" signature="()" line-rate="1" branch-rate="1" complexity="1">
              <lines>
                <line number="17" hits="13" branch="false" />
              </lines>
            </method>
          </methods>
          <lines>
            <line number="17" hits="13" branch="false" />
          </lines>
        </class>
        <class name="WorkflowCore.Models.PropertyDefinition" filename="/Users/darren/dev/workflow/src/WorkflowCore/Models/SchemaDefinition.cs" line-rate="1" branch-rate="1" complexity="1">
          <methods>
            <method name=".ctor" signature="()" line-rate="1" branch-rate="1" complexity="1">
              <lines>
                <line number="28" hits="157" branch="false" />
              </lines>
            </method>
          </methods>
          <lines>
            <line number="28" hits="157" branch="false" />
          </lines>
        </class>
        <class name="WorkflowCore.Models.ResourceMetadata" filename="/Users/darren/dev/workflow/src/WorkflowCore/Models/WorkflowTaskResource.cs" line-rate="1" branch-rate="1" complexity="1">
          <methods>
            <method name=".ctor" signature="()" line-rate="1" branch-rate="1" complexity="1">
              <lines>
                <line number="26" hits="138" branch="false" />
                <line number="29" hits="138" branch="false" />
              </lines>
            </method>
          </methods>
          <lines>
            <line number="26" hits="138" branch="false" />
            <line number="29" hits="138" branch="false" />
          </lines>
        </class>
        <class name="WorkflowCore.Models.RetryPolicyOptions" filename="/Users/darren/dev/workflow/src/WorkflowCore/Models/RetryPolicyOptions.cs" line-rate="1" branch-rate="1" complexity="1">
          <methods>
            <method name=".ctor" signature="()" line-rate="1" branch-rate="1" complexity="1">
              <lines>
                <line number="5" hits="12" branch="false" />
                <line number="6" hits="12" branch="false" />
                <line number="7" hits="12" branch="false" />
                <line number="8" hits="12" branch="false" />
              </lines>
            </method>
          </methods>
          <lines>
            <line number="5" hits="12" branch="false" />
            <line number="6" hits="12" branch="false" />
            <line number="7" hits="12" branch="false" />
            <line number="8" hits="12" branch="false" />
          </lines>
        </class>
        <class name="WorkflowCore.Models.SchemaDefinition" filename="/Users/darren/dev/workflow/src/WorkflowCore/Models/SchemaDefinition.cs" line-rate="1" branch-rate="1" complexity="2">
          <methods>
            <method name="IsPropertyRequired" signature="(System.String)" line-rate="1" branch-rate="1" complexity="1">
              <lines>
                <line number="20" hits="2" branch="false" />
                <line number="21" hits="2" branch="false" />
                <line number="22" hits="2" branch="false" />
              </lines>
            </method>
            <method name=".ctor" signature="()" line-rate="1" branch-rate="1" complexity="1">
              <lines>
                <line number="8" hits="43" branch="false" />
                <line number="11" hits="43" branch="false" />
                <line number="14" hits="43" branch="false" />
              </lines>
            </method>
          </methods>
          <lines>
            <line number="8" hits="43" branch="false" />
            <line number="11" hits="43" branch="false" />
            <line number="14" hits="43" branch="false" />
            <line number="20" hits="2" branch="false" />
            <line number="21" hits="2" branch="false" />
            <line number="22" hits="2" branch="false" />
          </lines>
        </class>
        <class name="WorkflowCore.Models.TaskExecutionRecord" filename="/Users/darren/dev/workflow/src/WorkflowCore/Models/TaskExecutionRecord.cs" line-rate="1" branch-rate="1" complexity="1">
          <methods>
            <method name=".ctor" signature="()" line-rate="1" branch-rate="1" complexity="1">
              <lines>
                <line number="11" hits="52" branch="false" />
                <line number="51" hits="52" branch="false" />
                <line number="56" hits="52" branch="false" />
              </lines>
            </method>
          </methods>
          <lines>
            <line number="11" hits="52" branch="false" />
            <line number="51" hits="52" branch="false" />
            <line number="56" hits="52" branch="false" />
          </lines>
        </class>
        <class name="WorkflowCore.Models.TaskExecutionResult" filename="/Users/darren/dev/workflow/src/WorkflowCore/Models/TaskExecutionResult.cs" line-rate="1" branch-rate="1" complexity="1">
          <methods>
            <method name=".ctor" signature="()" line-rate="1" branch-rate="1" complexity="1">
              <lines>
                <line number="7" hits="70" branch="false" />
              </lines>
            </method>
          </methods>
          <lines>
            <line number="7" hits="70" branch="false" />
          </lines>
        </class>
        <class name="WorkflowCore.Models.TemplateContext" filename="/Users/darren/dev/workflow/src/WorkflowCore/Models/TemplateContext.cs" line-rate="1" branch-rate="1" complexity="1">
          <methods>
            <method name=".ctor" signature="()" line-rate="1" branch-rate="1" complexity="1">
              <lines>
                <line number="7" hits="69" branch="false" />
                <line number="8" hits="69" branch="false" />
              </lines>
            </method>
          </methods>
          <lines>
            <line number="7" hits="69" branch="false" />
            <line number="8" hits="69" branch="false" />
          </lines>
        </class>
        <class name="WorkflowCore.Models.TemplateExpression" filename="/Users/darren/dev/workflow/src/WorkflowCore/Models/TemplateParseResult.cs" line-rate="1" branch-rate="1" complexity="1">
          <methods>
            <method name=".ctor" signature="()" line-rate="1" branch-rate="1" complexity="1">
              <lines>
                <line number="14" hits="17" branch="false" />
              </lines>
            </method>
          </methods>
          <lines>
            <line number="14" hits="17" branch="false" />
          </lines>
        </class>
        <class name="WorkflowCore.Models.TemplateParseResult" filename="/Users/darren/dev/workflow/src/WorkflowCore/Models/TemplateParseResult.cs" line-rate="1" branch-rate="1" complexity="1">
          <methods>
            <method name=".ctor" signature="()" line-rate="1" branch-rate="1" complexity="1">
              <lines>
                <line number="6" hits="20" branch="false" />
                <line number="7" hits="20" branch="false" />
              </lines>
            </method>
          </methods>
          <lines>
            <line number="6" hits="20" branch="false" />
            <line number="7" hits="20" branch="false" />
          </lines>
        </class>
        <class name="WorkflowCore.Models.TemplateResolutionException" filename="/Users/darren/dev/workflow/src/WorkflowCore/Models/TemplateContext.cs" line-rate="1" branch-rate="1" complexity="2">
          <methods>
            <method name=".ctor" signature="(System.String,System.String)" line-rate="1" branch-rate="1" complexity="1">
              <lines>
                <line number="16" hits="11" branch="false" />
                <line number="17" hits="11" branch="false" />
                <line number="18" hits="11" branch="false" />
                <line number="19" hits="11" branch="false" />
              </lines>
            </method>
            <method name=".ctor" signature="(System.String,System.Exception,System.String)" line-rate="1" branch-rate="1" complexity="1">
              <lines>
                <line number="22" hits="5" branch="false" />
                <line number="23" hits="5" branch="false" />
                <line number="24" hits="5" branch="false" />
                <line number="25" hits="5" branch="false" />
              </lines>
            </method>
          </methods>
          <lines>
            <line number="16" hits="11" branch="false" />
            <line number="17" hits="11" branch="false" />
            <line number="18" hits="11" branch="false" />
            <line number="19" hits="11" branch="false" />
            <line number="22" hits="5" branch="false" />
            <line number="23" hits="5" branch="false" />
            <line number="24" hits="5" branch="false" />
            <line number="25" hits="5" branch="false" />
          </lines>
        </class>
        <class name="WorkflowCore.Models.TransformDefinition" filename="/Users/darren/dev/workflow/src/WorkflowCore/Models/WorkflowTaskResource.cs" line-rate="1" branch-rate="1" complexity="1">
          <methods>
            <method name=".ctor" signature="()" line-rate="1" branch-rate="1" complexity="1">
              <lines>
                <line number="71" hits="7" branch="false" />
              </lines>
            </method>
          </methods>
          <lines>
            <line number="71" hits="7" branch="false" />
          </lines>
        </class>
        <class name="WorkflowCore.Models.ValidationError" filename="/Users/darren/dev/workflow/src/WorkflowCore/Models/ValidationResult.cs" line-rate="1" branch-rate="1" complexity="1">
          <methods>
            <method name=".ctor" signature="()" line-rate="1" branch-rate="1" complexity="1">
              <lines>
                <line number="13" hits="27" branch="false" />
              </lines>
            </method>
          </methods>
          <lines>
            <line number="13" hits="27" branch="false" />
          </lines>
        </class>
        <class name="WorkflowCore.Models.ValidationResult" filename="/Users/darren/dev/workflow/src/WorkflowCore/Models/ValidationResult.cs" line-rate="1" branch-rate="1" complexity="1">
          <methods>
            <method name=".ctor" signature="()" line-rate="1" branch-rate="1" complexity="1">
              <lines>
                <line number="6" hits="41" branch="false" />
              </lines>
            </method>
          </methods>
          <lines>
            <line number="6" hits="41" branch="false" />
          </lines>
        </class>
        <class name="WorkflowCore.Models.WorkflowExecutionResult" filename="/Users/darren/dev/workflow/src/WorkflowCore/Models/WorkflowExecutionResult.cs" line-rate="1" branch-rate="1" complexity="1">
          <methods>
            <method name=".ctor" signature="()" line-rate="1" branch-rate="1" complexity="1">
              <lines>
                <line number="7" hits="22" branch="false" />
                <line number="8" hits="22" branch="false" />
              </lines>
            </method>
          </methods>
          <lines>
            <line number="7" hits="22" branch="false" />
            <line number="8" hits="22" branch="false" />
          </lines>
        </class>
        <class name="WorkflowCore.Models.WorkflowInputParameter" filename="/Users/darren/dev/workflow/src/WorkflowCore/Models/WorkflowResource.cs" line-rate="1" branch-rate="1" complexity="1">
          <methods>
            <method name=".ctor" signature="()" line-rate="1" branch-rate="1" complexity="1">
              <lines>
                <line number="38" hits="11" branch="false" />
              </lines>
            </method>
          </methods>
          <lines>
            <line number="38" hits="11" branch="false" />
          </lines>
        </class>
        <class name="WorkflowCore.Models.WorkflowResource" filename="/Users/darren/dev/workflow/src/WorkflowCore/Models/WorkflowResource.cs" line-rate="1" branch-rate="1" complexity="1">
          <methods>
            <method name=".ctor" signature="()" line-rate="1" branch-rate="1" complexity="1">
              <lines>
                <line number="8" hits="63" branch="false" />
                <line number="11" hits="63" branch="false" />
                <line number="14" hits="63" branch="false" />
                <line number="17" hits="63" branch="false" />
              </lines>
            </method>
          </methods>
          <lines>
            <line number="8" hits="63" branch="false" />
            <line number="11" hits="63" branch="false" />
            <line number="14" hits="63" branch="false" />
            <line number="17" hits="63" branch="false" />
          </lines>
        </class>
        <class name="WorkflowCore.Models.WorkflowSpec" filename="/Users/darren/dev/workflow/src/WorkflowCore/Models/WorkflowResource.cs" line-rate="1" branch-rate="1" complexity="1">
          <methods>
            <method name=".ctor" signature="()" line-rate="1" branch-rate="1" complexity="1">
              <lines>
                <line number="26" hits="126" branch="false" />
                <line number="29" hits="126" branch="false" />
              </lines>
            </method>
          </methods>
          <lines>
            <line number="26" hits="126" branch="false" />
            <line number="29" hits="126" branch="false" />
          </lines>
        </class>
        <class name="WorkflowCore.Models.WorkflowStatus" filename="/Users/darren/dev/workflow/src/WorkflowCore/Models/WorkflowResource.cs" line-rate="1" branch-rate="1" complexity="1">
          <methods>
            <method name=".ctor" signature="()" line-rate="1" branch-rate="1" complexity="1">
              <lines>
                <line number="68" hits="2" branch="false" />
                <line number="77" hits="2" branch="false" />
              </lines>
            </method>
          </methods>
          <lines>
            <line number="68" hits="2" branch="false" />
            <line number="77" hits="2" branch="false" />
          </lines>
        </class>
        <class name="WorkflowCore.Models.WorkflowTaskResource" filename="/Users/darren/dev/workflow/src/WorkflowCore/Models/WorkflowTaskResource.cs" line-rate="1" branch-rate="1" complexity="1">
          <methods>
            <method name=".ctor" signature="()" line-rate="1" branch-rate="1" complexity="1">
              <lines>
                <line number="8" hits="55" branch="false" />
                <line number="11" hits="55" branch="false" />
                <line number="14" hits="55" branch="false" />
                <line number="17" hits="55" branch="false" />
              </lines>
            </method>
          </methods>
          <lines>
            <line number="8" hits="55" branch="false" />
            <line number="11" hits="55" branch="false" />
            <line number="14" hits="55" branch="false" />
            <line number="17" hits="55" branch="false" />
          </lines>
        </class>
        <class name="WorkflowCore.Models.WorkflowTaskSpec" filename="/Users/darren/dev/workflow/src/WorkflowCore/Models/WorkflowTaskResource.cs" line-rate="1" branch-rate="1" complexity="1">
          <methods>
            <method name=".ctor" signature="()" line-rate="1" branch-rate="1" complexity="1">
              <lines>
                <line number="35" hits="144" branch="false" />
              </lines>
            </method>
          </methods>
          <lines>
            <line number="35" hits="144" branch="false" />
          </lines>
        </class>
        <class name="WorkflowCore.Models.WorkflowTaskStep" filename="/Users/darren/dev/workflow/src/WorkflowCore/Models/WorkflowResource.cs" line-rate="1" branch-rate="1" complexity="1">
          <methods>
            <method name=".ctor" signature="()" line-rate="1" branch-rate="1" complexity="1">
              <lines>
                <line number="53" hits="110" branch="false" />
                <line number="56" hits="110" branch="false" />
                <line number="59" hits="110" branch="false" />
              </lines>
            </method>
          </methods>
          <lines>
            <line number="53" hits="110" branch="false" />
            <line number="56" hits="110" branch="false" />
            <line number="59" hits="110" branch="false" />
          </lines>
        </class>
        <class name="WorkflowCore.Models.WorkflowVersion" filename="/Users/darren/dev/workflow/src/WorkflowCore/Models/WorkflowVersion.cs" line-rate="1" branch-rate="1" complexity="1">
          <methods>
            <method name=".ctor" signature="()" line-rate="1" branch-rate="1" complexity="1">
              <lines>
                <line number="12" hits="37" branch="false" />
                <line number="27" hits="37" branch="false" />
              </lines>
            </method>
          </methods>
          <lines>
            <line number="12" hits="37" branch="false" />
            <line number="27" hits="37" branch="false" />
          </lines>
        </class>
        <class name="WorkflowCore.Services.ExecutionGraphBuilder" filename="/Users/darren/dev/workflow/src/WorkflowCore/Services/ExecutionGraphBuilder.cs" line-rate="1" branch-rate="1" complexity="17">
          <methods>
            <method name="Build" signature="(WorkflowCore.Models.WorkflowResource)" line-rate="1" branch-rate="1" complexity="16">
              <lines>
                <line number="16" hits="16" branch="false" />
                <line number="17" hits="16" branch="false" />
                <line number="18" hits="16" branch="false" />
                <line number="21" hits="118" branch="true" condition-coverage="100% (2/2)" />
                <line number="22" hits="35" branch="false" />
                <line number="23" hits="35" branch="false" />
                <line number="26" hits="155" branch="true" condition-coverage="100% (2/2)" />
                <line number="27" hits="25" branch="false" />
                <line number="28" hits="25" branch="false" />
                <line number="29" hits="119" branch="true" condition-coverage="100% (2/2)" />
                <line number="30" hits="22" branch="false" />
                <line number="31" hits="22" branch="false" />
                <line number="32" hits="22" branch="false" />
                <line number="33" hits="22" branch="false" />
                <line number="34" hits="25" branch="false" />
                <line number="35" hits="35" branch="false" />
                <line number="38" hits="16" branch="false" />
                <line number="39" hits="16" branch="true" condition-coverage="100% (2/2)" />
                <line number="40" hits="4" branch="false" />
                <line number="41" hits="20" branch="true" condition-coverage="100% (2/2)" />
                <line number="42" hits="4" branch="false" />
                <line number="43" hits="4" branch="true" condition-coverage="100% (4/4)" />
                <line number="44" hits="4" branch="false" />
                <line number="45" hits="4" branch="false" />
                <line number="46" hits="4" branch="false" />
                <line number="47" hits="4" branch="false" />
                <line number="49" hits="16" branch="true" condition-coverage="100% (2/2)" />
                <line number="50" hits="16" branch="false" />
                <line number="51" hits="16" branch="false" />
                <line number="52" hits="16" branch="false" />
                <line number="53" hits="16" branch="false" />
                <line number="54" hits="16" branch="false" />
                <line number="55" hits="16" branch="false" />
              </lines>
            </method>
            <method name=".cctor" signature="()" line-rate="1" branch-rate="1" complexity="1">
              <lines>
                <line number="13" hits="1" branch="false" />
              </lines>
            </method>
          </methods>
          <lines>
            <line number="13" hits="1" branch="false" />
            <line number="16" hits="16" branch="false" />
            <line number="17" hits="16" branch="false" />
            <line number="18" hits="16" branch="false" />
            <line number="21" hits="118" branch="true" condition-coverage="100% (2/2)" />
            <line number="22" hits="35" branch="false" />
            <line number="23" hits="35" branch="false" />
            <line number="26" hits="155" branch="true" condition-coverage="100% (2/2)" />
            <line number="27" hits="25" branch="false" />
            <line number="28" hits="25" branch="false" />
            <line number="29" hits="119" branch="true" condition-coverage="100% (2/2)" />
            <line number="30" hits="22" branch="false" />
            <line number="31" hits="22" branch="false" />
            <line number="32" hits="22" branch="false" />
            <line number="33" hits="22" branch="false" />
            <line number="34" hits="25" branch="false" />
            <line number="35" hits="35" branch="false" />
            <line number="38" hits="16" branch="false" />
            <line number="39" hits="16" branch="true" condition-coverage="100% (2/2)" />
            <line number="40" hits="4" branch="false" />
            <line number="41" hits="20" branch="true" condition-coverage="100% (2/2)" />
            <line number="42" hits="4" branch="false" />
            <line number="43" hits="4" branch="true" condition-coverage="100% (4/4)" />
            <line number="44" hits="4" branch="false" />
            <line number="45" hits="4" branch="false" />
            <line number="46" hits="4" branch="false" />
            <line number="47" hits="4" branch="false" />
            <line number="49" hits="16" branch="true" condition-coverage="100% (2/2)" />
            <line number="50" hits="16" branch="false" />
            <line number="51" hits="16" branch="false" />
            <line number="52" hits="16" branch="false" />
            <line number="53" hits="16" branch="false" />
            <line number="54" hits="16" branch="false" />
            <line number="55" hits="16" branch="false" />
          </lines>
        </class>
        <class name="WorkflowCore.Services.HttpTaskExecutor" filename="/Users/darren/dev/workflow/src/WorkflowCore/Services/HttpTaskExecutor.cs" line-rate="1" branch-rate="0.5" complexity="8">
          <methods>
            <method name=".ctor" signature="(WorkflowCore.Services.ITemplateResolver,WorkflowCore.Services.ISchemaValidator,WorkflowCore.Services.IRetryPolicy,WorkflowCore.Services.IHttpClientWrapper)" line-rate="1" branch-rate="0.5" complexity="8">
              <lines>
                <line number="24" hits="27" branch="false" />
                <line number="25" hits="27" branch="false" />
                <line number="26" hits="27" branch="false" />
                <line number="27" hits="27" branch="false" />
                <line number="28" hits="27" branch="false" />
                <line number="29" hits="27" branch="false" />
                <line number="30" hits="27" branch="true" condition-coverage="50% (1/2)" />
                <line number="31" hits="27" branch="true" condition-coverage="50% (1/2)" />
                <line number="32" hits="27" branch="true" condition-coverage="50% (1/2)" />
                <line number="33" hits="27" branch="true" condition-coverage="50% (1/2)" />
                <line number="34" hits="27" branch="false" />
              </lines>
            </method>
          </methods>
          <lines>
            <line number="24" hits="27" branch="false" />
            <line number="25" hits="27" branch="false" />
            <line number="26" hits="27" branch="false" />
            <line number="27" hits="27" branch="false" />
            <line number="28" hits="27" branch="false" />
            <line number="29" hits="27" branch="false" />
            <line number="30" hits="27" branch="true" condition-coverage="50% (1/2)" />
            <line number="31" hits="27" branch="true" condition-coverage="50% (1/2)" />
            <line number="32" hits="27" branch="true" condition-coverage="50% (1/2)" />
            <line number="33" hits="27" branch="true" condition-coverage="50% (1/2)" />
            <line number="34" hits="27" branch="false" />
          </lines>
        </class>
        <class name="WorkflowCore.Services.JsonPathTransformer" filename="/Users/darren/dev/workflow/src/WorkflowCore/Services/JsonPathTransformer.cs" line-rate="0.8541666666666666" branch-rate="0.7333333333333333" complexity="30">
          <methods>
            <method name="TransformAsync" signature="(System.String,System.Object)" line-rate="1" branch-rate="0.9" complexity="10">
              <lines>
                <line number="14" hits="24" branch="false" />
                <line number="15" hits="24" branch="true" condition-coverage="100% (2/2)" />
                <line number="16" hits="3" branch="false" />
                <line number="17" hits="3" branch="false" />
                <line number="20" hits="21" branch="true" condition-coverage="100% (2/2)" />
                <line number="21" hits="1" branch="false" />
                <line number="22" hits="1" branch="false" />
                <line number="26" hits="20" branch="false" />
                <line number="27" hits="20" branch="false" />
                <line number="30" hits="20" branch="false" />
                <line number="31" hits="19" branch="false" />
                <line number="34" hits="19" branch="true" condition-coverage="75% (3/4)" />
                <line number="35" hits="2" branch="false" />
                <line number="36" hits="2" branch="false" />
                <line number="40" hits="17" branch="true" condition-coverage="100% (2/2)" />
                <line number="41" hits="8" branch="false" />
                <line number="42" hits="8" branch="false" />
                <line number="43" hits="8" branch="false" />
                <line number="47" hits="9" branch="false" />
                <line number="48" hits="9" branch="false" />
                <line number="49" hits="19" branch="false" />
              </lines>
            </method>
            <method name="ConvertJsonNodeToObject" signature="(System.Text.Json.Nodes.JsonNode)" line-rate="0.7407407407407407" branch-rate="0.65" complexity="20">
              <lines>
                <line number="52" hits="45" branch="false" />
                <line number="53" hits="45" branch="true" condition-coverage="50% (1/2)" />
                <line number="54" hits="0" branch="false" />
                <line number="55" hits="0" branch="false" />
                <line number="58" hits="45" branch="true" condition-coverage="100% (2/2)" />
                <line number="59" hits="37" branch="false" />
                <line number="61" hits="37" branch="true" condition-coverage="100% (2/2)" />
                <line number="62" hits="25" branch="false" />
                <line number="63" hits="12" branch="true" condition-coverage="100% (2/2)" />
                <line number="64" hits="8" branch="false" />
                <line number="65" hits="4" branch="true" condition-coverage="50% (1/2)" />
                <line number="66" hits="0" branch="false" />
                <line number="67" hits="4" branch="true" condition-coverage="100% (2/2)" />
                <line number="68" hits="1" branch="false" />
                <line number="69" hits="3" branch="true" condition-coverage="50% (1/2)" />
                <line number="70" hits="3" branch="false" />
                <line number="71" hits="0" branch="false" />
                <line number="73" hits="8" branch="true" condition-coverage="50% (1/2)" />
                <line number="74" hits="0" branch="false" />
                <line number="75" hits="0" branch="true" condition-coverage="0% (0/2)" />
                <line number="78" hits="8" branch="true" condition-coverage="50% (1/2)" />
                <line number="79" hits="8" branch="false" />
                <line number="80" hits="8" branch="false" />
                <line number="81" hits="8" branch="false" />
                <line number="82" hits="8" branch="false" />
                <line number="85" hits="0" branch="false" />
                <line number="86" hits="45" branch="false" />
              </lines>
            </method>
          </methods>
          <lines>
            <line number="14" hits="24" branch="false" />
            <line number="15" hits="24" branch="true" condition-coverage="100% (2/2)" />
            <line number="16" hits="3" branch="false" />
            <line number="17" hits="3" branch="false" />
            <line number="20" hits="21" branch="true" condition-coverage="100% (2/2)" />
            <line number="21" hits="1" branch="false" />
            <line number="22" hits="1" branch="false" />
            <line number="26" hits="20" branch="false" />
            <line number="27" hits="20" branch="false" />
            <line number="30" hits="20" branch="false" />
            <line number="31" hits="19" branch="false" />
            <line number="34" hits="19" branch="true" condition-coverage="75% (3/4)" />
            <line number="35" hits="2" branch="false" />
            <line number="36" hits="2" branch="false" />
            <line number="40" hits="17" branch="true" condition-coverage="100% (2/2)" />
            <line number="41" hits="8" branch="false" />
            <line number="42" hits="8" branch="false" />
            <line number="43" hits="8" branch="false" />
            <line number="47" hits="9" branch="false" />
            <line number="48" hits="9" branch="false" />
            <line number="49" hits="19" branch="false" />
            <line number="52" hits="45" branch="false" />
            <line number="53" hits="45" branch="true" condition-coverage="50% (1/2)" />
            <line number="54" hits="0" branch="false" />
            <line number="55" hits="0" branch="false" />
            <line number="58" hits="45" branch="true" condition-coverage="100% (2/2)" />
            <line number="59" hits="37" branch="false" />
            <line number="61" hits="37" branch="true" condition-coverage="100% (2/2)" />
            <line number="62" hits="25" branch="false" />
            <line number="63" hits="12" branch="true" condition-coverage="100% (2/2)" />
            <line number="64" hits="8" branch="false" />
            <line number="65" hits="4" branch="true" condition-coverage="50% (1/2)" />
            <line number="66" hits="0" branch="false" />
            <line number="67" hits="4" branch="true" condition-coverage="100% (2/2)" />
            <line number="68" hits="1" branch="false" />
            <line number="69" hits="3" branch="true" condition-coverage="50% (1/2)" />
            <line number="70" hits="3" branch="false" />
            <line number="71" hits="0" branch="false" />
            <line number="73" hits="8" branch="true" condition-coverage="50% (1/2)" />
            <line number="74" hits="0" branch="false" />
            <line number="75" hits="0" branch="true" condition-coverage="0% (0/2)" />
            <line number="78" hits="8" branch="true" condition-coverage="50% (1/2)" />
            <line number="79" hits="8" branch="false" />
            <line number="80" hits="8" branch="false" />
            <line number="81" hits="8" branch="false" />
            <line number="82" hits="8" branch="false" />
            <line number="85" hits="0" branch="false" />
            <line number="86" hits="45" branch="false" />
          </lines>
        </class>
        <class name="WorkflowCore.Services.RetryPolicy" filename="/Users/darren/dev/workflow/src/WorkflowCore/Services/RetryPolicy.cs" line-rate="1" branch-rate="0.9285714285714286" complexity="14">
          <methods>
            <method name="CalculateDelay" signature="(System.Int32)" line-rate="1" branch-rate="1" complexity="2">
              <lines>
                <line number="21" hits="11" branch="false" />
                <line number="22" hits="11" branch="true" condition-coverage="100% (2/2)" />
                <line number="23" hits="2" branch="false" />
                <line number="24" hits="2" branch="false" />
                <line number="28" hits="9" branch="false" />
                <line number="29" hits="9" branch="false" />
                <line number="32" hits="9" branch="false" />
                <line number="34" hits="9" branch="false" />
                <line number="35" hits="11" branch="false" />
              </lines>
            </method>
            <method name="ShouldRetry" signature="(System.Exception,System.Int32)" line-rate="1" branch-rate="1" complexity="10">
              <lines>
                <line number="38" hits="10" branch="false" />
                <line number="40" hits="10" branch="true" condition-coverage="100% (2/2)" />
                <line number="41" hits="2" branch="false" />
                <line number="42" hits="2" branch="false" />
                <line number="46" hits="8" branch="true" condition-coverage="100% (6/6)" />
                <line number="47" hits="2" branch="false" />
                <line number="48" hits="2" branch="false" />
                <line number="52" hits="6" branch="true" condition-coverage="100% (2/2)" />
                <line number="53" hits="5" branch="false" />
                <line number="54" hits="5" branch="false" />
                <line number="58" hits="1" branch="false" />
                <line number="59" hits="10" branch="false" />
              </lines>
            </method>
            <method name=".ctor" signature="(WorkflowCore.Models.RetryPolicyOptions)" line-rate="1" branch-rate="0.5" complexity="2">
              <lines>
                <line number="15" hits="12" branch="false" />
                <line number="16" hits="12" branch="false" />
                <line number="17" hits="12" branch="true" condition-coverage="50% (1/2)" />
                <line number="18" hits="12" branch="false" />
              </lines>
            </method>
          </methods>
          <lines>
            <line number="15" hits="12" branch="false" />
            <line number="16" hits="12" branch="false" />
            <line number="17" hits="12" branch="true" condition-coverage="50% (1/2)" />
            <line number="18" hits="12" branch="false" />
            <line number="21" hits="11" branch="false" />
            <line number="22" hits="11" branch="true" condition-coverage="100% (2/2)" />
            <line number="23" hits="2" branch="false" />
            <line number="24" hits="2" branch="false" />
            <line number="28" hits="9" branch="false" />
            <line number="29" hits="9" branch="false" />
            <line number="32" hits="9" branch="false" />
            <line number="34" hits="9" branch="false" />
            <line number="35" hits="11" branch="false" />
            <line number="38" hits="10" branch="false" />
            <line number="40" hits="10" branch="true" condition-coverage="100% (2/2)" />
            <line number="41" hits="2" branch="false" />
            <line number="42" hits="2" branch="false" />
            <line number="46" hits="8" branch="true" condition-coverage="100% (6/6)" />
            <line number="47" hits="2" branch="false" />
            <line number="48" hits="2" branch="false" />
            <line number="52" hits="6" branch="true" condition-coverage="100% (2/2)" />
            <line number="53" hits="5" branch="false" />
            <line number="54" hits="5" branch="false" />
            <line number="58" hits="1" branch="false" />
            <line number="59" hits="10" branch="false" />
          </lines>
        </class>
        <class name="WorkflowCore.Services.SchemaParseException" filename="/Users/darren/dev/workflow/src/WorkflowCore/Services/SchemaParser.cs" line-rate="1" branch-rate="1" complexity="1">
          <methods>
            <method name=".ctor" signature="(System.String,System.Exception)" line-rate="1" branch-rate="1" complexity="1">
              <lines>
                <line number="45" hits="2" branch="false" />
                <line number="46" hits="2" branch="false" />
                <line number="47" hits="2" branch="false" />
              </lines>
            </method>
          </methods>
          <lines>
            <line number="45" hits="2" branch="false" />
            <line number="46" hits="2" branch="false" />
            <line number="47" hits="2" branch="false" />
          </lines>
        </class>
        <class name="WorkflowCore.Services.SchemaParser" filename="/Users/darren/dev/workflow/src/WorkflowCore/Services/SchemaParser.cs" line-rate="0.8125" branch-rate="1" complexity="2">
          <methods>
            <method name="ParseAsync" signature="(WorkflowCore.Models.SchemaDefinition)" line-rate="0.8125" branch-rate="1" complexity="2">
              <lines>
                <line number="16" hits="18" branch="false" />
                <line number="17" hits="18" branch="true" condition-coverage="100% (2/2)" />
                <line number="18" hits="1" branch="false" />
                <line number="19" hits="1" branch="false" />
                <line number="23" hits="17" branch="false" />
                <line number="26" hits="17" branch="false" />
                <line number="27" hits="17" branch="false" />
                <line number="28" hits="17" branch="false" />
                <line number="29" hits="17" branch="false" />
                <line number="31" hits="17" branch="false" />
                <line number="32" hits="17" branch="false" />
                <line number="33" hits="17" branch="false" />
                <line number="35" hits="0" branch="false" />
                <line number="36" hits="0" branch="false" />
                <line number="37" hits="0" branch="false" />
                <line number="39" hits="18" branch="false" />
              </lines>
            </method>
          </methods>
          <lines>
            <line number="16" hits="18" branch="false" />
            <line number="17" hits="18" branch="true" condition-coverage="100% (2/2)" />
            <line number="18" hits="1" branch="false" />
            <line number="19" hits="1" branch="false" />
            <line number="23" hits="17" branch="false" />
            <line number="26" hits="17" branch="false" />
            <line number="27" hits="17" branch="false" />
            <line number="28" hits="17" branch="false" />
            <line number="29" hits="17" branch="false" />
            <line number="31" hits="17" branch="false" />
            <line number="32" hits="17" branch="false" />
            <line number="33" hits="17" branch="false" />
            <line number="35" hits="0" branch="false" />
            <line number="36" hits="0" branch="false" />
            <line number="37" hits="0" branch="false" />
            <line number="39" hits="18" branch="false" />
          </lines>
        </class>
        <class name="WorkflowCore.Services.SchemaValidator" filename="/Users/darren/dev/workflow/src/WorkflowCore/Services/SchemaValidator.cs" line-rate="1" branch-rate="0.5" complexity="2">
          <methods>
            <method name=".ctor" signature="(WorkflowCore.Services.ISchemaParser)" line-rate="1" branch-rate="0.5" complexity="2">
              <lines>
                <line number="17" hits="8" branch="false" />
                <line number="18" hits="8" branch="false" />
                <line number="19" hits="8" branch="true" condition-coverage="50% (1/2)" />
                <line number="20" hits="8" branch="false" />
              </lines>
            </method>
[...]
                <line number="61" hits="1" branch="false" />
                <line number="64" hits="63" branch="true" condition-coverage="100% (2/2)" />
                <line number="65" hits="9" branch="false" />
                <line number="66" hits="9" branch="false" />
                <line number="67" hits="9" branch="true" condition-coverage="100% (2/2)" />
                <line number="68" hits="1" branch="false" />
                <line number="69" hits="1" branch="false" />
                <line number="70" hits="1" branch="false" />
                <line number="71" hits="1" branch="false" />
                <line number="75" hits="8" branch="true" condition-coverage="83% (5/6)" />
                <line number="76" hits="7" branch="false" />
                <line number="77" hits="7" branch="false" />
                <line number="79" hits="33" branch="true" condition-coverage="100% (2/2)" />
                <line number="80" hits="6" branch="false" />
                <line number="81" hits="6" branch="false" />
                <line number="82" hits="6" branch="true" condition-coverage="100% (2/2)" />
                <line number="83" hits="2" branch="false" />
                <line number="84" hits="2" branch="false" />
                <line number="85" hits="2" branch="true" condition-coverage="100% (2/2)" />
                <line number="86" hits="1" branch="false" />
                <line number="87" hits="1" branch="true" condition-coverage="100% (2/2)" />
                <line number="88" hits="1" branch="false" />
                <line number="89" hits="1" branch="false" />
                <line number="90" hits="1" branch="false" />
                <line number="91" hits="1" branch="false" />
                <line number="92" hits="1" branch="false" />
                <line number="93" hits="1" branch="false" />
                <line number="94" hits="1" branch="false" />
                <line number="95" hits="1" branch="false" />
                <line number="96" hits="2" branch="false" />
                <line number="97" hits="6" branch="false" />
                <line number="98" hits="7" branch="false" />
                <line number="99" hits="8" branch="false" />
                <line number="100" hits="15" branch="false" />
                <line number="103" hits="14" branch="true" condition-coverage="100% (2/2)" />
                <line number="104" hits="1" branch="false" />
                <line number="105" hits="7" branch="true" condition-coverage="100% (2/2)" />
                <line number="106" hits="2" branch="false" />
                <line number="107" hits="2" branch="false" />
                <line number="108" hits="2" branch="true" condition-coverage="50% (1/2)" />
                <line number="109" hits="0" branch="false" />
                <line number="110" hits="0" branch="false" />
                <line number="111" hits="0" branch="false" />
                <line number="112" hits="0" branch="false" />
                <line number="116" hits="10" branch="true" condition-coverage="100% (2/2)" />
                <line number="117" hits="2" branch="false" />
                <line number="118" hits="2" branch="true" condition-coverage="75% (3/4)" />
                <line number="119" hits="2" branch="false" />
                <line number="120" hits="2" branch="false" />
                <line number="121" hits="2" branch="true" condition-coverage="100% (2/2)" />
                <line number="122" hits="1" branch="false" />
                <line number="123" hits="1" branch="false" />
                <line number="124" hits="1" branch="false" />
                <line number="125" hits="1" branch="false" />
                <line number="126" hits="1" branch="false" />
                <line number="127" hits="1" branch="false" />
                <line number="128" hits="1" branch="false" />
                <line number="129" hits="1" branch="false" />
                <line number="130" hits="1" branch="false" />
                <line number="131" hits="2" branch="false" />
                <line number="132" hits="2" branch="false" />
                <line number="133" hits="2" branch="false" />
                <line number="134" hits="1" branch="false" />
                <line number="136" hits="14" branch="false" />
                <line number="137" hits="14" branch="false" />
                <line number="138" hits="14" branch="false" />
                <line number="139" hits="14" branch="false" />
                <line number="140" hits="14" branch="false" />
                <line number="141" hits="14" branch="false" />
              </lines>
            </method>
            <method name="ResolveExpressionType" signature="(WorkflowCore.Models.TemplateExpression,WorkflowCore.Models.WorkflowResource,System.Collections.Generic.Dictionary`2&lt;System.String,WorkflowCore.Models.WorkflowTaskResource&gt;)" line-rate="1" branch-rate="1" complexity="8">
              <lines>
                <line number="147" hits="6" branch="false" />
                <line number="148" hits="6" branch="true" condition-coverage="100% (4/4)" />
                <line number="149" hits="5" branch="false" />
                <line number="150" hits="5" branch="false" />
                <line number="151" hits="5" branch="true" condition-coverage="100% (4/4)" />
                <line number="152" hits="4" branch="false" />
                <line number="153" hits="4" branch="false" />
                <line number="154" hits="4" branch="false" />
                <line number="156" hits="1" branch="false" />
                <line number="158" hits="2" branch="false" />
                <line number="159" hits="6" branch="false" />
              </lines>
            </method>
            <method name="GetPropertyAtPath" signature="(WorkflowCore.Models.SchemaDefinition,System.String)" line-rate="0.8333333333333334" branch-rate="0.8125" complexity="16">
              <lines>
                <line number="162" hits="4" branch="false" />
                <line number="163" hits="4" branch="true" condition-coverage="100% (6/6)" />
                <line number="164" hits="2" branch="false" />
                <line number="165" hits="2" branch="false" />
                <line number="168" hits="2" branch="false" />
                <line number="169" hits="2" branch="false" />
                <line number="171" hits="12" branch="true" condition-coverage="100% (2/2)" />
                <line number="172" hits="3" branch="false" />
                <line number="173" hits="3" branch="true" condition-coverage="100% (2/2)" />
                <line number="174" hits="2" branch="false" />
                <line number="175" hits="2" branch="true" condition-coverage="50% (1/2)" />
                <line number="176" hits="0" branch="false" />
                <line number="177" hits="0" branch="false" />
                <line number="179" hits="2" branch="false" />
                <line number="180" hits="2" branch="false" />
                <line number="182" hits="1" branch="false" />
                <line number="183" hits="1" branch="true" condition-coverage="50% (2/4)" />
                <line number="184" hits="0" branch="false" />
                <line number="185" hits="0" branch="false" />
                <line number="187" hits="1" branch="false" />
                <line number="188" hits="1" branch="false" />
                <line number="189" hits="3" branch="false" />
                <line number="191" hits="2" branch="false" />
                <line number="192" hits="4" branch="false" />
              </lines>
            </method>
            <method name=".ctor" signature="(WorkflowCore.Services.ITemplateParser,WorkflowCore.Services.ITypeCompatibilityChecker)" line-rate="1" branch-rate="1" complexity="4">
              <lines>
                <line number="17" hits="18" branch="false" />
                <line number="18" hits="18" branch="false" />
                <line number="19" hits="18" branch="false" />
                <line number="20" hits="18" branch="false" />
                <line number="21" hits="18" branch="true" condition-coverage="100% (2/2)" />
                <line number="22" hits="17" branch="true" condition-coverage="100% (2/2)" />
                <line number="23" hits="16" branch="false" />
              </lines>
            </method>
          </methods>
          <lines>
            <line number="17" hits="18" branch="false" />
            <line number="18" hits="18" branch="false" />
            <line number="19" hits="18" branch="false" />
            <line number="20" hits="18" branch="false" />
            <line number="21" hits="18" branch="true" condition-coverage="100% (2/2)" />
            <line number="22" hits="17" branch="true" condition-coverage="100% (2/2)" />
            <line number="23" hits="16" branch="false" />
            <line number="28" hits="14" branch="false" />
            <line number="29" hits="14" branch="false" />
            <line number="32" hits="78" branch="true" condition-coverage="100% (2/2)" />
            <line number="33" hits="18" branch="false" />
            <line number="34" hits="18" branch="true" condition-coverage="100% (2/2)" />
            <line number="35" hits="2" branch="false" />
            <line number="36" hits="2" branch="false" />
            <line number="37" hits="2" branch="false" />
            <line number="38" hits="2" branch="false" />
            <line number="39" hits="2" branch="false" />
            <line number="40" hits="2" branch="false" />
            <line number="41" hits="2" branch="false" />
            <line number="42" hits="2" branch="false" />
            <line number="45" hits="16" branch="false" />
            <line number="48" hits="16" branch="true" condition-coverage="100% (2/2)" />
            <line number="49" hits="2" branch="false" />
            <line number="50" hits="2" branch="true" condition-coverage="100% (4/4)" />
            <line number="51" hits="1" branch="false" />
            <line number="52" hits="1" branch="false" />
            <line number="53" hits="1" branch="false" />
            <line number="54" hits="1" branch="false" />
            <line number="55" hits="1" branch="false" />
            <line number="56" hits="1" branch="false" />
            <line number="57" hits="1" branch="false" />
            <line number="58" hits="1" branch="false" />
            <line number="59" hits="1" branch="false" />
            <line number="61" hits="1" branch="false" />
            <line number="64" hits="63" branch="true" condition-coverage="100% (2/2)" />
            <line number="65" hits="9" branch="false" />
            <line number="66" hits="9" branch="false" />
            <line number="67" hits="9" branch="true" condition-coverage="100% (2/2)" />
            <line number="68" hits="1" branch="false" />
            <line number="69" hits="1" branch="false" />
            <line number="70" hits="1" branch="false" />
            <line number="71" hits="1" branch="false" />
            <line number="75" hits="8" branch="true" condition-coverage="83% (5/6)" />
            <line number="76" hits="7" branch="false" />
            <line number="77" hits="7" branch="false" />
            <line number="79" hits="33" branch="true" condition-coverage="100% (2/2)" />
            <line number="80" hits="6" branch="false" />
            <line number="81" hits="6" branch="false" />
            <line number="82" hits="6" branch="true" condition-coverage="100% (2/2)" />
            <line number="83" hits="2" branch="false" />
            <line number="84" hits="2" branch="false" />
            <line number="85" hits="2" branch="true" condition-coverage="100% (2/2)" />
            <line number="86" hits="1" branch="false" />
            <line number="87" hits="1" branch="true" condition-coverage="100% (2/2)" />
            <line number="88" hits="1" branch="false" />
            <line number="89" hits="1" branch="false" />
            <line number="90" hits="1" branch="false" />
            <line number="91" hits="1" branch="false" />
            <line number="92" hits="1" branch="false" />
            <line number="93" hits="1" branch="false" />
            <line number="94" hits="1" branch="false" />
            <line number="95" hits="1" branch="false" />
            <line number="96" hits="2" branch="false" />
            <line number="97" hits="6" branch="false" />
            <line number="98" hits="7" branch="false" />
            <line number="99" hits="8" branch="false" />
            <line number="100" hits="15" branch="false" />
            <line number="103" hits="14" branch="true" condition-coverage="100% (2/2)" />
            <line number="104" hits="1" branch="false" />
            <line number="105" hits="7" branch="true" condition-coverage="100% (2/2)" />
            <line number="106" hits="2" branch="false" />
            <line number="107" hits="2" branch="false" />
            <line number="108" hits="2" branch="true" condition-coverage="50% (1/2)" />
            <line number="109" hits="0" branch="false" />
            <line number="110" hits="0" branch="false" />
            <line number="111" hits="0" branch="false" />
            <line number="112" hits="0" branch="false" />
            <line number="116" hits="10" branch="true" condition-coverage="100% (2/2)" />
            <line number="117" hits="2" branch="false" />
            <line number="118" hits="2" branch="true" condition-coverage="75% (3/4)" />
            <line number="119" hits="2" branch="false" />
            <line number="120" hits="2" branch="false" />
            <line number="121" hits="2" branch="true" condition-coverage="100% (2/2)" />
            <line number="122" hits="1" branch="false" />
            <line number="123" hits="1" branch="false" />
            <line number="124" hits="1" branch="false" />
            <line number="125" hits="1" branch="false" />
            <line number="126" hits="1" branch="false" />
            <line number="127" hits="1" branch="false" />
            <line number="128" hits="1" branch="false" />
            <line number="129" hits="1" branch="false" />
            <line number="130" hits="1" branch="false" />
            <line number="131" hits="2" branch="false" />
            <line number="132" hits="2" branch="false" />
            <line number="133" hits="2" branch="false" />
            <line number="134" hits="1" branch="false" />
            <line number="136" hits="14" branch="false" />
            <line number="137" hits="14" branch="false" />
            <line number="138" hits="14" branch="false" />
            <line number="139" hits="14" branch="false" />
            <line number="140" hits="14" branch="false" />
            <line number="141" hits="14" branch="false" />
            <line number="147" hits="6" branch="false" />
            <line number="148" hits="6" branch="true" condition-coverage="100% (4/4)" />
            <line number="149" hits="5" branch="false" />
            <line number="150" hits="5" branch="false" />
            <line number="151" hits="5" branch="true" condition-coverage="100% (4/4)" />
            <line number="152" hits="4" branch="false" />
            <line number="153" hits="4" branch="false" />
            <line number="154" hits="4" branch="false" />
            <line number="156" hits="1" branch="false" />
            <line number="158" hits="2" branch="false" />
            <line number="159" hits="6" branch="false" />
            <line number="162" hits="4" branch="false" />
            <line number="163" hits="4" branch="true" condition-coverage="100% (6/6)" />
            <line number="164" hits="2" branch="false" />
            <line number="165" hits="2" branch="false" />
            <line number="168" hits="2" branch="false" />
            <line number="169" hits="2" branch="false" />
            <line number="171" hits="12" branch="true" condition-coverage="100% (2/2)" />
            <line number="172" hits="3" branch="false" />
            <line number="173" hits="3" branch="true" condition-coverage="100% (2/2)" />
            <line number="174" hits="2" branch="false" />
            <line number="175" hits="2" branch="true" condition-coverage="50% (1/2)" />
            <line number="176" hits="0" branch="false" />
            <line number="177" hits="0" branch="false" />
            <line number="179" hits="2" branch="false" />
            <line number="180" hits="2" branch="false" />
            <line number="182" hits="1" branch="false" />
            <line number="183" hits="1" branch="true" condition-coverage="50% (2/4)" />
            <line number="184" hits="0" branch="false" />
            <line number="185" hits="0" branch="false" />
            <line number="187" hits="1" branch="false" />
            <line number="188" hits="1" branch="false" />
            <line number="189" hits="3" branch="false" />
            <line number="191" hits="2" branch="false" />
            <line number="192" hits="4" branch="false" />
          </lines>
        </class>
        <class name="WorkflowCore.Services.WorkflowVersioningService" filename="/Users/darren/dev/workflow/src/WorkflowCore/Services/WorkflowVersioningService.cs" line-rate="0.9333333333333333" branch-rate="0.5" complexity="4">
          <methods>
            <method name="CalculateVersionHash" signature="(WorkflowCore.Models.WorkflowResource)" line-rate="0.875" branch-rate="0.5" complexity="2">
              <lines>
                <line number="30" hits="14" branch="false" />
                <line number="31" hits="14" branch="true" condition-coverage="50% (1/2)" />
                <line number="32" hits="0" branch="false" />
                <line number="35" hits="14" branch="false" />
                <line number="38" hits="14" branch="false" />
                <line number="39" hits="14" branch="false" />
                <line number="42" hits="14" branch="false" />
                <line number="43" hits="14" branch="false" />
              </lines>
            </method>
            <method name=".ctor" signature="(WorkflowCore.Data.Repositories.IWorkflowVersionRepository)" line-rate="1" branch-rate="0.5" complexity="2">
              <lines>
                <line number="18" hits="10" branch="false" />
                <line number="19" hits="10" branch="false" />
                <line number="20" hits="10" branch="true" condition-coverage="50% (1/2)" />
                <line number="23" hits="10" branch="false" />
                <line number="24" hits="10" branch="false" />
                <line number="25" hits="10" branch="false" />
                <line number="26" hits="10" branch="false" />
              </lines>
            </method>
          </methods>
          <lines>
            <line number="18" hits="10" branch="false" />
            <line number="19" hits="10" branch="false" />
            <line number="20" hits="10" branch="true" condition-coverage="50% (1/2)" />
            <line number="23" hits="10" branch="false" />
            <line number="24" hits="10" branch="false" />
            <line number="25" hits="10" branch="false" />
            <line number="26" hits="10" branch="false" />
            <line number="30" hits="14" branch="false" />
            <line number="31" hits="14" branch="true" condition-coverage="50% (1/2)" />
            <line number="32" hits="0" branch="false" />
            <line number="35" hits="14" branch="false" />
            <line number="38" hits="14" branch="false" />
            <line number="39" hits="14" branch="false" />
            <line number="42" hits="14" branch="false" />
            <line number="43" hits="14" branch="false" />
          </lines>
        </class>
      </classes>
    </package>
  </packages>
</coverage>