{"/Users/darren/dev/workflow/packages/workflow-cli/src/crd-generator.ts": {"path":"/Users/darren/dev/workflow/packages/workflow-cli/src/crd-generator.ts","all":false,"statementMap":{"0":{"start":{"line":1,"column":0},"end":{"line":1,"column":3}},"25":{"start":{"line":26,"column":0},"end":{"line":26,"column":38}},"26":{"start":{"line":27,"column":0},"end":{"line":27,"column":19}},"27":{"start":{"line":28,"column":0},"end":{"line":28,"column":27}},"28":{"start":{"line":29,"column":0},"end":{"line":29,"column":20}},"29":{"start":{"line":30,"column":0},"end":{"line":30,"column":36}},"31":{"start":{"line":32,"column":0},"end":{"line":32,"column":42}},"33":{"start":{"line":34,"column":0},"end":{"line":34,"column":50}},"34":{"start":{"line":35,"column":0},"end":{"line":35,"column":68}},"35":{"start":{"line":36,"column":0},"end":{"line":36,"column":17}},"36":{"start":{"line":37,"column":0},"end":{"line":37,"column":7}},"37":{"start":{"line":38,"column":0},"end":{"line":38,"column":5}},"40":{"start":{"line":41,"column":0},"end":{"line":41,"column":64}},"41":{"start":{"line":42,"column":0},"end":{"line":42,"column":74}},"42":{"start":{"line":43,"column":0},"end":{"line":43,"column":17}},"43":{"start":{"line":44,"column":0},"end":{"line":44,"column":7}},"44":{"start":{"line":45,"column":0},"end":{"line":45,"column":5}},"46":{"start":{"line":47,"column":0},"end":{"line":47,"column":49}},"47":{"start":{"line":48,"column":0},"end":{"line":48,"column":21}},"48":{"start":{"line":49,"column":0},"end":{"line":49,"column":3}},"50":{"start":{"line":51,"column":0},"end":{"line":51,"column":15}},"51":{"start":{"line":52,"column":0},"end":{"line":52,"column":1}},"56":{"start":{"line":57,"column":0},"end":{"line":57,"column":22}},"57":{"start":{"line":58,"column":0},"end":{"line":58,"column":27}},"58":{"start":{"line":59,"column":0},"end":{"line":59,"column":27}},"59":{"start":{"line":60,"column":0},"end":{"line":60,"column":18}},"60":{"start":{"line":61,"column":0},"end":{"line":61,"column":62}},"62":{"start":{"line":63,"column":0},"end":{"line":63,"column":42}},"63":{"start":{"line":64,"column":0},"end":{"line":64,"column":42}},"64":{"start":{"line":65,"column":0},"end":{"line":65,"column":25}},"65":{"start":{"line":66,"column":0},"end":{"line":66,"column":15}},"66":{"start":{"line":67,"column":0},"end":{"line":67,"column":21}},"67":{"start":{"line":68,"column":0},"end":{"line":68,"column":35}},"68":{"start":{"line":69,"column":0},"end":{"line":69,"column":15}},"69":{"start":{"line":70,"column":0},"end":{"line":70,"column":48}},"70":{"start":{"line":71,"column":0},"end":{"line":71,"column":56}},"71":{"start":{"line":72,"column":0},"end":{"line":72,"column":8}},"72":{"start":{"line":73,"column":0},"end":{"line":73,"column":20}},"73":{"start":{"line":74,"column":0},"end":{"line":74,"column":49}},"74":{"start":{"line":75,"column":0},"end":{"line":75,"column":52}},"75":{"start":{"line":76,"column":0},"end":{"line":76,"column":7}},"76":{"start":{"line":77,"column":0},"end":{"line":77,"column":6}},"77":{"start":{"line":78,"column":0},"end":{"line":78,"column":11}},"78":{"start":{"line":79,"column":0},"end":{"line":79,"column":19}},"79":{"start":{"line":80,"column":0},"end":{"line":80,"column":101}},"80":{"start":{"line":81,"column":0},"end":{"line":81,"column":16}},"81":{"start":{"line":82,"column":0},"end":{"line":82,"column":49}},"82":{"start":{"line":83,"column":0},"end":{"line":83,"column":79}},"83":{"start":{"line":84,"column":0},"end":{"line":84,"column":39}},"84":{"start":{"line":85,"column":0},"end":{"line":85,"column":8}},"85":{"start":{"line":86,"column":0},"end":{"line":86,"column":46}},"86":{"start":{"line":87,"column":0},"end":{"line":87,"column":48}},"87":{"start":{"line":88,"column":0},"end":{"line":88,"column":21}},"88":{"start":{"line":89,"column":0},"end":{"line":89,"column":14}},"89":{"start":{"line":90,"column":0},"end":{"line":90,"column":23}},"90":{"start":{"line":91,"column":0},"end":{"line":91,"column":23}},"91":{"start":{"line":92,"column":0},"end":{"line":92,"column":7}},"92":{"start":{"line":93,"column":0},"end":{"line":93,"column":5}},"93":{"start":{"line":94,"column":0},"end":{"line":94,"column":4}},"96":{"start":{"line":97,"column":0},"end":{"line":97,"column":54}},"97":{"start":{"line":98,"column":0},"end":{"line":98,"column":59}},"98":{"start":{"line":99,"column":0},"end":{"line":99,"column":3}},"100":{"start":{"line":101,"column":0},"end":{"line":101,"column":41}},"101":{"start":{"line":102,"column":0},"end":{"line":102,"column":17}},"102":{"start":{"line":103,"column":0},"end":{"line":103,"column":21}},"103":{"start":{"line":104,"column":0},"end":{"line":104,"column":5}},"105":{"start":{"line":106,"column":0},"end":{"line":106,"column":10}},"106":{"start":{"line":107,"column":0},"end":{"line":107,"column":19}},"107":{"start":{"line":108,"column":0},"end":{"line":108,"column":13}},"108":{"start":{"line":109,"column":0},"end":{"line":109,"column":9}},"109":{"start":{"line":110,"column":0},"end":{"line":110,"column":38}},"110":{"start":{"line":111,"column":0},"end":{"line":111,"column":24}},"111":{"start":{"line":112,"column":0},"end":{"line":112,"column":27}},"112":{"start":{"line":113,"column":0},"end":{"line":113,"column":4}},"113":{"start":{"line":114,"column":0},"end":{"line":114,"column":1}},"118":{"start":{"line":119,"column":0},"end":{"line":119,"column":78}},"120":{"start":{"line":121,"column":0},"end":{"line":121,"column":33}},"121":{"start":{"line":122,"column":0},"end":{"line":122,"column":18}},"122":{"start":{"line":123,"column":0},"end":{"line":123,"column":32}},"123":{"start":{"line":124,"column":0},"end":{"line":124,"column":24}},"124":{"start":{"line":125,"column":0},"end":{"line":125,"column":27}},"127":{"start":{"line":128,"column":0},"end":{"line":128,"column":29}},"128":{"start":{"line":129,"column":0},"end":{"line":129,"column":26}},"129":{"start":{"line":130,"column":0},"end":{"line":130,"column":3}},"132":{"start":{"line":133,"column":0},"end":{"line":133,"column":15}},"133":{"start":{"line":134,"column":0},"end":{"line":134,"column":31}},"134":{"start":{"line":135,"column":0},"end":{"line":135,"column":3}},"137":{"start":{"line":138,"column":0},"end":{"line":138,"column":25}},"138":{"start":{"line":139,"column":0},"end":{"line":139,"column":51}},"139":{"start":{"line":140,"column":0},"end":{"line":140,"column":3}},"141":{"start":{"line":142,"column":0},"end":{"line":142,"column":14}},"142":{"start":{"line":143,"column":0},"end":{"line":143,"column":1}},"147":{"start":{"line":148,"column":0},"end":{"line":148,"column":70}},"149":{"start":{"line":150,"column":0},"end":{"line":150,"column":41}},"150":{"start":{"line":151,"column":0},"end":{"line":151,"column":52}},"153":{"start":{"line":154,"column":0},"end":{"line":154,"column":72}},"154":{"start":{"line":155,"column":0},"end":{"line":155,"column":31}},"157":{"start":{"line":158,"column":0},"end":{"line":158,"column":3}},"159":{"start":{"line":160,"column":0},"end":{"line":160,"column":13}},"160":{"start":{"line":161,"column":0},"end":{"line":161,"column":1}},"165":{"start":{"line":166,"column":0},"end":{"line":166,"column":73}},"166":{"start":{"line":167,"column":0},"end":{"line":167,"column":43}},"167":{"start":{"line":168,"column":0},"end":{"line":168,"column":32}},"168":{"start":{"line":169,"column":0},"end":{"line":169,"column":4}},"170":{"start":{"line":171,"column":0},"end":{"line":171,"column":29}},"171":{"start":{"line":172,"column":0},"end":{"line":172,"column":85}},"172":{"start":{"line":173,"column":0},"end":{"line":173,"column":3}},"175":{"start":{"line":176,"column":0},"end":{"line":176,"column":74}},"176":{"start":{"line":177,"column":0},"end":{"line":177,"column":37}},"177":{"start":{"line":178,"column":0},"end":{"line":178,"column":52}},"178":{"start":{"line":179,"column":0},"end":{"line":179,"column":3}},"180":{"start":{"line":181,"column":0},"end":{"line":181,"column":17}},"181":{"start":{"line":182,"column":0},"end":{"line":182,"column":1}},"186":{"start":{"line":187,"column":0},"end":{"line":187,"column":65}},"187":{"start":{"line":188,"column":0},"end":{"line":188,"column":52}},"188":{"start":{"line":189,"column":0},"end":{"line":189,"column":32}},"191":{"start":{"line":192,"column":0},"end":{"line":192,"column":73}},"192":{"start":{"line":193,"column":0},"end":{"line":193,"column":30}},"193":{"start":{"line":194,"column":0},"end":{"line":194,"column":22}},"194":{"start":{"line":195,"column":0},"end":{"line":195,"column":71}},"195":{"start":{"line":196,"column":0},"end":{"line":196,"column":6}},"197":{"start":{"line":198,"column":0},"end":{"line":198,"column":30}},"198":{"start":{"line":199,"column":0},"end":{"line":199,"column":3}},"201":{"start":{"line":202,"column":0},"end":{"line":202,"column":74}},"202":{"start":{"line":203,"column":0},"end":{"line":203,"column":30}},"203":{"start":{"line":204,"column":0},"end":{"line":204,"column":22}},"204":{"start":{"line":205,"column":0},"end":{"line":205,"column":72}},"205":{"start":{"line":206,"column":0},"end":{"line":206,"column":6}},"206":{"start":{"line":207,"column":0},"end":{"line":207,"column":25}},"207":{"start":{"line":208,"column":0},"end":{"line":208,"column":32}},"208":{"start":{"line":209,"column":0},"end":{"line":209,"column":5}},"209":{"start":{"line":210,"column":0},"end":{"line":210,"column":3}},"212":{"start":{"line":213,"column":0},"end":{"line":213,"column":75}},"213":{"start":{"line":214,"column":0},"end":{"line":214,"column":30}},"214":{"start":{"line":215,"column":0},"end":{"line":215,"column":22}},"215":{"start":{"line":216,"column":0},"end":{"line":216,"column":63}},"216":{"start":{"line":217,"column":0},"end":{"line":217,"column":6}},"217":{"start":{"line":218,"column":0},"end":{"line":218,"column":25}},"218":{"start":{"line":219,"column":0},"end":{"line":219,"column":32}},"219":{"start":{"line":220,"column":0},"end":{"line":220,"column":5}},"220":{"start":{"line":221,"column":0},"end":{"line":221,"column":3}},"223":{"start":{"line":224,"column":0},"end":{"line":224,"column":29}},"224":{"start":{"line":225,"column":0},"end":{"line":225,"column":26}},"225":{"start":{"line":226,"column":0},"end":{"line":226,"column":37}},"226":{"start":{"line":227,"column":0},"end":{"line":227,"column":69}},"227":{"start":{"line":228,"column":0},"end":{"line":228,"column":6}},"228":{"start":{"line":229,"column":0},"end":{"line":229,"column":40}},"229":{"start":{"line":230,"column":0},"end":{"line":230,"column":28}},"230":{"start":{"line":231,"column":0},"end":{"line":231,"column":5}},"231":{"start":{"line":232,"column":0},"end":{"line":232,"column":3}},"233":{"start":{"line":234,"column":0},"end":{"line":234,"column":10}},"234":{"start":{"line":235,"column":0},"end":{"line":235,"column":19}},"235":{"start":{"line":236,"column":0},"end":{"line":236,"column":15}},"236":{"start":{"line":237,"column":0},"end":{"line":237,"column":56}},"237":{"start":{"line":238,"column":0},"end":{"line":238,"column":4}},"238":{"start":{"line":239,"column":0},"end":{"line":239,"column":1}},"243":{"start":{"line":244,"column":0},"end":{"line":244,"column":66}},"245":{"start":{"line":246,"column":0},"end":{"line":246,"column":54}},"246":{"start":{"line":247,"column":0},"end":{"line":247,"column":82}},"247":{"start":{"line":248,"column":0},"end":{"line":248,"column":4}},"249":{"start":{"line":250,"column":0},"end":{"line":250,"column":32}},"250":{"start":{"line":251,"column":0},"end":{"line":251,"column":34}},"251":{"start":{"line":252,"column":0},"end":{"line":252,"column":3}},"254":{"start":{"line":255,"column":0},"end":{"line":255,"column":10}},"255":{"start":{"line":256,"column":0},"end":{"line":256,"column":19}},"256":{"start":{"line":257,"column":0},"end":{"line":257,"column":45}},"257":{"start":{"line":258,"column":0},"end":{"line":258,"column":4}},"258":{"start":{"line":259,"column":0},"end":{"line":259,"column":1}},"263":{"start":{"line":264,"column":0},"end":{"line":264,"column":40}},"264":{"start":{"line":265,"column":0},"end":{"line":265,"column":25}},"265":{"start":{"line":266,"column":0},"end":{"line":266,"column":20}},"266":{"start":{"line":267,"column":0},"end":{"line":267,"column":29}},"267":{"start":{"line":268,"column":0},"end":{"line":268,"column":18}},"268":{"start":{"line":269,"column":0},"end":{"line":269,"column":41}},"269":{"start":{"line":270,"column":0},"end":{"line":270,"column":36}},"272":{"start":{"line":273,"column":0},"end":{"line":273,"column":49}},"274":{"start":{"line":275,"column":0},"end":{"line":275,"column":19}},"276":{"start":{"line":277,"column":0},"end":{"line":277,"column":57}},"277":{"start":{"line":278,"column":0},"end":{"line":278,"column":65}},"278":{"start":{"line":279,"column":0},"end":{"line":279,"column":42}},"279":{"start":{"line":280,"column":0},"end":{"line":280,"column":10}},"281":{"start":{"line":282,"column":0},"end":{"line":282,"column":31}},"282":{"start":{"line":283,"column":0},"end":{"line":283,"column":70}},"283":{"start":{"line":284,"column":0},"end":{"line":284,"column":46}},"284":{"start":{"line":285,"column":0},"end":{"line":285,"column":5}},"285":{"start":{"line":286,"column":0},"end":{"line":286,"column":3}},"286":{"start":{"line":287,"column":0},"end":{"line":287,"column":1}}},"s":{"0":1,"25":1,"26":23,"27":23,"28":23,"29":23,"31":23,"33":28,"34":3,"35":1,"36":1,"37":3,"40":28,"41":3,"42":1,"43":1,"44":3,"46":26,"47":26,"48":26,"50":23,"51":23,"56":26,"57":26,"58":26,"59":26,"60":26,"62":26,"63":26,"64":26,"65":26,"66":26,"67":26,"68":26,"69":26,"70":26,"71":26,"72":26,"73":26,"74":26,"75":26,"76":26,"77":26,"78":26,"79":26,"80":26,"81":26,"82":26,"83":26,"84":26,"85":26,"86":26,"87":26,"88":26,"89":26,"90":26,"91":26,"92":26,"93":26,"96":26,"97":2,"98":2,"100":26,"101":26,"102":26,"103":26,"105":26,"106":26,"107":26,"108":26,"109":26,"110":26,"111":26,"112":26,"113":26,"118":26,"120":26,"121":26,"122":26,"123":26,"124":26,"127":26,"128":1,"129":1,"132":26,"133":1,"134":1,"137":26,"138":1,"139":1,"141":26,"142":26,"147":26,"149":26,"150":26,"153":26,"154":26,"157":1,"159":26,"160":26,"165":26,"166":26,"167":26,"168":26,"170":26,"171":2,"172":2,"175":26,"176":26,"177":2,"178":2,"180":26,"181":26,"186":26,"187":26,"188":26,"191":26,"192":2,"193":2,"194":2,"195":2,"197":2,"198":2,"201":26,"202":2,"203":2,"204":2,"205":2,"206":2,"207":1,"208":1,"209":2,"212":26,"213":2,"214":2,"215":2,"216":2,"217":2,"218":1,"219":1,"220":2,"223":26,"224":2,"225":2,"226":2,"227":2,"228":2,"229":2,"230":2,"231":2,"233":26,"234":26,"235":26,"236":26,"237":26,"238":26,"243":26,"245":26,"246":26,"247":26,"249":26,"250":25,"251":25,"254":1,"255":1,"256":1,"257":1,"258":1,"263":0,"264":0,"265":0,"266":0,"267":0,"268":0,"269":0,"272":0,"274":0,"276":0,"277":0,"278":0,"279":0,"281":0,"282":0,"283":0,"284":0,"285":0,"286":0},"branchMap":{"0":{"type":"branch","line":26,"loc":{"start":{"line":26,"column":7},"end":{"line":52,"column":1}},"locations":[{"start":{"line":26,"column":7},"end":{"line":52,"column":1}}]},"1":{"type":"branch","line":32,"loc":{"start":{"line":32,"column":41},"end":{"line":49,"column":3}},"locations":[{"start":{"line":32,"column":41},"end":{"line":49,"column":3}}]},"2":{"type":"branch","line":34,"loc":{"start":{"line":34,"column":16},"end":{"line":34,"column":49}},"locations":[{"start":{"line":34,"column":16},"end":{"line":34,"column":49}}]},"3":{"type":"branch","line":34,"loc":{"start":{"line":34,"column":49},"end":{"line":38,"column":5}},"locations":[{"start":{"line":34,"column":49},"end":{"line":38,"column":5}}]},"4":{"type":"branch","line":35,"loc":{"start":{"line":35,"column":67},"end":{"line":37,"column":7}},"locations":[{"start":{"line":35,"column":67},"end":{"line":37,"column":7}}]},"5":{"type":"branch","line":38,"loc":{"start":{"line":38,"column":4},"end":{"line":41,"column":31}},"locations":[{"start":{"line":38,"column":4},"end":{"line":41,"column":31}}]},"6":{"type":"branch","line":41,"loc":{"start":{"line":41,"column":16},"end":{"line":41,"column":63}},"locations":[{"start":{"line":41,"column":16},"end":{"line":41,"column":63}}]},"7":{"type":"branch","line":41,"loc":{"start":{"line":41,"column":63},"end":{"line":45,"column":5}},"locations":[{"start":{"line":41,"column":63},"end":{"line":45,"column":5}}]},"8":{"type":"branch","line":42,"loc":{"start":{"line":42,"column":73},"end":{"line":44,"column":7}},"locations":[{"start":{"line":42,"column":73},"end":{"line":44,"column":7}}]},"9":{"type":"branch","line":45,"loc":{"start":{"line":45,"column":4},"end":{"line":49,"column":3}},"locations":[{"start":{"line":45,"column":4},"end":{"line":49,"column":3}}]},"10":{"type":"branch","line":35,"loc":{"start":{"line":35,"column":30},"end":{"line":35,"column":64}},"locations":[{"start":{"line":35,"column":30},"end":{"line":35,"column":64}}]},"11":{"type":"branch","line":42,"loc":{"start":{"line":42,"column":29},"end":{"line":42,"column":70}},"locations":[{"start":{"line":42,"column":29},"end":{"line":42,"column":70}}]},"12":{"type":"branch","line":57,"loc":{"start":{"line":57,"column":0},"end":{"line":114,"column":1}},"locations":[{"start":{"line":57,"column":0},"end":{"line":114,"column":1}}]},"13":{"type":"branch","line":80,"loc":{"start":{"line":80,"column":28},"end":{"line":80,"column":63}},"locations":[{"start":{"line":80,"column":28},"end":{"line":80,"column":63}}]},"14":{"type":"branch","line":80,"loc":{"start":{"line":80,"column":48},"end":{"line":80,"column":101}},"locations":[{"start":{"line":80,"column":48},"end":{"line":80,"column":101}}]},"15":{"type":"branch","line":97,"loc":{"start":{"line":97,"column":15},"end":{"line":97,"column":53}},"locations":[{"start":{"line":97,"column":15},"end":{"line":97,"column":53}}]},"16":{"type":"branch","line":97,"loc":{"start":{"line":97,"column":53},"end":{"line":99,"column":3}},"locations":[{"start":{"line":97,"column":53},"end":{"line":99,"column":3}}]},"17":{"type":"branch","line":119,"loc":{"start":{"line":119,"column":0},"end":{"line":143,"column":1}},"locations":[{"start":{"line":119,"column":0},"end":{"line":143,"column":1}}]},"18":{"type":"branch","line":128,"loc":{"start":{"line":128,"column":28},"end":{"line":130,"column":3}},"locations":[{"start":{"line":128,"column":28},"end":{"line":130,"column":3}}]},"19":{"type":"branch","line":133,"loc":{"start":{"line":133,"column":14},"end":{"line":135,"column":3}},"locations":[{"start":{"line":133,"column":14},"end":{"line":135,"column":3}}]},"20":{"type":"branch","line":138,"loc":{"start":{"line":138,"column":24},"end":{"line":140,"column":3}},"locations":[{"start":{"line":138,"column":24},"end":{"line":140,"column":3}}]},"21":{"type":"branch","line":148,"loc":{"start":{"line":148,"column":0},"end":{"line":161,"column":1}},"locations":[{"start":{"line":148,"column":0},"end":{"line":161,"column":1}}]},"22":{"type":"branch","line":155,"loc":{"start":{"line":155,"column":30},"end":{"line":158,"column":3}},"locations":[{"start":{"line":155,"column":30},"end":{"line":158,"column":3}}]},"23":{"type":"branch","line":154,"loc":{"start":{"line":154,"column":49},"end":{"line":154,"column":70}},"locations":[{"start":{"line":154,"column":49},"end":{"line":154,"column":70}}]},"24":{"type":"branch","line":166,"loc":{"start":{"line":166,"column":0},"end":{"line":182,"column":1}},"locations":[{"start":{"line":166,"column":0},"end":{"line":182,"column":1}}]},"25":{"type":"branch","line":171,"loc":{"start":{"line":171,"column":28},"end":{"line":173,"column":3}},"locations":[{"start":{"line":171,"column":28},"end":{"line":173,"column":3}}]},"26":{"type":"branch","line":172,"loc":{"start":{"line":172,"column":51},"end":{"line":172,"column":85}},"locations":[{"start":{"line":172,"column":51},"end":{"line":172,"column":85}}]},"27":{"type":"branch","line":177,"loc":{"start":{"line":177,"column":36},"end":{"line":179,"column":3}},"locations":[{"start":{"line":177,"column":36},"end":{"line":179,"column":3}}]},"28":{"type":"branch","line":176,"loc":{"start":{"line":176,"column":50},"end":{"line":176,"column":72}},"locations":[{"start":{"line":176,"column":50},"end":{"line":176,"column":72}}]},"29":{"type":"branch","line":187,"loc":{"start":{"line":187,"column":0},"end":{"line":239,"column":1}},"locations":[{"start":{"line":187,"column":0},"end":{"line":239,"column":1}}]},"30":{"type":"branch","line":192,"loc":{"start":{"line":192,"column":72},"end":{"line":199,"column":3}},"locations":[{"start":{"line":192,"column":72},"end":{"line":199,"column":3}}]},"31":{"type":"branch","line":202,"loc":{"start":{"line":202,"column":73},"end":{"line":210,"column":3}},"locations":[{"start":{"line":202,"column":73},"end":{"line":210,"column":3}}]},"32":{"type":"branch","line":207,"loc":{"start":{"line":207,"column":24},"end":{"line":209,"column":5}},"locations":[{"start":{"line":207,"column":24},"end":{"line":209,"column":5}}]},"33":{"type":"branch","line":213,"loc":{"start":{"line":213,"column":74},"end":{"line":221,"column":3}},"locations":[{"start":{"line":213,"column":74},"end":{"line":221,"column":3}}]},"34":{"type":"branch","line":218,"loc":{"start":{"line":218,"column":24},"end":{"line":220,"column":5}},"locations":[{"start":{"line":218,"column":24},"end":{"line":220,"column":5}}]},"35":{"type":"branch","line":224,"loc":{"start":{"line":224,"column":28},"end":{"line":232,"column":3}},"locations":[{"start":{"line":224,"column":28},"end":{"line":232,"column":3}}]},"36":{"type":"branch","line":237,"loc":{"start":{"line":237,"column":32},"end":{"line":237,"column":47}},"locations":[{"start":{"line":237,"column":32},"end":{"line":237,"column":47}}]},"37":{"type":"branch","line":237,"loc":{"start":{"line":237,"column":36},"end":{"line":237,"column":56}},"locations":[{"start":{"line":237,"column":36},"end":{"line":237,"column":56}}]},"38":{"type":"branch","line":192,"loc":{"start":{"line":192,"column":49},"end":{"line":192,"column":69}},"locations":[{"start":{"line":192,"column":49},"end":{"line":192,"column":69}}]},"39":{"type":"branch","line":202,"loc":{"start":{"line":202,"column":49},"end":{"line":202,"column":70}},"locations":[{"start":{"line":202,"column":49},"end":{"line":202,"column":70}}]},"40":{"type":"branch","line":213,"loc":{"start":{"line":213,"column":49},"end":{"line":213,"column":71}},"locations":[{"start":{"line":213,"column":49},"end":{"line":213,"column":71}}]},"41":{"type":"branch","line":244,"loc":{"start":{"line":244,"column":0},"end":{"line":259,"column":1}},"locations":[{"start":{"line":244,"column":0},"end":{"line":259,"column":1}}]},"42":{"type":"branch","line":250,"loc":{"start":{"line":250,"column":6},"end":{"line":250,"column":31}},"locations":[{"start":{"line":250,"column":6},"end":{"line":250,"column":31}}]},"43":{"type":"branch","line":250,"loc":{"start":{"line":250,"column":31},"end":{"line":252,"column":3}},"locations":[{"start":{"line":250,"column":31},"end":{"line":252,"column":3}}]},"44":{"type":"branch","line":252,"loc":{"start":{"line":252,"column":2},"end":{"line":259,"column":1}},"locations":[{"start":{"line":252,"column":2},"end":{"line":259,"column":1}}]},"45":{"type":"branch","line":246,"loc":{"start":{"line":246,"column":50},"end":{"line":247,"column":82}},"locations":[{"start":{"line":246,"column":50},"end":{"line":247,"column":82}}]},"46":{"type":"branch","line":247,"loc":{"start":{"line":247,"column":21},"end":{"line":247,"column":56}},"locations":[{"start":{"line":247,"column":21},"end":{"line":247,"column":56}}]},"47":{"type":"branch","line":247,"loc":{"start":{"line":247,"column":47},"end":{"line":247,"column":82}},"locations":[{"start":{"line":247,"column":47},"end":{"line":247,"column":82}}]}},"b":{"0":[23],"1":[28],"2":[3],"3":[3],"4":[1],"5":[27],"6":[3],"7":[3],"8":[1],"9":[26],"10":[3],"11":[3],"12":[26],"13":[1],"14":[1],"15":[2],"16":[2],"17":[26],"18":[1],"19":[1],"20":[1],"21":[26],"22":[1],"23":[6],"24":[26],"25":[2],"26":[0],"27":[2],"28":[6],"29":[26],"30":[2],"31":[2],"32":[1],"33":[2],"34":[1],"35":[2],"36":[6],"37":[20],"38":[6],"39":[6],"40":[6],"41":[26],"42":[25],"43":[25],"44":[1],"45":[26],"46":[2],"47":[1]},"fnMap":{"0":{"name":"generateTasksFromSpec","decl":{"start":{"line":26,"column":7},"end":{"line":52,"column":1}},"loc":{"start":{"line":26,"column":7},"end":{"line":52,"column":1}},"line":26},"1":{"name":"generateTask","decl":{"start":{"line":57,"column":0},"end":{"line":114,"column":1}},"loc":{"start":{"line":57,"column":0},"end":{"line":114,"column":1}},"line":57},"2":{"name":"generateTaskName","decl":{"start":{"line":119,"column":0},"end":{"line":143,"column":1}},"loc":{"start":{"line":119,"column":0},"end":{"line":143,"column":1}},"line":119},"3":{"name":"buildUrl","decl":{"start":{"line":148,"column":0},"end":{"line":161,"column":1}},"loc":{"start":{"line":148,"column":0},"end":{"line":161,"column":1}},"line":148},"4":{"name":"buildHeaders","decl":{"start":{"line":166,"column":0},"end":{"line":182,"column":1}},"loc":{"start":{"line":166,"column":0},"end":{"line":182,"column":1}},"line":166},"5":{"name":"buildInputSchema","decl":{"start":{"line":187,"column":0},"end":{"line":239,"column":1}},"loc":{"start":{"line":187,"column":0},"end":{"line":239,"column":1}},"line":187},"6":{"name":"buildOutputSchema","decl":{"start":{"line":244,"column":0},"end":{"line":259,"column":1}},"loc":{"start":{"line":244,"column":0},"end":{"line":259,"column":1}},"line":244},"7":{"name":"writeTasksToFiles","decl":{"start":{"line":264,"column":0},"end":{"line":287,"column":1}},"loc":{"start":{"line":264,"column":0},"end":{"line":287,"column":1}},"line":264}},"f":{"0":23,"1":26,"2":26,"3":26,"4":26,"5":26,"6":26,"7":0}}
,"/Users/darren/dev/workflow/packages/workflow-cli/src/openapi-parser.ts": {"path":"/Users/darren/dev/workflow/packages/workflow-cli/src/openapi-parser.ts","all":false,"statementMap":{"54":{"start":{"line":55,"column":0},"end":{"line":55,"column":77}},"55":{"start":{"line":56,"column":0},"end":{"line":56,"column":31}},"57":{"start":{"line":58,"column":0},"end":{"line":58,"column":70}},"58":{"start":{"line":59,"column":0},"end":{"line":59,"column":41}},"59":{"start":{"line":60,"column":0},"end":{"line":60,"column":23}},"60":{"start":{"line":61,"column":0},"end":{"line":61,"column":97}},"61":{"start":{"line":62,"column":0},"end":{"line":62,"column":5}},"62":{"start":{"line":63,"column":0},"end":{"line":63,"column":55}},"63":{"start":{"line":64,"column":0},"end":{"line":64,"column":10}},"64":{"start":{"line":65,"column":0},"end":{"line":65,"column":43}},"65":{"start":{"line":66,"column":0},"end":{"line":66,"column":55}},"66":{"start":{"line":67,"column":0},"end":{"line":67,"column":62}},"67":{"start":{"line":68,"column":0},"end":{"line":68,"column":40}},"68":{"start":{"line":69,"column":0},"end":{"line":69,"column":55}},"69":{"start":{"line":70,"column":0},"end":{"line":70,"column":12}},"70":{"start":{"line":71,"column":0},"end":{"line":71,"column":55}},"71":{"start":{"line":72,"column":0},"end":{"line":72,"column":5}},"72":{"start":{"line":73,"column":0},"end":{"line":73,"column":3}},"74":{"start":{"line":75,"column":0},"end":{"line":75,"column":29}},"75":{"start":{"line":76,"column":0},"end":{"line":76,"column":1}},"80":{"start":{"line":81,"column":0},"end":{"line":81,"column":62}},"81":{"start":{"line":82,"column":0},"end":{"line":82,"column":35}},"82":{"start":{"line":83,"column":0},"end":{"line":83,"column":39}},"83":{"start":{"line":84,"column":0},"end":{"line":84,"column":52}},"85":{"start":{"line":86,"column":0},"end":{"line":86,"column":10}},"86":{"start":{"line":87,"column":0},"end":{"line":87,"column":27}},"87":{"start":{"line":88,"column":0},"end":{"line":88,"column":31}},"88":{"start":{"line":89,"column":0},"end":{"line":89,"column":12}},"89":{"start":{"line":90,"column":0},"end":{"line":90,"column":14}},"90":{"start":{"line":91,"column":0},"end":{"line":91,"column":11}},"91":{"start":{"line":92,"column":0},"end":{"line":92,"column":4}},"92":{"start":{"line":93,"column":0},"end":{"line":93,"column":1}},"97":{"start":{"line":98,"column":0},"end":{"line":98,"column":55}},"98":{"start":{"line":99,"column":0},"end":{"line":99,"column":48}},"99":{"start":{"line":100,"column":0},"end":{"line":100,"column":31}},"100":{"start":{"line":101,"column":0},"end":{"line":101,"column":3}},"101":{"start":{"line":102,"column":0},"end":{"line":102,"column":28}},"102":{"start":{"line":103,"column":0},"end":{"line":103,"column":1}},"107":{"start":{"line":108,"column":0},"end":{"line":108,"column":79}},"108":{"start":{"line":109,"column":0},"end":{"line":109,"column":49}},"110":{"start":{"line":111,"column":0},"end":{"line":111,"column":33}},"111":{"start":{"line":112,"column":0},"end":{"line":112,"column":75}},"112":{"start":{"line":113,"column":0},"end":{"line":113,"column":70}},"113":{"start":{"line":114,"column":0},"end":{"line":114,"column":5}},"114":{"start":{"line":115,"column":0},"end":{"line":115,"column":3}},"116":{"start":{"line":117,"column":0},"end":{"line":117,"column":17}},"117":{"start":{"line":118,"column":0},"end":{"line":118,"column":1}},"122":{"start":{"line":123,"column":0},"end":{"line":123,"column":108}},"123":{"start":{"line":124,"column":0},"end":{"line":124,"column":41}},"124":{"start":{"line":125,"column":0},"end":{"line":125,"column":69}},"126":{"start":{"line":127,"column":0},"end":{"line":127,"column":36}},"128":{"start":{"line":129,"column":0},"end":{"line":129,"column":62}},"129":{"start":{"line":130,"column":0},"end":{"line":130,"column":28}},"131":{"start":{"line":132,"column":0},"end":{"line":132,"column":35}},"132":{"start":{"line":133,"column":0},"end":{"line":133,"column":82}},"133":{"start":{"line":134,"column":0},"end":{"line":134,"column":31}},"135":{"start":{"line":136,"column":0},"end":{"line":136,"column":86}},"136":{"start":{"line":137,"column":0},"end":{"line":137,"column":31}},"137":{"start":{"line":138,"column":0},"end":{"line":138,"column":5}},"138":{"start":{"line":139,"column":0},"end":{"line":139,"column":3}},"140":{"start":{"line":141,"column":0},"end":{"line":141,"column":19}},"141":{"start":{"line":142,"column":0},"end":{"line":142,"column":1}},"146":{"start":{"line":147,"column":0},"end":{"line":147,"column":24}},"147":{"start":{"line":148,"column":0},"end":{"line":148,"column":15}},"148":{"start":{"line":149,"column":0},"end":{"line":149,"column":17}},"149":{"start":{"line":150,"column":0},"end":{"line":150,"column":39}},"150":{"start":{"line":151,"column":0},"end":{"line":151,"column":37}},"151":{"start":{"line":152,"column":0},"end":{"line":152,"column":19}},"152":{"start":{"line":153,"column":0},"end":{"line":153,"column":81}},"154":{"start":{"line":155,"column":0},"end":{"line":155,"column":10}},"155":{"start":{"line":156,"column":0},"end":{"line":156,"column":16}},"156":{"start":{"line":157,"column":0},"end":{"line":157,"column":9}},"157":{"start":{"line":158,"column":0},"end":{"line":158,"column":11}},"158":{"start":{"line":159,"column":0},"end":{"line":159,"column":31}},"159":{"start":{"line":160,"column":0},"end":{"line":160,"column":39}},"160":{"start":{"line":161,"column":0},"end":{"line":161,"column":31}},"161":{"start":{"line":162,"column":0},"end":{"line":162,"column":91}},"162":{"start":{"line":163,"column":0},"end":{"line":163,"column":100}},"163":{"start":{"line":164,"column":0},"end":{"line":164,"column":80}},"164":{"start":{"line":165,"column":0},"end":{"line":165,"column":56}},"165":{"start":{"line":166,"column":0},"end":{"line":166,"column":4}},"166":{"start":{"line":167,"column":0},"end":{"line":167,"column":1}},"171":{"start":{"line":172,"column":0},"end":{"line":172,"column":68}},"173":{"start":{"line":174,"column":0},"end":{"line":174,"column":24}},"174":{"start":{"line":175,"column":0},"end":{"line":175,"column":23}},"175":{"start":{"line":176,"column":0},"end":{"line":176,"column":34}},"176":{"start":{"line":177,"column":0},"end":{"line":177,"column":24}},"177":{"start":{"line":178,"column":0},"end":{"line":178,"column":35}},"179":{"start":{"line":180,"column":0},"end":{"line":180,"column":48}},"180":{"start":{"line":181,"column":0},"end":{"line":181,"column":1}},"185":{"start":{"line":186,"column":0},"end":{"line":186,"column":86}},"186":{"start":{"line":187,"column":0},"end":{"line":187,"column":35}},"187":{"start":{"line":188,"column":0},"end":{"line":188,"column":21}},"188":{"start":{"line":189,"column":0},"end":{"line":189,"column":42}},"189":{"start":{"line":190,"column":0},"end":{"line":190,"column":38}},"190":{"start":{"line":191,"column":0},"end":{"line":191,"column":88}},"191":{"start":{"line":192,"column":0},"end":{"line":192,"column":34}},"192":{"start":{"line":193,"column":0},"end":{"line":193,"column":6}},"193":{"start":{"line":194,"column":0},"end":{"line":194,"column":1}},"198":{"start":{"line":199,"column":0},"end":{"line":199,"column":112}},"199":{"start":{"line":200,"column":0},"end":{"line":200,"column":46}},"202":{"start":{"line":203,"column":0},"end":{"line":203,"column":86}},"203":{"start":{"line":204,"column":0},"end":{"line":204,"column":43}},"205":{"start":{"line":206,"column":0},"end":{"line":206,"column":53}},"206":{"start":{"line":207,"column":0},"end":{"line":207,"column":43}},"208":{"start":{"line":209,"column":0},"end":{"line":209,"column":10}},"209":{"start":{"line":210,"column":0},"end":{"line":210,"column":44}},"210":{"start":{"line":211,"column":0},"end":{"line":211,"column":16}},"211":{"start":{"line":212,"column":0},"end":{"line":212,"column":70}},"212":{"start":{"line":213,"column":0},"end":{"line":213,"column":40}},"213":{"start":{"line":214,"column":0},"end":{"line":214,"column":4}},"214":{"start":{"line":215,"column":0},"end":{"line":215,"column":1}},"219":{"start":{"line":220,"column":0},"end":{"line":220,"column":81}},"220":{"start":{"line":221,"column":0},"end":{"line":221,"column":38}},"222":{"start":{"line":223,"column":0},"end":{"line":223,"column":67}},"223":{"start":{"line":224,"column":0},"end":{"line":224,"column":54}},"225":{"start":{"line":226,"column":0},"end":{"line":226,"column":40}},"226":{"start":{"line":227,"column":0},"end":{"line":227,"column":39}},"228":{"start":{"line":229,"column":0},"end":{"line":229,"column":23}},"229":{"start":{"line":230,"column":0},"end":{"line":230,"column":77}},"230":{"start":{"line":231,"column":0},"end":{"line":231,"column":40}},"232":{"start":{"line":233,"column":0},"end":{"line":233,"column":61}},"233":{"start":{"line":234,"column":0},"end":{"line":234,"column":91}},"234":{"start":{"line":235,"column":0},"end":{"line":235,"column":7}},"235":{"start":{"line":236,"column":0},"end":{"line":236,"column":5}},"237":{"start":{"line":238,"column":0},"end":{"line":238,"column":17}},"238":{"start":{"line":239,"column":0},"end":{"line":239,"column":17}},"239":{"start":{"line":240,"column":0},"end":{"line":240,"column":18}},"240":{"start":{"line":241,"column":0},"end":{"line":241,"column":13}},"241":{"start":{"line":242,"column":0},"end":{"line":242,"column":35}},"242":{"start":{"line":243,"column":0},"end":{"line":243,"column":7}},"243":{"start":{"line":244,"column":0},"end":{"line":244,"column":3}},"245":{"start":{"line":246,"column":0},"end":{"line":246,"column":16}},"246":{"start":{"line":247,"column":0},"end":{"line":247,"column":1}},"251":{"start":{"line":252,"column":0},"end":{"line":252,"column":104}},"252":{"start":{"line":253,"column":0},"end":{"line":253,"column":27}},"253":{"start":{"line":254,"column":0},"end":{"line":254,"column":51}},"254":{"start":{"line":255,"column":0},"end":{"line":255,"column":1}},"259":{"start":{"line":260,"column":0},"end":{"line":260,"column":68}},"260":{"start":{"line":261,"column":0},"end":{"line":261,"column":32}},"262":{"start":{"line":263,"column":0},"end":{"line":263,"column":55}},"263":{"start":{"line":264,"column":0},"end":{"line":264,"column":66}},"264":{"start":{"line":265,"column":0},"end":{"line":265,"column":51}},"265":{"start":{"line":266,"column":0},"end":{"line":266,"column":45}},"266":{"start":{"line":267,"column":0},"end":{"line":267,"column":68}},"267":{"start":{"line":268,"column":0},"end":{"line":268,"column":68}},"268":{"start":{"line":269,"column":0},"end":{"line":269,"column":74}},"269":{"start":{"line":270,"column":0},"end":{"line":270,"column":74}},"270":{"start":{"line":271,"column":0},"end":{"line":271,"column":54}},"271":{"start":{"line":272,"column":0},"end":{"line":272,"column":57}},"273":{"start":{"line":274,"column":0},"end":{"line":274,"column":26}},"274":{"start":{"line":275,"column":0},"end":{"line":275,"column":27}},"275":{"start":{"line":276,"column":0},"end":{"line":276,"column":67}},"276":{"start":{"line":277,"column":0},"end":{"line":277,"column":78}},"277":{"start":{"line":278,"column":0},"end":{"line":278,"column":5}},"278":{"start":{"line":279,"column":0},"end":{"line":279,"column":3}},"281":{"start":{"line":282,"column":0},"end":{"line":282,"column":42}},"282":{"start":{"line":283,"column":0},"end":{"line":283,"column":73}},"283":{"start":{"line":284,"column":0},"end":{"line":284,"column":3}},"285":{"start":{"line":286,"column":0},"end":{"line":286,"column":50}},"286":{"start":{"line":287,"column":0},"end":{"line":287,"column":59}},"287":{"start":{"line":288,"column":0},"end":{"line":288,"column":64}},"288":{"start":{"line":289,"column":0},"end":{"line":289,"column":12}},"289":{"start":{"line":290,"column":0},"end":{"line":290,"column":105}},"290":{"start":{"line":291,"column":0},"end":{"line":291,"column":5}},"291":{"start":{"line":292,"column":0},"end":{"line":292,"column":3}},"293":{"start":{"line":294,"column":0},"end":{"line":294,"column":16}},"294":{"start":{"line":295,"column":0},"end":{"line":295,"column":1}}},"s":{"54":20,"55":20,"57":20,"58":20,"59":20,"60":1,"61":1,"62":19,"63":20,"64":0,"65":0,"66":0,"67":0,"68":0,"69":0,"70":0,"71":0,"72":0,"74":19,"75":19,"80":19,"81":19,"82":19,"83":19,"85":19,"86":19,"87":19,"88":19,"89":19,"90":19,"91":19,"92":19,"97":19,"98":19,"99":18,"100":18,"101":1,"102":1,"107":19,"108":19,"110":19,"111":0,"112":0,"113":0,"114":0,"116":19,"117":19,"122":19,"123":19,"124":19,"126":19,"128":19,"129":31,"131":31,"132":155,"133":155,"135":32,"136":32,"137":32,"138":31,"140":19,"141":19,"146":32,"147":32,"148":32,"149":32,"150":32,"151":32,"152":32,"154":32,"155":32,"156":32,"157":32,"158":32,"159":32,"160":32,"161":32,"162":32,"163":32,"164":32,"165":32,"166":32,"171":1,"173":1,"174":1,"175":1,"176":1,"177":1,"179":1,"180":1,"185":32,"186":32,"187":10,"188":10,"189":10,"190":10,"191":10,"192":32,"193":32,"198":32,"199":32,"202":7,"203":0,"205":32,"206":32,"208":7,"209":32,"210":32,"211":32,"212":32,"213":32,"214":32,"219":32,"220":32,"222":32,"223":32,"225":32,"226":32,"228":32,"229":24,"230":0,"232":24,"233":24,"234":24,"235":24,"237":32,"238":32,"239":32,"240":32,"241":32,"242":32,"243":32,"245":32,"246":32,"251":32,"252":32,"253":1,"254":1,"259":106,"260":106,"262":106,"263":106,"264":106,"265":106,"266":106,"267":106,"268":106,"269":106,"270":106,"271":106,"273":106,"274":28,"275":28,"276":63,"277":63,"278":28,"281":106,"282":1,"283":1,"285":106,"286":2,"287":1,"288":1,"289":1,"290":1,"291":2,"293":106,"294":106},"branchMap":{"0":{"type":"branch","line":55,"loc":{"start":{"line":55,"column":0},"end":{"line":76,"column":1}},"locations":[{"start":{"line":55,"column":0},"end":{"line":76,"column":1}}]},"1":{"type":"branch","line":58,"loc":{"start":{"line":58,"column":33},"end":{"line":58,"column":69}},"locations":[{"start":{"line":58,"column":33},"end":{"line":58,"column":69}}]},"2":{"type":"branch","line":60,"loc":{"start":{"line":60,"column":22},"end":{"line":62,"column":5}},"locations":[{"start":{"line":60,"column":22},"end":{"line":62,"column":5}}]},"3":{"type":"branch","line":62,"loc":{"start":{"line":62,"column":4},"end":{"line":64,"column":9}},"locations":[{"start":{"line":62,"column":4},"end":{"line":64,"column":9}}]},"4":{"type":"branch","line":64,"loc":{"start":{"line":64,"column":2},"end":{"line":73,"column":3}},"locations":[{"start":{"line":64,"column":2},"end":{"line":73,"column":3}}]},"5":{"type":"branch","line":73,"loc":{"start":{"line":73,"column":2},"end":{"line":76,"column":1}},"locations":[{"start":{"line":73,"column":2},"end":{"line":76,"column":1}}]},"6":{"type":"branch","line":81,"loc":{"start":{"line":81,"column":0},"end":{"line":93,"column":1}},"locations":[{"start":{"line":81,"column":0},"end":{"line":93,"column":1}}]},"7":{"type":"branch","line":98,"loc":{"start":{"line":98,"column":0},"end":{"line":103,"column":1}},"locations":[{"start":{"line":98,"column":0},"end":{"line":103,"column":1}}]},"8":{"type":"branch","line":99,"loc":{"start":{"line":99,"column":11},"end":{"line":99,"column":47}},"locations":[{"start":{"line":99,"column":11},"end":{"line":99,"column":47}}]},"9":{"type":"branch","line":99,"loc":{"start":{"line":99,"column":47},"end":{"line":101,"column":3}},"locations":[{"start":{"line":99,"column":47},"end":{"line":101,"column":3}}]},"10":{"type":"branch","line":101,"loc":{"start":{"line":101,"column":2},"end":{"line":103,"column":1}},"locations":[{"start":{"line":101,"column":2},"end":{"line":103,"column":1}}]},"11":{"type":"branch","line":108,"loc":{"start":{"line":108,"column":0},"end":{"line":118,"column":1}},"locations":[{"start":{"line":108,"column":0},"end":{"line":118,"column":1}}]},"12":{"type":"branch","line":111,"loc":{"start":{"line":111,"column":11},"end":{"line":111,"column":32}},"locations":[{"start":{"line":111,"column":11},"end":{"line":111,"column":32}}]},"13":{"type":"branch","line":111,"loc":{"start":{"line":111,"column":32},"end":{"line":115,"column":3}},"locations":[{"start":{"line":111,"column":32},"end":{"line":115,"column":3}}]},"14":{"type":"branch","line":123,"loc":{"start":{"line":123,"column":0},"end":{"line":142,"column":1}},"locations":[{"start":{"line":123,"column":0},"end":{"line":142,"column":1}}]},"15":{"type":"branch","line":127,"loc":{"start":{"line":127,"column":19},"end":{"line":127,"column":36}},"locations":[{"start":{"line":127,"column":19},"end":{"line":127,"column":36}}]},"16":{"type":"branch","line":129,"loc":{"start":{"line":129,"column":61},"end":{"line":139,"column":3}},"locations":[{"start":{"line":129,"column":61},"end":{"line":139,"column":3}}]},"17":{"type":"branch","line":130,"loc":{"start":{"line":130,"column":19},"end":{"line":130,"column":28}},"locations":[{"start":{"line":130,"column":19},"end":{"line":130,"column":28}}]},"18":{"type":"branch","line":132,"loc":{"start":{"line":132,"column":34},"end":{"line":138,"column":5}},"locations":[{"start":{"line":132,"column":34},"end":{"line":138,"column":5}}]},"19":{"type":"branch","line":134,"loc":{"start":{"line":134,"column":22},"end":{"line":134,"column":31}},"locations":[{"start":{"line":134,"column":22},"end":{"line":134,"column":31}}]},"20":{"type":"branch","line":134,"loc":{"start":{"line":134,"column":22},"end":{"line":138,"column":5}},"locations":[{"start":{"line":134,"column":22},"end":{"line":138,"column":5}}]},"21":{"type":"branch","line":147,"loc":{"start":{"line":147,"column":0},"end":{"line":167,"column":1}},"locations":[{"start":{"line":147,"column":0},"end":{"line":167,"column":1}}]},"22":{"type":"branch","line":153,"loc":{"start":{"line":153,"column":32},"end":{"line":153,"column":81}},"locations":[{"start":{"line":153,"column":32},"end":{"line":153,"column":81}}]},"23":{"type":"branch","line":161,"loc":{"start":{"line":161,"column":20},"end":{"line":161,"column":31}},"locations":[{"start":{"line":161,"column":20},"end":{"line":161,"column":31}}]},"24":{"type":"branch","line":162,"loc":{"start":{"line":162,"column":42},"end":{"line":162,"column":89}},"locations":[{"start":{"line":162,"column":42},"end":{"line":162,"column":89}}]},"25":{"type":"branch","line":172,"loc":{"start":{"line":172,"column":0},"end":{"line":181,"column":1}},"locations":[{"start":{"line":172,"column":0},"end":{"line":181,"column":1}}]},"26":{"type":"branch","line":186,"loc":{"start":{"line":186,"column":0},"end":{"line":194,"column":1}},"locations":[{"start":{"line":186,"column":0},"end":{"line":194,"column":1}}]},"27":{"type":"branch","line":187,"loc":{"start":{"line":187,"column":24},"end":{"line":193,"column":4}},"locations":[{"start":{"line":187,"column":24},"end":{"line":193,"column":4}}]},"28":{"type":"branch","line":190,"loc":{"start":{"line":190,"column":20},"end":{"line":190,"column":38}},"locations":[{"start":{"line":190,"column":20},"end":{"line":190,"column":38}}]},"29":{"type":"branch","line":191,"loc":{"start":{"line":191,"column":32},"end":{"line":191,"column":86}},"locations":[{"start":{"line":191,"column":32},"end":{"line":191,"column":86}}]},"30":{"type":"branch","line":199,"loc":{"start":{"line":199,"column":0},"end":{"line":215,"column":1}},"locations":[{"start":{"line":199,"column":0},"end":{"line":215,"column":1}}]},"31":{"type":"branch","line":200,"loc":{"start":{"line":200,"column":7},"end":{"line":200,"column":29}},"locations":[{"start":{"line":200,"column":7},"end":{"line":200,"column":29}}]},"32":{"type":"branch","line":200,"loc":{"start":{"line":200,"column":29},"end":{"line":200,"column":46}},"locations":[{"start":{"line":200,"column":29},"end":{"line":200,"column":46}}]},"33":{"type":"branch","line":200,"loc":{"start":{"line":200,"column":36},"end":{"line":203,"column":86}},"locations":[{"start":{"line":200,"column":36},"end":{"line":203,"column":86}}]},"34":{"type":"branch","line":203,"loc":{"start":{"line":203,"column":85},"end":{"line":204,"column":43}},"locations":[{"start":{"line":203,"column":85},"end":{"line":204,"column":43}}]},"35":{"type":"branch","line":207,"loc":{"start":{"line":207,"column":7},"end":{"line":207,"column":26}},"locations":[{"start":{"line":207,"column":7},"end":{"line":207,"column":26}}]},"36":{"type":"branch","line":207,"loc":{"start":{"line":207,"column":26},"end":{"line":207,"column":43}},"locations":[{"start":{"line":207,"column":26},"end":{"line":207,"column":43}}]},"37":{"type":"branch","line":207,"loc":{"start":{"line":207,"column":33},"end":{"line":210,"column":38}},"locations":[{"start":{"line":207,"column":33},"end":{"line":210,"column":38}}]},"38":{"type":"branch","line":210,"loc":{"start":{"line":210,"column":26},"end":{"line":210,"column":44}},"locations":[{"start":{"line":210,"column":26},"end":{"line":210,"column":44}}]},"39":{"type":"branch","line":203,"loc":{"start":{"line":203,"column":60},"end":{"line":203,"column":85}},"locations":[{"start":{"line":203,"column":60},"end":{"line":203,"column":85}}]},"40":{"type":"branch","line":220,"loc":{"start":{"line":220,"column":0},"end":{"line":247,"column":1}},"locations":[{"start":{"line":220,"column":0},"end":{"line":247,"column":1}}]},"41":{"type":"branch","line":229,"loc":{"start":{"line":229,"column":22},"end":{"line":236,"column":5}},"locations":[{"start":{"line":229,"column":22},"end":{"line":236,"column":5}}]},"42":{"type":"branch","line":230,"loc":{"start":{"line":230,"column":76},"end":{"line":231,"column":40}},"locations":[{"start":{"line":230,"column":76},"end":{"line":231,"column":40}}]},"43":{"type":"branch","line":230,"loc":{"start":{"line":230,"column":51},"end":{"line":230,"column":76}},"locations":[{"start":{"line":230,"column":51},"end":{"line":230,"column":76}}]},"44":{"type":"branch","line":252,"loc":{"start":{"line":252,"column":0},"end":{"line":255,"column":1}},"locations":[{"start":{"line":252,"column":0},"end":{"line":255,"column":1}}]},"45":{"type":"branch","line":253,"loc":{"start":{"line":253,"column":17},"end":{"line":253,"column":27}},"locations":[{"start":{"line":253,"column":17},"end":{"line":253,"column":27}}]},"46":{"type":"branch","line":253,"loc":{"start":{"line":253,"column":25},"end":{"line":255,"column":1}},"locations":[{"start":{"line":253,"column":25},"end":{"line":255,"column":1}}]},"47":{"type":"branch","line":254,"loc":{"start":{"line":254,"column":26},"end":{"line":254,"column":49}},"locations":[{"start":{"line":254,"column":26},"end":{"line":254,"column":49}}]},"48":{"type":"branch","line":260,"loc":{"start":{"line":260,"column":0},"end":{"line":295,"column":1}},"locations":[{"start":{"line":260,"column":0},"end":{"line":295,"column":1}}]},"49":{"type":"branch","line":264,"loc":{"start":{"line":264,"column":26},"end":{"line":264,"column":66}},"locations":[{"start":{"line":264,"column":26},"end":{"line":264,"column":66}}]},"50":{"type":"branch","line":265,"loc":{"start":{"line":265,"column":21},"end":{"line":265,"column":51}},"locations":[{"start":{"line":265,"column":21},"end":{"line":265,"column":51}}]},"51":{"type":"branch","line":266,"loc":{"start":{"line":266,"column":19},"end":{"line":266,"column":45}},"locations":[{"start":{"line":266,"column":19},"end":{"line":266,"column":45}}]},"52":{"type":"branch","line":267,"loc":{"start":{"line":267,"column":36},"end":{"line":267,"column":68}},"locations":[{"start":{"line":267,"column":36},"end":{"line":267,"column":68}}]},"53":{"type":"branch","line":268,"loc":{"start":{"line":268,"column":36},"end":{"line":268,"column":68}},"locations":[{"start":{"line":268,"column":36},"end":{"line":268,"column":68}}]},"54":{"type":"branch","line":269,"loc":{"start":{"line":269,"column":38},"end":{"line":269,"column":74}},"locations":[{"start":{"line":269,"column":38},"end":{"line":269,"column":74}}]},"55":{"type":"branch","line":270,"loc":{"start":{"line":270,"column":38},"end":{"line":270,"column":74}},"locations":[{"start":{"line":270,"column":38},"end":{"line":270,"column":74}}]},"56":{"type":"branch","line":271,"loc":{"start":{"line":271,"column":22},"end":{"line":271,"column":54}},"locations":[{"start":{"line":271,"column":22},"end":{"line":271,"column":54}}]},"57":{"type":"branch","line":272,"loc":{"start":{"line":272,"column":23},"end":{"line":272,"column":57}},"locations":[{"start":{"line":272,"column":23},"end":{"line":272,"column":57}}]},"58":{"type":"branch","line":274,"loc":{"start":{"line":274,"column":25},"end":{"line":279,"column":3}},"locations":[{"start":{"line":274,"column":25},"end":{"line":279,"column":3}}]},"59":{"type":"branch","line":276,"loc":{"start":{"line":276,"column":66},"end":{"line":278,"column":5}},"locations":[{"start":{"line":276,"column":66},"end":{"line":278,"column":5}}]},"60":{"type":"branch","line":282,"loc":{"start":{"line":282,"column":17},"end":{"line":282,"column":41}},"locations":[{"start":{"line":282,"column":17},"end":{"line":282,"column":41}}]},"61":{"type":"branch","line":282,"loc":{"start":{"line":282,"column":41},"end":{"line":284,"column":3}},"locations":[{"start":{"line":282,"column":41},"end":{"line":284,"column":3}}]},"62":{"type":"branch","line":286,"loc":{"start":{"line":286,"column":49},"end":{"line":292,"column":3}},"locations":[{"start":{"line":286,"column":49},"end":{"line":292,"column":3}}]},"63":{"type":"branch","line":287,"loc":{"start":{"line":287,"column":58},"end":{"line":291,"column":5}},"locations":[{"start":{"line":287,"column":58},"end":{"line":291,"column":5}}]}},"b":{"0":[20],"1":[0],"2":[1],"3":[19],"4":[0],"5":[19],"6":[19],"7":[19],"8":[18],"9":[18],"10":[1],"11":[19],"12":[0],"13":[0],"14":[19],"15":[0],"16":[31],"17":[0],"18":[155],"19":[123],"20":[32],"21":[32],"22":[1],"23":[11],"24":[23],"25":[1],"26":[32],"27":[10],"28":[1],"29":[0],"30":[32],"31":[7],"32":[25],"33":[7],"34":[0],"35":[7],"36":[0],"37":[7],"38":[0],"39":[7],"40":[32],"41":[24],"42":[0],"43":[24],"44":[32],"45":[31],"46":[1],"47":[1],"48":[106],"49":[0],"50":[0],"51":[0],"52":[0],"53":[0],"54":[0],"55":[0],"56":[0],"57":[7],"58":[28],"59":[63],"60":[1],"61":[1],"62":[2],"63":[1]},"fnMap":{"0":{"name":"parseOpenApiSpec","decl":{"start":{"line":55,"column":0},"end":{"line":76,"column":1}},"loc":{"start":{"line":55,"column":0},"end":{"line":76,"column":1}},"line":55},"1":{"name":"parseDocument","decl":{"start":{"line":81,"column":0},"end":{"line":93,"column":1}},"loc":{"start":{"line":81,"column":0},"end":{"line":93,"column":1}},"line":81},"2":{"name":"getBaseUrl","decl":{"start":{"line":98,"column":0},"end":{"line":103,"column":1}},"loc":{"start":{"line":98,"column":0},"end":{"line":103,"column":1}},"line":98},"3":{"name":"extractSchemas","decl":{"start":{"line":108,"column":0},"end":{"line":118,"column":1}},"loc":{"start":{"line":108,"column":0},"end":{"line":118,"column":1}},"line":108},"4":{"name":"extractEndpoints","decl":{"start":{"line":123,"column":0},"end":{"line":142,"column":1}},"loc":{"start":{"line":123,"column":0},"end":{"line":142,"column":1}},"line":123},"5":{"name":"parseOperation","decl":{"start":{"line":147,"column":0},"end":{"line":167,"column":1}},"loc":{"start":{"line":147,"column":0},"end":{"line":167,"column":1}},"line":147},"6":{"name":"generateOperationId","decl":{"start":{"line":172,"column":0},"end":{"line":181,"column":1}},"loc":{"start":{"line":172,"column":0},"end":{"line":181,"column":1}},"line":172},"7":{"name":"parseParameters","decl":{"start":{"line":186,"column":0},"end":{"line":194,"column":1}},"loc":{"start":{"line":186,"column":0},"end":{"line":194,"column":1}},"line":186},"8":{"name":"parseRequestBody","decl":{"start":{"line":199,"column":0},"end":{"line":215,"column":1}},"loc":{"start":{"line":199,"column":0},"end":{"line":215,"column":1}},"line":199},"9":{"name":"parseResponses","decl":{"start":{"line":220,"column":0},"end":{"line":247,"column":1}},"loc":{"start":{"line":220,"column":0},"end":{"line":247,"column":1}},"line":220},"10":{"name":"extractSecuritySchemes","decl":{"start":{"line":252,"column":0},"end":{"line":255,"column":1}},"loc":{"start":{"line":252,"column":0},"end":{"line":255,"column":1}},"line":252},"11":{"name":"convertSchema","decl":{"start":{"line":260,"column":0},"end":{"line":295,"column":1}},"loc":{"start":{"line":260,"column":0},"end":{"line":295,"column":1}},"line":260}},"f":{"0":20,"1":19,"2":19,"3":19,"4":19,"5":32,"6":1,"7":32,"8":32,"9":32,"10":32,"11":106}}
}
