{"/Users/darren/dev/workflow/packages/workflow-cli/src/config.ts": {"path":"/Users/darren/dev/workflow/packages/workflow-cli/src/config.ts","all":false,"statementMap":{"0":{"start":{"line":1,"column":0},"end":{"line":1,"column":3}},"12":{"start":{"line":13,"column":0},"end":{"line":13,"column":46}},"65":{"start":{"line":66,"column":0},"end":{"line":66,"column":52}},"66":{"start":{"line":67,"column":0},"end":{"line":67,"column":10}},"67":{"start":{"line":68,"column":0},"end":{"line":68,"column":14}},"68":{"start":{"line":69,"column":0},"end":{"line":69,"column":35}},"69":{"start":{"line":70,"column":0},"end":{"line":70,"column":26}},"70":{"start":{"line":71,"column":0},"end":{"line":71,"column":6}},"71":{"start":{"line":72,"column":0},"end":{"line":72,"column":12}},"72":{"start":{"line":73,"column":0},"end":{"line":73,"column":28}},"73":{"start":{"line":74,"column":0},"end":{"line":74,"column":23}},"74":{"start":{"line":75,"column":0},"end":{"line":75,"column":6}},"75":{"start":{"line":76,"column":0},"end":{"line":76,"column":16}},"76":{"start":{"line":77,"column":0},"end":{"line":77,"column":32}},"77":{"start":{"line":78,"column":0},"end":{"line":78,"column":5}},"78":{"start":{"line":79,"column":0},"end":{"line":79,"column":4}},"79":{"start":{"line":80,"column":0},"end":{"line":80,"column":1}},"85":{"start":{"line":86,"column":0},"end":{"line":86,"column":96}},"86":{"start":{"line":87,"column":0},"end":{"line":87,"column":10}},"87":{"start":{"line":88,"column":0},"end":{"line":88,"column":14}},"88":{"start":{"line":89,"column":0},"end":{"line":89,"column":26}},"89":{"start":{"line":90,"column":0},"end":{"line":90,"column":32}},"90":{"start":{"line":91,"column":0},"end":{"line":91,"column":6}},"91":{"start":{"line":92,"column":0},"end":{"line":92,"column":12}},"92":{"start":{"line":93,"column":0},"end":{"line":93,"column":24}},"93":{"start":{"line":94,"column":0},"end":{"line":94,"column":30}},"94":{"start":{"line":95,"column":0},"end":{"line":95,"column":6}},"95":{"start":{"line":96,"column":0},"end":{"line":96,"column":16}},"96":{"start":{"line":97,"column":0},"end":{"line":97,"column":28}},"97":{"start":{"line":98,"column":0},"end":{"line":98,"column":34}},"98":{"start":{"line":99,"column":0},"end":{"line":99,"column":5}},"99":{"start":{"line":100,"column":0},"end":{"line":100,"column":4}},"100":{"start":{"line":101,"column":0},"end":{"line":101,"column":1}},"105":{"start":{"line":106,"column":0},"end":{"line":106,"column":68}},"106":{"start":{"line":107,"column":0},"end":{"line":107,"column":33}},"107":{"start":{"line":108,"column":0},"end":{"line":108,"column":17}},"108":{"start":{"line":109,"column":0},"end":{"line":109,"column":16}},"109":{"start":{"line":110,"column":0},"end":{"line":110,"column":3}},"112":{"start":{"line":113,"column":0},"end":{"line":113,"column":7}},"113":{"start":{"line":114,"column":0},"end":{"line":114,"column":34}},"114":{"start":{"line":115,"column":0},"end":{"line":115,"column":50}},"115":{"start":{"line":116,"column":0},"end":{"line":116,"column":5}},"116":{"start":{"line":117,"column":0},"end":{"line":117,"column":11}},"118":{"start":{"line":119,"column":0},"end":{"line":119,"column":3}},"121":{"start":{"line":122,"column":0},"end":{"line":122,"column":37}},"122":{"start":{"line":123,"column":0},"end":{"line":123,"column":33}},"123":{"start":{"line":124,"column":0},"end":{"line":124,"column":1}},"128":{"start":{"line":129,"column":0},"end":{"line":129,"column":74}},"129":{"start":{"line":130,"column":0},"end":{"line":130,"column":54}},"130":{"start":{"line":131,"column":0},"end":{"line":131,"column":7}},"131":{"start":{"line":132,"column":0},"end":{"line":132,"column":59}},"132":{"start":{"line":133,"column":0},"end":{"line":133,"column":39}},"133":{"start":{"line":134,"column":0},"end":{"line":134,"column":11}},"134":{"start":{"line":135,"column":0},"end":{"line":135,"column":16}},"135":{"start":{"line":136,"column":0},"end":{"line":136,"column":3}},"136":{"start":{"line":137,"column":0},"end":{"line":137,"column":1}},"142":{"start":{"line":143,"column":0},"end":{"line":143,"column":33}},"143":{"start":{"line":144,"column":0},"end":{"line":144,"column":21}},"144":{"start":{"line":145,"column":0},"end":{"line":145,"column":33}},"145":{"start":{"line":146,"column":0},"end":{"line":146,"column":28}},"146":{"start":{"line":147,"column":0},"end":{"line":147,"column":38}},"147":{"start":{"line":148,"column":0},"end":{"line":148,"column":46}},"148":{"start":{"line":149,"column":0},"end":{"line":149,"column":44}},"151":{"start":{"line":152,"column":0},"end":{"line":152,"column":46}},"153":{"start":{"line":154,"column":0},"end":{"line":154,"column":16}},"154":{"start":{"line":155,"column":0},"end":{"line":155,"column":43}},"155":{"start":{"line":156,"column":0},"end":{"line":156,"column":3}},"158":{"start":{"line":159,"column":0},"end":{"line":159,"column":22}},"159":{"start":{"line":160,"column":0},"end":{"line":160,"column":30}},"160":{"start":{"line":161,"column":0},"end":{"line":161,"column":25}},"162":{"start":{"line":163,"column":0},"end":{"line":163,"column":40}},"163":{"start":{"line":164,"column":0},"end":{"line":164,"column":49}},"164":{"start":{"line":165,"column":0},"end":{"line":165,"column":37}},"166":{"start":{"line":167,"column":0},"end":{"line":167,"column":14}},"167":{"start":{"line":168,"column":0},"end":{"line":168,"column":7}},"169":{"start":{"line":170,"column":0},"end":{"line":170,"column":47}},"170":{"start":{"line":171,"column":0},"end":{"line":171,"column":20}},"171":{"start":{"line":172,"column":0},"end":{"line":172,"column":47}},"172":{"start":{"line":173,"column":0},"end":{"line":173,"column":7}},"174":{"start":{"line":175,"column":0},"end":{"line":175,"column":31}},"175":{"start":{"line":176,"column":0},"end":{"line":176,"column":29}},"176":{"start":{"line":177,"column":0},"end":{"line":177,"column":5}},"177":{"start":{"line":178,"column":0},"end":{"line":178,"column":3}},"180":{"start":{"line":181,"column":0},"end":{"line":181,"column":18}},"181":{"start":{"line":182,"column":0},"end":{"line":182,"column":1}}},"s":{"0":1,"12":1,"65":1,"66":26,"67":26,"68":26,"69":26,"70":26,"71":26,"72":26,"73":26,"74":26,"75":26,"76":26,"77":26,"78":26,"79":26,"85":1,"86":7,"87":7,"88":7,"89":7,"90":7,"91":7,"92":7,"93":7,"94":7,"95":7,"96":7,"97":7,"98":7,"99":7,"100":7,"105":5,"106":5,"107":5,"108":2,"109":2,"112":3,"113":5,"114":1,"115":1,"116":5,"118":0,"121":2,"122":2,"123":2,"128":13,"129":13,"130":13,"131":13,"132":5,"133":13,"134":8,"135":8,"136":13,"142":11,"143":11,"144":11,"145":11,"146":11,"147":11,"148":11,"151":11,"153":11,"154":2,"155":2,"158":11,"159":2,"160":2,"162":2,"163":3,"164":3,"166":1,"167":1,"169":2,"170":3,"171":1,"172":1,"174":1,"175":1,"176":1,"177":2,"180":8,"181":8},"branchMap":{"0":{"type":"branch","line":66,"loc":{"start":{"line":66,"column":7},"end":{"line":80,"column":1}},"locations":[{"start":{"line":66,"column":7},"end":{"line":80,"column":1}}]},"1":{"type":"branch","line":86,"loc":{"start":{"line":86,"column":7},"end":{"line":101,"column":1}},"locations":[{"start":{"line":86,"column":7},"end":{"line":101,"column":1}}]},"2":{"type":"branch","line":90,"loc":{"start":{"line":90,"column":18},"end":{"line":90,"column":32}},"locations":[{"start":{"line":90,"column":18},"end":{"line":90,"column":32}}]},"3":{"type":"branch","line":94,"loc":{"start":{"line":94,"column":18},"end":{"line":94,"column":30}},"locations":[{"start":{"line":94,"column":18},"end":{"line":94,"column":30}}]},"4":{"type":"branch","line":106,"loc":{"start":{"line":106,"column":0},"end":{"line":124,"column":1}},"locations":[{"start":{"line":106,"column":0},"end":{"line":124,"column":1}}]},"5":{"type":"branch","line":108,"loc":{"start":{"line":108,"column":16},"end":{"line":110,"column":3}},"locations":[{"start":{"line":108,"column":16},"end":{"line":110,"column":3}}]},"6":{"type":"branch","line":110,"loc":{"start":{"line":110,"column":2},"end":{"line":114,"column":33}},"locations":[{"start":{"line":110,"column":2},"end":{"line":114,"column":33}}]},"7":{"type":"branch","line":114,"loc":{"start":{"line":114,"column":33},"end":{"line":116,"column":5}},"locations":[{"start":{"line":114,"column":33},"end":{"line":116,"column":5}}]},"8":{"type":"branch","line":117,"loc":{"start":{"line":117,"column":2},"end":{"line":119,"column":3}},"locations":[{"start":{"line":117,"column":2},"end":{"line":119,"column":3}}]},"9":{"type":"branch","line":119,"loc":{"start":{"line":119,"column":2},"end":{"line":124,"column":1}},"locations":[{"start":{"line":119,"column":2},"end":{"line":124,"column":1}}]},"10":{"type":"branch","line":129,"loc":{"start":{"line":129,"column":0},"end":{"line":137,"column":1}},"locations":[{"start":{"line":129,"column":0},"end":{"line":137,"column":1}}]},"11":{"type":"branch","line":132,"loc":{"start":{"line":132,"column":57},"end":{"line":134,"column":10}},"locations":[{"start":{"line":132,"column":57},"end":{"line":134,"column":10}}]},"12":{"type":"branch","line":134,"loc":{"start":{"line":134,"column":2},"end":{"line":136,"column":3}},"locations":[{"start":{"line":134,"column":2},"end":{"line":136,"column":3}}]},"13":{"type":"branch","line":143,"loc":{"start":{"line":143,"column":0},"end":{"line":182,"column":1}},"locations":[{"start":{"line":143,"column":0},"end":{"line":182,"column":1}}]},"14":{"type":"branch","line":148,"loc":{"start":{"line":148,"column":19},"end":{"line":148,"column":46}},"locations":[{"start":{"line":148,"column":19},"end":{"line":148,"column":46}}]},"15":{"type":"branch","line":154,"loc":{"start":{"line":154,"column":15},"end":{"line":156,"column":3}},"locations":[{"start":{"line":154,"column":15},"end":{"line":156,"column":3}}]},"16":{"type":"branch","line":156,"loc":{"start":{"line":156,"column":2},"end":{"line":159,"column":21}},"locations":[{"start":{"line":156,"column":2},"end":{"line":159,"column":21}}]},"17":{"type":"branch","line":159,"loc":{"start":{"line":159,"column":21},"end":{"line":178,"column":3}},"locations":[{"start":{"line":159,"column":21},"end":{"line":178,"column":3}}]},"18":{"type":"branch","line":163,"loc":{"start":{"line":163,"column":39},"end":{"line":177,"column":5}},"locations":[{"start":{"line":163,"column":39},"end":{"line":177,"column":5}}]},"19":{"type":"branch","line":165,"loc":{"start":{"line":165,"column":36},"end":{"line":168,"column":7}},"locations":[{"start":{"line":165,"column":36},"end":{"line":168,"column":7}}]},"20":{"type":"branch","line":168,"loc":{"start":{"line":168,"column":6},"end":{"line":171,"column":19}},"locations":[{"start":{"line":168,"column":6},"end":{"line":171,"column":19}}]},"21":{"type":"branch","line":171,"loc":{"start":{"line":171,"column":19},"end":{"line":177,"column":5}},"locations":[{"start":{"line":171,"column":19},"end":{"line":177,"column":5}}]},"22":{"type":"branch","line":178,"loc":{"start":{"line":178,"column":2},"end":{"line":182,"column":1}},"locations":[{"start":{"line":178,"column":2},"end":{"line":182,"column":1}}]}},"b":{"0":[26],"1":[7],"2":[1],"3":[5],"4":[5],"5":[2],"6":[3],"7":[1],"8":[0],"9":[2],"10":[13],"11":[5],"12":[8],"13":[11],"14":[1],"15":[2],"16":[9],"17":[2],"18":[3],"19":[1],"20":[2],"21":[1],"22":[8]},"fnMap":{"0":{"name":"getDefaultConfig","decl":{"start":{"line":66,"column":7},"end":{"line":80,"column":1}},"loc":{"start":{"line":66,"column":7},"end":{"line":80,"column":1}},"line":66},"1":{"name":"mergeConfigs","decl":{"start":{"line":86,"column":7},"end":{"line":101,"column":1}},"loc":{"start":{"line":86,"column":7},"end":{"line":101,"column":1}},"line":86},"2":{"name":"parseConfigContent","decl":{"start":{"line":106,"column":0},"end":{"line":124,"column":1}},"loc":{"start":{"line":106,"column":0},"end":{"line":124,"column":1}},"line":106},"3":{"name":"tryReadConfig","decl":{"start":{"line":129,"column":0},"end":{"line":137,"column":1}},"loc":{"start":{"line":129,"column":0},"end":{"line":137,"column":1}},"line":129},"4":{"name":"loadConfig","decl":{"start":{"line":143,"column":0},"end":{"line":182,"column":1}},"loc":{"start":{"line":143,"column":0},"end":{"line":182,"column":1}},"line":143}},"f":{"0":26,"1":7,"2":5,"3":13,"4":11}}
,"/Users/darren/dev/workflow/packages/workflow-cli/src/crd-generator.ts": {"path":"/Users/darren/dev/workflow/packages/workflow-cli/src/crd-generator.ts","all":false,"statementMap":{"0":{"start":{"line":1,"column":0},"end":{"line":1,"column":3}},"32":{"start":{"line":33,"column":0},"end":{"line":33,"column":38}},"33":{"start":{"line":34,"column":0},"end":{"line":34,"column":19}},"34":{"start":{"line":35,"column":0},"end":{"line":35,"column":27}},"35":{"start":{"line":36,"column":0},"end":{"line":36,"column":20}},"36":{"start":{"line":37,"column":0},"end":{"line":37,"column":36}},"38":{"start":{"line":39,"column":0},"end":{"line":39,"column":42}},"40":{"start":{"line":41,"column":0},"end":{"line":41,"column":50}},"41":{"start":{"line":42,"column":0},"end":{"line":42,"column":68}},"42":{"start":{"line":43,"column":0},"end":{"line":43,"column":17}},"43":{"start":{"line":44,"column":0},"end":{"line":44,"column":7}},"44":{"start":{"line":45,"column":0},"end":{"line":45,"column":5}},"47":{"start":{"line":48,"column":0},"end":{"line":48,"column":64}},"48":{"start":{"line":49,"column":0},"end":{"line":49,"column":74}},"49":{"start":{"line":50,"column":0},"end":{"line":50,"column":17}},"50":{"start":{"line":51,"column":0},"end":{"line":51,"column":7}},"51":{"start":{"line":52,"column":0},"end":{"line":52,"column":5}},"53":{"start":{"line":54,"column":0},"end":{"line":54,"column":49}},"54":{"start":{"line":55,"column":0},"end":{"line":55,"column":21}},"55":{"start":{"line":56,"column":0},"end":{"line":56,"column":3}},"57":{"start":{"line":58,"column":0},"end":{"line":58,"column":15}},"58":{"start":{"line":59,"column":0},"end":{"line":59,"column":1}},"63":{"start":{"line":64,"column":0},"end":{"line":64,"column":22}},"64":{"start":{"line":65,"column":0},"end":{"line":65,"column":27}},"65":{"start":{"line":66,"column":0},"end":{"line":66,"column":27}},"66":{"start":{"line":67,"column":0},"end":{"line":67,"column":18}},"67":{"start":{"line":68,"column":0},"end":{"line":68,"column":62}},"68":{"start":{"line":69,"column":0},"end":{"line":69,"column":67}},"69":{"start":{"line":70,"column":0},"end":{"line":70,"column":62}},"71":{"start":{"line":72,"column":0},"end":{"line":72,"column":42}},"72":{"start":{"line":73,"column":0},"end":{"line":73,"column":42}},"73":{"start":{"line":74,"column":0},"end":{"line":74,"column":25}},"74":{"start":{"line":75,"column":0},"end":{"line":75,"column":15}},"75":{"start":{"line":76,"column":0},"end":{"line":76,"column":21}},"76":{"start":{"line":77,"column":0},"end":{"line":77,"column":35}},"77":{"start":{"line":78,"column":0},"end":{"line":78,"column":15}},"78":{"start":{"line":79,"column":0},"end":{"line":79,"column":48}},"79":{"start":{"line":80,"column":0},"end":{"line":80,"column":57}},"80":{"start":{"line":81,"column":0},"end":{"line":81,"column":27}},"81":{"start":{"line":82,"column":0},"end":{"line":82,"column":8}},"82":{"start":{"line":83,"column":0},"end":{"line":83,"column":20}},"83":{"start":{"line":84,"column":0},"end":{"line":84,"column":49}},"84":{"start":{"line":85,"column":0},"end":{"line":85,"column":52}},"85":{"start":{"line":86,"column":0},"end":{"line":86,"column":7}},"86":{"start":{"line":87,"column":0},"end":{"line":87,"column":6}},"87":{"start":{"line":88,"column":0},"end":{"line":88,"column":11}},"88":{"start":{"line":89,"column":0},"end":{"line":89,"column":19}},"89":{"start":{"line":90,"column":0},"end":{"line":90,"column":101}},"90":{"start":{"line":91,"column":0},"end":{"line":91,"column":16}},"91":{"start":{"line":92,"column":0},"end":{"line":92,"column":28}},"92":{"start":{"line":93,"column":0},"end":{"line":93,"column":34}},"93":{"start":{"line":94,"column":0},"end":{"line":94,"column":36}},"94":{"start":{"line":95,"column":0},"end":{"line":95,"column":29}},"95":{"start":{"line":96,"column":0},"end":{"line":96,"column":8}},"96":{"start":{"line":97,"column":0},"end":{"line":97,"column":46}},"97":{"start":{"line":98,"column":0},"end":{"line":98,"column":48}},"98":{"start":{"line":99,"column":0},"end":{"line":99,"column":21}},"99":{"start":{"line":100,"column":0},"end":{"line":100,"column":14}},"100":{"start":{"line":101,"column":0},"end":{"line":101,"column":23}},"101":{"start":{"line":102,"column":0},"end":{"line":102,"column":23}},"102":{"start":{"line":103,"column":0},"end":{"line":103,"column":7}},"103":{"start":{"line":104,"column":0},"end":{"line":104,"column":5}},"104":{"start":{"line":105,"column":0},"end":{"line":105,"column":4}},"106":{"start":{"line":107,"column":0},"end":{"line":107,"column":45}},"108":{"start":{"line":109,"column":0},"end":{"line":109,"column":10}},"109":{"start":{"line":110,"column":0},"end":{"line":110,"column":19}},"110":{"start":{"line":111,"column":0},"end":{"line":111,"column":13}},"111":{"start":{"line":112,"column":0},"end":{"line":112,"column":9}},"112":{"start":{"line":113,"column":0},"end":{"line":113,"column":38}},"113":{"start":{"line":114,"column":0},"end":{"line":114,"column":24}},"114":{"start":{"line":115,"column":0},"end":{"line":115,"column":27}},"115":{"start":{"line":116,"column":0},"end":{"line":116,"column":4}},"116":{"start":{"line":117,"column":0},"end":{"line":117,"column":1}}},"s":{"0":1,"32":1,"33":23,"34":23,"35":23,"36":23,"38":23,"40":28,"41":3,"42":1,"43":1,"44":3,"47":28,"48":3,"49":1,"50":1,"51":3,"53":26,"54":26,"55":26,"57":23,"58":23,"63":26,"64":26,"65":26,"66":26,"67":26,"68":26,"69":26,"71":26,"72":26,"73":26,"74":26,"75":26,"76":26,"77":26,"78":26,"79":26,"80":26,"81":26,"82":26,"83":26,"84":26,"85":26,"86":26,"87":26,"88":26,"89":26,"90":26,"91":26,"92":26,"93":26,"94":26,"95":26,"96":26,"97":26,"98":26,"99":26,"100":26,"101":26,"102":26,"103":26,"104":26,"106":26,"108":26,"109":26,"110":26,"111":26,"112":26,"113":26,"114":26,"115":26,"116":26},"branchMap":{"0":{"type":"branch","line":33,"loc":{"start":{"line":33,"column":7},"end":{"line":59,"column":1}},"locations":[{"start":{"line":33,"column":7},"end":{"line":59,"column":1}}]},"1":{"type":"branch","line":39,"loc":{"start":{"line":39,"column":41},"end":{"line":56,"column":3}},"locations":[{"start":{"line":39,"column":41},"end":{"line":56,"column":3}}]},"2":{"type":"branch","line":41,"loc":{"start":{"line":41,"column":16},"end":{"line":41,"column":49}},"locations":[{"start":{"line":41,"column":16},"end":{"line":41,"column":49}}]},"3":{"type":"branch","line":41,"loc":{"start":{"line":41,"column":49},"end":{"line":45,"column":5}},"locations":[{"start":{"line":41,"column":49},"end":{"line":45,"column":5}}]},"4":{"type":"branch","line":42,"loc":{"start":{"line":42,"column":67},"end":{"line":44,"column":7}},"locations":[{"start":{"line":42,"column":67},"end":{"line":44,"column":7}}]},"5":{"type":"branch","line":45,"loc":{"start":{"line":45,"column":4},"end":{"line":48,"column":31}},"locations":[{"start":{"line":45,"column":4},"end":{"line":48,"column":31}}]},"6":{"type":"branch","line":48,"loc":{"start":{"line":48,"column":16},"end":{"line":48,"column":63}},"locations":[{"start":{"line":48,"column":16},"end":{"line":48,"column":63}}]},"7":{"type":"branch","line":48,"loc":{"start":{"line":48,"column":63},"end":{"line":52,"column":5}},"locations":[{"start":{"line":48,"column":63},"end":{"line":52,"column":5}}]},"8":{"type":"branch","line":49,"loc":{"start":{"line":49,"column":73},"end":{"line":51,"column":7}},"locations":[{"start":{"line":49,"column":73},"end":{"line":51,"column":7}}]},"9":{"type":"branch","line":52,"loc":{"start":{"line":52,"column":4},"end":{"line":56,"column":3}},"locations":[{"start":{"line":52,"column":4},"end":{"line":56,"column":3}}]},"10":{"type":"branch","line":42,"loc":{"start":{"line":42,"column":30},"end":{"line":42,"column":64}},"locations":[{"start":{"line":42,"column":30},"end":{"line":42,"column":64}}]},"11":{"type":"branch","line":49,"loc":{"start":{"line":49,"column":29},"end":{"line":49,"column":70}},"locations":[{"start":{"line":49,"column":29},"end":{"line":49,"column":70}}]},"12":{"type":"branch","line":64,"loc":{"start":{"line":64,"column":0},"end":{"line":117,"column":1}},"locations":[{"start":{"line":64,"column":0},"end":{"line":117,"column":1}}]},"13":{"type":"branch","line":90,"loc":{"start":{"line":90,"column":28},"end":{"line":90,"column":63}},"locations":[{"start":{"line":90,"column":28},"end":{"line":90,"column":63}}]},"14":{"type":"branch","line":90,"loc":{"start":{"line":90,"column":48},"end":{"line":90,"column":101}},"locations":[{"start":{"line":90,"column":48},"end":{"line":90,"column":101}}]}},"b":{"0":[23],"1":[28],"2":[3],"3":[3],"4":[1],"5":[27],"6":[3],"7":[3],"8":[1],"9":[26],"10":[3],"11":[3],"12":[26],"13":[1],"14":[1]},"fnMap":{"0":{"name":"generateTasksFromSpec","decl":{"start":{"line":33,"column":7},"end":{"line":59,"column":1}},"loc":{"start":{"line":33,"column":7},"end":{"line":59,"column":1}},"line":33},"1":{"name":"generateTask","decl":{"start":{"line":64,"column":0},"end":{"line":117,"column":1}},"loc":{"start":{"line":64,"column":0},"end":{"line":117,"column":1}},"line":64}},"f":{"0":23,"1":26}}
,"/Users/darren/dev/workflow/packages/workflow-cli/src/loaders.ts": {"path":"/Users/darren/dev/workflow/packages/workflow-cli/src/loaders.ts","all":false,"statementMap":{"0":{"start":{"line":1,"column":0},"end":{"line":1,"column":3}},"116":{"start":{"line":117,"column":0},"end":{"line":117,"column":83}},"117":{"start":{"line":118,"column":0},"end":{"line":118,"column":55}},"119":{"start":{"line":120,"column":0},"end":{"line":120,"column":22}},"120":{"start":{"line":121,"column":0},"end":{"line":121,"column":7}},"121":{"start":{"line":122,"column":0},"end":{"line":122,"column":33}},"122":{"start":{"line":123,"column":0},"end":{"line":123,"column":19}},"123":{"start":{"line":124,"column":0},"end":{"line":124,"column":61}},"124":{"start":{"line":125,"column":0},"end":{"line":125,"column":3}},"126":{"start":{"line":127,"column":0},"end":{"line":127,"column":46}},"127":{"start":{"line":128,"column":0},"end":{"line":128,"column":66}},"128":{"start":{"line":129,"column":0},"end":{"line":129,"column":3}},"130":{"start":{"line":131,"column":0},"end":{"line":131,"column":53}},"132":{"start":{"line":133,"column":0},"end":{"line":133,"column":37}},"133":{"start":{"line":134,"column":0},"end":{"line":134,"column":74}},"134":{"start":{"line":135,"column":0},"end":{"line":135,"column":3}},"136":{"start":{"line":137,"column":0},"end":{"line":137,"column":51}},"137":{"start":{"line":138,"column":0},"end":{"line":138,"column":1}},"146":{"start":{"line":147,"column":0},"end":{"line":147,"column":78}},"147":{"start":{"line":148,"column":0},"end":{"line":148,"column":55}},"149":{"start":{"line":150,"column":0},"end":{"line":150,"column":37}},"152":{"start":{"line":153,"column":0},"end":{"line":153,"column":52}},"154":{"start":{"line":155,"column":0},"end":{"line":155,"column":32}},"155":{"start":{"line":156,"column":0},"end":{"line":156,"column":46}},"156":{"start":{"line":157,"column":0},"end":{"line":157,"column":79}},"157":{"start":{"line":158,"column":0},"end":{"line":158,"column":5}},"159":{"start":{"line":160,"column":0},"end":{"line":160,"column":32}},"160":{"start":{"line":161,"column":0},"end":{"line":161,"column":81}},"161":{"start":{"line":162,"column":0},"end":{"line":162,"column":43}},"162":{"start":{"line":163,"column":0},"end":{"line":163,"column":5}},"163":{"start":{"line":164,"column":0},"end":{"line":164,"column":3}},"165":{"start":{"line":166,"column":0},"end":{"line":166,"column":15}},"166":{"start":{"line":167,"column":0},"end":{"line":167,"column":1}},"175":{"start":{"line":176,"column":0},"end":{"line":176,"column":45}},"176":{"start":{"line":177,"column":0},"end":{"line":177,"column":18}},"177":{"start":{"line":178,"column":0},"end":{"line":178,"column":32}},"178":{"start":{"line":179,"column":0},"end":{"line":179,"column":30}},"179":{"start":{"line":180,"column":0},"end":{"line":180,"column":69}},"181":{"start":{"line":182,"column":0},"end":{"line":182,"column":37}},"183":{"start":{"line":184,"column":0},"end":{"line":184,"column":32}},"185":{"start":{"line":186,"column":0},"end":{"line":186,"column":34}},"187":{"start":{"line":188,"column":0},"end":{"line":188,"column":55}},"188":{"start":{"line":189,"column":0},"end":{"line":189,"column":52}},"190":{"start":{"line":191,"column":0},"end":{"line":191,"column":52}},"191":{"start":{"line":192,"column":0},"end":{"line":192,"column":48}},"194":{"start":{"line":195,"column":0},"end":{"line":195,"column":28}},"195":{"start":{"line":196,"column":0},"end":{"line":196,"column":87}},"196":{"start":{"line":197,"column":0},"end":{"line":197,"column":12}},"197":{"start":{"line":198,"column":0},"end":{"line":198,"column":31}},"198":{"start":{"line":199,"column":0},"end":{"line":199,"column":5}},"199":{"start":{"line":200,"column":0},"end":{"line":200,"column":3}},"201":{"start":{"line":202,"column":0},"end":{"line":202,"column":15}},"202":{"start":{"line":203,"column":0},"end":{"line":203,"column":1}}},"s":{"0":1,"116":7,"117":7,"119":6,"120":6,"121":6,"122":7,"123":1,"124":1,"126":7,"127":0,"128":0,"130":5,"132":7,"133":1,"134":1,"136":4,"137":4,"146":9,"147":9,"149":8,"152":8,"154":9,"155":9,"156":0,"157":0,"159":9,"160":9,"161":9,"162":9,"163":9,"165":8,"166":8,"175":5,"176":5,"177":5,"178":5,"179":5,"181":4,"183":5,"185":7,"187":6,"188":7,"190":5,"191":5,"194":7,"195":2,"196":7,"197":3,"198":3,"199":7,"201":4,"202":4},"branchMap":{"0":{"type":"branch","line":117,"loc":{"start":{"line":117,"column":0},"end":{"line":138,"column":1}},"locations":[{"start":{"line":117,"column":0},"end":{"line":138,"column":1}}]},"1":{"type":"branch","line":118,"loc":{"start":{"line":118,"column":53},"end":{"line":123,"column":11}},"locations":[{"start":{"line":118,"column":53},"end":{"line":123,"column":11}}]},"2":{"type":"branch","line":123,"loc":{"start":{"line":123,"column":2},"end":{"line":125,"column":3}},"locations":[{"start":{"line":123,"column":2},"end":{"line":125,"column":3}}]},"3":{"type":"branch","line":125,"loc":{"start":{"line":125,"column":2},"end":{"line":127,"column":45}},"locations":[{"start":{"line":125,"column":2},"end":{"line":127,"column":45}}]},"4":{"type":"branch","line":127,"loc":{"start":{"line":127,"column":45},"end":{"line":129,"column":3}},"locations":[{"start":{"line":127,"column":45},"end":{"line":129,"column":3}}]},"5":{"type":"branch","line":129,"loc":{"start":{"line":129,"column":2},"end":{"line":133,"column":36}},"locations":[{"start":{"line":129,"column":2},"end":{"line":133,"column":36}}]},"6":{"type":"branch","line":133,"loc":{"start":{"line":133,"column":36},"end":{"line":135,"column":3}},"locations":[{"start":{"line":133,"column":36},"end":{"line":135,"column":3}}]},"7":{"type":"branch","line":135,"loc":{"start":{"line":135,"column":2},"end":{"line":138,"column":1}},"locations":[{"start":{"line":135,"column":2},"end":{"line":138,"column":1}}]},"8":{"type":"branch","line":147,"loc":{"start":{"line":147,"column":0},"end":{"line":167,"column":1}},"locations":[{"start":{"line":147,"column":0},"end":{"line":167,"column":1}}]},"9":{"type":"branch","line":148,"loc":{"start":{"line":148,"column":53},"end":{"line":155,"column":31}},"locations":[{"start":{"line":148,"column":53},"end":{"line":155,"column":31}}]},"10":{"type":"branch","line":156,"loc":{"start":{"line":156,"column":45},"end":{"line":158,"column":5}},"locations":[{"start":{"line":156,"column":45},"end":{"line":158,"column":5}}]},"11":{"type":"branch","line":164,"loc":{"start":{"line":164,"column":2},"end":{"line":167,"column":1}},"locations":[{"start":{"line":164,"column":2},"end":{"line":167,"column":1}}]},"12":{"type":"branch","line":176,"loc":{"start":{"line":176,"column":0},"end":{"line":203,"column":1}},"locations":[{"start":{"line":176,"column":0},"end":{"line":203,"column":1}}]},"13":{"type":"branch","line":180,"loc":{"start":{"line":180,"column":67},"end":{"line":184,"column":31}},"locations":[{"start":{"line":180,"column":67},"end":{"line":184,"column":31}}]},"14":{"type":"branch","line":184,"loc":{"start":{"line":184,"column":31},"end":{"line":200,"column":3}},"locations":[{"start":{"line":184,"column":31},"end":{"line":200,"column":3}}]},"15":{"type":"branch","line":186,"loc":{"start":{"line":186,"column":25},"end":{"line":186,"column":34}},"locations":[{"start":{"line":186,"column":25},"end":{"line":186,"column":34}}]},"16":{"type":"branch","line":186,"loc":{"start":{"line":186,"column":25},"end":{"line":189,"column":27}},"locations":[{"start":{"line":186,"column":25},"end":{"line":189,"column":27}}]},"17":{"type":"branch","line":189,"loc":{"start":{"line":189,"column":16},"end":{"line":189,"column":43}},"locations":[{"start":{"line":189,"column":16},"end":{"line":189,"column":43}}]},"18":{"type":"branch","line":189,"loc":{"start":{"line":189,"column":43},"end":{"line":189,"column":52}},"locations":[{"start":{"line":189,"column":43},"end":{"line":189,"column":52}}]},"19":{"type":"branch","line":189,"loc":{"start":{"line":189,"column":43},"end":{"line":195,"column":27}},"locations":[{"start":{"line":189,"column":43},"end":{"line":195,"column":27}}]},"20":{"type":"branch","line":195,"loc":{"start":{"line":195,"column":27},"end":{"line":197,"column":11}},"locations":[{"start":{"line":195,"column":27},"end":{"line":197,"column":11}}]},"21":{"type":"branch","line":197,"loc":{"start":{"line":197,"column":4},"end":{"line":199,"column":5}},"locations":[{"start":{"line":197,"column":4},"end":{"line":199,"column":5}}]},"22":{"type":"branch","line":200,"loc":{"start":{"line":200,"column":2},"end":{"line":203,"column":1}},"locations":[{"start":{"line":200,"column":2},"end":{"line":203,"column":1}}]},"23":{"type":"branch","line":196,"loc":{"start":{"line":196,"column":37},"end":{"line":196,"column":84}},"locations":[{"start":{"line":196,"column":37},"end":{"line":196,"column":84}}]}},"b":{"0":[7],"1":[6],"2":[1],"3":[5],"4":[0],"5":[5],"6":[1],"7":[4],"8":[9],"9":[8],"10":[0],"11":[8],"12":[5],"13":[4],"14":[7],"15":[1],"16":[6],"17":[2],"18":[1],"19":[5],"20":[2],"21":[3],"22":[4],"23":[2]},"fnMap":{"0":{"name":"loadWorkflow","decl":{"start":{"line":117,"column":0},"end":{"line":138,"column":1}},"loc":{"start":{"line":117,"column":0},"end":{"line":138,"column":1}},"line":117},"1":{"name":"loadTasks","decl":{"start":{"line":147,"column":0},"end":{"line":167,"column":1}},"loc":{"start":{"line":147,"column":0},"end":{"line":167,"column":1}},"line":147},"2":{"name":"loadTasksFromDirectory","decl":{"start":{"line":176,"column":0},"end":{"line":203,"column":1}},"loc":{"start":{"line":176,"column":0},"end":{"line":203,"column":1}},"line":176}},"f":{"0":7,"1":9,"2":5}}
,"/Users/darren/dev/workflow/packages/workflow-cli/src/openapi-parser.ts": {"path":"/Users/darren/dev/workflow/packages/workflow-cli/src/openapi-parser.ts","all":false,"statementMap":{"82":{"start":{"line":83,"column":0},"end":{"line":83,"column":77}},"83":{"start":{"line":84,"column":0},"end":{"line":84,"column":31}},"85":{"start":{"line":86,"column":0},"end":{"line":86,"column":70}},"86":{"start":{"line":87,"column":0},"end":{"line":87,"column":41}},"87":{"start":{"line":88,"column":0},"end":{"line":88,"column":23}},"88":{"start":{"line":89,"column":0},"end":{"line":89,"column":97}},"89":{"start":{"line":90,"column":0},"end":{"line":90,"column":5}},"90":{"start":{"line":91,"column":0},"end":{"line":91,"column":55}},"91":{"start":{"line":92,"column":0},"end":{"line":92,"column":10}},"92":{"start":{"line":93,"column":0},"end":{"line":93,"column":43}},"93":{"start":{"line":94,"column":0},"end":{"line":94,"column":55}},"94":{"start":{"line":95,"column":0},"end":{"line":95,"column":62}},"95":{"start":{"line":96,"column":0},"end":{"line":96,"column":40}},"96":{"start":{"line":97,"column":0},"end":{"line":97,"column":55}},"97":{"start":{"line":98,"column":0},"end":{"line":98,"column":12}},"98":{"start":{"line":99,"column":0},"end":{"line":99,"column":55}},"99":{"start":{"line":100,"column":0},"end":{"line":100,"column":5}},"100":{"start":{"line":101,"column":0},"end":{"line":101,"column":3}},"102":{"start":{"line":103,"column":0},"end":{"line":103,"column":29}},"103":{"start":{"line":104,"column":0},"end":{"line":104,"column":1}},"108":{"start":{"line":109,"column":0},"end":{"line":109,"column":62}},"109":{"start":{"line":110,"column":0},"end":{"line":110,"column":35}},"110":{"start":{"line":111,"column":0},"end":{"line":111,"column":39}},"111":{"start":{"line":112,"column":0},"end":{"line":112,"column":52}},"112":{"start":{"line":113,"column":0},"end":{"line":113,"column":55}},"114":{"start":{"line":115,"column":0},"end":{"line":115,"column":10}},"115":{"start":{"line":116,"column":0},"end":{"line":116,"column":27}},"116":{"start":{"line":117,"column":0},"end":{"line":117,"column":31}},"117":{"start":{"line":118,"column":0},"end":{"line":118,"column":12}},"118":{"start":{"line":119,"column":0},"end":{"line":119,"column":14}},"119":{"start":{"line":120,"column":0},"end":{"line":120,"column":12}},"120":{"start":{"line":121,"column":0},"end":{"line":121,"column":19}},"121":{"start":{"line":122,"column":0},"end":{"line":122,"column":4}},"122":{"start":{"line":123,"column":0},"end":{"line":123,"column":1}},"127":{"start":{"line":128,"column":0},"end":{"line":128,"column":91}},"128":{"start":{"line":129,"column":0},"end":{"line":129,"column":53}},"129":{"start":{"line":130,"column":0},"end":{"line":130,"column":68}},"131":{"start":{"line":132,"column":0},"end":{"line":132,"column":33}},"132":{"start":{"line":133,"column":0},"end":{"line":133,"column":76}},"133":{"start":{"line":134,"column":0},"end":{"line":134,"column":57}},"134":{"start":{"line":135,"column":0},"end":{"line":135,"column":47}},"135":{"start":{"line":136,"column":0},"end":{"line":136,"column":5}},"136":{"start":{"line":137,"column":0},"end":{"line":137,"column":3}},"138":{"start":{"line":139,"column":0},"end":{"line":139,"column":17}},"139":{"start":{"line":140,"column":0},"end":{"line":140,"column":1}},"144":{"start":{"line":145,"column":0},"end":{"line":145,"column":88}},"145":{"start":{"line":146,"column":0},"end":{"line":146,"column":34}},"146":{"start":{"line":147,"column":0},"end":{"line":147,"column":47}},"147":{"start":{"line":148,"column":0},"end":{"line":148,"column":4}},"149":{"start":{"line":150,"column":0},"end":{"line":150,"column":33}},"150":{"start":{"line":151,"column":0},"end":{"line":151,"column":66}},"151":{"start":{"line":152,"column":0},"end":{"line":152,"column":36}},"152":{"start":{"line":153,"column":0},"end":{"line":153,"column":65}},"153":{"start":{"line":154,"column":0},"end":{"line":154,"column":38}},"154":{"start":{"line":155,"column":0},"end":{"line":155,"column":62}},"155":{"start":{"line":156,"column":0},"end":{"line":156,"column":38}},"156":{"start":{"line":157,"column":0},"end":{"line":157,"column":50}},"157":{"start":{"line":158,"column":0},"end":{"line":158,"column":40}},"158":{"start":{"line":159,"column":0},"end":{"line":159,"column":66}},"159":{"start":{"line":160,"column":0},"end":{"line":160,"column":22}},"160":{"start":{"line":161,"column":0},"end":{"line":161,"column":47}},"161":{"start":{"line":162,"column":0},"end":{"line":162,"column":40}},"162":{"start":{"line":163,"column":0},"end":{"line":163,"column":80}},"163":{"start":{"line":164,"column":0},"end":{"line":164,"column":64}},"164":{"start":{"line":165,"column":0},"end":{"line":165,"column":59}},"165":{"start":{"line":166,"column":0},"end":{"line":166,"column":8}},"166":{"start":{"line":167,"column":0},"end":{"line":167,"column":5}},"167":{"start":{"line":168,"column":0},"end":{"line":168,"column":47}},"168":{"start":{"line":169,"column":0},"end":{"line":169,"column":40}},"169":{"start":{"line":170,"column":0},"end":{"line":170,"column":64}},"170":{"start":{"line":171,"column":0},"end":{"line":171,"column":59}},"171":{"start":{"line":172,"column":0},"end":{"line":172,"column":8}},"172":{"start":{"line":173,"column":0},"end":{"line":173,"column":5}},"173":{"start":{"line":174,"column":0},"end":{"line":174,"column":38}},"174":{"start":{"line":175,"column":0},"end":{"line":175,"column":31}},"175":{"start":{"line":176,"column":0},"end":{"line":176,"column":71}},"176":{"start":{"line":177,"column":0},"end":{"line":177,"column":50}},"177":{"start":{"line":178,"column":0},"end":{"line":178,"column":8}},"178":{"start":{"line":179,"column":0},"end":{"line":179,"column":5}},"179":{"start":{"line":180,"column":0},"end":{"line":180,"column":38}},"180":{"start":{"line":181,"column":0},"end":{"line":181,"column":31}},"181":{"start":{"line":182,"column":0},"end":{"line":182,"column":55}},"182":{"start":{"line":183,"column":0},"end":{"line":183,"column":50}},"183":{"start":{"line":184,"column":0},"end":{"line":184,"column":8}},"184":{"start":{"line":185,"column":0},"end":{"line":185,"column":5}},"185":{"start":{"line":186,"column":0},"end":{"line":186,"column":3}},"187":{"start":{"line":188,"column":0},"end":{"line":188,"column":16}},"188":{"start":{"line":189,"column":0},"end":{"line":189,"column":1}},"193":{"start":{"line":194,"column":0},"end":{"line":194,"column":55}},"194":{"start":{"line":195,"column":0},"end":{"line":195,"column":48}},"195":{"start":{"line":196,"column":0},"end":{"line":196,"column":31}},"196":{"start":{"line":197,"column":0},"end":{"line":197,"column":3}},"197":{"start":{"line":198,"column":0},"end":{"line":198,"column":28}},"198":{"start":{"line":199,"column":0},"end":{"line":199,"column":1}},"203":{"start":{"line":204,"column":0},"end":{"line":204,"column":79}},"204":{"start":{"line":205,"column":0},"end":{"line":205,"column":49}},"205":{"start":{"line":206,"column":0},"end":{"line":206,"column":134}},"207":{"start":{"line":208,"column":0},"end":{"line":208,"column":25}},"208":{"start":{"line":209,"column":0},"end":{"line":209,"column":68}},"209":{"start":{"line":210,"column":0},"end":{"line":210,"column":62}},"210":{"start":{"line":211,"column":0},"end":{"line":211,"column":5}},"211":{"start":{"line":212,"column":0},"end":{"line":212,"column":3}},"213":{"start":{"line":214,"column":0},"end":{"line":214,"column":17}},"214":{"start":{"line":215,"column":0},"end":{"line":215,"column":1}},"219":{"start":{"line":220,"column":0},"end":{"line":220,"column":109}},"220":{"start":{"line":221,"column":0},"end":{"line":221,"column":41}},"221":{"start":{"line":222,"column":0},"end":{"line":222,"column":69}},"222":{"start":{"line":223,"column":0},"end":{"line":223,"column":134}},"224":{"start":{"line":225,"column":0},"end":{"line":225,"column":36}},"226":{"start":{"line":227,"column":0},"end":{"line":227,"column":62}},"227":{"start":{"line":228,"column":0},"end":{"line":228,"column":28}},"229":{"start":{"line":230,"column":0},"end":{"line":230,"column":35}},"230":{"start":{"line":231,"column":0},"end":{"line":231,"column":82}},"231":{"start":{"line":232,"column":0},"end":{"line":232,"column":31}},"233":{"start":{"line":234,"column":0},"end":{"line":234,"column":95}},"234":{"start":{"line":235,"column":0},"end":{"line":235,"column":31}},"235":{"start":{"line":236,"column":0},"end":{"line":236,"column":5}},"236":{"start":{"line":237,"column":0},"end":{"line":237,"column":3}},"238":{"start":{"line":239,"column":0},"end":{"line":239,"column":19}},"239":{"start":{"line":240,"column":0},"end":{"line":240,"column":1}},"244":{"start":{"line":245,"column":0},"end":{"line":245,"column":24}},"245":{"start":{"line":246,"column":0},"end":{"line":246,"column":15}},"246":{"start":{"line":247,"column":0},"end":{"line":247,"column":17}},"247":{"start":{"line":248,"column":0},"end":{"line":248,"column":39}},"248":{"start":{"line":249,"column":0},"end":{"line":249,"column":87}},"249":{"start":{"line":250,"column":0},"end":{"line":250,"column":19}},"250":{"start":{"line":251,"column":0},"end":{"line":251,"column":81}},"252":{"start":{"line":253,"column":0},"end":{"line":253,"column":10}},"253":{"start":{"line":254,"column":0},"end":{"line":254,"column":16}},"254":{"start":{"line":255,"column":0},"end":{"line":255,"column":9}},"255":{"start":{"line":256,"column":0},"end":{"line":256,"column":11}},"256":{"start":{"line":257,"column":0},"end":{"line":257,"column":31}},"257":{"start":{"line":258,"column":0},"end":{"line":258,"column":39}},"258":{"start":{"line":259,"column":0},"end":{"line":259,"column":31}},"259":{"start":{"line":260,"column":0},"end":{"line":260,"column":109}},"260":{"start":{"line":261,"column":0},"end":{"line":261,"column":118}},"261":{"start":{"line":262,"column":0},"end":{"line":262,"column":98}},"262":{"start":{"line":263,"column":0},"end":{"line":263,"column":63}},"263":{"start":{"line":264,"column":0},"end":{"line":264,"column":4}},"264":{"start":{"line":265,"column":0},"end":{"line":265,"column":1}},"269":{"start":{"line":270,"column":0},"end":{"line":270,"column":68}},"271":{"start":{"line":272,"column":0},"end":{"line":272,"column":24}},"272":{"start":{"line":273,"column":0},"end":{"line":273,"column":23}},"273":{"start":{"line":274,"column":0},"end":{"line":274,"column":34}},"274":{"start":{"line":275,"column":0},"end":{"line":275,"column":24}},"275":{"start":{"line":276,"column":0},"end":{"line":276,"column":35}},"277":{"start":{"line":278,"column":0},"end":{"line":278,"column":48}},"278":{"start":{"line":279,"column":0},"end":{"line":279,"column":1}},"283":{"start":{"line":284,"column":0},"end":{"line":284,"column":25}},"284":{"start":{"line":285,"column":0},"end":{"line":285,"column":42}},"285":{"start":{"line":286,"column":0},"end":{"line":286,"column":87}},"286":{"start":{"line":287,"column":0},"end":{"line":287,"column":22}},"287":{"start":{"line":288,"column":0},"end":{"line":288,"column":35}},"288":{"start":{"line":289,"column":0},"end":{"line":289,"column":21}},"289":{"start":{"line":290,"column":0},"end":{"line":290,"column":42}},"290":{"start":{"line":291,"column":0},"end":{"line":291,"column":38}},"291":{"start":{"line":292,"column":0},"end":{"line":292,"column":26}},"292":{"start":{"line":293,"column":0},"end":{"line":293,"column":95}},"293":{"start":{"line":294,"column":0},"end":{"line":294,"column":22}},"294":{"start":{"line":295,"column":0},"end":{"line":295,"column":6}},"295":{"start":{"line":296,"column":0},"end":{"line":296,"column":34}},"296":{"start":{"line":297,"column":0},"end":{"line":297,"column":6}},"297":{"start":{"line":298,"column":0},"end":{"line":298,"column":1}},"302":{"start":{"line":303,"column":0},"end":{"line":303,"column":26}},"303":{"start":{"line":304,"column":0},"end":{"line":304,"column":55}},"304":{"start":{"line":305,"column":0},"end":{"line":305,"column":87}},"305":{"start":{"line":306,"column":0},"end":{"line":306,"column":34}},"306":{"start":{"line":307,"column":0},"end":{"line":307,"column":46}},"309":{"start":{"line":310,"column":0},"end":{"line":310,"column":86}},"310":{"start":{"line":311,"column":0},"end":{"line":311,"column":43}},"312":{"start":{"line":313,"column":0},"end":{"line":313,"column":53}},"313":{"start":{"line":314,"column":0},"end":{"line":314,"column":43}},"315":{"start":{"line":316,"column":0},"end":{"line":316,"column":10}},"316":{"start":{"line":317,"column":0},"end":{"line":317,"column":44}},"317":{"start":{"line":318,"column":0},"end":{"line":318,"column":16}},"318":{"start":{"line":319,"column":0},"end":{"line":319,"column":26}},"319":{"start":{"line":320,"column":0},"end":{"line":320,"column":77}},"320":{"start":{"line":321,"column":0},"end":{"line":321,"column":22}},"321":{"start":{"line":322,"column":0},"end":{"line":322,"column":6}},"322":{"start":{"line":323,"column":0},"end":{"line":323,"column":40}},"323":{"start":{"line":324,"column":0},"end":{"line":324,"column":4}},"324":{"start":{"line":325,"column":0},"end":{"line":325,"column":1}},"329":{"start":{"line":330,"column":0},"end":{"line":330,"column":24}},"330":{"start":{"line":331,"column":0},"end":{"line":331,"column":39}},"331":{"start":{"line":332,"column":0},"end":{"line":332,"column":87}},"332":{"start":{"line":333,"column":0},"end":{"line":333,"column":21}},"333":{"start":{"line":334,"column":0},"end":{"line":334,"column":38}},"335":{"start":{"line":336,"column":0},"end":{"line":336,"column":67}},"336":{"start":{"line":337,"column":0},"end":{"line":337,"column":54}},"338":{"start":{"line":339,"column":0},"end":{"line":339,"column":40}},"339":{"start":{"line":340,"column":0},"end":{"line":340,"column":39}},"341":{"start":{"line":342,"column":0},"end":{"line":342,"column":23}},"342":{"start":{"line":343,"column":0},"end":{"line":343,"column":77}},"343":{"start":{"line":344,"column":0},"end":{"line":344,"column":40}},"345":{"start":{"line":346,"column":0},"end":{"line":346,"column":61}},"346":{"start":{"line":347,"column":0},"end":{"line":347,"column":31}},"347":{"start":{"line":348,"column":0},"end":{"line":348,"column":97}},"348":{"start":{"line":349,"column":0},"end":{"line":349,"column":26}},"349":{"start":{"line":350,"column":0},"end":{"line":350,"column":10}},"350":{"start":{"line":351,"column":0},"end":{"line":351,"column":7}},"351":{"start":{"line":352,"column":0},"end":{"line":352,"column":5}},"353":{"start":{"line":354,"column":0},"end":{"line":354,"column":17}},"354":{"start":{"line":355,"column":0},"end":{"line":355,"column":17}},"355":{"start":{"line":356,"column":0},"end":{"line":356,"column":18}},"356":{"start":{"line":357,"column":0},"end":{"line":357,"column":13}},"357":{"start":{"line":358,"column":0},"end":{"line":358,"column":35}},"358":{"start":{"line":359,"column":0},"end":{"line":359,"column":7}},"359":{"start":{"line":360,"column":0},"end":{"line":360,"column":3}},"361":{"start":{"line":362,"column":0},"end":{"line":362,"column":16}},"362":{"start":{"line":363,"column":0},"end":{"line":363,"column":1}},"367":{"start":{"line":368,"column":0},"end":{"line":368,"column":111}},"368":{"start":{"line":369,"column":0},"end":{"line":369,"column":27}},"369":{"start":{"line":370,"column":0},"end":{"line":370,"column":51}},"370":{"start":{"line":371,"column":0},"end":{"line":371,"column":1}},"375":{"start":{"line":376,"column":0},"end":{"line":376,"column":82}},"376":{"start":{"line":377,"column":0},"end":{"line":377,"column":75}},"377":{"start":{"line":378,"column":0},"end":{"line":378,"column":1}},"383":{"start":{"line":384,"column":0},"end":{"line":384,"column":53}},"384":{"start":{"line":385,"column":0},"end":{"line":385,"column":60}},"385":{"start":{"line":386,"column":0},"end":{"line":386,"column":33}},"386":{"start":{"line":387,"column":0},"end":{"line":387,"column":1}},"392":{"start":{"line":393,"column":0},"end":{"line":393,"column":23}},"393":{"start":{"line":394,"column":0},"end":{"line":394,"column":61}},"394":{"start":{"line":395,"column":0},"end":{"line":395,"column":88}},"395":{"start":{"line":396,"column":0},"end":{"line":396,"column":34}},"396":{"start":{"line":397,"column":0},"end":{"line":397,"column":15}},"398":{"start":{"line":399,"column":0},"end":{"line":399,"column":34}},"399":{"start":{"line":400,"column":0},"end":{"line":400,"column":48}},"400":{"start":{"line":401,"column":0},"end":{"line":401,"column":38}},"402":{"start":{"line":403,"column":0},"end":{"line":403,"column":33}},"403":{"start":{"line":404,"column":0},"end":{"line":404,"column":83}},"404":{"start":{"line":405,"column":0},"end":{"line":405,"column":7}},"405":{"start":{"line":406,"column":0},"end":{"line":406,"column":27}},"407":{"start":{"line":408,"column":0},"end":{"line":408,"column":57}},"408":{"start":{"line":409,"column":0},"end":{"line":409,"column":29}},"409":{"start":{"line":410,"column":0},"end":{"line":410,"column":74}},"410":{"start":{"line":411,"column":0},"end":{"line":411,"column":7}},"411":{"start":{"line":412,"column":0},"end":{"line":412,"column":5}},"413":{"start":{"line":414,"column":0},"end":{"line":414,"column":30}},"414":{"start":{"line":415,"column":0},"end":{"line":415,"column":3}},"416":{"start":{"line":417,"column":0},"end":{"line":417,"column":32}},"418":{"start":{"line":419,"column":0},"end":{"line":419,"column":55}},"419":{"start":{"line":420,"column":0},"end":{"line":420,"column":66}},"420":{"start":{"line":421,"column":0},"end":{"line":421,"column":51}},"421":{"start":{"line":422,"column":0},"end":{"line":422,"column":45}},"422":{"start":{"line":423,"column":0},"end":{"line":423,"column":68}},"423":{"start":{"line":424,"column":0},"end":{"line":424,"column":68}},"424":{"start":{"line":425,"column":0},"end":{"line":425,"column":74}},"425":{"start":{"line":426,"column":0},"end":{"line":426,"column":74}},"426":{"start":{"line":427,"column":0},"end":{"line":427,"column":54}},"427":{"start":{"line":428,"column":0},"end":{"line":428,"column":57}},"429":{"start":{"line":430,"column":0},"end":{"line":430,"column":26}},"430":{"start":{"line":431,"column":0},"end":{"line":431,"column":27}},"431":{"start":{"line":432,"column":0},"end":{"line":432,"column":67}},"432":{"start":{"line":433,"column":0},"end":{"line":433,"column":46}},"433":{"start":{"line":434,"column":0},"end":{"line":434,"column":67}},"434":{"start":{"line":435,"column":0},"end":{"line":435,"column":25}},"435":{"start":{"line":436,"column":0},"end":{"line":436,"column":24}},"436":{"start":{"line":437,"column":0},"end":{"line":437,"column":8}},"437":{"start":{"line":438,"column":0},"end":{"line":438,"column":5}},"438":{"start":{"line":439,"column":0},"end":{"line":439,"column":3}},"441":{"start":{"line":442,"column":0},"end":{"line":442,"column":42}},"442":{"start":{"line":443,"column":0},"end":{"line":443,"column":33}},"443":{"start":{"line":444,"column":0},"end":{"line":444,"column":73}},"444":{"start":{"line":445,"column":0},"end":{"line":445,"column":23}},"445":{"start":{"line":446,"column":0},"end":{"line":446,"column":22}},"446":{"start":{"line":447,"column":0},"end":{"line":447,"column":6}},"447":{"start":{"line":448,"column":0},"end":{"line":448,"column":3}},"449":{"start":{"line":450,"column":0},"end":{"line":450,"column":50}},"450":{"start":{"line":451,"column":0},"end":{"line":451,"column":59}},"451":{"start":{"line":452,"column":0},"end":{"line":452,"column":64}},"452":{"start":{"line":453,"column":0},"end":{"line":453,"column":12}},"453":{"start":{"line":454,"column":0},"end":{"line":454,"column":50}},"454":{"start":{"line":455,"column":0},"end":{"line":455,"column":90}},"455":{"start":{"line":456,"column":0},"end":{"line":456,"column":25}},"456":{"start":{"line":457,"column":0},"end":{"line":457,"column":24}},"457":{"start":{"line":458,"column":0},"end":{"line":458,"column":8}},"458":{"start":{"line":459,"column":0},"end":{"line":459,"column":5}},"459":{"start":{"line":460,"column":0},"end":{"line":460,"column":3}},"461":{"start":{"line":462,"column":0},"end":{"line":462,"column":16}},"462":{"start":{"line":463,"column":0},"end":{"line":463,"column":1}}},"s":{"82":21,"83":21,"85":21,"86":20,"87":20,"88":1,"89":1,"90":19,"91":21,"92":1,"93":1,"94":1,"95":0,"96":0,"97":1,"98":1,"99":1,"100":1,"102":20,"103":20,"108":20,"109":20,"110":20,"111":20,"112":20,"114":20,"115":20,"116":20,"117":20,"118":20,"119":20,"120":20,"121":20,"122":20,"127":20,"128":20,"129":20,"131":20,"132":0,"133":0,"134":0,"135":0,"136":0,"138":20,"139":20,"144":0,"145":0,"146":0,"147":0,"149":0,"150":0,"151":0,"152":0,"153":0,"154":0,"155":0,"156":0,"157":0,"158":0,"159":0,"160":0,"161":0,"162":0,"163":0,"164":0,"165":0,"166":0,"167":0,"168":0,"169":0,"170":0,"171":0,"172":0,"173":0,"174":0,"175":0,"176":0,"177":0,"178":0,"179":0,"180":0,"181":0,"182":0,"183":0,"184":0,"185":0,"187":0,"188":0,"193":20,"194":20,"195":19,"196":19,"197":1,"198":1,"203":20,"204":20,"205":20,"207":20,"208":1,"209":3,"210":3,"211":1,"213":20,"214":20,"219":20,"220":20,"221":20,"222":20,"224":20,"226":20,"227":34,"229":34,"230":170,"231":170,"233":36,"234":36,"235":36,"236":34,"238":20,"239":20,"244":36,"245":36,"246":36,"247":36,"248":36,"249":36,"250":36,"252":36,"253":36,"254":36,"255":36,"256":36,"257":36,"258":36,"259":36,"260":36,"261":36,"262":36,"263":36,"264":36,"269":1,"271":1,"272":1,"273":1,"274":1,"275":1,"277":1,"278":1,"283":36,"284":36,"285":36,"286":36,"287":36,"288":13,"289":13,"290":13,"291":13,"292":13,"293":13,"294":13,"295":13,"296":36,"297":36,"302":36,"303":36,"304":36,"305":36,"306":36,"309":8,"310":0,"312":36,"313":36,"315":8,"316":36,"317":36,"318":36,"319":36,"320":36,"321":36,"322":36,"323":36,"324":36,"329":36,"330":36,"331":36,"332":36,"333":36,"335":36,"336":36,"338":36,"339":36,"341":36,"342":28,"343":0,"345":28,"346":28,"347":28,"348":28,"349":28,"350":28,"351":28,"353":36,"354":36,"355":36,"356":36,"357":36,"358":36,"359":36,"361":36,"362":36,"367":36,"368":36,"369":1,"370":1,"375":145,"376":145,"377":145,"383":5,"384":5,"385":5,"386":5,"392":145,"393":145,"394":145,"395":145,"396":145,"398":145,"399":5,"400":5,"402":5,"403":0,"404":0,"405":5,"407":5,"408":5,"409":5,"410":5,"411":5,"413":0,"414":0,"416":140,"418":140,"419":145,"420":145,"421":145,"422":145,"423":145,"424":145,"425":145,"426":145,"427":145,"429":145,"430":36,"431":36,"432":85,"433":85,"434":85,"435":85,"436":85,"437":85,"438":36,"441":145,"442":2,"443":2,"444":2,"445":2,"446":2,"447":2,"449":145,"450":2,"451":1,"452":1,"453":1,"454":1,"455":1,"456":1,"457":1,"458":1,"459":2,"461":140,"462":140},"branchMap":{"0":{"type":"branch","line":83,"loc":{"start":{"line":83,"column":0},"end":{"line":104,"column":1}},"locations":[{"start":{"line":83,"column":0},"end":{"line":104,"column":1}}]},"1":{"type":"branch","line":86,"loc":{"start":{"line":86,"column":33},"end":{"line":86,"column":69}},"locations":[{"start":{"line":86,"column":33},"end":{"line":86,"column":69}}]},"2":{"type":"branch","line":86,"loc":{"start":{"line":86,"column":69},"end":{"line":92,"column":9}},"locations":[{"start":{"line":86,"column":69},"end":{"line":92,"column":9}}]},"3":{"type":"branch","line":88,"loc":{"start":{"line":88,"column":22},"end":{"line":90,"column":5}},"locations":[{"start":{"line":88,"column":22},"end":{"line":90,"column":5}}]},"4":{"type":"branch","line":90,"loc":{"start":{"line":90,"column":4},"end":{"line":92,"column":9}},"locations":[{"start":{"line":90,"column":4},"end":{"line":92,"column":9}}]},"5":{"type":"branch","line":92,"loc":{"start":{"line":92,"column":2},"end":{"line":101,"column":3}},"locations":[{"start":{"line":92,"column":2},"end":{"line":101,"column":3}}]},"6":{"type":"branch","line":95,"loc":{"start":{"line":95,"column":61},"end":{"line":98,"column":11}},"locations":[{"start":{"line":95,"column":61},"end":{"line":98,"column":11}}]},"7":{"type":"branch","line":101,"loc":{"start":{"line":101,"column":2},"end":{"line":104,"column":1}},"locations":[{"start":{"line":101,"column":2},"end":{"line":104,"column":1}}]},"8":{"type":"branch","line":109,"loc":{"start":{"line":109,"column":0},"end":{"line":123,"column":1}},"locations":[{"start":{"line":109,"column":0},"end":{"line":123,"column":1}}]},"9":{"type":"branch","line":128,"loc":{"start":{"line":128,"column":0},"end":{"line":140,"column":1}},"locations":[{"start":{"line":128,"column":0},"end":{"line":140,"column":1}}]},"10":{"type":"branch","line":130,"loc":{"start":{"line":130,"column":40},"end":{"line":130,"column":68}},"locations":[{"start":{"line":130,"column":40},"end":{"line":130,"column":68}}]},"11":{"type":"branch","line":132,"loc":{"start":{"line":132,"column":32},"end":{"line":137,"column":3}},"locations":[{"start":{"line":132,"column":32},"end":{"line":137,"column":3}}]},"12":{"type":"branch","line":194,"loc":{"start":{"line":194,"column":0},"end":{"line":199,"column":1}},"locations":[{"start":{"line":194,"column":0},"end":{"line":199,"column":1}}]},"13":{"type":"branch","line":195,"loc":{"start":{"line":195,"column":11},"end":{"line":195,"column":47}},"locations":[{"start":{"line":195,"column":11},"end":{"line":195,"column":47}}]},"14":{"type":"branch","line":195,"loc":{"start":{"line":195,"column":47},"end":{"line":197,"column":3}},"locations":[{"start":{"line":195,"column":47},"end":{"line":197,"column":3}}]},"15":{"type":"branch","line":197,"loc":{"start":{"line":197,"column":2},"end":{"line":199,"column":1}},"locations":[{"start":{"line":197,"column":2},"end":{"line":199,"column":1}}]},"16":{"type":"branch","line":204,"loc":{"start":{"line":204,"column":0},"end":{"line":215,"column":1}},"locations":[{"start":{"line":204,"column":0},"end":{"line":215,"column":1}}]},"17":{"type":"branch","line":206,"loc":{"start":{"line":206,"column":32},"end":{"line":206,"column":134}},"locations":[{"start":{"line":206,"column":32},"end":{"line":206,"column":134}}]},"18":{"type":"branch","line":208,"loc":{"start":{"line":208,"column":24},"end":{"line":212,"column":3}},"locations":[{"start":{"line":208,"column":24},"end":{"line":212,"column":3}}]},"19":{"type":"branch","line":209,"loc":{"start":{"line":209,"column":67},"end":{"line":211,"column":5}},"locations":[{"start":{"line":209,"column":67},"end":{"line":211,"column":5}}]},"20":{"type":"branch","line":220,"loc":{"start":{"line":220,"column":0},"end":{"line":240,"column":1}},"locations":[{"start":{"line":220,"column":0},"end":{"line":240,"column":1}}]},"21":{"type":"branch","line":223,"loc":{"start":{"line":223,"column":32},"end":{"line":223,"column":134}},"locations":[{"start":{"line":223,"column":32},"end":{"line":223,"column":134}}]},"22":{"type":"branch","line":225,"loc":{"start":{"line":225,"column":19},"end":{"line":225,"column":36}},"locations":[{"start":{"line":225,"column":19},"end":{"line":225,"column":36}}]},"23":{"type":"branch","line":227,"loc":{"start":{"line":227,"column":61},"end":{"line":237,"column":3}},"locations":[{"start":{"line":227,"column":61},"end":{"line":237,"column":3}}]},"24":{"type":"branch","line":228,"loc":{"start":{"line":228,"column":19},"end":{"line":228,"column":28}},"locations":[{"start":{"line":228,"column":19},"end":{"line":228,"column":28}}]},"25":{"type":"branch","line":230,"loc":{"start":{"line":230,"column":34},"end":{"line":236,"column":5}},"locations":[{"start":{"line":230,"column":34},"end":{"line":236,"column":5}}]},"26":{"type":"branch","line":232,"loc":{"start":{"line":232,"column":22},"end":{"line":232,"column":31}},"locations":[{"start":{"line":232,"column":22},"end":{"line":232,"column":31}}]},"27":{"type":"branch","line":232,"loc":{"start":{"line":232,"column":22},"end":{"line":236,"column":5}},"locations":[{"start":{"line":232,"column":22},"end":{"line":236,"column":5}}]},"28":{"type":"branch","line":245,"loc":{"start":{"line":245,"column":0},"end":{"line":265,"column":1}},"locations":[{"start":{"line":245,"column":0},"end":{"line":265,"column":1}}]},"29":{"type":"branch","line":251,"loc":{"start":{"line":251,"column":32},"end":{"line":251,"column":81}},"locations":[{"start":{"line":251,"column":32},"end":{"line":251,"column":81}}]},"30":{"type":"branch","line":259,"loc":{"start":{"line":259,"column":20},"end":{"line":259,"column":31}},"locations":[{"start":{"line":259,"column":20},"end":{"line":259,"column":31}}]},"31":{"type":"branch","line":260,"loc":{"start":{"line":260,"column":42},"end":{"line":260,"column":91}},"locations":[{"start":{"line":260,"column":42},"end":{"line":260,"column":91}}]},"32":{"type":"branch","line":270,"loc":{"start":{"line":270,"column":0},"end":{"line":279,"column":1}},"locations":[{"start":{"line":270,"column":0},"end":{"line":279,"column":1}}]},"33":{"type":"branch","line":284,"loc":{"start":{"line":284,"column":0},"end":{"line":298,"column":1}},"locations":[{"start":{"line":284,"column":0},"end":{"line":298,"column":1}}]},"34":{"type":"branch","line":288,"loc":{"start":{"line":288,"column":24},"end":{"line":297,"column":4}},"locations":[{"start":{"line":288,"column":24},"end":{"line":297,"column":4}}]},"35":{"type":"branch","line":291,"loc":{"start":{"line":291,"column":20},"end":{"line":291,"column":38}},"locations":[{"start":{"line":291,"column":20},"end":{"line":291,"column":38}}]},"36":{"type":"branch","line":293,"loc":{"start":{"line":293,"column":12},"end":{"line":293,"column":95}},"locations":[{"start":{"line":293,"column":12},"end":{"line":293,"column":95}}]},"37":{"type":"branch","line":303,"loc":{"start":{"line":303,"column":0},"end":{"line":325,"column":1}},"locations":[{"start":{"line":303,"column":0},"end":{"line":325,"column":1}}]},"38":{"type":"branch","line":307,"loc":{"start":{"line":307,"column":7},"end":{"line":307,"column":29}},"locations":[{"start":{"line":307,"column":7},"end":{"line":307,"column":29}}]},"39":{"type":"branch","line":307,"loc":{"start":{"line":307,"column":29},"end":{"line":307,"column":46}},"locations":[{"start":{"line":307,"column":29},"end":{"line":307,"column":46}}]},"40":{"type":"branch","line":307,"loc":{"start":{"line":307,"column":36},"end":{"line":310,"column":86}},"locations":[{"start":{"line":307,"column":36},"end":{"line":310,"column":86}}]},"41":{"type":"branch","line":310,"loc":{"start":{"line":310,"column":85},"end":{"line":311,"column":43}},"locations":[{"start":{"line":310,"column":85},"end":{"line":311,"column":43}}]},"42":{"type":"branch","line":314,"loc":{"start":{"line":314,"column":7},"end":{"line":314,"column":26}},"locations":[{"start":{"line":314,"column":7},"end":{"line":314,"column":26}}]},"43":{"type":"branch","line":314,"loc":{"start":{"line":314,"column":26},"end":{"line":314,"column":43}},"locations":[{"start":{"line":314,"column":26},"end":{"line":314,"column":43}}]},"44":{"type":"branch","line":314,"loc":{"start":{"line":314,"column":33},"end":{"line":317,"column":38}},"locations":[{"start":{"line":314,"column":33},"end":{"line":317,"column":38}}]},"45":{"type":"branch","line":317,"loc":{"start":{"line":317,"column":26},"end":{"line":317,"column":44}},"locations":[{"start":{"line":317,"column":26},"end":{"line":317,"column":44}}]},"46":{"type":"branch","line":310,"loc":{"start":{"line":310,"column":60},"end":{"line":310,"column":85}},"locations":[{"start":{"line":310,"column":60},"end":{"line":310,"column":85}}]},"47":{"type":"branch","line":330,"loc":{"start":{"line":330,"column":0},"end":{"line":363,"column":1}},"locations":[{"start":{"line":330,"column":0},"end":{"line":363,"column":1}}]},"48":{"type":"branch","line":342,"loc":{"start":{"line":342,"column":22},"end":{"line":352,"column":5}},"locations":[{"start":{"line":342,"column":22},"end":{"line":352,"column":5}}]},"49":{"type":"branch","line":343,"loc":{"start":{"line":343,"column":76},"end":{"line":344,"column":40}},"locations":[{"start":{"line":343,"column":76},"end":{"line":344,"column":40}}]},"50":{"type":"branch","line":343,"loc":{"start":{"line":343,"column":51},"end":{"line":343,"column":76}},"locations":[{"start":{"line":343,"column":51},"end":{"line":343,"column":76}}]},"51":{"type":"branch","line":368,"loc":{"start":{"line":368,"column":0},"end":{"line":371,"column":1}},"locations":[{"start":{"line":368,"column":0},"end":{"line":371,"column":1}}]},"52":{"type":"branch","line":369,"loc":{"start":{"line":369,"column":17},"end":{"line":369,"column":27}},"locations":[{"start":{"line":369,"column":17},"end":{"line":369,"column":27}}]},"53":{"type":"branch","line":369,"loc":{"start":{"line":369,"column":25},"end":{"line":371,"column":1}},"locations":[{"start":{"line":369,"column":25},"end":{"line":371,"column":1}}]},"54":{"type":"branch","line":370,"loc":{"start":{"line":370,"column":26},"end":{"line":370,"column":49}},"locations":[{"start":{"line":370,"column":26},"end":{"line":370,"column":49}}]},"55":{"type":"branch","line":376,"loc":{"start":{"line":376,"column":0},"end":{"line":378,"column":1}},"locations":[{"start":{"line":376,"column":0},"end":{"line":378,"column":1}}]},"56":{"type":"branch","line":384,"loc":{"start":{"line":384,"column":0},"end":{"line":387,"column":1}},"locations":[{"start":{"line":384,"column":0},"end":{"line":387,"column":1}}]},"57":{"type":"branch","line":386,"loc":{"start":{"line":386,"column":24},"end":{"line":386,"column":33}},"locations":[{"start":{"line":386,"column":24},"end":{"line":386,"column":33}}]},"58":{"type":"branch","line":393,"loc":{"start":{"line":393,"column":0},"end":{"line":463,"column":1}},"locations":[{"start":{"line":393,"column":0},"end":{"line":463,"column":1}}]},"59":{"type":"branch","line":399,"loc":{"start":{"line":399,"column":33},"end":{"line":415,"column":3}},"locations":[{"start":{"line":399,"column":33},"end":{"line":415,"column":3}}]},"60":{"type":"branch","line":403,"loc":{"start":{"line":403,"column":32},"end":{"line":405,"column":7}},"locations":[{"start":{"line":403,"column":32},"end":{"line":405,"column":7}}]},"61":{"type":"branch","line":412,"loc":{"start":{"line":412,"column":4},"end":{"line":415,"column":3}},"locations":[{"start":{"line":412,"column":4},"end":{"line":415,"column":3}}]},"62":{"type":"branch","line":415,"loc":{"start":{"line":415,"column":2},"end":{"line":420,"column":33}},"locations":[{"start":{"line":415,"column":2},"end":{"line":420,"column":33}}]},"63":{"type":"branch","line":420,"loc":{"start":{"line":420,"column":26},"end":{"line":420,"column":66}},"locations":[{"start":{"line":420,"column":26},"end":{"line":420,"column":66}}]},"64":{"type":"branch","line":420,"loc":{"start":{"line":420,"column":54},"end":{"line":421,"column":28}},"locations":[{"start":{"line":420,"column":54},"end":{"line":421,"column":28}}]},"65":{"type":"branch","line":421,"loc":{"start":{"line":421,"column":21},"end":{"line":421,"column":51}},"locations":[{"start":{"line":421,"column":21},"end":{"line":421,"column":51}}]},"66":{"type":"branch","line":421,"loc":{"start":{"line":421,"column":44},"end":{"line":422,"column":26}},"locations":[{"start":{"line":421,"column":44},"end":{"line":422,"column":26}}]},"67":{"type":"branch","line":422,"loc":{"start":{"line":422,"column":19},"end":{"line":422,"column":45}},"locations":[{"start":{"line":422,"column":19},"end":{"line":422,"column":45}}]},"68":{"type":"branch","line":422,"loc":{"start":{"line":422,"column":40},"end":{"line":423,"column":43}},"locations":[{"start":{"line":422,"column":40},"end":{"line":423,"column":43}}]},"69":{"type":"branch","line":423,"loc":{"start":{"line":423,"column":36},"end":{"line":423,"column":68}},"locations":[{"start":{"line":423,"column":36},"end":{"line":423,"column":68}}]},"70":{"type":"branch","line":423,"loc":{"start":{"line":423,"column":60},"end":{"line":424,"column":43}},"locations":[{"start":{"line":423,"column":60},"end":{"line":424,"column":43}}]},"71":{"type":"branch","line":424,"loc":{"start":{"line":424,"column":36},"end":{"line":424,"column":68}},"locations":[{"start":{"line":424,"column":36},"end":{"line":424,"column":68}}]},"72":{"type":"branch","line":424,"loc":{"start":{"line":424,"column":60},"end":{"line":425,"column":45}},"locations":[{"start":{"line":424,"column":60},"end":{"line":425,"column":45}}]},"73":{"type":"branch","line":425,"loc":{"start":{"line":425,"column":38},"end":{"line":425,"column":74}},"locations":[{"start":{"line":425,"column":38},"end":{"line":425,"column":74}}]},"74":{"type":"branch","line":425,"loc":{"start":{"line":425,"column":64},"end":{"line":426,"column":45}},"locations":[{"start":{"line":425,"column":64},"end":{"line":426,"column":45}}]},"75":{"type":"branch","line":426,"loc":{"start":{"line":426,"column":38},"end":{"line":426,"column":74}},"locations":[{"start":{"line":426,"column":38},"end":{"line":426,"column":74}}]},"76":{"type":"branch","line":426,"loc":{"start":{"line":426,"column":64},"end":{"line":427,"column":29}},"locations":[{"start":{"line":426,"column":64},"end":{"line":427,"column":29}}]},"77":{"type":"branch","line":427,"loc":{"start":{"line":427,"column":22},"end":{"line":427,"column":54}},"locations":[{"start":{"line":427,"column":22},"end":{"line":427,"column":54}}]},"78":{"type":"branch","line":427,"loc":{"start":{"line":427,"column":46},"end":{"line":428,"column":30}},"locations":[{"start":{"line":427,"column":46},"end":{"line":428,"column":30}}]},"79":{"type":"branch","line":428,"loc":{"start":{"line":428,"column":23},"end":{"line":428,"column":57}},"locations":[{"start":{"line":428,"column":23},"end":{"line":428,"column":57}}]},"80":{"type":"branch","line":428,"loc":{"start":{"line":428,"column":48},"end":{"line":430,"column":25}},"locations":[{"start":{"line":428,"column":48},"end":{"line":430,"column":25}}]},"81":{"type":"branch","line":430,"loc":{"start":{"line":430,"column":25},"end":{"line":439,"column":3}},"locations":[{"start":{"line":430,"column":25},"end":{"line":439,"column":3}}]},"82":{"type":"branch","line":432,"loc":{"start":{"line":432,"column":66},"end":{"line":438,"column":5}},"locations":[{"start":{"line":432,"column":66},"end":{"line":438,"column":5}}]},"83":{"type":"branch","line":439,"loc":{"start":{"line":439,"column":2},"end":{"line":442,"column":27}},"locations":[{"start":{"line":439,"column":2},"end":{"line":442,"column":27}}]},"84":{"type":"branch","line":442,"loc":{"start":{"line":442,"column":17},"end":{"line":442,"column":41}},"locations":[{"start":{"line":442,"column":17},"end":{"line":442,"column":41}}]},"85":{"type":"branch","line":442,"loc":{"start":{"line":442,"column":41},"end":{"line":448,"column":3}},"locations":[{"start":{"line":442,"column":41},"end":{"line":448,"column":3}}]},"86":{"type":"branch","line":448,"loc":{"start":{"line":448,"column":2},"end":{"line":450,"column":49}},"locations":[{"start":{"line":448,"column":2},"end":{"line":450,"column":49}}]},"87":{"type":"branch","line":450,"loc":{"start":{"line":450,"column":49},"end":{"line":460,"column":3}},"locations":[{"start":{"line":450,"column":49},"end":{"line":460,"column":3}}]},"88":{"type":"branch","line":451,"loc":{"start":{"line":451,"column":58},"end":{"line":459,"column":5}},"locations":[{"start":{"line":451,"column":58},"end":{"line":459,"column":5}}]},"89":{"type":"branch","line":460,"loc":{"start":{"line":460,"column":2},"end":{"line":463,"column":1}},"locations":[{"start":{"line":460,"column":2},"end":{"line":463,"column":1}}]}},"b":{"0":[21],"1":[1],"2":[20],"3":[1],"4":[19],"5":[1],"6":[0],"7":[20],"8":[20],"9":[20],"10":[1],"11":[0],"12":[20],"13":[19],"14":[19],"15":[1],"16":[20],"17":[1],"18":[1],"19":[3],"20":[20],"21":[1],"22":[0],"23":[34],"24":[0],"25":[170],"26":[134],"27":[36],"28":[36],"29":[1],"30":[15],"31":[24],"32":[1],"33":[36],"34":[13],"35":[2],"36":[0],"37":[36],"38":[8],"39":[28],"40":[8],"41":[0],"42":[8],"43":[0],"44":[8],"45":[0],"46":[8],"47":[36],"48":[28],"49":[0],"50":[28],"51":[36],"52":[35],"53":[1],"54":[1],"55":[145],"56":[5],"57":[0],"58":[145],"59":[5],"60":[0],"61":[0],"62":[140],"63":[0],"64":[140],"65":[0],"66":[140],"67":[0],"68":[140],"69":[0],"70":[140],"71":[0],"72":[140],"73":[0],"74":[140],"75":[0],"76":[140],"77":[0],"78":[140],"79":[15],"80":[140],"81":[36],"82":[85],"83":[140],"84":[2],"85":[2],"86":[140],"87":[2],"88":[1],"89":[140]},"fnMap":{"0":{"name":"parseOpenApiSpec","decl":{"start":{"line":83,"column":0},"end":{"line":104,"column":1}},"loc":{"start":{"line":83,"column":0},"end":{"line":104,"column":1}},"line":83},"1":{"name":"parseDocument","decl":{"start":{"line":109,"column":0},"end":{"line":123,"column":1}},"loc":{"start":{"line":109,"column":0},"end":{"line":123,"column":1}},"line":109},"2":{"name":"extractSecuritySchemes","decl":{"start":{"line":128,"column":0},"end":{"line":140,"column":1}},"loc":{"start":{"line":128,"column":0},"end":{"line":140,"column":1}},"line":128},"3":{"name":"convertSecurityScheme","decl":{"start":{"line":145,"column":0},"end":{"line":189,"column":1}},"loc":{"start":{"line":145,"column":0},"end":{"line":189,"column":1}},"line":145},"4":{"name":"getBaseUrl","decl":{"start":{"line":194,"column":0},"end":{"line":199,"column":1}},"loc":{"start":{"line":194,"column":0},"end":{"line":199,"column":1}},"line":194},"5":{"name":"extractSchemas","decl":{"start":{"line":204,"column":0},"end":{"line":215,"column":1}},"loc":{"start":{"line":204,"column":0},"end":{"line":215,"column":1}},"line":204},"6":{"name":"extractEndpoints","decl":{"start":{"line":220,"column":0},"end":{"line":240,"column":1}},"loc":{"start":{"line":220,"column":0},"end":{"line":240,"column":1}},"line":220},"7":{"name":"parseOperation","decl":{"start":{"line":245,"column":0},"end":{"line":265,"column":1}},"loc":{"start":{"line":245,"column":0},"end":{"line":265,"column":1}},"line":245},"8":{"name":"generateOperationId","decl":{"start":{"line":270,"column":0},"end":{"line":279,"column":1}},"loc":{"start":{"line":270,"column":0},"end":{"line":279,"column":1}},"line":270},"9":{"name":"parseParameters","decl":{"start":{"line":284,"column":0},"end":{"line":298,"column":1}},"loc":{"start":{"line":284,"column":0},"end":{"line":298,"column":1}},"line":284},"10":{"name":"parseRequestBody","decl":{"start":{"line":303,"column":0},"end":{"line":325,"column":1}},"loc":{"start":{"line":303,"column":0},"end":{"line":325,"column":1}},"line":303},"11":{"name":"parseResponses","decl":{"start":{"line":330,"column":0},"end":{"line":363,"column":1}},"loc":{"start":{"line":330,"column":0},"end":{"line":363,"column":1}},"line":330},"12":{"name":"extractOperationSecurityNames","decl":{"start":{"line":368,"column":0},"end":{"line":371,"column":1}},"loc":{"start":{"line":368,"column":0},"end":{"line":371,"column":1}},"line":368},"13":{"name":"isReferenceObject","decl":{"start":{"line":376,"column":0},"end":{"line":378,"column":1}},"loc":{"start":{"line":376,"column":0},"end":{"line":378,"column":1}},"line":376},"14":{"name":"resolveRefName","decl":{"start":{"line":384,"column":0},"end":{"line":387,"column":1}},"loc":{"start":{"line":384,"column":0},"end":{"line":387,"column":1}},"line":384},"15":{"name":"convertSchema","decl":{"start":{"line":393,"column":0},"end":{"line":463,"column":1}},"loc":{"start":{"line":393,"column":0},"end":{"line":463,"column":1}},"line":393}},"f":{"0":21,"1":20,"2":20,"3":0,"4":20,"5":20,"6":20,"7":36,"8":1,"9":36,"10":36,"11":36,"12":36,"13":145,"14":5,"15":145}}
,"/Users/darren/dev/workflow/packages/workflow-cli/src/commands/check-changes.ts": {"path":"/Users/darren/dev/workflow/packages/workflow-cli/src/commands/check-changes.ts","all":false,"statementMap":{"0":{"start":{"line":1,"column":0},"end":{"line":1,"column":3}},"41":{"start":{"line":42,"column":0},"end":{"line":42,"column":42}},"42":{"start":{"line":43,"column":0},"end":{"line":43,"column":30}},"43":{"start":{"line":44,"column":0},"end":{"line":44,"column":32}},"44":{"start":{"line":45,"column":0},"end":{"line":45,"column":83}},"47":{"start":{"line":48,"column":0},"end":{"line":48,"column":45}},"48":{"start":{"line":49,"column":0},"end":{"line":49,"column":45}},"51":{"start":{"line":52,"column":0},"end":{"line":52,"column":50}},"52":{"start":{"line":53,"column":0},"end":{"line":53,"column":45}},"55":{"start":{"line":56,"column":0},"end":{"line":56,"column":19}},"56":{"start":{"line":57,"column":0},"end":{"line":57,"column":17}},"57":{"start":{"line":58,"column":0},"end":{"line":58,"column":17}},"58":{"start":{"line":59,"column":0},"end":{"line":59,"column":3}},"61":{"start":{"line":62,"column":0},"end":{"line":62,"column":43}},"62":{"start":{"line":63,"column":0},"end":{"line":63,"column":40}},"63":{"start":{"line":64,"column":0},"end":{"line":64,"column":17}},"64":{"start":{"line":65,"column":0},"end":{"line":65,"column":60}},"65":{"start":{"line":66,"column":0},"end":{"line":66,"column":76}},"66":{"start":{"line":67,"column":0},"end":{"line":67,"column":3}},"69":{"start":{"line":70,"column":0},"end":{"line":70,"column":43}},"70":{"start":{"line":71,"column":0},"end":{"line":71,"column":44}},"71":{"start":{"line":72,"column":0},"end":{"line":72,"column":51}},"72":{"start":{"line":73,"column":0},"end":{"line":73,"column":79}},"73":{"start":{"line":74,"column":0},"end":{"line":74,"column":3}},"75":{"start":{"line":76,"column":0},"end":{"line":76,"column":10}},"76":{"start":{"line":77,"column":0},"end":{"line":77,"column":35}},"77":{"start":{"line":78,"column":0},"end":{"line":78,"column":13}},"78":{"start":{"line":79,"column":0},"end":{"line":79,"column":13}},"79":{"start":{"line":80,"column":0},"end":{"line":80,"column":12}},"80":{"start":{"line":81,"column":0},"end":{"line":81,"column":12}},"81":{"start":{"line":82,"column":0},"end":{"line":82,"column":12}},"82":{"start":{"line":83,"column":0},"end":{"line":83,"column":21}},"83":{"start":{"line":84,"column":0},"end":{"line":84,"column":11}},"84":{"start":{"line":85,"column":0},"end":{"line":85,"column":13}},"85":{"start":{"line":86,"column":0},"end":{"line":86,"column":4}},"86":{"start":{"line":87,"column":0},"end":{"line":87,"column":1}}},"s":{"0":1,"41":5,"42":5,"43":5,"44":5,"47":5,"48":5,"51":5,"52":5,"55":5,"56":5,"57":3,"58":3,"61":5,"62":5,"63":5,"64":3,"65":3,"66":3,"69":5,"70":5,"71":2,"72":2,"73":2,"75":5,"76":5,"77":5,"78":5,"79":5,"80":5,"81":5,"82":5,"83":5,"84":5,"85":5,"86":5},"branchMap":{"0":{"type":"branch","line":42,"loc":{"start":{"line":42,"column":0},"end":{"line":87,"column":1}},"locations":[{"start":{"line":42,"column":0},"end":{"line":87,"column":1}}]},"1":{"type":"branch","line":57,"loc":{"start":{"line":57,"column":16},"end":{"line":59,"column":3}},"locations":[{"start":{"line":57,"column":16},"end":{"line":59,"column":3}}]},"2":{"type":"branch","line":64,"loc":{"start":{"line":64,"column":16},"end":{"line":67,"column":3}},"locations":[{"start":{"line":64,"column":16},"end":{"line":67,"column":3}}]},"3":{"type":"branch","line":71,"loc":{"start":{"line":71,"column":6},"end":{"line":71,"column":43}},"locations":[{"start":{"line":71,"column":6},"end":{"line":71,"column":43}}]},"4":{"type":"branch","line":71,"loc":{"start":{"line":71,"column":43},"end":{"line":74,"column":3}},"locations":[{"start":{"line":71,"column":43},"end":{"line":74,"column":3}}]}},"b":{"0":[5],"1":[3],"2":[3],"3":[2],"4":[2]},"fnMap":{"0":{"name":"checkChangesCommand","decl":{"start":{"line":42,"column":0},"end":{"line":87,"column":1}},"loc":{"start":{"line":42,"column":0},"end":{"line":87,"column":1}},"line":42}},"f":{"0":5}}
,"/Users/darren/dev/workflow/packages/workflow-cli/src/commands/debug.ts": {"path":"/Users/darren/dev/workflow/packages/workflow-cli/src/commands/debug.ts","all":false,"statementMap":{"0":{"start":{"line":1,"column":0},"end":{"line":1,"column":3}},"53":{"start":{"line":54,"column":0},"end":{"line":54,"column":36}},"54":{"start":{"line":55,"column":0},"end":{"line":55,"column":23}},"55":{"start":{"line":56,"column":0},"end":{"line":56,"column":23}},"56":{"start":{"line":57,"column":0},"end":{"line":57,"column":32}},"57":{"start":{"line":58,"column":0},"end":{"line":58,"column":7}},"59":{"start":{"line":60,"column":0},"end":{"line":60,"column":61}},"60":{"start":{"line":61,"column":0},"end":{"line":61,"column":28}},"61":{"start":{"line":62,"column":0},"end":{"line":62,"column":11}},"62":{"start":{"line":63,"column":0},"end":{"line":63,"column":46}},"63":{"start":{"line":64,"column":0},"end":{"line":64,"column":15}},"64":{"start":{"line":65,"column":0},"end":{"line":65,"column":16}},"65":{"start":{"line":66,"column":0},"end":{"line":66,"column":25}},"66":{"start":{"line":67,"column":0},"end":{"line":67,"column":37}},"67":{"start":{"line":68,"column":0},"end":{"line":68,"column":10}},"68":{"start":{"line":69,"column":0},"end":{"line":69,"column":7}},"69":{"start":{"line":70,"column":0},"end":{"line":70,"column":5}},"72":{"start":{"line":73,"column":0},"end":{"line":73,"column":54}},"75":{"start":{"line":76,"column":0},"end":{"line":76,"column":35}},"76":{"start":{"line":77,"column":0},"end":{"line":77,"column":55}},"77":{"start":{"line":78,"column":0},"end":{"line":78,"column":11}},"80":{"start":{"line":81,"column":0},"end":{"line":81,"column":37}},"83":{"start":{"line":84,"column":0},"end":{"line":84,"column":30}},"84":{"start":{"line":85,"column":0},"end":{"line":85,"column":45}},"85":{"start":{"line":86,"column":0},"end":{"line":86,"column":36}},"86":{"start":{"line":87,"column":0},"end":{"line":87,"column":7}},"87":{"start":{"line":88,"column":0},"end":{"line":88,"column":5}},"90":{"start":{"line":91,"column":0},"end":{"line":91,"column":68}},"93":{"start":{"line":94,"column":0},"end":{"line":94,"column":35}},"95":{"start":{"line":96,"column":0},"end":{"line":96,"column":12}},"96":{"start":{"line":97,"column":0},"en
[...]
ine":35,"loc":{"start":{"line":35,"column":7},"end":{"line":56,"column":1}},"locations":[{"start":{"line":35,"column":7},"end":{"line":56,"column":1}}]},"1":{"type":"branch","line":39,"loc":{"start":{"line":39,"column":35},"end":{"line":39,"column":52}},"locations":[{"start":{"line":39,"column":35},"end":{"line":39,"column":52}}]},"2":{"type":"branch","line":40,"loc":{"start":{"line":40,"column":33},"end":{"line":40,"column":50}},"locations":[{"start":{"line":40,"column":33},"end":{"line":40,"column":50}}]},"3":{"type":"branch","line":41,"loc":{"start":{"line":41,"column":37},"end":{"line":41,"column":52}},"locations":[{"start":{"line":41,"column":37},"end":{"line":41,"column":52}}]},"4":{"type":"branch","line":46,"loc":{"start":{"line":46,"column":21},"end":{"line":46,"column":30}},"locations":[{"start":{"line":46,"column":21},"end":{"line":46,"column":30}}]},"5":{"type":"branch","line":50,"loc":{"start":{"line":50,"column":9},"end":{"line":50,"column":62}},"locations":[{"start":{"line":50,"column":9},"end":{"line":50,"column":62}}]},"6":{"type":"branch","line":50,"loc":{"start":{"line":50,"column":62},"end":{"line":52,"column":5}},"locations":[{"start":{"line":50,"column":62},"end":{"line":52,"column":5}}]},"7":{"type":"branch","line":53,"loc":{"start":{"line":53,"column":2},"end":{"line":56,"column":1}},"locations":[{"start":{"line":53,"column":2},"end":{"line":56,"column":1}}]},"8":{"type":"branch","line":62,"loc":{"start":{"line":62,"column":0},"end":{"line":94,"column":1}},"locations":[{"start":{"line":62,"column":0},"end":{"line":94,"column":1}}]},"9":{"type":"branch","line":67,"loc":{"start":{"line":67,"column":24},"end":{"line":67,"column":35}},"locations":[{"start":{"line":67,"column":24},"end":{"line":67,"column":35}}]},"10":{"type":"branch","line":67,"loc":{"start":{"line":67,"column":31},"end":{"line":70,"column":28}},"locations":[{"start":{"line":67,"column":31},"end":{"line":70,"column":28}}]},"11":{"type":"branch","line":70,"loc":{"start":{"line":70,"column":17},"end":{"line":70,"column":99}},"locations":[{"start":{"line":70,"column":17},"end":{"line":70,"column":99}}]},"12":{"type":"branch","line":70,"loc":{"start":{"line":70,"column":99},"end":{"line":72,"column":3}},"locations":[{"start":{"line":70,"column":99},"end":{"line":72,"column":3}}]},"13":{"type":"branch","line":72,"loc":{"start":{"line":72,"column":2},"end":{"line":75,"column":25}},"locations":[{"start":{"line":72,"column":2},"end":{"line":75,"column":25}}]},"14":{"type":"branch","line":75,"loc":{"start":{"line":75,"column":17},"end":{"line":75,"column":49}},"locations":[{"start":{"line":75,"column":17},"end":{"line":75,"column":49}}]},"15":{"type":"branch","line":75,"loc":{"start":{"line":75,"column":44},"end":{"line":75,"column":67}},"locations":[{"start":{"line":75,"column":44},"end":{"line":75,"column":67}}]},"16":{"type":"branch","line":75,"loc":{"start":{"line":75,"column":67},"end":{"line":77,"column":3}},"locations":[{"start":{"line":75,"column":67},"end":{"line":77,"column":3}}]},"17":{"type":"branch","line":77,"loc":{"start":{"line":77,"column":2},"end":{"line":80,"column":56}},"locations":[{"start":{"line":77,"column":2},"end":{"line":80,"column":56}}]},"18":{"type":"branch","line":80,"loc":{"start":{"line":80,"column":56},"end":{"line":82,"column":3}},"locations":[{"start":{"line":80,"column":56},"end":{"line":82,"column":3}}]},"19":{"type":"branch","line":82,"loc":{"start":{"line":82,"column":2},"end":{"line":86,"column":33}},"locations":[{"start":{"line":82,"column":2},"end":{"line":86,"column":33}}]},"20":{"type":"branch","line":86,"loc":{"start":{"line":86,"column":33},"end":{"line":90,"column":3}},"locations":[{"start":{"line":86,"column":33},"end":{"line":90,"column":3}}]},"21":{"type":"branch","line":87,"loc":{"start":{"line":87,"column":30},"end":{"line":87,"column":59}},"locations":[{"start":{"line":87,"column":30},"end":{"line":87,"column":59}}]},"22":{"type":"branch","line":87,"loc":{"start":{"line":87,"column":59},"end":{"line":89,"column":5}},"locations":[{"start":{"line":87,"column":59},"end":{"line":89,"column":5}}]},"23":{"type":"branch","line":90,"loc":{"start":{"line":90,"column":2},"end":{"line":94,"column":1}},"locations":[{"start":{"line":90,"column":2},"end":{"line":94,"column":1}}]},"24":{"type":"branch","line":100,"loc":{"start":{"line":100,"column":7},"end":{"line":147,"column":1}},"locations":[{"start":{"line":100,"column":7},"end":{"line":147,"column":1}}]},"25":{"type":"branch","line":104,"loc":{"start":{"line":104,"column":41},"end":{"line":104,"column":58}},"locations":[{"start":{"line":104,"column":41},"end":{"line":104,"column":58}}]},"26":{"type":"branch","line":105,"loc":{"start":{"line":105,"column":39},"end":{"line":105,"column":56}},"locations":[{"start":{"line":105,"column":39},"end":{"line":105,"column":56}}]},"27":{"type":"branch","line":106,"loc":{"start":{"line":106,"column":43},"end":{"line":106,"column":58}},"locations":[{"start":{"line":106,"column":43},"end":{"line":106,"column":58}}]},"28":{"type":"branch","line":115,"loc":{"start":{"line":115,"column":27},"end":{"line":115,"column":36}},"locations":[{"start":{"line":115,"column":27},"end":{"line":115,"column":36}}]},"29":{"type":"branch","line":133,"loc":{"start":{"line":133,"column":36},"end":{"line":137,"column":11}},"locations":[{"start":{"line":133,"column":36},"end":{"line":137,"column":11}}]},"30":{"type":"branch","line":137,"loc":{"start":{"line":137,"column":4},"end":{"line":139,"column":5}},"locations":[{"start":{"line":137,"column":4},"end":{"line":139,"column":5}}]},"31":{"type":"branch","line":119,"loc":{"start":{"line":119,"column":14},"end":{"line":120,"column":76}},"locations":[{"start":{"line":119,"column":14},"end":{"line":120,"column":76}}]},"32":{"type":"branch","line":120,"loc":{"start":{"line":120,"column":41},"end":{"line":120,"column":76}},"locations":[{"start":{"line":120,"column":41},"end":{"line":120,"column":76}}]},"33":{"type":"branch","line":122,"loc":{"start":{"line":122,"column":11},"end":{"line":126,"column":8}},"locations":[{"start":{"line":122,"column":11},"end":{"line":126,"column":8}}]},"34":{"type":"branch","line":127,"loc":{"start":{"line":127,"column":12},"end":{"line":127,"column":39}},"locations":[{"start":{"line":127,"column":12},"end":{"line":127,"column":39}}]},"35":{"type":"branch","line":131,"loc":{"start":{"line":131,"column":46},"end":{"line":131,"column":62}},"locations":[{"start":{"line":131,"column":46},"end":{"line":131,"column":62}}]},"36":{"type":"branch","line":153,"loc":{"start":{"line":153,"column":7},"end":{"line":183,"column":1}},"locations":[{"start":{"line":153,"column":7},"end":{"line":183,"column":1}}]},"37":{"type":"branch","line":157,"loc":{"start":{"line":157,"column":53},"end":{"line":159,"column":3}},"locations":[{"start":{"line":157,"column":53},"end":{"line":159,"column":3}}]},"38":{"type":"branch","line":165,"loc":{"start":{"line":165,"column":31},"end":{"line":177,"column":5}},"locations":[{"start":{"line":165,"column":31},"end":{"line":177,"column":5}}]},"39":{"type":"branch","line":166,"loc":{"start":{"line":166,"column":33},"end":{"line":176,"column":7}},"locations":[{"start":{"line":166,"column":33},"end":{"line":176,"column":7}}]},"40":{"type":"branch","line":167,"loc":{"start":{"line":167,"column":39},"end":{"line":175,"column":9}},"locations":[{"start":{"line":167,"column":39},"end":{"line":175,"column":9}}]},"41":{"type":"branch","line":167,"loc":{"start":{"line":167,"column":39},"end":{"line":170,"column":31}},"locations":[{"start":{"line":167,"column":39},"end":{"line":170,"column":31}}]},"42":{"type":"branch","line":167,"loc":{"start":{"line":167,"column":39},"end":{"line":167,"column":48}},"locations":[{"start":{"line":167,"column":39},"end":{"line":167,"column":48}}]},"43":{"type":"branch","line":167,"loc":{"start":{"line":167,"column":39},"end":{"line":170,"column":31}},"locations":[{"start":{"line":167,"column":39},"end":{"line":170,"column":31}}]},"44":{"type":"branch","line":170,"loc":{"start":{"line":170,"column":31},"end":{"line":175,"column":9}},"locations":[{"start":{"line":170,"column":31},"end":{"line":175,"column":9}}]}},"b":{"0":[3],"1":[0],"2":[0],"3":[0],"4":[0],"5":[2],"6":[2],"7":[1],"8":[24],"9":[1],"10":[23],"11":[8],"12":[4],"13":[19],"14":[9],"15":[5],"16":[5],"17":[14],"18":[0],"19":[14],"20":[112],"21":[12],"22":[0],"23":[14],"24":[23],"25":[0],"26":[0],"27":[0],"28":[0],"29":[9],"30":[14],"31":[36],"32":[24],"33":[24],"34":[17],"35":[24],"36":[6],"37":[0],"38":[14],"39":[34],"40":[32],"41":[28],"42":[14],"43":[20],"44":[7]},"fnMap":{"0":{"name":"isSchemaCompatible","decl":{"start":{"line":35,"column":7},"end":{"line":56,"column":1}},"loc":{"start":{"line":35,"column":7},"end":{"line":56,"column":1}},"line":35},"1":{"name":"fieldSimilarityScore","decl":{"start":{"line":62,"column":0},"end":{"line":94,"column":1}},"loc":{"start":{"line":62,"column":0},"end":{"line":94,"column":1}},"line":62},"2":{"name":"analyzeTaskCompatibility","decl":{"start":{"line":100,"column":7},"end":{"line":147,"column":1}},"loc":{"start":{"line":100,"column":7},"end":{"line":147,"column":1}},"line":100},"3":{"name":"findCompatibleChains","decl":{"start":{"line":153,"column":7},"end":{"line":183,"column":1}},"loc":{"start":{"line":153,"column":7},"end":{"line":183,"column":1}},"line":153}},"f":{"0":3,"1":24,"2":23,"3":6}}
,"/Users/darren/dev/workflow/packages/workflow-cli/src/workflow-generator/index.ts": {"path":"/Users/darren/dev/workflow/packages/workflow-cli/src/workflow-generator/index.ts","all":false,"statementMap":{"0":{"start":{"line":1,"column":0},"end":{"line":1,"column":3}}},"s":{"0":1},"branchMap":{},"b":{},"fnMap":{},"f":{}}
,"/Users/darren/dev/workflow/packages/workflow-cli/src/workflow-generator/permission-check-generator.ts": {"path":"/Users/darren/dev/workflow/packages/workflow-cli/src/workflow-generator/permission-check-generator.ts","all":false,"statementMap":{"17":{"start":{"line":18,"column":0},"end":{"line":18,"column":85}},"18":{"start":{"line":19,"column":0},"end":{"line":19,"column":10}},"19":{"start":{"line":20,"column":0},"end":{"line":20,"column":38}},"20":{"start":{"line":21,"column":0},"end":{"line":21,"column":29}},"21":{"start":{"line":22,"column":0},"end":{"line":22,"column":18}},"22":{"start":{"line":23,"column":0},"end":{"line":23,"column":12}},"23":{"start":{"line":24,"column":0},"end":{"line":24,"column":36}},"24":{"start":{"line":25,"column":0},"end":{"line":25,"column":45}},"25":{"start":{"line":26,"column":0},"end":{"line":26,"column":5}},"26":{"start":{"line":27,"column":0},"end":{"line":27,"column":4}},"27":{"start":{"line":28,"column":0},"end":{"line":28,"column":1}},"33":{"start":{"line":34,"column":0},"end":{"line":34,"column":38}},"34":{"start":{"line":35,"column":0},"end":{"line":35,"column":19}},"35":{"start":{"line":36,"column":0},"end":{"line":36,"column":25}},"36":{"start":{"line":37,"column":0},"end":{"line":37,"column":14}},"38":{"start":{"line":39,"column":0},"end":{"line":39,"column":51}},"39":{"start":{"line":40,"column":0},"end":{"line":40,"column":22}},"40":{"start":{"line":41,"column":0},"end":{"line":41,"column":14}},"41":{"start":{"line":42,"column":0},"end":{"line":42,"column":16}},"42":{"start":{"line":43,"column":0},"end":{"line":43,"column":59}},"43":{"start":{"line":44,"column":0},"end":{"line":44,"column":8}},"44":{"start":{"line":45,"column":0},"end":{"line":45,"column":5}},"45":{"start":{"line":46,"column":0},"end":{"line":46,"column":16}},"46":{"start":{"line":47,"column":0},"end":{"line":47,"column":5}},"49":{"start":{"line":50,"column":0},"end":{"line":50,"column":43}},"50":{"start":{"line":51,"column":0},"end":{"line":51,"column":1}}},"s":{"17":1,"18":3,"19":3,"20":3,"21":3,"22":3,"23":3,"24":3,"25":3,"26":3,"27":3,"33":1,"34":1,"35":1,"36":1,"38":1,"39":2,"40":1,"41":1,"42":1,"43":1,"44":1,"45":1,"46":1,"49":1,"50":1},"branchMap":{"0":{"type":"branch","line":18,"loc":{"start":{"line":18,"column":7},"end":{"line":28,"column":1}},"locations":[{"start":{"line":18,"column":7},"end":{"line":28,"column":1}}]},"1":{"type":"branch","line":34,"loc":{"start":{"line":34,"column":7},"end":{"line":51,"column":1}},"locations":[{"start":{"line":34,"column":7},"end":{"line":51,"column":1}}]},"2":{"type":"branch","line":39,"loc":{"start":{"line":39,"column":33},"end":{"line":47,"column":3}},"locations":[{"start":{"line":39,"column":33},"end":{"line":47,"column":3}}]},"3":{"type":"branch","line":40,"loc":{"start":{"line":40,"column":21},"end":{"line":46,"column":16}},"locations":[{"start":{"line":40,"column":21},"end":{"line":46,"column":16}}]}},"b":{"0":[3],"1":[1],"2":[2],"3":[1]},"fnMap":{"0":{"name":"generatePermissionCheckTask","decl":{"start":{"line":18,"column":7},"end":{"line":28,"column":1}},"loc":{"start":{"line":18,"column":7},"end":{"line":28,"column":1}},"line":18},"1":{"name":"insertPermissionCheck","decl":{"start":{"line":34,"column":7},"end":{"line":51,"column":1}},"loc":{"start":{"line":34,"column":7},"end":{"line":51,"column":1}},"line":34}},"f":{"0":3,"1":1}}
,"/Users/darren/dev/workflow/packages/workflow-cli/src/workflow-generator/workflow-scaffolder.ts": {"path":"/Users/darren/dev/workflow/packages/workflow-cli/src/workflow-generator/workflow-scaffolder.ts","all":false,"statementMap":{"37":{"start":{"line":38,"column":0},"end":{"line":38,"column":75}},"38":{"start":{"line":39,"column":0},"end":{"line":39,"column":41}},"39":{"start":{"line":40,"column":0},"end":{"line":40,"column":1}},"45":{"start":{"line":46,"column":0},"end":{"line":46,"column":63}},"46":{"start":{"line":47,"column":0},"end":{"line":47,"column":29}},"48":{"start":{"line":49,"column":0},"end":{"line":49,"column":48}},"49":{"start":{"line":50,"column":0},"end":{"line":50,"column":32}},"50":{"start":{"line":51,"column":0},"end":{"line":51,"column":51}},"51":{"start":{"line":52,"column":0},"end":{"line":52,"column":80}},"54":{"start":{"line":55,"column":0},"end":{"line":55,"column":45}},"55":{"start":{"line":56,"column":0},"end":{"line":56,"column":41}},"56":{"start":{"line":57,"column":0},"end":{"line":57,"column":52}},"58":{"start":{"line":59,"column":0},"end":{"line":59,"column":78}},"59":{"start":{"line":60,"column":0},"end":{"line":60,"column":7}},"60":{"start":{"line":61,"column":0},"end":{"line":61,"column":5}},"62":{"start":{"line":63,"column":0},"end":{"line":63,"column":15}},"63":{"start":{"line":64,"column":0},"end":{"line":64,"column":21}},"64":{"start":{"line":65,"column":0},"end":{"line":65,"column":25}},"65":{"start":{"line":66,"column":0},"end":{"line":66,"column":52}},"66":{"start":{"line":67,"column":0},"end":{"line":67,"column":11}},"67":{"start":{"line":68,"column":0},"end":{"line":68,"column":7}},"68":{"start":{"line":69,"column":0},"end":{"line":69,"column":3}},"70":{"start":{"line":71,"column":0},"end":{"line":71,"column":14}},"71":{"start":{"line":72,"column":0},"end":{"line":72,"column":1}},"77":{"start":{"line":78,"column":0},"end":{"line":78,"column":33}},"78":{"start":{"line":79,"column":0},"end":{"line":79,"column":19}},"79":{"start":{"line":80,"column":0},"end":{"line":80,"column":26}},"80":{"start":{"line":81,"column":0},"end":{"line":81,"column":21}},"81":{"start":{"line":82,"column":0},"end":{"line":82,"column":40}},"82":{"start":{"line":83,"column":0},"end":{"line":83,"column":35}},"83":{"start":{"line":84,"column":0},"end":{"line":84,"column":55}},"84":{"start":{"line":85,"column":0},"end":{"line":85,"column":70}},"87":{"start":{"line":88,"column":0},"end":{"line":88,"column":44}},"88":{"start":{"line":89,"column":0},"end":{"line":89,"column":61}},"89":{"start":{"line":90,"column":0},"end":{"line":90,"column":49}},"90":{"start":{"line":91,"column":0},"end":{"line":91,"column":63}},"91":{"start":{"line":92,"column":0},"end":{"line":92,"column":3}},"93":{"start":{"line":94,"column":0},"end":{"line":94,"column":10}},"94":{"start":{"line":95,"column":0},"end":{"line":95,"column":33}},"95":{"start":{"line":96,"column":0},"end":{"line":96,"column":21}},"96":{"start":{"line":97,"column":0},"end":{"line":97,"column":15}},"97":{"start":{"line":98,"column":0},"end":{"line":98,"column":32}},"98":{"start":{"line":99,"column":0},"end":{"line":99,"column":6}},"99":{"start":{"line":100,"column":0},"end":{"line":100,"column":11}},"100":{"start":{"line":101,"column":0},"end":{"line":101,"column":39}},"101":{"start":{"line":102,"column":0},"end":{"line":102,"column":35}},"102":{"start":{"line":103,"column":0},"end":{"line":103,"column":13}},"103":{"start":{"line":104,"column":0},"end":{"line":104,"column":11}},"104":{"start":{"line":105,"column":0},"end":{"line":105,"column":5}},"105":{"start":{"line":106,"column":0},"end":{"line":106,"column":4}},"106":{"start":{"line":107,"column":0},"end":{"line":107,"column":1}}},"s":{"37":35,"38":35,"39":35,"45":1,"46":10,"48":10,"49":19,"50":19,"51":19,"54":19,"55":19,"56":7,"58":7,"59":7,"60":7,"62":19,"63":19,"64":19,"65":19,"66":19,"67":19,"68":19,"70":10,"71":10,"77":1,"78":7,"79":7,"80":7,"81":7,"82":7,"83":7,"84":7,"87":7,"88":7,"89":7,"90":9,"91":9,"93":7,"94":7,"95":7,"96":7,"97":7,"98":7,"99":7,"100":7,"101":7,"102":7,"103":7,"104":7,"105":7,"106":7},"branchMap":{"0":{"type":"branch","line":38,"loc":{"start":{"line":38,"column":0},"end":{"line":40,"column":1}},"locations":[{"start":{"line":38,"column":0},"end":{"line":40,"column":1}}]},"1":{"type":"branch","line":46,"loc":{"start":{"line":46,"column":7},"end":{"line":72,"column":1}},"locations":[{"start":{"line":46,"column":7},"end":{"line":72,"column":1}}]},"2":{"type":"branch","line":49,"loc":{"start":{"line":49,"column":47},"end":{"line":69,"column":3}},"locations":[{"start":{"line":49,"column":47},"end":{"line":69,"column":3}}]},"3":{"type":"branch","line":52,"loc":{"start":{"line":52,"column":29},"end":{"line":52,"column":75}},"locations":[{"start":{"line":52,"column":29},"end":{"line":52,"column":75}}]},"4":{"type":"branch","line":52,"loc":{"start":{"line":52,"column":71},"end":{"line":52,"column":80}},"locations":[{"start":{"line":52,"column":71},"end":{"line":52,"column":80}}]},"5":{"type":"branch","line":56,"loc":{"start":{"line":56,"column":12},"end":{"line":56,"column":40}},"locations":[{"start":{"line":56,"column":12},"end":{"line":56,"column":40}}]},"6":{"type":"branch","line":56,"loc":{"start":{"line":56,"column":40},"end":{"line":61,"column":5}},"locations":[{"start":{"line":56,"column":40},"end":{"line":61,"column":5}}]},"7":{"type":"branch","line":66,"loc":{"start":{"line":66,"column":17},"end":{"line":66,"column":49}},"locations":[{"start":{"line":66,"column":17},"end":{"line":66,"column":49}}]},"8":{"type":"branch","line":66,"loc":{"start":{"line":66,"column":45},"end":{"line":66,"column":52}},"locations":[{"start":{"line":66,"column":45},"end":{"line":66,"column":52}}]},"9":{"type":"branch","line":78,"loc":{"start":{"line":78,"column":7},"end":{"line":107,"column":1}},"locations":[{"start":{"line":78,"column":7},"end":{"line":107,"column":1}}]},"10":{"type":"branch","line":89,"loc":{"start":{"line":89,"column":44},"end":{"line":89,"column":61}},"locations":[{"start":{"line":89,"column":44},"end":{"line":89,"column":61}}]},"11":{"type":"branch","line":90,"loc":{"start":{"line":90,"column":48},"end":{"line":92,"column":3}},"locations":[{"start":{"line":90,"column":48},"end":{"line":92,"column":3}}]}},"b":{"0":[35],"1":[10],"2":[19],"3":[9],"4":[10],"5":[9],"6":[7],"7":[9],"8":[10],"9":[7],"10":[0],"11":[9]},"fnMap":{"0":{"name":"generateStepName","decl":{"start":{"line":38,"column":0},"end":{"line":40,"column":1}},"loc":{"start":{"line":38,"column":0},"end":{"line":40,"column":1}},"line":38},"1":{"name":"generateTaskRefs","decl":{"start":{"line":46,"column":7},"end":{"line":72,"column":1}},"loc":{"start":{"line":46,"column":7},"end":{"line":72,"column":1}},"line":46},"2":{"name":"scaffoldWorkflow","decl":{"start":{"line":78,"column":7},"end":{"line":107,"column":1}},"loc":{"start":{"line":78,"column":7},"end":{"line":107,"column":1}},"line":78}},"f":{"0":35,"1":10,"2":7}}
}
