{"/Users/darren/dev/workflow/packages/workflow-mcp-server/src/prompts/error-fixing.ts": {"path":"/Users/darren/dev/workflow/packages/workflow-mcp-server/src/prompts/error-fixing.ts","all":false,"statementMap":{"16":{"start":{"line":17,"column":0},"end":{"line":17,"column":78}},"17":{"start":{"line":18,"column":0},"end":{"line":18,"column":64}},"18":{"start":{"line":19,"column":0},"end":{"line":19,"column":73}},"21":{"start":{"line":22,"column":0},"end":{"line":22,"column":41}},"22":{"start":{"line":23,"column":0},"end":{"line":23,"column":48}},"26":{"start":{"line":27,"column":0},"end":{"line":27,"column":41}},"27":{"start":{"line":28,"column":0},"end":{"line":28,"column":48}},"31":{"start":{"line":32,"column":0},"end":{"line":32,"column":71}},"32":{"start":{"line":33,"column":0},"end":{"line":33,"column":69}},"35":{"start":{"line":36,"column":0},"end":{"line":36,"column":65}},"36":{"start":{"line":37,"column":0},"end":{"line":37,"column":103}},"37":{"start":{"line":38,"column":0},"end":{"line":38,"column":54}},"39":{"start":{"line":40,"column":0},"end":{"line":40,"column":40}},"40":{"start":{"line":41,"column":0},"end":{"line":41,"column":39}},"43":{"start":{"line":44,"column":0},"end":{"line":44,"column":34}},"44":{"start":{"line":45,"column":0},"end":{"line":45,"column":39}},"47":{"start":{"line":48,"column":0},"end":{"line":48,"column":62}},"48":{"start":{"line":49,"column":0},"end":{"line":49,"column":58}},"50":{"start":{"line":51,"column":0},"end":{"line":51,"column":2}},"55":{"start":{"line":56,"column":0},"end":{"line":56,"column":68}},"56":{"start":{"line":57,"column":0},"end":{"line":57,"column":45}},"58":{"start":{"line":59,"column":0},"end":{"line":59,"column":89}},"59":{"start":{"line":60,"column":0},"end":{"line":60,"column":30}},"60":{"start":{"line":61,"column":0},"end":{"line":61,"column":3}},"61":{"start":{"line":62,"column":0},"end":{"line":62,"column":73}},"62":{"start":{"line":63,"column":0},"end":{"line":63,"column":30}},"63":{"start":{"line":64,"column":0},"end":{"line":64,"column":3}},"64":{"start":{"line":65,"column":0},"end":{"line":65,"column":76}},"65":{"start":{"line":66,"column":0},"end":{"line":66,"column":33}},"66":{"start":{"line":67,"column":0},"end":{"line":67,"column":3}},"67":{"start":{"line":68,"column":0},"end":{"line":68,"column":114}},"68":{"start":{"line":69,"column":0},"end":{"line":69,"column":29}},"69":{"start":{"line":70,"column":0},"end":{"line":70,"column":3}},"70":{"start":{"line":71,"column":0},"end":{"line":71,"column":80}},"71":{"start":{"line":72,"column":0},"end":{"line":72,"column":32}},"72":{"start":{"line":73,"column":0},"end":{"line":73,"column":3}},"73":{"start":{"line":74,"column":0},"end":{"line":74,"column":74}},"74":{"start":{"line":75,"column":0},"end":{"line":75,"column":31}},"75":{"start":{"line":76,"column":0},"end":{"line":76,"column":3}},"76":{"start":{"line":77,"column":0},"end":{"line":77,"column":72}},"77":{"start":{"line":78,"column":0},"end":{"line":78,"column":26}},"78":{"start":{"line":79,"column":0},"end":{"line":79,"column":3}},"79":{"start":{"line":80,"column":0},"end":{"line":80,"column":78}},"80":{"start":{"line":81,"column":0},"end":{"line":81,"column":36}},"81":{"start":{"line":82,"column":0},"end":{"line":82,"column":3}},"83":{"start":{"line":84,"column":0},"end":{"line":84,"column":14}},"84":{"start":{"line":85,"column":0},"end":{"line":85,"column":1}},"89":{"start":{"line":90,"column":0},"end":{"line":90,"column":35}},"90":{"start":{"line":91,"column":0},"end":{"line":91,"column":18}},"91":{"start":{"line":92,"column":0},"end":{"line":92,"column":27}},"92":{"start":{"line":93,"column":0},"end":{"line":93,"column":23}},"93":{"start":{"line":94,"column":0},"end":{"line":94,"column":45}},"95":{"start":{"line":96,"column":0},"end":{"line":96,"column":19}},"96":{"start":{"line":97,"column":0},"end":{"line":97,"column":21}},"97":{"start":{"line":98,"column":0},"end":{"line":98,"column":3}},"99":{"start":{"line":100,"column":0},"end":{"line":100,"column":22}},"100":{"start":{"line":101,"column":0},"end":{"line":101,"column":30}},"101":{"start":{"line":102,"column":0},"end":{"line":102,"column":54}},"102":{"start":{"line":103,"column":0},"end":{"line":103,"column":51}},"103":{"start":{"line":104,"column":0},"end":{"line":104,"column":74}},"104":{"start":{"line":105,"column":0},"end":{"line":105,"column":58}},"105":{"start":{"line":106,"column":0},"end":{"line":106,"column":5}},"106":{"start":{"line":107,"column":0},"end":{"line":107,"column":30}},"107":{"start":{"line":108,"column":0},"end":{"line":108,"column":47}},"108":{"start":{"line":109,"column":0},"end":{"line":109,"column":53}},"109":{"start":{"line":110,"column":0},"end":{"line":110,"column":52}},"110":{"start":{"line":111,"column":0},"end":{"line":111,"column":5}},"111":{"start":{"line":112,"column":0},"end":{"line":112,"column":33}},"112":{"start":{"line":113,"column":0},"end":{"line":113,"column":58}},"113":{"start":{"line":114,"column":0},"end":{"line":114,"column":50}},"114":{"start":{"line":115,"column":0},"end":{"line":115,"column":52}},"115":{"start":{"line":116,"column":0},"end":{"line":116,"column":5}},"116":{"start":{"line":117,"column":0},"end":{"line":117,"column":26}},"117":{"start":{"line":118,"column":0},"end":{"line":118,"column":47}},"118":{"start":{"line":119,"column":0},"end":{"line":119,"column":5}},"119":{"start":{"line":120,"column":0},"end":{"line":120,"column":12}},"120":{"start":{"line":121,"column":0},"end":{"line":121,"column":74}},"121":{"start":{"line":122,"column":0},"end":{"line":122,"column":3}},"122":{"start":{"line":123,"column":0},"end":{"line":123,"column":1}}},"s":{"16":1,"17":1,"18":5,"21":1,"22":4,"26":1,"27":3,"31":1,"32":1,"35":1,"36":1,"37":1,"39":1,"40":1,"43":1,"44":3,"47":1,"48":1,"50":1,"55":1,"56":27,"58":27,"59":6,"60":6,"61":27,"62":5,"63":5,"64":27,"65":4,"66":4,"67":27,"68":2,"69":2,"70":27,"71":2,"72":2,"73":27,"74":1,"75":1,"76":27,"77":3,"78":3,"79":27,"80":2,"81":2,"83":2,"84":2,"89":1,"90":13,"91":13,"92":13,"93":13,"95":13,"96":1,"97":1,"99":12,"100":13,"101":4,"102":4,"103":4,"104":4,"105":4,"106":13,"107":3,"108":3,"109":3,"110":3,"111":13,"112":2,"113":2,"114":2,"115":2,"116":13,"117":2,"118":2,"119":13,"120":1,"121":13,"122":13},"branchMap":{"0":{"type":"branch","line":18,"loc":{"start":{"line":18,"column":20},"end":{"line":19,"column":73}},"locations":[{"start":{"line":18,"column":20},"end":{"line":19,"column":73}}]},"1":{"type":"branch","line":22,"loc":{"start":{"line":22,"column":20},"end":{"line":23,"column":48}},"locations":[{"start":{"line":22,"column":20},"end":{"line":23,"column":48}}]},"2":{"type":"branch","line":27,"loc":{"start":{"line":27,"column":23},"end":{"line":28,"column":48}},"locations":[{"start":{"line":27,"column":23},"end":{"line":28,"column":48}}]},"3":{"type":"branch","line":32,"loc":{"start":{"line":32,"column":19},"end":{"line":33,"column":69}},"locations":[{"start":{"line":32,"column":19},"end":{"line":33,"column":69}}]},"4":{"type":"branch","line":36,"loc":{"start":{"line":36,"column":22},"end":{"line":38,"column":54}},"locations":[{"start":{"line":36,"column":22},"end":{"line":38,"column":54}}]},"5":{"type":"branch","line":40,"loc":{"start":{"line":40,"column":21},"end":{"line":41,"column":39}},"locations":[{"start":{"line":40,"column":21},"end":{"line":41,"column":39}}]},"6":{"type":"branch","line":44,"loc":{"start":{"line":44,"column":16},"end":{"line":45,"column":39}},"locations":[{"start":{"line":44,"column":16},"end":{"line":45,"column":39}}]},"7":{"type":"branch","line":48,"loc":{"start":{"line":48,"column":26},"end":{"line":49,"column":58}},"locations":[{"start":{"line":48,"column":26},"end":{"line":49,"column":58}}]},"8":{"type":"branch","line":56,"loc":{"start":{"line":56,"column":7},"end":{"line":85,"column":1}},"locations":[{"start":{"line":56,"column":7},"end":{"line":85,"column":1}}]},"9":{"type":"branch","line":59,"loc":{"start":{"line":59,"column":42},"end":{"line":59,"column":88}},"locations":[{"start":{"line":59,"column":42},"end":{"line":59,"column":88}}]},"10":{"type":"branch","line":59,"loc":{"start":{"line":59,"column":88},"end":{"line":61,"column":3}},"locations":[{"start":{"line":59,"column":88},"end":{"line":61,"column":3}}]},"11":{"type":"branch","line":61,"loc":{"start":{"line":61,"column":2},"end":{"line":62,"column":43}},"locations":[{"start":{"line":61,"column":2},"end":{"line":62,"column":43}}]},"12":{"type":"branch","line":62,"loc":{"start":{"line":62,"column":38},"end":{"line":62,"column":72}},"locations":[{"start":{"line":62,"column":38},"end":{"line":62,"column":72}}]},"13":{"type":"branch","line":62,"loc":{"start":{"line":62,"column":72},"end":{"line":64,"column":3}},"locations":[{"start":{"line":62,"column":72},"end":{"line":64,"column":3}}]},"14":{"type":"branch","line":64,"loc":{"start":{"line":64,"column":2},"end":{"line":65,"column":43}},"locations":[{"start":{"line":64,"column":2},"end":{"line":65,"column":43}}]},"15":{"type":"branch","line":65,"loc":{"start":{"line":65,"column":38},"end":{"line":65,"column":75}},"locations":[{"start":{"line":65,"column":38},"end":{"line":65,"column":75}}]},"16":{"type":"branch","line":65,"loc":{"start":{"line":65,"column":75},"end":{"line":67,"column":3}},"locations":[{"start":{"line":65,"column":75},"end":{"line":67,"column":3}}]},"17":{"type":"branch","line":67,"loc":{"start":{"line":67,"column":2},"end":{"line":68,"column":40}},"locations":[{"start":{"line":67,"column":2},"end":{"line":68,"column":40}}]},"18":{"type":"branch","line":68,"loc":{"start":{"line":68,"column":34},"end":{"line":68,"column":113}},"locations":[{"start":{"line":68,"column":34},"end":{"line":68,"column":113}}]},"19":{"type":"branch","line":68,"loc":{"start":{"line":68,"column":72},"end":{"line":68,"column":113}},"locations":[{"start":{"line":68,"column":72},"end":{"line":68,"column":113}}]},"20":{"type":"branch","line":68,"loc":{"start":{"line":68,"column":113},"end":{"line":70,"column":3}},"locations":[{"start":{"line":68,"column":113},"end":{"line":70,"column":3}}]},"21":{"type":"branch","line":70,"loc":{"start":{"line":70,"column":2},"end":{"line":71,"column":79}},"locations":[{"start":{"line":70,"column":2},"end":{"line":71,"column":79}}]},"22":{"type":"branch","line":70,"loc":{"start":{"line":70,"column":2},"end":{"line":71,"column":42}},"locations":[{"start":{"line":70,"column":2},"end":{"line":71,"column":42}}]},"23":{"type":"branch","line":71,"loc":{"start":{"line":71,"column":37},"end":{"line":71,"column":79}},"locations":[{"start":{"line":71,"column":37},"end":{"line":71,"column":79}}]},"24":{"type":"branch","line":71,"loc":{"start":{"line":71,"column":79},"end":{"line":73,"column":3}},"locations":[{"start":{"line":71,"column":79},"end":{"line":73,"column":3}}]},"25":{"type":"branch","line":73,"loc":{"start":{"line":73,"column":2},"end":{"line":74,"column":44}},"locations":[{"start":{"line":73,"column":2},"end":{"line":74,"column":44}}]},"26":{"type":"branch","line":74,"loc":{"start":{"line":74,"column":39},"end":{"line":74,"column":73}},"locations":[{"start":{"line":74,"column":39},"end":{"line":74,"column":73}}]},"27":{"type":"branch","line":74,"loc":{"start":{"line":74,"column":73},"end":{"line":76,"column":3}},"locations":[{"start":{"line":74,"column":73},"end":{"line":76,"column":3}}]},"28":{"type":"branch","line":76,"loc":{"start":{"line":76,"column":2},"end":{"line":77,"column":39}},"locations":[{"start":{"line":76,"column":2},"end":{"line":77,"column":39}}]},"29":{"type":"branch","line":77,"loc":{"start":{"line":77,"column":34},"end":{"line":77,"column":71}},"locations":[{"start":{"line":77,"column":34},"end":{"line":77,"column":71}}]},"30":{"type":"branch","line":77,"loc":{"start":{"line":77,"column":71},"end":{"line":80,"column":77}},"locations":[{"start":{"line":77,"column":71},"end":{"line":80,"column":77}}]},"31":{"type":"branch","line":77,"loc":{"start":{"line":77,"column":71},"end":{"line":79,"column":3}},"locations":[{"start":{"line":77,"column":71},"end":{"line":79,"column":3}}]},"32":{"type":"branch","line":79,"loc":{"start":{"line":79,"column":2},"end":{"line":80,"column":43}},"locations":[{"start":{"line":79,"column":2},"end":{"line":80,"column":43}}]},"33":{"type":"branch","line":80,"loc":{"start":{"line":80,"column":38},"end":{"line":80,"column":77}},"locations":[{"start":{"line":80,"column":38},"end":{"line":80,"column":77}}]},"34":{"type":"branch","line":80,"loc":{"start":{"line":80,"column":77},"end":{"line":85,"column":1}},"locations":[{"start":{"line":80,"column":77},"end":{"line":85,"column":1}}]},"35":{"type":"branch","line":90,"loc":{"start":{"line":90,"column":7},"end":{"line":123,"column":1}},"locations":[{"start":{"line":90,"column":7},"end":{"line":123,"column":1}}]},"36":{"type":"branch","line":96,"loc":{"start":{"line":96,"column":18},"end":{"line":98,"column":3}},"locations":[{"start":{"line":96,"column":18},"end":{"line":98,"column":3}}]},"37":{"type":"branch","line":98,"loc":{"start":{"line":98,"column":2},"end":{"line":100,"column":22}},"locations":[{"start":{"line":98,"column":2},"end":{"line":100,"column":22}}]},"38":{"type":"branch","line":101,"loc":{"start":{"line":101,"column":4},"end":{"line":106,"column":5}},"locations":[{"start":{"line":101,"column":4},"end":{"line":106,"column":5}}]},"39":{"type":"branch","line":103,"loc":{"start":{"line":103,"column":22},"end":{"line":103,"column":41}},"locations":[{"start":{"line":103,"column":22},"end":{"line":103,"column":41}}]},"40":{"type":"branch","line":103,"loc":{"start":{"line":103,"column":37},"end":{"line":103,"column":51}},"locations":[{"start":{"line":103,"column":37},"end":{"line":103,"column":51}}]},"41":{"type":"branch","line":104,"loc":{"start":{"line":104,"column":20},"end":{"line":104,"column":41}},"locations":[{"start":{"line":104,"column":20},"end":{"line":104,"column":41}}]},"42":{"type":"branch","line":104,"loc":{"start":{"line":104,"column":45},"end":{"line":104,"column":74}},"locations":[{"start":{"line":104,"column":45},"end":{"line":104,"column":74}}]},"43":{"type":"branch","line":107,"loc":{"start":{"line":107,"column":4},"end":{"line":111,"column":5}},"locations":[{"start":{"line":107,"column":4},"end":{"line":111,"column":5}}]},"44":{"type":"branch","line":109,"loc":{"start":{"line":109,"column":23},"end":{"line":109,"column":42}},"locations":[{"start":{"line":109,"column":23},"end":{"line":109,"column":42}}]},"45":{"type":"branch","line":109,"loc":{"start":{"line":109,"column":38},"end":{"line":109,"column":53}},"locations":[{"start":{"line":109,"column":38},"end":{"line":109,"column":53}}]},"46":{"type":"branch","line":112,"loc":{"start":{"line":112,"column":4},"end":{"line":116,"column":5}},"locations":[{"start":{"line":112,"column":4},"end":{"line":116,"column":5}}]},"47":{"type":"branch","line":114,"loc":{"start":{"line":114,"column":20},"end":{"line":114,"column":39}},"locations":[{"start":{"line":114,"column":20},"end":{"line":114,"column":39}}]},"48":{"type":"branch","line":114,"loc":{"start":{"line":114,"column":35},"end":{"line":114,"column":50}},"locations":[{"start":{"line":114,"column":35},"end":{"line":114,"column":50}}]},"49":{"type":"branch","line":117,"loc":{"start":{"line":117,"column":4},"end":{"line":119,"column":5}},"locations":[{"start":{"line":117,"column":4},"end":{"line":119,"column":5}}]},"50":{"type":"branch","line":120,"loc":{"start":{"line":120,"column":4},"end":{"line":121,"column":74}},"locations":[{"start":{"line":120,"column":4},"end":{"line":121,"column":74}}]}},"b":{"0":[5],"1":[4],"2":[3],"3":[1],"4":[1],"5":[1],"6":[3],"7":[1],"8":[27],"9":[22],"10":[6],"11":[21],"12":[16],"13":[5],"14":[16],"15":[13],"16":[4],"17":[12],"18":[3],"19":[2],"20":[2],"21":[23],"22":[10],"23":[9],"24":[2],"25":[8],"26":[1],"27":[1],"28":[7],"29":[4],"30":[22],"31":[3],"32":[4],"33":[2],"34":[2],"35":[13],"36":[1],"37":[12],"38":[4],"39":[3],"40":[1],"41":[3],"42":[1],"43":[3],"44":[1],"45":[2],"46":[2],"47":[1],"48":[1],"49":[2],"50":[1]},"fnMap":{"0":{"name":"unknown_task_ref","decl":{"start":{"line":18,"column":20},"end":{"line":19,"column":73}},"loc":{"start":{"line":18,"column":20},"end":{"line":19,"column":73}},"line":18},"1":{"name":"invalid_template","decl":{"start":{"line":22,"column":20},"end":{"line":23,"column":48}},"loc":{"start":{"line":22,"column":20},"end":{"line":23,"column":48}},"line":22},"2":{"name":"circular_dependency","decl":{"start":{"line":27,"column":23},"end":{"line":28,"column":48}},"loc":{"start":{"line":27,"column":23},"end":{"line":28,"column":48}},"line":27},"3":{"name":"schema_mismatch","decl":{"start":{"line":32,"column":19},"end":{"line":33,"column":69}},"loc":{"start":{"line":32,"column":19},"end":{"line":33,"column":69}},"line":32},"4":{"name":"missing_dependency","decl":{"start":{"line":36,"column":22},"end":{"line":38,"column":54}},"loc":{"start":{"line":36,"column":22},"end":{"line":38,"column":54}},"line":36},"5":{"name":"duplicate_task_id","decl":{"start":{"line":40,"column":21},"end":{"line":41,"column":39}},"loc":{"start":{"line":40,"column":21},"end":{"line":41,"column":39}},"line":40},"6":{"name":"invalid_yaml","decl":{"start":{"line":44,"column":16},"end":{"line":45,"column":39}},"loc":{"start":{"line":44,"column":16},"end":{"line":45,"column":39}},"line":44},"7":{"name":"missing_required_field","decl":{"start":{"line":48,"column":26},"end":{"line":49,"column":58}},"loc":{"start":{"line":48,"column":26},"end":{"line":49,"column":58}},"line":48},"8":{"name":"detectErrorType","decl":{"start":{"line":56,"column":7},"end":{"line":85,"column":1}},"loc":{"start":{"line":56,"column":7},"end":{"line":85,"column":1}},"line":56},"9":{"name":"generateSuggestion","decl":{"start":{"line":90,"column":7},"end":{"line":123,"column":1}},"loc":{"start":{"line":90,"column":7},"end":{"line":123,"column":1}},"line":90}},"f":{"0":5,"1":4,"2":3,"3":1,"4":1,"5":1,"6":3,"7":1,"8":27,"9":13}}
,"/Users/darren/dev/workflow/packages/workflow-mcp-server/src/prompts/few-shot-examples.ts": {"path":"/Users/darren/dev/workflow/packages/workflow-mcp-server/src/prompts/few-shot-examples.ts","all":false,"statementMap":{"12":{"start":{"line":13,"column":0},"end":{"line":13,"column":75}},"13":{"start":{"line":14,"column":0},"end":{"line":14,"column":15}},"14":{"start":{"line":15,"column":0},"end":{"line":15,"column":78}},"15":{"start":{"line":16,"column":0},"end":{"line":16,"column":36}},"37":{"start":{"line":38,"column":0},"end":{"line":38,"column":26}},"38":{"start":{"line":39,"column":0},"end":{"line":39,"column":178}},"39":{"start":{"line":40,"column":0},"end":{"line":40,"column":4}},"41":{"start":{"line":42,"column":0},"end":{"line":42,"column":13}},"42":{"start":{"line":43,"column":0},"end":{"line":43,"column":70}},"43":{"start":{"line":44,"column":0},"end":{"line":44,"column":31}},"66":{"start":{"line":67,"column":0},"end":{"line":67,"column":24}},"67":{"start":{"line":68,"column":0},"end":{"line":68,"column":161}},"68":{"start":{"line":69,"column":0},"end":{"line":69,"column":4}},"70":{"start":{"line":71,"column":0},"end":{"line":71,"column":12}},"71":{"start":{"line":72,"column":0},"end":{"line":72,"column":110}},"72":{"start":{"line":73,"column":0},"end":{"line":73,"column":43}},"112":{"start":{"line":113,"column":0},"end":{"line":113,"column":23}},"113":{"start":{"line":114,"column":0},"end":{"line":114,"column":191}},"114":{"start":{"line":115,"column":0},"end":{"line":115,"column":4}},"116":{"start":{"line":117,"column":0},"end":{"line":117,"column":12}},"117":{"start":{"line":118,"column":0},"end":{"line":118,"column":86}},"118":{"start":{"line":119,"column":0},"end":{"line":119,"column":39}},"158":{"start":{"line":159,"column":0},"end":{"line":159,"column":23}},"159":{"start":{"line":160,"column":0},"end":{"line":160,"column":163}},"160":{"start":{"line":161,"column":0},"end":{"line":161,"column":3}},"161":{"start":{"line":162,"column":0},"end":{"line":162,"column":2}},"166":{"start":{"line":167,"column":0},"end":{"line":167,"column":71}},"167":{"start":{"line":168,"column":0},"end":{"line":168,"column":43}},"170":{"start":{"line":171,"column":0},"end":{"line":171,"column":6}},"171":{"start":{"line":172,"column":0},"end":{"line":172,"column":47}},"172":{"start":{"line":173,"column":0},"end":{"line":173,"column":45}},"173":{"start":{"line":174,"column":0},"end":{"line":174,"column":42}},"174":{"start":{"line":175,"column":0},"end":{"line":175,"column":35}},"175":{"start":{"line":176,"column":0},"end":{"line":176,"column":64}},"176":{"start":{"line":177,"column":0},"end":{"line":177,"column":5}},"177":{"start":{"line":178,"column":0},"end":{"line":178,"column":38}},"178":{"start":{"line":179,"column":0},"end":{"line":179,"column":3}},"181":{"start":{"line":182,"column":0},"end":{"line":182,"column":6}},"182":{"start":{"line":183,"column":0},"end":{"line":183,"column":70}},"183":{"start":{"line":184,"column":0},"end":{"line":184,"column":76}},"184":{"start":{"line":185,"column":0},"end":{"line":185,"column":35}},"185":{"start":{"line":186,"column":0},"end":{"line":186,"column":32}},"186":{"start":{"line":187,"column":0},"end":{"line":187,"column":5}},"187":{"start":{"line":188,"column":0},"end":{"line":188,"column":37}},"188":{"start":{"line":189,"column":0},"end":{"line":189,"column":3}},"191":{"start":{"line":192,"column":0},"end":{"line":192,"column":6}},"192":{"start":{"line":193,"column":0},"end":{"line":193,"column":36}},"193":{"start":{"line":194,"column":0},"end":{"line":194,"column":39}},"194":{"start":{"line":195,"column":0},"end":{"line":195,"column":36}},"195":{"start":{"line":196,"column":0},"end":{"line":196,"column":5}},"196":{"start":{"line":197,"column":0},"end":{"line":197,"column":37}},"197":{"start":{"line":198,"column":0},"end":{"line":198,"column":3}},"200":{"start":{"line":201,"column":0},"end":{"line":201,"column":38}},"201":{"start":{"line":202,"column":0},"end":{"line":202,"column":1}},"206":{"start":{"line":207,"column":0},"end":{"line":207,"column":64}},"207":{"start":{"line":208,"column":0},"end":{"line":208,"column":49}},"211":{"start":{"line":212,"column":0},"end":{"line":212,"column":15}},"214":{"start":{"line":215,"column":0},"end":{"line":215,"column":31}},"215":{"start":{"line":216,"column":0},"end":{"line":216,"column":41}},"216":{"start":{"line":217,"column":0},"end":{"line":217,"column":1}}},"s":{"12":1,"13":1,"14":1,"15":1,"37":1,"38":1,"39":1,"41":1,"42":1,"43":1,"66":1,"67":1,"68":1,"70":1,"71":1,"72":1,"112":1,"113":1,"114":1,"116":1,"117":1,"118":1,"158":1,"159":1,"160":1,"161":1,"166":1,"167":15,"170":15,"171":15,"172":13,"173":12,"174":12,"175":12,"176":15,"177":4,"178":4,"181":11,"182":15,"183":10,"184":9,"185":9,"186":15,"187":2,"188":2,"191":9,"192":9,"193":8,"194":8,"195":15,"196":1,"197":1,"200":8,"201":8,"206":1,"207":1,"211":1,"214":1,"215":1,"216":1},"branchMap":{"0":{"type":"branch","line":167,"loc":{"start":{"line":167,"column":7},"end":{"line":202,"column":1}},"locations":[{"start":{"line":167,"column":7},"end":{"line":202,"column":1}}]},"1":{"type":"branch","line":172,"loc":{"start":{"line":172,"column":43},"end":{"line":173,"column":45}},"locations":[{"start":{"line":172,"column":43},"end":{"line":173,"column":45}}]},"2":{"type":"branch","line":173,"loc":{"start":{"line":173,"column":41},"end":{"line":174,"column":42}},"locations":[{"start":{"line":173,"column":41},"end":{"line":174,"column":42}}]},"3":{"type":"branch","line":174,"loc":{"start":{"line":174,"column":38},"end":{"line":175,"column":35}},"locations":[{"start":{"line":174,"column":38},"end":{"line":175,"column":35}}]},"4":{"type":"branch","line":175,"loc":{"start":{"line":175,"column":31},"end":{"line":176,"column":64}},"locations":[{"start":{"line":175,"column":31},"end":{"line":176,"column":64}}]},"5":{"type":"branch","line":176,"loc":{"start":{"line":176,"column":30},"end":{"line":176,"column":64}},"locations":[{"start":{"line":176,"column":30},"end":{"line":176,"column":64}}]},"6":{"type":"branch","line":177,"loc":{"start":{"line":177,"column":4},"end":{"line":179,"column":3}},"locations":[{"start":{"line":177,"column":4},"end":{"line":179,"column":3}}]},"7":{"type":"branch","line":179,"loc":{"start":{"line":179,"column":2},"end":{"line":183,"column":38}},"locations":[{"start":{"line":179,"column":2},"end":{"line":183,"column":38}}]},"8":{"type":"branch","line":183,"loc":{"start":{"line":183,"column":33},"end":{"line":183,"column":70}},"locations":[{"start":{"line":183,"column":33},"end":{"line":183,"column":70}}]},"9":{"type":"branch","line":183,"loc":{"start":{"line":183,"column":65},"end":{"line":184,"column":76}},"locations":[{"start":{"line":183,"column":65},"end":{"line":184,"column":76}}]},"10":{"type":"branch","line":184,"loc":{"start":{"line":184,"column":36},"end":{"line":184,"column":76}},"locations":[{"start":{"line":184,"column":36},"end":{"line":184,"column":76}}]},"11":{"type":"branch","line":184,"loc":{"start":{"line":184,"column":71},"end":{"line":185,"column":35}},"locations":[{"start":{"line":184,"column":71},"end":{"line":185,"column":35}}]},"12":{"type":"branch","line":185,"loc":{"start":{"line":185,"column":31},"end":{"line":186,"column":32}},"locations":[{"start":{"line":185,"column":31},"end":{"line":186,"column":32}}]},"13":{"type":"branch","line":187,"loc":{"start":{"line":187,"column":4},"end":{"line":193,"column":36}},"locations":[{"start":{"line":187,"column":4},"end":{"line":193,"column":36}}]},"14":{"type":"branch","line":187,"loc":{"start":{"line":187,"column":4},"end":{"line":189,"column":3}},"locations":[{"start":{"line":187,"column":4},"end":{"line":189,"column":3}}]},"15":{"type":"branch","line":189,"loc":{"start":{"line":189,"column":2},"end":{"line":193,"column":36}},"locations":[{"start":{"line":189,"column":2},"end":{"line":193,"column":36}}]},"16":{"type":"branch","line":193,"loc":{"start":{"line":193,"column":32},"end":{"line":194,"column":39}},"locations":[{"start":{"line":193,"column":32},"end":{"line":194,"column":39}}]},"17":{"type":"branch","line":194,"loc":{"start":{"line":194,"column":35},"end":{"line":195,"column":36}},"locations":[{"start":{"line":194,"column":35},"end":{"line":195,"column":36}}]},"18":{"type":"branch","line":196,"loc":{"start":{"line":196,"column":4},"end":{"line":202,"column":1}},"locations":[{"start":{"line":196,"column":4},"end":{"line":202,"column":1}}]},"19":{"type":"branch","line":196,"loc":{"start":{"line":196,"column":4},"end":{"line":198,"column":3}},"locations":[{"start":{"line":196,"column":4},"end":{"line":198,"column":3}}]},"20":{"type":"branch","line":198,"loc":{"start":{"line":198,"column":2},"end":{"line":202,"column":1}},"locations":[{"start":{"line":198,"column":2},"end":{"line":202,"column":1}}]},"21":{"type":"branch","line":207,"loc":{"start":{"line":207,"column":7},"end":{"line":217,"column":1}},"locations":[{"start":{"line":207,"column":7},"end":{"line":217,"column":1}}]}},"b":{"0":[15],"1":[13],"2":[12],"3":[12],"4":[12],"5":[1],"6":[4],"7":[11],"8":[1],"9":[10],"10":[1],"11":[9],"12":[9],"13":[11],"14":[2],"15":[9],"16":[8],"17":[8],"18":[10],"19":[1],"20":[8],"21":[1]},"fnMap":{"0":{"name":"selectRelevantExample","decl":{"start":{"line":167,"column":7},"end":{"line":202,"column":1}},"loc":{"start":{"line":167,"column":7},"end":{"line":202,"column":1}},"line":167},"1":{"name":"formatExample","decl":{"start":{"line":207,"column":7},"end":{"line":217,"column":1}},"loc":{"start":{"line":207,"column":7},"end":{"line":217,"column":1}},"line":207}},"f":{"0":15,"1":1}}
,"/Users/darren/dev/workflow/packages/workflow-mcp-server/src/prompts/system-prompt.ts": {"path":"/Users/darren/dev/workflow/packages/workflow-mcp-server/src/prompts/system-prompt.ts","all":false,"statementMap":{"5":{"start":{"line":6,"column":0},"end":{"line":6,"column":62}},"6":{"start":{"line":7,"column":0},"end":{"line":7,"column":27}},"7":{"start":{"line":8,"column":0},"end":{"line":8,"column":33}},"8":{"start":{"line":9,"column":0},"end":{"line":9,"column":3}},"10":{"start":{"line":11,"column":0},"end":{"line":11,"column":28}},"11":{"start":{"line":12,"column":0},"end":{"line":12,"column":51}},"12":{"start":{"line":13,"column":0},"end":{"line":13,"column":59}},"13":{"start":{"line":14,"column":0},"end":{"line":14,"column":15}},"14":{"start":{"line":15,"column":0},"end":{"line":15,"column":53}},"15":{"start":{"line":16,"column":0},"end":{"line":16,"column":60}},"16":{"start":{"line":17,"column":0},"end":{"line":17,"column":15}},"18":{"start":{"line":19,"column":0},"end":{"line":19,"column":70}},"19":{"start":{"line":20,"column":0},"end":{"line":20,"column":25}},"20":{"start":{"line":21,"column":0},"end":{"line":21,"column":29}},"21":{"start":{"line":22,"column":0},"end":{"line":22,"column":16}},"22":{"start":{"line":23,"column":0},"end":{"line":23,"column":1}},"27":{"start":{"line":28,"column":0},"end":{"line":28,"column":65}},"28":{"start":{"line":29,"column":0},"end":{"line":29,"column":41}},"30":{"start":{"line":31,"column":0},"end":{"line":31,"column":104}},"52":{"start":{"line":53,"column":0},"end":{"line":53,"column":11}},"70":{"start":{"line":71,"column":0},"end":{"line":71,"column":1}}},"s":{"5":1,"6":7,"7":3,"8":3,"10":4,"11":5,"12":3,"13":2,"14":5,"15":3,"16":2,"18":5,"19":5,"20":5,"21":4,"22":4,"27":1,"28":3,"30":3,"52":3,"70":3},"branchMap":{"0":{"type":"branch","line":6,"loc":{"start":{"line":6,"column":7},"end":{"line":23,"column":1}},"locations":[{"start":{"line":6,"column":7},"end":{"line":23,"column":1}}]},"1":{"type":"branch","line":7,"loc":{"start":{"line":7,"column":26},"end":{"line":9,"column":3}},"locations":[{"start":{"line":7,"column":26},"end":{"line":9,"column":3}}]},"2":{"type":"branch","line":9,"loc":{"start":{"line":9,"column":2},"end":{"line":23,"column":1}},"locations":[{"start":{"line":9,"column":2},"end":{"line":23,"column":1}}]},"3":{"type":"branch","line":11,"loc":{"start":{"line":11,"column":19},"end":{"line":22,"column":3}},"locations":[{"start":{"line":11,"column":19},"end":{"line":22,"column":3}}]},"4":{"type":"branch","line":12,"loc":{"start":{"line":12,"column":41},"end":{"line":13,"column":59}},"locations":[{"start":{"line":12,"column":41},"end":{"line":13,"column":59}}]},"5":{"type":"branch","line":13,"loc":{"start":{"line":13,"column":58},"end":{"line":14,"column":15}},"locations":[{"start":{"line":13,"column":58},"end":{"line":14,"column":15}}]},"6":{"type":"branch","line":15,"loc":{"start":{"line":15,"column":43},"end":{"line":16,"column":60}},"locations":[{"start":{"line":15,"column":43},"end":{"line":16,"column":60}}]},"7":{"type":"branch","line":16,"loc":{"start":{"line":16,"column":59},"end":{"line":17,"column":15}},"locations":[{"start":{"line":16,"column":59},"end":{"line":17,"column":15}}]},"8":{"type":"branch","line":28,"loc":{"start":{"line":28,"column":7},"end":{"line":71,"column":1}},"locations":[{"start":{"line":28,"column":7},"end":{"line":71,"column":1}}]}},"b":{"0":[7],"1":[3],"2":[4],"3":[5],"4":[3],"5":[2],"6":[3],"7":[2],"8":[3]},"fnMap":{"0":{"name":"formatTaskList","decl":{"start":{"line":6,"column":7},"end":{"line":23,"column":1}},"loc":{"start":{"line":6,"column":7},"end":{"line":23,"column":1}},"line":6},"1":{"name":"buildSystemPrompt","decl":{"start":{"line":28,"column":7},"end":{"line":71,"column":1}},"loc":{"start":{"line":28,"column":7},"end":{"line":71,"column":1}},"line":28}},"f":{"0":7,"1":3}}
,"/Users/darren/dev/workflow/packages/workflow-mcp-server/src/services/gateway-client.ts": {"path":"/Users/darren/dev/workflow/packages/workflow-mcp-server/src/services/gateway-client.ts","all":false,"statementMap":{"5":{"start":{"line":6,"column":0},"end":{"line":6,"column":28}},"6":{"start":{"line":7,"column":0},"end":{"line":7,"column":34}},"8":{"start":{"line":9,"column":0},"end":{"line":9,"column":33}},"9":{"start":{"line":10,"column":0},"end":{"line":10,"column":81}},"10":{"start":{"line":11,"column":0},"end":{"line":11,"column":3}},"15":{"start":{"line":16,"column":0},"end":{"line":16,"column":46}},"16":{"start":{"line":17,"column":0},"end":{"line":17,"column":65}},"18":{"start":{"line":19,"column":0},"end":{"line":19,"column":23}},"19":{"start":{"line":20,"column":0},"end":{"line":20,"column":90}},"20":{"start":{"line":21,"column":0},"end":{"line":21,"column":5}},"22":{"start":{"line":23,"column":0},"end":{"line":23,"column":54}},"23":{"start":{"line":24,"column":0},"end":{"line":24,"column":3}},"28":{"start":{"line":29,"column":0},"end":{"line":29,"column":54}},"29":{"start":{"line":30,"column":0},"end":{"line":30,"column":73}},"31":{"start":{"line":32,"column":0},"end":{"line":32,"column":23}},"32":{"start":{"line":33,"column":0},"end":{"line":33,"column":89}},"33":{"start":{"line":34,"column":0},"end":{"line":34,"column":5}},"35":{"start":{"line":36,"column":0},"end":{"line":36,"column":52}},"36":{"start":{"line":37,"column":0},"end":{"line":37,"column":3}},"41":{"start":{"line":42,"column":0},"end":{"line":42,"column":67}},"42":{"start":{"line":43,"column":0},"end":{"line":43,"column":83}},"43":{"start":{"line":44,"column":0},"end":{"line":44,"column":21}},"44":{"start":{"line":45,"column":0},"end":{"line":45,"column":56}},"45":{"start":{"line":46,"column":0},"end":{"line":46,"column":16}},"46":{"start":{"line":47,"column":0},"end":{"line":47,"column":7}},"48":{"start":{"line":49,"column":0},"end":{"line":49,"column":23}},"49":{"start":{"line":50,"column":0},"end":{"line":50,"column":96}},"50":{"start":{"line":51,"column":0},"end":{"line":51,"column":5}},"52":{"start":{"line":53,"column":0},"end":{"line":53,"column":45}},"58":{"start":{"line":59,"column":0},"end":{"line":59,"column":12}},"59":{"start":{"line":60,"column":0},"end":{"line":60,"column":34}},"60":{"start":{"line":61,"column":0},"end":{"line":61,"column":34}},"61":{"start":{"line":62,"column":0},"end":{"line":62,"column":37}},"62":{"start":{"line":63,"column":0},"end":{"line":63,"column":6}},"63":{"start":{"line":64,"column":0},"end":{"line":64,"column":3}},"64":{"start":{"line":65,"column":0},"end":{"line":65,"column":1}}},"s":{"5":1,"6":14,"8":14,"9":14,"10":14,"15":14,"16":3,"18":3,"19":1,"20":1,"22":1,"23":3,"28":14,"29":2,"31":2,"32":1,"33":1,"35":1,"36":2,"41":14,"42":3,"43":3,"44":3,"45":3,"46":3,"48":3,"49":1,"50":1,"52":2,"58":2,"59":3,"60":3,"61":3,"62":3,"63":3,"64":14},"branchMap":{"0":{"type":"branch","line":6,"loc":{"start":{"line":6,"column":27},"end":{"line":65,"column":1}},"locations":[{"start":{"line":6,"column":27},"end":{"line":65,"column":1}}]},"1":{"type":"branch","line":9,"loc":{"start":{"line":9,"column":2},"end":{"line":11,"column":3}},"locations":[{"start":{"line":9,"column":2},"end":{"line":11,"column":3}}]},"2":{"type":"branch","line":10,"loc":{"start":{"line":10,"column":19},"end":{"line":10,"column":57}},"locations":[{"start":{"line":10,"column":19},"end":{"line":10,"column":57}}]},"3":{"type":"branch","line":10,"loc":{"start":{"line":10,"column":42},"end":{"line":10,"column":81}},"locations":[{"start":{"line":10,"column":42},"end":{"line":10,"column":81}}]},"4":{"type":"branch","line":16,"loc":{"start":{"line":16,"column":2},"end":{"line":24,"column":3}},"locations":[{"start":{"line":16,"column":2},"end":{"line":24,"column":3}}]},"5":{"type":"branch","line":17,"loc":{"start":{"line":17,"column":63},"end":{"line":19,"column":22}},"locations":[{"start":{"line":17,"column":63},"end":{"line":19,"column":22}}]},"6":{"type":"branch","line":19,"loc":{"start":{"line":19,"column":22},"end":{"line":23,"column":54}},"locations":[{"start":{"line":19,"column":22},"end":{"line":23,"column":54}}]},"7":{"type":"branch","line":29,"loc":{"start":{"line":29,"column":2},"end":{"line":37,"column":3}},"locations":[{"start":{"line":29,"column":2},"end":{"line":37,"column":3}}]},"8":{"type":"branch","line":32,"loc":{"start":{"line":32,"column":22},"end":{"line":36,"column":52}},"locations":[{"start":{"line":32,"column":22},"end":{"line":36,"column":52}}]},"9":{"type":"branch","line":42,"loc":{"start":{"line":42,"column":2},"end":{"line":64,"column":3}},"locations":[{"start":{"line":42,"column":2},"end":{"line":64,"column":3}}]},"10":{"type":"branch","line":49,"loc":{"start":{"line":49,"column":22},"end":{"line":51,"column":5}},"locations":[{"start":{"line":49,"column":22},"end":{"line":51,"column":5}}]},"11":{"type":"branch","line":51,"loc":{"start":{"line":51,"column":4},"end":{"line":60,"column":29}},"locations":[{"start":{"line":51,"column":4},"end":{"line":60,"column":29}}]},"12":{"type":"branch","line":60,"loc":{"start":{"line":60,"column":20},"end":{"line":60,"column":34}},"locations":[{"start":{"line":60,"column":20},"end":{"line":60,"column":34}}]},"13":{"type":"branch","line":61,"loc":{"start":{"line":61,"column":21},"end":{"line":61,"column":34}},"locations":[{"start":{"line":61,"column":21},"end":{"line":61,"column":34}}]},"14":{"type":"branch","line":62,"loc":{"start":{"line":62,"column":23},"end":{"line":62,"column":37}},"locations":[{"start":{"line":62,"column":23},"end":{"line":62,"column":37}}]}},"b":{"0":[14],"1":[14],"2":[2],"3":[1],"4":[3],"5":[2],"6":[1],"7":[2],"8":[1],"9":[3],"10":[1],"11":[2],"12":[0],"13":[0],"14":[2]},"fnMap":{"0":{"name":"<instance_members_initializer>","decl":{"start":{"line":6,"column":27},"end":{"line":65,"column":1}},"loc":{"start":{"line":6,"column":27},"end":{"line":65,"column":1}},"line":6},"1":{"name":"GatewayClient","decl":{"start":{"line":9,"column":2},"end":{"line":11,"column":3}},"loc":{"start":{"line":9,"column":2},"end":{"line":11,"column":3}},"line":9},"2":{"name":"listTasks","decl":{"start":{"line":16,"column":2},"end":{"line":24,"column":3}},"loc":{"start":{"line":16,"column":2},"end":{"line":24,"column":3}},"line":16},"3":{"name":"getTask","decl":{"start":{"line":29,"column":2},"end":{"line":37,"column":3}},"loc":{"start":{"line":29,"column":2},"end":{"line":37,"column":3}},"line":29},"4":{"name":"validateWorkflow","decl":{"start":{"line":42,"column":2},"end":{"line":64,"column":3}},"loc":{"start":{"line":42,"column":2},"end":{"line":64,"column":3}},"line":42}},"f":{"0":14,"1":14,"2":3,"3":2,"4":3}}
,"/Users/darren/dev/workflow/packages/workflow-mcp-server/src/tools/generate-workflow.ts": {"path":"/Users/darren/dev/workflow/packages/workflow-mcp-server/src/tools/generate-workflow.ts","all":false,"statementMap":{"0":{"start":{"line":1,"column":0},"end":{"line":1,"column":67}},"14":{"start":{"line":15,"column":0},"end":{"line":15,"column":64}},"15":{"start":{"line":16,"column":0},"end":{"line":16,"column":43}},"18":{"start":{"line":19,"column":0},"end":{"line":19,"column":6}},"19":{"start":{"line":20,"column":0},"end":{"line":20,"column":47}},"20":{"start":{"line":21,"column":0},"end":{"line":21,"column":45}},"21":{"start":{"line":22,"column":0},"end":{"line":22,"column":42}},"22":{"start":{"line":23,"column":0},"end":{"line":23,"column":66}},"23":{"start":{"line":24,"column":0},"end":{"line":24,"column":5}},"24":{"start":{"line":25,"column":0},"end":{"line":25,"column":22}},"25":{"start":{"line":26,"column":0},"end":{"line":26,"column":3}},"28":{"start":{"line":29,"column":0},"end":{"line":29,"column":6}},"29":{"start":{"line":30,"column":0},"end":{"line":30,"column":70}},"30":{"start":{"line":31,"column":0},"end":{"line":31,"column":73}},"31":{"start":{"line":32,"column":0},"end":{"line":32,"column":35}},"32":{"start":{"line":33,"column":0},"end":{"line":33,"column":32}},"33":{"start":{"line":34,"column":0},"end":{"line":34,"column":5}},"34":{"start":{"line":35,"column":0},"end":{"line":35,"column":21}},"35":{"start":{"line":36,"column":0},"end":{"line":36,"column":3}},"38":{"start":{"line":39,"column":0},"end":{"line":39,"column":6}},"39":{"start":{"line":40,"column":0},"end":{"line":40,"column":36}},"40":{"start":{"line":41,"column":0},"end":{"line":41,"column":36}},"41":{"start":{"line":42,"column":0},"end":{"line":42,"column":5}},"42":{"start":{"line":43,"column":0},"end":{"line":43,"column":21}},"43":{"start":{"line":44,"column":0},"end":{"line":44,"column":3}},"46":{"start":{"line":47,"column":0},"end":{"line":47,"column":22}},"47":{"start":{"line":48,"column":0},"end":{"line":48,"column":1}},"52":{"start":{"line":53,"column":0},"end":{"line":53,"column":62}},"54":{"start":{"line":55,"column":0},"end":{"line":55,"column":80}},"55":{"start":{"line":56,"column":0},"end":{"line":56,"column":23}},"56":{"start":{"line":57,"column":0},"end":{"line":57,"column":36}},"57":{"start":{"line":58,"column":0},"end":{"line":58,"column":3}},"60":{"start":{"line":61,"column":0},"end":{"line":61,"column":58}},"62":{"start":{"line":63,"column":0},"end":{"line":63,"column":39}},"63":{"start":{"line":64,"column":0},"end":{"line":64,"column":35}},"64":{"start":{"line":65,"column":0},"end":{"line":65,"column":23}},"66":{"start":{"line":67,"column":0},"end":{"line":67,"column":31}},"67":{"start":{"line":68,"column":0},"end":{"line":68,"column":57}},"68":{"start":{"line":69,"column":0},"end":{"line":69,"column":22}},"69":{"start":{"line":70,"column":0},"end":{"line":70,"column":7}},"70":{"start":{"line":71,"column":0},"end":{"line":71,"column":19}},"72":{"start":{"line":73,"column":0},"end":{"line":73,"column":61}},"73":{"start":{"line":74,"column":0},"end":{"line":74,"column":16}},"74":{"start":{"line":75,"column":0},"end":{"line":75,"column":9}},"75":{"start":{"line":76,"column":0},"end":{"line":76,"column":29}},"76":{"start":{"line":77,"column":0},"end":{"line":77,"column":7}},"77":{"start":{"line":78,"column":0},"end":{"line":78,"column":5}},"79":{"start":{"line":80,"column":0},"end":{"line":80,"column":39}},"80":{"start":{"line":81,"column":0},"end":{"line":81,"column":3}},"82":{"start":{"line":83,"column":0},"end":{"line":83,"column":12}},"83":{"start":{"line":84,"column":0},"end":{"line":84,"column":1}},"88":{"start":{"line":89,"column":0},"end":{"line":89,"column":57}},"89":{"start":{"line":90,"column":0},"end":{"line":90,"column":10}},"90":{"start":{"line":91,"column":0},"end":{"line":91,"column":20}},"91":{"start":{"line":92,"column":0},"end":{"line":92,"column":40}},"92":{"start":{"line":93,"column":0},"end":{"line":93,"column":47}},"93":{"start":{"line":94,"column":0},"end":{"line":94,"column":33}},"94":{"start":{"line":95,"column":0},"end":{"line":95,"column":34}},"95":{"start":{"line":96,"column":0},"end":{"line":96,"column":4}},"96":{"start":{"line":97,"column":0},"end":{"line":97,"column":1}},"101":{"start":{"line":102,"column":0},"end":{"line":102,"column":55}},"102":{"start":{"line":103,"column":0},"end":{"line":103,"column":15}},"103":{"start":{"line":104,"column":0},"end":{"line":104,"column":18}},"104":{"start":{"line":105,"column":0},"end":{"line":105,"column":32}},"105":{"start":{"line":106,"column":0},"end":{"line":106,"column":17}},"106":{"start":{"line":107,"column":0},"end":{"line":107,"column":16}},"107":{"start":{"line":108,"column":0},"end":{"line":108,"column":15}},"108":{"start":{"line":109,"column":0},"end":{"line":109,"column":1}},"113":{"start":{"line":114,"column":0},"end":{"line":114,"column":30}},"114":{"start":{"line":115,"column":0},"end":{"line":115,"column":17}},"115":{"start":{"line":116,"column":0},"end":{"line":116,"column":23}},"116":{"start":{"line":117,"column":0},"end":{"line":117,"column":27}},"117":{"start":{"line":118,"column":0},"end":{"line":118,"column":19}},"118":{"start":{"line":119,"column":0},"end":{"line":119,"column":40}},"119":{"start":{"line":120,"column":0},"end":{"line":120,"column":52}},"120":{"start":{"line":121,"column":0},"end":{"line":121,"column":79}},"122":{"start":{"line":123,"column":0},"end":{"line":123,"column":34}},"123":{"start":{"line":124,"column":0},"end":{"line":124,"column":12}},"124":{"start":{"line":125,"column":0},"end":{"line":125,"column":34}},"130":{"start":{"line":131,"column":0},"end":{"line":131,"column":18}},"131":{"start":{"line":132,"column":0},"end":{"line":132,"column":6}},"132":{"start":{"line":133,"column":0},"end":{"line":133,"column":3}},"135":{"start":{"line":136,"column":0},"end":{"line":136,"column":21}},"136":{"start":{"line":137,"column":0},"end":{"line":137,"column":31}},"138":{"start":{"line":139,"column":0},"end":{"line":139,"column":41}},"139":{"start":{"line":140,"column":0},"end":{"line":140,"column":48}},"140":{"start":{"line":141,"column":0},"end":{"line":141,"column":25}},"142":{"start":{"line":143,"column":0},"end":{"line":143,"column":50}},"143":{"start":{"line":144,"column":0},"end":{"line":144,"column":48}},"144":{"start":{"line":145,"column":0},"end":{"line":145,"column":11}},"145":{"start":{"line":146,"column":0},"end":{"line":146,"column":46}},"146":{"start":{"line":147,"column":0},"end":{"line":147,"column":81}},"147":{"start":{"line":148,"column":0},"end":{"line":148,"column":19}},"149":{"start":{"line":150,"column":0},"end":{"line":150,"column":23}},"150":{"start":{"line":151,"column":0},"end":{"line":151,"column":48}},"151":{"start":{"line":152,"column":0},"end":{"line":152,"column":68}},"152":{"start":{"line":153,"column":0},"end":{"line":153,"column":52}},"153":{"start":{"line":154,"column":0},"end":{"line":154,"column":73}},"155":{"start":{"line":156,"column":0},"end":{"line":156,"column":49}},"156":{"start":{"line":157,"column":0},"end":{"line":157,"column":37}},"157":{"start":{"line":158,"column":0},"end":{"line":158,"column":93}},"158":{"start":{"line":159,"column":0},"end":{"line":159,"column":16}},"159":{"start":{"line":160,"column":0},"end":{"line":160,"column":64}},"160":{"start":{"line":161,"column":0},"end":{"line":161,"column":9}},"161":{"start":{"line":162,"column":0},"end":{"line":162,"column":29}},"162":{"start":{"line":163,"column":0},"end":{"line":163,"column":62}},"163":{"start":{"line":164,"column":0},"end":{"line":164,"column":7}},"164":{"start":{"line":165,"column":0},"end":{"line":165,"column":5}},"166":{"start":{"line":167,"column":0},"end":{"line":167,"column":35}},"167":{"start":{"line":168,"column":0},"end":{"line":168,"column":25}},"169":{"start":{"line":170,"column":0},"end":{"line":170,"column":31}},"170":{"start":{"line":171,"column":0},"end":{"line":171,"column":5}},"173":{"start":{"line":174,"column":0},"end":{"line":174,"column":36}},"174":{"start":{"line":175,"column":0},"end":{"line":175,"column":53}},"175":{"start":{"line":176,"column":0},"end":{"line":176,"column":54}},"176":{"start":{"line":177,"column":0},"end":{"line":177,"column":111}},"177":{"start":{"line":178,"column":0},"end":{"line":178,"column":19}},"178":{"start":{"line":179,"column":0},"end":{"line":179,"column":9}},"181":{"start":{"line":182,"column":0},"end":{"line":182,"column":49}},"182":{"start":{"line":183,"column":0},"end":{"line":183,"column":57}},"183":{"start":{"line":184,"column":0},"end":{"line":184,"column":54}},"184":{"start":{"line":185,"column":0},"end":{"line":185,"column":51}},"185":{"start":{"line":186,"column":0},"end":{"line":186,"column":17}},"186":{"start":{"line":187,"column":0},"end":{"line":187,"column":46}},"187":{"start":{"line":188,"column":0},"end":{"line":188,"column":81}},"188":{"start":{"line":189,"column":0},"end":{"line":189,"column":53}},"190":{"start":{"line":191,"column":0},"end":{"line":191,"column":37}},"194":{"start":{"line":195,"column":0},"end":{"line":195,"column":25}},"196":{"start":{"line":197,"column":0},"end":{"line":197,"column":16}},"198":{"start":{"line":199,"column":0},"end":{"line":199,"column":14}},"200":{"start":{"line":201,"column":0},"end":{"line":201,"column":63}},"201":{"start":{"line":202,"column":0},"end":{"line":202,"column":1}},"206":{"start":{"line":207,"column":0},"end":{"line":207,"column":39}},"207":{"start":{"line":208,"column":0},"end":{"line":208,"column":24}},"208":{"start":{"line":209,"column":0},"end":{"line":209,"column":32}},"209":{"start":{"line":210,"column":0},"end":{"line":210,"column":31}},"211":{"start":{"line":212,"column":0},"end":{"line":212,"column":44}},"214":{"start":{"line":215,"column":0},"end":{"line":215,"column":23}},"215":{"start":{"line":216,"column":0},"end":{"line":216,"column":41}},"216":{"start":{"line":217,"column":0},"end":{"line":217,"column":82}},"217":{"start":{"line":218,"column":0},"end":{"line":218,"column":3}},"219":{"start":{"line":220,"column":0},"end":{"line":220,"column":49}},"222":{"start":{"line":223,"column":0},"end":{"line":223,"column":35}},"223":{"start":{"line":224,"column":0},"end":{"line":224,"column":12}},"224":{"start":{"line":225,"column":0},"end":{"line":225,"column":33}},"230":{"start":{"line":231,"column":0},"end":{"line":231,"column":119}},"231":{"start":{"line":232,"column":0},"end":{"line":232,"column":19}},"232":{"start":{"line":233,"column":0},"end":{"line":233,"column":27}},"233":{"start":{"line":234,"column":0},"end":{"line":234,"column":6}},"234":{"start":{"line":235,"column":0},"end":{"line":235,"column":3}},"237":{"start":{"line":238,"column":0},"end":{"line":238,"column":47}},"240":{"start":{"line":241,"column":0},"end":{"line":241,"column":51}},"241":{"start":{"line":242,"column":0},"end":{"line":242,"column":18}},"242":{"start":{"line":243,"column":0},"end":{"line":243,"column":18}},"243":{"start":{"line":244,"column":0},"end":{"line":244,"column":12}},"244":{"start":{"line":245,"column":0},"end":{"line":245,"column":32}},"245":{"start":{"line":246,"column":0},"end":{"line":246,"column":4}},"248":{"start":{"line":249,"column":0},"end":{"line":249,"column":55}},"249":{"start":{"line":250,"column":0},"end":{"line":250,"column":66}},"250":{"start":{"line":251,"column":0},"end":{"line":251,"column":28}},"251":{"start":{"line":252,"column":0},"end":{"line":252,"column":74}},"252":{"start":{"line":253,"column":0},"end":{"line":253,"column":30}},"253":{"start":{"line":254,"column":0},"end":{"line":254,"column":60}},"254":{"start":{"line":255,"column":0},"end":{"line":255,"column":29}},"255":{"start":{"line":256,"column":0},"end":{"line":256,"column":73}},"256":{"start":{"line":257,"column":0},"end":{"line":257,"column":52}},"257":{"start":{"line":258,"column":0},"end":{"line":258,"column":77}},"259":{"start":{"line":260,"column":0},"end":{"line":260,"column":10}},"260":{"start":{"line":261,"column":0},"end":{"line":261,"column":9}},"261":{"start":{"line":262,"column":0},"end":{"line":262,"column":16}},"262":{"start":{"line":263,"column":0},"end":{"line":263,"column":14}},"263":{"start":{"line":264,"column":0},"end":{"line":264,"column":11}},"264":{"start":{"line":265,"column":0},"end":{"line":265,"column":4}},"265":{"start":{"line":266,"column":0},"end":{"line":266,"column":1}}},"s":{"0":1,"14":1,"15":13,"18":13,"19":13,"20":11,"21":11,"22":11,"23":13,"24":3,"25":3,"28":10,"29":13,"30":9,"31":9,"32":9,"33":13,"34":1,"35":1,"38":9,"39":9,"40":9,"41":13,"42":0,"43":0,"46":9,"47":9,"52":1,"54":3,"55":3,"56":1,"57":1,"60":3,"62":1,"63":1,"64":1,"66":1,"67":4,"68":2,"69":2,"70":4,"72":4,"73":0,"74":0,"75":4,"76":4,"77":4,"79":1,"80":1,"82":1,"83":1,"88":25,"89":25,"90":25,"91":25,"92":25,"93":25,"94":25,"95":25,"96":25,"101":9,"102":9,"103":9,"104":9,"105":9,"106":9,"107":9,"108":9,"113":9,"114":9,"115":9,"116":9,"117":9,"118":9,"119":9,"120":9,"122":9,"123":0,"124":0,"130":0,"131":0,"132":0,"135":9,"136":9,"138":9,"139":24,"140":24,"142":24,"143":24,"144":0,"145":24,"146":24,"147":0,"149":24,"150":24,"151":11,"152":24,"153":0,"155":0,"156":0,"157":0,"158":0,"159":0,"160":0,"161":0,"162":0,"163":0,"164":0,"166":24,"167":24,"169":24,"170":9,"173":9,"174":9,"175":9,"176":9,"177":9,"178":0,"181":9,"182":9,"183":9,"184":9,"185":0,"186":9,"187":9,"188":0,"190":9,"194":9,"196":9,"198":9,"200":9,"201":9,"206":11,"207":11,"208":11,"209":11,"211":11,"214":10,"215":11,"216":1,"217":1,"219":10,"222":11,"223":1,"224":1,"230":1,"231":1,"232":1,"233":1,"234":1,"237":9,"240":9,"241":9,"242":9,"243":9,"244":11,"245":11,"248":11,"249":11,"250":11,"251":7,"252":2,"253":2,"254":0,"255":0,"256":0,"257":11,"259":11,"260":11,"261":11,"262":11,"263":11,"264":11,"265":11},"branchMap":{"0":{"type":"branch","line":15,"loc":{"start":{"line":15,"column":7},"end":{"line":48,"column":1}},"locations":[{"start":{"line":15,"column":7},"end":{"line":48,"column":1}}]},"1":{"type":"branch","line":20,"loc":{"start":{"line":20,"column":43},"end":{"line":21,"column":45}},"locations":[{"start":{"line":20,"column":43},"end":{"line":21,"column":45}}]},"2":{"type":"branch","line":21,"loc":{"start":{"line":21,"column":41},"end":{"line":22,"column":42}},"locations":[{"start":{"line":21,"column":41},"end":{"line":22,"column":42}}]},"3":{"type":"branch","line":22,"loc":{"start":{"line":22,"column":38},"end":{"line":23,"column":66}},"locations":[{"start":{"line":22,"column":38},"end":{"line":23,"column":66}}]},"4":{"type":"branch","line":23,"loc":{"start":{"line":23,"column":31},"end":{"line":23,"column":66}},"locations":[{"start":{"line":23,"column":31},"end":{"line":23,"column":66}}]},"5":{"type":"branch","line":24,"loc":{"start":{"line":24,"column":4},"end":{"line":26,"column":3}},"locations":[{"start":{"line":24,"column":4},"end":{"line":26,"column":3}}]},"6":{"type":"branch","line":26,"loc":{"start":{"line":26,"column":2},"end":{"line":30,"column":38}},"locations":[{"start":{"line":26,"column":2},"end":{"line":30,"column":38}}]},"7":{"type":"branch","line":30,"loc":{"start":{"line":30,"column":33},"end":{"line":30,"column":70}},"locations":[{"start":{"line":30,"column":33},"end":{"line":30,"column":70}}]},"8":{"type":"branch","line":30,"loc":{"start":{"line":30,"column":65},"end":{"line":31,"column":73}},"locations":[{"start":{"line":30,"column":65},"end":{"line":31,"column":73}}]},"9":{"type":"branch","line":31,"loc":{"start":{"line":31,"column":36},"end":{"line":31,"column":73}},"locations":[{"start":{"line":31,"column":36},"end":{"line":31,"column":73}}]},"10":{"type":"branch","line":31,"loc":{"start":{"line":31,"column":68},"end":{"line":32,"column":35}},"locations":[{"start":{"line":31,"column":68},"end":{"line":32,"column":35}}]},"11":{"type":"branch","line":32,"loc":{"start":{"line":32,"column":31},"end":{"line":33,"column":32}},"locations":[{"start":{"line":32,"column":31},"end":{"line":33,"column":32}}]},"12":{"type":"branch","line":34,"loc":{"start":{"line":34,"column":4},"end":{"line":36,"column":3}},"locations":[{"start":{"line":34,"column":4},"end":{"line":36,"column":3}}]},"13":{"type":"branch","line":36,"loc":{"start":{"line":36,"column":2},"end":{"line":41,"column":36}},"locations":[{"start":{"line":36,"column":2},"end":{"line":41,"column":36}}]},"14":{"type":"branch","line":42,"loc":{"start":{"line":42,"column":4},"end":{"line":44,"column":3}},"locations":[{"start":{"line":42,"column":4},"end":{"line":44,"column":3}}]},"15":{"type":"branch","line":44,"loc":{"start":{"line":44,"column":2},"end":{"line":48,"column":1}},"locations":[{"start":{"line":44,"column":2},"end":{"line":48,"column":1}}]},"16":{"type":"branch","line":53,"loc":{"start":{"line":53,"column":7},"end":{"line":84,"column":1}},"locations":[{"start":{"line":53,"column":7},"end":{"line":84,"column":1}}]},"17":{"type":"branch","line":56,"loc":{"start":{"line":56,"column":22},"end":{"line":58,"column":3}},"locations":[{"start":{"line":56,"column":22},"end":{"line":58,"column":3}}]},"18":{"type":"branch","line":58,"loc":{"start":{"line":58,"column":2},"end":{"line":61,"column":57}},"locations":[{"start":{"line":58,"column":2},"end":{"line":61,"column":57}}]},"19":{"type":"branch","line":61,"loc":{"start":{"line":61,"column":57},"end":{"line":84,"column":1}},"locations":[{"start":{"line":61,"column":57},"end":{"line":84,"column":1}}]},"20":{"type":"branch","line":67,"loc":{"start":{"line":67,"column":30},"end":{"line":78,"column":5}},"locations":[{"start":{"line":67,"column":30},"end":{"line":78,"column":5}}]},"21":{"type":"branch","line":68,"loc":{"start":{"line":68,"column":56},"end":{"line":70,"column":7}},"locations":[{"start":{"line":68,"column":56},"end":{"line":70,"column":7}}]},"22":{"type":"branch","line":73,"loc":{"start":{"line":73,"column":31},"end":{"line":73,"column":60}},"locations":[{"start":{"line":73,"column":31},"end":{"line":73,"column":60}}]},"23":{"type":"branch","line":73,"loc":{"start":{"line":73,"column":60},"end":{"line":75,"column":9}},"locations":[{"start":{"line":73,"column":60},"end":{"line":75,"column":9}}]},"24":{"type":"branch","line":89,"loc":{"start":{"line":89,"column":0},"end":{"line":97,"column":1}},"locations":[{"start":{"line":89,"column":0},"end":{"line":97,"column":1}}]},"25":{"type":"branch","line":92,"loc":{"start":{"line":92,"column":22},"end":{"line":92,"column":40}},"locations":[{"start":{"line":92,"column":22},"end":{"line":92,"column":40}}]},"26":{"type":"branch","line":93,"loc":{"start":{"line":93,"column":19},"end":{"line":93,"column":47}},"locations":[{"start":{"line":93,"column":19},"end":{"line":93,"column":47}}]},"27":{"type":"branch","line":102,"loc":{"start":{"line":102,"column":0},"end":{"line":109,"column":1}},"locations":[{"start":{"line":102,"column":0},"end":{"line":109,"column":1}}]},"28":{"type":"branch","line":114,"loc":{"start":{"line":114,"column":0},"end":{"line":202,"column":1}},"locations":[{"start":{"line":114,"column":0},"end":{"line":202,"column":1}}]},"29":{"type":"branch","line":121,"loc":{"start":{"line":121,"column":23},"end":{"line":121,"column":61}},"locations":[{"start":{"line":121,"column":23},"end":{"line":121,"column":61}}]},"30":{"type":"branch","line":121,"loc":{"start":{"line":121,"column":57},"end":{"line":121,"column":79}},"locations":[{"start":{"line":121,"column":57},"end":{"line":121,"column":79}}]},"31":{"type":"branch","line":123,"loc":{"start":{"line":123,"column":33},"end":{"line":133,"column":3}},"locations":[{"start":{"line":123,"column":33},"end":{"line":133,"column":3}}]},"32":{"type":"branch","line":178,"loc":{"start":{"line":178,"column":18},"end":{"line":179,"column":9}},"locations":[{"start":{"line":178,"column":18},"end":{"line":179,"column":9}}]},"33":{"type":"branch","line":185,"loc":{"start":{"line":185,"column":50},"end":{"line":186,"column":17}},"locations":[{"start":{"line":185,"column":50},"end":{"line":186,"column":17}}]},"34":{"type":"branch","line":188,"loc":{"start":{"line":188,"column":75},"end":{"line":189,"column":53}},"locations":[{"start":{"line":188,"column":75},"end":{"line":189,"column":53}}]},"35":{"type":"branch","line":195,"loc":{"start":{"line":195,"column":2},"end":{"line":195,"column":24}},"locations":[{"start":{"line":195,"column":2},"end":{"line":195,"column":24}}]},"36":{"type":"branch","line":139,"loc":{"start":{"line":139,"column":23},"end":{"line":171,"column":3}},"locations":[{"start":{"line":139,"column":23},"end":{"line":171,"column":3}}]},"37":{"type":"branch","line":144,"loc":{"start":{"line":144,"column":47},"end":{"line":145,"column":11}},"locations":[{"start":{"line":144,"column":47},"end":{"line":145,"column":11}}]},"38":{"type":"branch","line":147,"loc":{"start":{"line":147,"column":80},"end":{"line":148,"column":19}},"locations":[{"start":{"line":147,"column":80},"end":{"line":148,"column":19}}]},"39":{"type":"branch","line":151,"loc":{"start":{"line":151,"column":20},"end":{"line":151,"column":47}},"locations":[{"start":{"line":151,"column":20},"end":{"line":151,"column":47}}]},"40":{"type":"branch","line":151,"loc":{"start":{"line":151,"column":47},"end":{"line":153,"column":15}},"locations":[{"start":{"line":151,"column":47},"end":{"line":153,"column":15}}]},"41":{"type":"branch","line":153,"loc":{"start":{"line":153,"column":4},"end":{"line":165,"column":5}},"locations":[{"start":{"line":153,"column":4},"end":{"line":165,"column":5}}]},"42":{"type":"branch","line":153,"loc":{"start":{"line":153,"column":27},"end":{"line":153,"column":51}},"locations":[{"start":{"line":153,"column":27},"end":{"line":153,"column":51}}]},"43":{"type":"branch","line":153,"loc":{"start":{"line":153,"column":51},"end":{"line":165,"column":5}},"locations":[{"start":{"line":153,"column":51},"end":{"line":165,"column":5}}]},"44":{"type":"branch","line":147,"loc":{"start":{"line":147,"column":23},"end":{"line":147,"column":69}},"locations":[{"start":{"line":147,"column":23},"end":{"line":147,"column":69}}]},"45":{"type":"branch","line":177,"loc":{"start":{"line":177,"column":13},"end":{"line":177,"column":110}},"locations":[{"start":{"line":177,"column":13},"end":{"line":177,"column":110}}]},"46":{"type":"branch","line":177,"loc":{"start":{"line":177,"column":92},"end":{"line":177,"column":108}},"locations":[{"start":{"line":177,"column":92},"end":{"line":177,"column":108}}]},"47":{"type":"branch","line":207,"loc":{"start":{"line":207,"column":0},"end":{"line":266,"column":1}},"locations":[{"start":{"line":207,"column":0},"end":{"line":266,"column":1}}]},"48":{"type":"branch","line":212,"loc":{"start":{"line":212,"column":42},"end":{"line":216,"column":26}},"locations":[{"start":{"line":212,"column":42},"end":{"line":216,"column":26}}]},"49":{"type":"branch","line":216,"loc":{"start":{"line":216,"column":13},"end":{"line":216,"column":40}},"locations":[{"start":{"line":216,"column":13},"end":{"line":216,"column":40}}]},"50":{"type":"branch","line":216,"loc":{"start":{"line":216,"column":40},"end":{"line":218,"column":3}},"locations":[{"start":{"line":216,"column":40},"end":{"line":218,"column":3}}]},"51":{"type":"branch","line":218,"loc":{"start":{"line":218,"column":2},"end":{"line":223,"column":34}},"locations":[{"start":{"line":218,"column":2},"end":{"line":223,"column":34}}]},"52":{"type":"branch","line":223,"loc":{"start":{"line":223,"column":34},"end":{"line":235,"column":3}},"locations":[{"start":{"line":223,"column":34},"end":{"line":235,"column":3}}]},"53":{"type":"branch","line":235,"loc":{"start":{"line":235,"column":2},"end":{"line":245,"column":24}},"locations":[{"start":{"line":235,"column":2},"end":{"line":245,"column":24}}]},"54":{"type":"branch","line":245,"loc":{"start":{"line":245,"column":11},"end":{"line":245,"column":32}},"locations":[{"start":{"line":245,"column":11},"end":{"line":245,"column":32}}]},"55":{"type":"branch","line":251,"loc":{"start":{"line":251,"column":16},"end":{"line":252,"column":74}},"locations":[{"start":{"line":251,"column":16},"end":{"line":252,"column":74}}]},"56":{"type":"branch","line":252,"loc":{"start":{"line":252,"column":8},"end":{"line":257,"column":52}},"locations":[{"start":{"line":252,"column":8},"end":{"line":257,"column":52}}]},"57":{"type":"branch","line":254,"loc":{"start":{"line":254,"column":8},"end":{"line":257,"column":52}},"locations":[{"start":{"line":254,"column":8},"end":{"line":257,"column":52}}]},"58":{"type":"branch","line":217,"loc":{"start":{"line":217,"column":25},"end":{"line":217,"column":80}},"locations":[{"start":{"line":217,"column":25},"end":{"line":217,"column":80}}]}},"b":{"0":[13],"1":[11],"2":[11],"3":[11],"4":[1],"5":[3],"6":[10],"7":[1],"8":[9],"9":[0],"10":[9],"11":[9],"12":[1],"13":[9],"14":[0],"15":[9],"16":[3],"17":[1],"18":[2],"19":[1],"20":[4],"21":[2],"22":[0],"23":[0],"24":[25],"25":[0],"26":[0],"27":[9],"28":[9],"29":[1],"30":[8],"31":[0],"32":[0],"33":[0],"34":[0],"35":[0],"36":[24],"37":[0],"38":[0],"39":[18],"40":[11],"41":[13],"42":[0],"43":[0],"44":[32],"45":[9],"46":[0],"47":[11],"48":[10],"49":[2],"50":[1],"51":[10],"52":[1],"53":[9],"54":[2],"55":[7],"56":[2],"57":[0],"58":[3]},"fnMap":{"0":{"name":"detectPattern","decl":{"start":{"line":15,"column":7},"end":{"line":48,"column":1}},"loc":{"start":{"line":15,"column":7},"end":{"line":48,"column":1}},"line":15},"1":{"name":"parseGeneratedYaml","decl":{"start":{"line":53,"column":7},"end":{"line":84,"column":1}},"loc":{"start":{"line":53,"column":7},"end":{"line":84,"column":1}},"line":53},"2":{"name":"toTaskSummary","decl":{"start":{"line":89,"column":0},"end":{"line":97,"column":1}},"loc":{"start":{"line":89,"column":0},"end":{"line":97,"column":1}},"line":89},"3":{"name":"generateWorkflowName","decl":{"start":{"line":102,"column":0},"end":{"line":109,"column":1}},"loc":{"start":{"line":102,"column":0},"end":{"line":109,"column":1}},"line":102},"4":{"name":"generateWorkflowYaml","decl":{"start":{"line":114,"column":0},"end":{"line":202,"column":1}},"loc":{"start":{"line":114,"column":0},"end":{"line":202,"column":1}},"line":114},"5":{"name":"generateWorkflow","decl":{"start":{"line":207,"column":0},"end":{"line":266,"column":1}},"loc":{"start":{"line":207,"column":0},"end":{"line":266,"column":1}},"line":207}},"f":{"0":13,"1":3,"2":25,"3":9,"4":9,"5":11}}
,"/Users/darren/dev/workflow/packages/workflow-mcp-server/src/tools/list-tasks.ts": {"path":"/Users/darren/dev/workflow/packages/workflow-mcp-server/src/tools/list-tasks.ts","all":false,"statementMap":{"10":{"start":{"line":11,"column":0},"end":{"line":11,"column":57}},"11":{"start":{"line":12,"column":0},"end":{"line":12,"column":10}},"12":{"start":{"line":13,"column":0},"end":{"line":13,"column":20}},"13":{"start":{"line":14,"column":0},"end":{"line":14,"column":40}},"14":{"start":{"line":15,"column":0},"end":{"line":15,"column":47}},"15":{"start":{"line":16,"column":0},"end":{"line":16,"column":33}},"16":{"start":{"line":17,"column":0},"end":{"line":17,"column":34}},"17":{"start":{"line":18,"column":0},"end":{"line":18,"column":4}},"18":{"start":{"line":19,"column":0},"end":{"line":19,"column":1}},"23":{"start":{"line":24,"column":0},"end":{"line":24,"column":69}},"24":{"start":{"line":25,"column":0},"end":{"line":25,"column":43}},"25":{"start":{"line":26,"column":0},"end":{"line":26,"column":39}},"26":{"start":{"line":27,"column":0},"end":{"line":27,"column":61}},"28":{"start":{"line":29,"column":0},"end":{"line":29,"column":73}},"29":{"start":{"line":30,"column":0},"end":{"line":30,"column":1}},"34":{"start":{"line":35,"column":0},"end":{"line":35,"column":32}},"35":{"start":{"line":36,"column":0},"end":{"line":36,"column":24}},"36":{"start":{"line":37,"column":0},"end":{"line":37,"column":25}},"37":{"start":{"line":38,"column":0},"end":{"line":38,"column":29}},"38":{"start":{"line":39,"column":0},"end":{"line":39,"column":41}},"40":{"start":{"line":41,"column":0},"end":{"line":41,"column":23}},"43":{"start":{"line":44,"column":0},"end":{"line":44,"column":24}},"44":{"start":{"line":45,"column":0},"end":{"line":45,"column":68}},"45":{"start":{"line":46,"column":0},"end":{"line":46,"column":3}},"48":{"start":{"line":49,"column":0},"end":{"line":49,"column":22}},"49":{"start":{"line":50,"column":0},"end":{"line":50,"column":70}},"50":{"start":{"line":51,"column":0},"end":{"line":51,"column":3}},"52":{"start":{"line":53,"column":0},"end":{"line":53,"column":10}},"53":{"start":{"line":54,"column":0},"end":{"line":54,"column":38}},"54":{"start":{"line":55,"column":0},"end":{"line":55,"column":4}},"55":{"start":{"line":56,"column":0},"end":{"line":56,"column":1}}},"s":{"10":13,"11":13,"12":13,"13":13,"14":13,"15":13,"16":13,"17":13,"18":13,"23":14,"24":14,"25":14,"26":14,"28":14,"29":14,"34":10,"35":10,"36":10,"37":10,"38":10,"40":9,"43":10,"44":2,"45":2,"48":10,"49":5,"50":5,"52":9,"53":9,"54":9,"55":9},"branchMap":{"0":{"type":"branch","line":11,"loc":{"start":{"line":11,"column":0},"end":{"line":19,"column":1}},"locations":[{"start":{"line":11,"column":0},"end":{"line":19,"column":1}}]},"1":{"type":"branch","line":14,"loc":{"start":{"line":14,"column":22},"end":{"line":14,"column":40}},"locations":[{"start":{"line":14,"column":22},"end":{"line":14,"column":40}}]},"2":{"type":"branch","line":15,"loc":{"start":{"line":15,"column":19},"end":{"line":15,"column":47}},"locations":[{"start":{"line":15,"column":19},"end":{"line":15,"column":47}}]},"3":{"type":"branch","line":24,"loc":{"start":{"line":24,"column":0},"end":{"line":30,"column":1}},"locations":[{"start":{"line":24,"column":0},"end":{"line":30,"column":1}}]},"4":{"type":"branch","line":27,"loc":{"start":{"line":27,"column":28},"end":{"line":27,"column":47}},"locations":[{"start":{"line":27,"column":28},"end":{"line":27,"column":47}}]},"5":{"type":"branch","line":29,"loc":{"start":{"line":29,"column":34},"end":{"line":29,"column":73}},"locations":[{"start":{"line":29,"column":34},"end":{"line":29,"column":73}}]},"6":{"type":"branch","line":35,"loc":{"start":{"line":35,"column":0},"end":{"line":56,"column":1}},"locations":[{"start":{"line":35,"column":0},"end":{"line":56,"column":1}}]},"7":{"type":"branch","line":39,"loc":{"start":{"line":39,"column":39},"end":{"line":44,"column":23}},"locations":[{"start":{"line":39,"column":39},"end":{"line":44,"column":23}}]},"8":{"type":"branch","line":44,"loc":{"start":{"line":44,"column":23},"end":{"line":46,"column":3}},"locations":[{"start":{"line":44,"column":23},"end":{"line":46,"column":3}}]},"9":{"type":"branch","line":46,"loc":{"start":{"line":46,"column":2},"end":{"line":49,"column":21}},"locations":[{"start":{"line":46,"column":2},"end":{"line":49,"column":21}}]},"10":{"type":"branch","line":49,"loc":{"start":{"line":49,"column":21},"end":{"line":51,"column":3}},"locations":[{"start":{"line":49,"column":21},"end":{"line":51,"column":3}}]},"11":{"type":"branch","line":51,"loc":{"start":{"line":51,"column":2},"end":{"line":56,"column":1}},"locations":[{"start":{"line":51,"column":2},"end":{"line":56,"column":1}}]},"12":{"type":"branch","line":45,"loc":{"start":{"line":45,"column":31},"end":{"line":45,"column":66}},"locations":[{"start":{"line":45,"column":31},"end":{"line":45,"column":66}}]},"13":{"type":"branch","line":50,"loc":{"start":{"line":50,"column":31},"end":{"line":50,"column":68}},"locations":[{"start":{"line":50,"column":31},"end":{"line":50,"column":68}}]}},"b":{"0":[13],"1":[1],"2":[1],"3":[14],"4":[0],"5":[11],"6":[10],"7":[9],"8":[2],"9":[9],"10":[5],"11":[9],"12":[6],"13":[14]},"fnMap":{"0":{"name":"toTaskSummary","decl":{"start":{"line":11,"column":0},"end":{"line":19,"column":1}},"loc":{"start":{"line":11,"column":0},"end":{"line":19,"column":1}},"line":11},"1":{"name":"matchesSearch","decl":{"start":{"line":24,"column":0},"end":{"line":30,"column":1}},"loc":{"start":{"line":24,"column":0},"end":{"line":30,"column":1}},"line":24},"2":{"name":"listTasks","decl":{"start":{"line":35,"column":0},"end":{"line":56,"column":1}},"loc":{"start":{"line":35,"column":0},"end":{"line":56,"column":1}},"line":35}},"f":{"0":13,"1":14,"2":10}}
,"/Users/darren/dev/workflow/packages/workflow-mcp-server/src/tools/validate-workflow.ts": {"path":"/Users/darren/dev/workflow/packages/workflow-mcp-server/src/tools/validate-workflow.ts","all":false,"statementMap":{"0":{"start":{"line":1,"column":0},"end":{"line":1,"column":67}},"12":{"start":{"line":13,"column":0},"end":{"line":13,"column":39}},"13":{"start":{"line":14,"column":0},"end":{"line":14,"column":24}},"14":{"start":{"line":15,"column":0},"end":{"line":15,"column":32}},"15":{"start":{"line":16,"column":0},"end":{"line":16,"column":30}},"17":{"start":{"line":18,"column":0},"end":{"line":18,"column":36}},"18":{"start":{"line":19,"column":0},"end":{"line":19,"column":38}},"19":{"start":{"line":20,"column":0},"end":{"line":20,"column":9}},"20":{"start":{"line":21,"column":0},"end":{"line":21,"column":45}},"21":{"start":{"line":22,"column":0},"end":{"line":22,"column":46}},"22":{"start":{"line":23,"column":0},"end":{"line":23,"column":13}},"24":{"start":{"line":25,"column":0},"end":{"line":25,"column":5}},"25":{"start":{"line":26,"column":0},"end":{"line":26,"column":3}},"28":{"start":{"line":29,"column":0},"end":{"line":29,"column":60}},"31":{"start":{"line":32,"column":0},"end":{"line":32,"column":64}},"32":{"start":{"line":33,"column":0},"end":{"line":33,"column":39}},"33":{"start":{"line":34,"column":0},"end":{"line":34,"column":29}},"34":{"start":{"line":35,"column":0},"end":{"line":35,"column":30}},"35":{"start":{"line":36,"column":0},"end":{"line":36,"column":6}},"37":{"start":{"line":38,"column":0},"end":{"line":38,"column":40}},"38":{"start":{"line":39,"column":0},"end":{"line":39,"column":75}},"39":{"start":{"line":40,"column":0},"end":{"line":40,"column":23}},"40":{"start":{"line":41,"column":0},"end":{"line":41,"column":41}},"41":{"start":{"line":42,"column":0},"end":{"line":42,"column":7}},"42":{"start":{"line":43,"column":0},"end":{"line":43,"column":5}},"44":{"start":{"line":45,"column":0},"end":{"line":45,"column":20}},"45":{"start":{"line":46,"column":0},"end":{"line":46,"column":5}},"48":{"start":{"line":49,"column":0},"end":{"line":49,"column":81}},"49":{"start":{"line":50,"column":0},"end":{"line":50,"column":29}},"50":{"start":{"line":51,"column":0},"end":{"line":51,"column":34}},"51":{"start":{"line":52,"column":0},"end":{"line":52,"column":6}},"53":{"start":{"line":54,"column":0},"end":{"line":54,"column":10}},"54":{"start":{"line":55,"column":0},"end":{"line":55,"column":24}},"55":{"start":{"line":56,"column":0},"end":{"line":56,"column":11}},"56":{"start":{"line":57,"column":0},"end":{"line":57,"column":12}},"57":{"start":{"line":58,"column":0},"end":{"line":58,"column":4}},"58":{"start":{"line":59,"column":0},"end":{"line":59,"column":1}}},"s":{"0":1,"12":10,"13":10,"14":10,"15":10,"17":10,"18":10,"19":9,"20":9,"21":9,"22":9,"24":0,"25":9,"28":10,"31":9,"32":7,"33":7,"34":7,"35":7,"37":7,"38":6,"39":6,"40":6,"41":6,"42":6,"44":7,"45":9,"48":10,"49":1,"50":1,"51":10,"53":10,"54":10,"55":10,"56":10,"57":10,"58":10},"branchMap":{"0":{"type":"branch","line":13,"loc":{"start":{"line":13,"column":0},"end":{"line":59,"column":1}},"locations":[{"start":{"line":13,"column":0},"end":{"line":59,"column":1}}]},"1":{"type":"branch","line":19,"loc":{"start":{"line":19,"column":37},"end":{"line":26,"column":3}},"locations":[{"start":{"line":19,"column":37},"end":{"line":26,"column":3}}]},"2":{"type":"branch","line":23,"loc":{"start":{"line":23,"column":4},"end":{"line":25,"column":5}},"locations":[{"start":{"line":23,"column":4},"end":{"line":25,"column":5}}]},"3":{"type":"branch","line":29,"loc":{"start":{"line":29,"column":58},"end":{"line":49,"column":60}},"locations":[{"start":{"line":29,"column":58},"end":{"line":49,"column":60}}]},"4":{"type":"branch","line":49,"loc":{"start":{"line":49,"column":48},"end":{"line":49,"column":64}},"locations":[{"start":{"line":49,"column":48},"end":{"line":49,"column":64}}]},"5":{"type":"branch","line":22,"loc":{"start":{"line":22,"column":33},"end":{"line":22,"column":44}},"locations":[{"start":{"line":22,"column":33},"end":{"line":22,"column":44}}]},"6":{"type":"branch","line":32,"loc":{"start":{"line":32,"column":54},"end":{"line":46,"column":3}},"locations":[{"start":{"line":32,"column":54},"end":{"line":46,"column":3}}]},"7":{"type":"branch","line":38,"loc":{"start":{"line":38,"column":39},"end":{"line":43,"column":5}},"locations":[{"start":{"line":38,"column":39},"end":{"line":43,"column":5}}]},"8":{"type":"branch","line":49,"loc":{"start":{"line":49,"column":68},"end":{"line":52,"column":4}},"locations":[{"start":{"line":49,"column":68},"end":{"line":52,"column":4}}]}},"b":{"0":[10],"1":[9],"2":[0],"3":[9],"4":[0],"5":[9],"6":[7],"7":[6],"8":[1]},"fnMap":{"0":{"name":"validateWorkflow","decl":{"start":{"line":13,"column":0},"end":{"line":59,"column":1}},"loc":{"start":{"line":13,"column":0},"end":{"line":59,"column":1}},"line":13}},"f":{"0":10}}
}
