TN:
SF:src/prompts/error-fixing.ts
FN:18,unknown_task_ref
FN:22,invalid_template
FN:27,circular_dependency
FN:32,schema_mismatch
FN:36,missing_dependency
FN:40,duplicate_task_id
FN:44,invalid_yaml
FN:48,missing_required_field
FN:56,detectErrorType
FN:90,generateSuggestion
FNF:10
FNH:10
FNDA:5,unknown_task_ref
FNDA:4,invalid_template
FNDA:3,circular_dependency
FNDA:1,schema_mismatch
FNDA:1,missing_dependency
FNDA:1,duplicate_task_id
FNDA:3,invalid_yaml
FNDA:1,missing_required_field
FNDA:27,detectErrorType
FNDA:13,generateSuggestion
DA:17,1
DA:18,1
DA:19,5
DA:22,1
DA:23,4
DA:27,1
DA:28,3
DA:32,1
DA:33,1
DA:36,1
DA:37,1
DA:38,1
DA:40,1
DA:41,1
DA:44,1
DA:45,3
DA:48,1
DA:49,1
DA:51,1
DA:56,1
DA:57,27
DA:59,27
DA:60,6
DA:61,6
DA:62,27
DA:63,5
DA:64,5
DA:65,27
DA:66,4
DA:67,4
DA:68,27
DA:69,2
DA:70,2
DA:71,27
DA:72,2
DA:73,2
DA:74,27
DA:75,1
DA:76,1
DA:77,27
DA:78,3
DA:79,3
DA:80,27
DA:81,2
DA:82,2
DA:84,2
DA:85,2
DA:90,1
DA:91,13
DA:92,13
DA:93,13
DA:94,13
DA:96,13
DA:97,1
DA:98,1
DA:100,12
DA:101,13
DA:102,4
DA:103,4
DA:104,4
DA:105,4
DA:106,4
DA:107,13
DA:108,3
DA:109,3
DA:110,3
DA:111,3
DA:112,13
DA:113,2
DA:114,2
DA:115,2
DA:116,2
DA:117,13
DA:118,2
DA:119,2
DA:120,13
DA:121,1
DA:122,13
DA:123,13
LF:79
LH:79
BRDA:18,0,0,5
BRDA:22,1,0,4
BRDA:27,2,0,3
BRDA:32,3,0,1
BRDA:36,4,0,1
BRDA:40,5,0,1
BRDA:44,6,0,3
BRDA:48,7,0,1
BRDA:56,8,0,27
BRDA:59,9,0,22
BRDA:59,10,0,6
BRDA:61,11,0,21
BRDA:62,12,0,16
BRDA:62,13,0,5
BRDA:64,14,0,16
BRDA:65,15,0,13
BRDA:65,16,0,4
BRDA:67,17,0,12
BRDA:68,18,0,3
BRDA:68,19,0,2
BRDA:68,20,0,2
BRDA:70,21,0,23
BRDA:70,22,0,10
BRDA:71,23,0,9
BRDA:71,24,0,2
BRDA:73,25,0,8
BRDA:74,26,0,1
BRDA:74,27,0,1
BRDA:76,28,0,7
BRDA:77,29,0,4
BRDA:77,30,0,22
BRDA:77,31,0,3
BRDA:79,32,0,4
BRDA:80,33,0,2
BRDA:80,34,0,2
BRDA:90,35,0,13
BRDA:96,36,0,1
BRDA:98,37,0,12
BRDA:101,38,0,4
BRDA:103,39,0,3
BRDA:103,40,0,1
BRDA:104,41,0,3
BRDA:104,42,0,1
BRDA:107,43,0,3
BRDA:109,44,0,1
BRDA:109,45,0,2
BRDA:112,46,0,2
BRDA:114,47,0,1
BRDA:114,48,0,1
BRDA:117,49,0,2
BRDA:120,50,0,1
BRF:51
BRH:51
end_of_record
TN:
SF:src/prompts/few-shot-examples.ts
FN:167,selectRelevantExample
FN:207,formatExample
FNF:2
FNH:2
FNDA:15,selectRelevantExample
FNDA:1,formatExample
DA:13,1
DA:14,1
DA:15,1
DA:16,1
DA:38,1
DA:39,1
DA:40,1
DA:42,1
DA:43,1
DA:44,1
DA:67,1
DA:68,1
DA:69,1
DA:71,1
DA:72,1
DA:73,1
DA:113,1
DA:114,1
DA:115,1
DA:117,1
DA:118,1
DA:119,1
DA:159,1
DA:160,1
DA:161,1
DA:162,1
DA:167,1
DA:168,15
DA:171,15
DA:172,15
DA:173,13
DA:174,12
DA:175,12
DA:176,12
DA:177,15
DA:178,4
DA:179,4
DA:182,11
DA:183,15
DA:184,10
DA:185,9
DA:186,9
DA:187,15
DA:188,2
DA:189,2
DA:192,9
DA:193,9
DA:194,8
DA:195,8
DA:196,15
DA:197,1
DA:198,1
DA:201,8
DA:202,8
DA:207,1
DA:208,1
DA:212,1
DA:215,1
DA:216,1
DA:217,1
LF:60
LH:60
BRDA:167,0,0,15
BRDA:172,1,0,13
BRDA:173,2,0,12
BRDA:174,3,0,12
BRDA:175,4,0,12
BRDA:176,5,0,1
BRDA:177,6,0,4
BRDA:179,7,0,11
BRDA:183,8,0,1
BRDA:183,9,0,10
BRDA:184,10,0,1
BRDA:184,11,0,9
BRDA:185,12,0,9
BRDA:187,13,0,11
BRDA:187,14,0,2
BRDA:189,15,0,9
BRDA:193,16,0,8
BRDA:194,17,0,8
BRDA:196,18,0,10
BRDA:196,19,0,1
BRDA:198,20,0,8
BRDA:207,21,0,1
BRF:22
BRH:22
end_of_record
TN:
SF:src/prompts/system-prompt.ts
FN:6,formatTaskList
FN:28,buildSystemPrompt
FNF:2
FNH:2
FNDA:7,formatTaskList
FNDA:3,buildSystemPrompt
DA:6,1
DA:7,7
DA:8,3
DA:9,3
DA:11,4
DA:12,5
DA:13,3
DA:14,2
DA:15,5
DA:16,3
DA:17,2
DA:19,5
DA:20,5
DA:21,5
DA:22,4
DA:23,4
DA:28,1
DA:29,3
DA:31,3
DA:53,3
DA:71,3
LF:21
LH:21
BRDA:6,0,0,7
BRDA:7,1,0,3
BRDA:9,2,0,4
BRDA:11,3,0,5
BRDA:12,4,0,3
BRDA:13,5,0,2
BRDA:15,6,0,3
BRDA:16,7,0,2
BRDA:28,8,0,3
BRF:9
BRH:9
end_of_record
TN:
SF:src/services/gateway-client.ts
FN:6,<instance_members_initializer>
FN:9,GatewayClient
FN:16,listTasks
FN:29,getTask
FN:42,validateWorkflow
FNF:5
FNH:5
FNDA:14,<instance_members_initializer>
FNDA:14,GatewayClient
FNDA:3,listTasks
FNDA:2,getTask
FNDA:3,validateWorkflow
DA:6,1
DA:7,14
DA:9,14
DA:10,14
DA:11,14
DA:16,14
DA:17,3
DA:19,3
DA:20,1
DA:21,1
DA:23,1
DA:24,3
DA:29,14
DA:30,2
DA:32,2
DA:33,1
DA:34,1
DA:36,1
DA:37,2
DA:42,14
DA:43,3
DA:44,3
DA:45,3
DA:46,3
DA:47,3
DA:49,3
DA:50,1
DA:51,1
DA:53,2
DA:59,2
DA:60,3
DA:61,3
DA:62,3
DA:63,3
DA:64,3
DA:65,14
LF:36
LH:36
BRDA:6,0,0,14
BRDA:9,1,0,14
BRDA:10,2,0,2
BRDA:10,3,0,1
BRDA:16,4,0,3
BRDA:17,5,0,2
BRDA:19,6,0,1
BRDA:29,7,0,2
BRDA:32,8,0,1
BRDA:42,9,0,3
BRDA:49,10,0,1
BRDA:51,11,0,2
BRDA:60,12,0,0
BRDA:61,13,0,0
BRDA:62,14,0,2
BRF:15
BRH:13
end_of_record
TN:
SF:src/tools/generate-workflow.ts
FN:15,detectPattern
FN:53,parseGeneratedYaml
FN:89,toTaskSummary
FN:102,generateWorkflowName
FN:114,generateWorkflowYaml
FN:207,generateWorkflow
FNF:6
FNH:6
FNDA:13,detectPattern
FNDA:3,parseGeneratedYaml
FNDA:25,toTaskSummary
FNDA:9,generateWorkflowName
FNDA:9,generateWorkflowYaml
FNDA:11,generateWorkflow
DA:1,1
DA:15,1
DA:16,13
DA:19,13
DA:20,13
DA:21,11
DA:22,11
DA:23,11
DA:24,13
DA:25,3
DA:26,3
DA:29,10
DA:30,13
DA:31,9
DA:32,9
DA:33,9
DA:34,13
DA:35,1
DA:36,1
DA:39,9
DA:40,9
DA:41,9
DA:42,13
DA:43,0
DA:44,0
DA:47,9
DA:48,9
DA:53,1
DA:55,3
DA:56,3
DA:57,1
DA:58,1
DA:61,3
DA:63,1
DA:64,1
DA:65,1
DA:67,1
DA:68,4
DA:69,2
DA:70,2
DA:71,4
DA:73,4
DA:74,0
DA:75,0
DA:76,4
DA:77,4
DA:78,4
DA:80,1
DA:81,1
DA:83,1
DA:84,1
DA:89,25
DA:90,25
DA:91,25
DA:92,25
DA:93,25
DA:94,25
DA:95,25
DA:96,25
DA:97,25
DA:102,9
DA:103,9
DA:104,9
DA:105,9
DA:106,9
DA:107,9
DA:108,9
DA:109,9
DA:114,9
DA:115,9
DA:116,9
DA:117,9
DA:118,9
DA:119,9
DA:120,9
DA:121,9
DA:123,9
DA:124,0
DA:125,0
DA:131,0
DA:132,0
DA:133,0
DA:136,9
DA:137,9
DA:139,9
DA:140,24
DA:141,24
DA:143,24
DA:144,24
DA:145,0
DA:146,24
DA:147,24
DA:148,0
DA:150,24
DA:151,24
DA:152,11
DA:153,24
DA:154,0
DA:156,0
DA:157,0
DA:158,0
DA:159,0
DA:160,0
DA:161,0
DA:162,0
DA:163,0
DA:164,0
DA:165,0
DA:167,24
DA:168,24
DA:170,24
DA:171,9
DA:174,9
DA:175,9
DA:176,9
DA:177,9
DA:178,9
DA:179,0
DA:182,9
DA:183,9
DA:184,9
DA:185,9
DA:186,0
DA:187,9
DA:188,9
DA:189,0
DA:191,9
DA:195,9
DA:197,9
DA:199,9
DA:201,9
DA:202,9
DA:207,11
DA:208,11
DA:209,11
DA:210,11
DA:212,11
DA:215,10
DA:216,11
DA:217,1
DA:218,1
DA:220,10
DA:223,11
DA:224,1
DA:225,1
DA:231,1
DA:232,1
DA:233,1
DA:234,1
DA:235,1
DA:238,9
DA:241,9
DA:242,9
DA:243,9
DA:244,9
DA:245,11
DA:246,11
DA:249,11
DA:250,11
DA:251,11
DA:252,7
DA:253,2
DA:254,2
DA:255,0
DA:256,0
DA:257,0
DA:258,11
DA:260,11
DA:261,11
DA:262,11
DA:263,11
DA:264,11
DA:265,11
DA:266,11
LF:174
LH:146
BRDA:15,0,0,13
BRDA:20,1,0,11
BRDA:21,2,0,11
BRDA:22,3,0,11
BRDA:23,4,0,1
BRDA:24,5,0,3
BRDA:26,6,0,10
BRDA:30,7,0,1
BRDA:30,8,0,9
BRDA:31,9,0,0
BRDA:31,10,0,9
BRDA:32,11,0,9
BRDA:34,12,0,1
BRDA:36,13,0,9
BRDA:42,14,0,0
BRDA:44,15,0,9
BRDA:53,16,0,3
BRDA:56,17,0,1
BRDA:58,18,0,2
BRDA:61,19,0,1
BRDA:67,20,0,4
BRDA:68,21,0,2
BRDA:73,22,0,0
BRDA:73,23,0,0
BRDA:89,24,0,25
BRDA:92,25,0,0
BRDA:93,26,0,0
BRDA:102,27,0,9
BRDA:114,28,0,9
BRDA:121,29,0,1
BRDA:121,30,0,8
BRDA:123,31,0,0
BRDA:178,32,0,0
BRDA:185,33,0,0
BRDA:188,34,0,0
BRDA:195,35,0,0
BRDA:139,36,0,24
BRDA:144,37,0,0
BRDA:147,38,0,0
BRDA:151,39,0,18
BRDA:151,40,0,11
BRDA:153,41,0,13
BRDA:153,42,0,0
BRDA:153,43,0,0
BRDA:147,44,0,32
BRDA:177,45,0,9
BRDA:177,46,0,0
BRDA:207,47,0,11
BRDA:212,48,0,10
BRDA:216,49,0,2
BRDA:216,50,0,1
BRDA:218,51,0,10
BRDA:223,52,0,1
BRDA:235,53,0,9
BRDA:245,54,0,2
BRDA:251,55,0,7
BRDA:252,56,0,2
BRDA:254,57,0,0
BRDA:217,58,0,3
BRF:59
BRH:42
end_of_record
TN:
SF:src/tools/list-tasks.ts
FN:11,toTaskSummary
FN:24,matchesSearch
FN:35,listTasks
FNF:3
FNH:3
FNDA:13,toTaskSummary
FNDA:14,matchesSearch
FNDA:10,listTasks
DA:11,13
DA:12,13
DA:13,13
DA:14,13
DA:15,13
DA:16,13
DA:17,13
DA:18,13
DA:19,13
DA:24,14
DA:25,14
DA:26,14
DA:27,14
DA:29,14
DA:30,14
DA:35,10
DA:36,10
DA:37,10
DA:38,10
DA:39,10
DA:41,9
DA:44,10
DA:45,2
DA:46,2
DA:49,10
DA:50,5
DA:51,5
DA:53,9
DA:54,9
DA:55,9
DA:56,9
LF:31
LH:31
BRDA:11,0,0,13
BRDA:14,1,0,1
BRDA:15,2,0,1
BRDA:24,3,0,14
BRDA:27,4,0,0
BRDA:29,5,0,11
BRDA:35,6,0,10
BRDA:39,7,0,9
BRDA:44,8,0,2
BRDA:46,9,0,9
BRDA:49,10,0,5
BRDA:51,11,0,9
BRDA:45,12,0,6
BRDA:50,13,0,14
BRF:14
BRH:13
end_of_record
TN:
SF:src/tools/validate-workflow.ts
FN:13,validateWorkflow
FNF:1
FNH:1
FNDA:10,validateWorkflow
DA:1,1
DA:13,10
DA:14,10
DA:15,10
DA:16,10
DA:18,10
DA:19,10
DA:20,9
DA:21,9
DA:22,9
DA:23,9
DA:25,0
DA:26,9
DA:29,10
DA:32,9
DA:33,7
DA:34,7
DA:35,7
DA:36,7
DA:38,7
DA:39,6
DA:40,6
DA:41,6
DA:42,6
DA:43,6
DA:45,7
DA:46,9
DA:49,10
DA:50,1
DA:51,1
DA:52,10
DA:54,10
DA:55,10
DA:56,10
DA:57,10
DA:58,10
DA:59,10
LF:37
LH:36
BRDA:13,0,0,10
BRDA:19,1,0,9
BRDA:23,2,0,0
BRDA:29,3,0,9
BRDA:49,4,0,0
BRDA:22,5,0,9
BRDA:32,6,0,7
BRDA:38,7,0,6
BRDA:49,8,0,1
BRF:9
BRH:7
end_of_record
