TN:
SF:src/prompts/workflow-prompts.ts
FN:51,getDiscoverWorkflowPrompt
FN:97,getExecuteWorkflowPrompt
FN:156,getTroubleshootExecutionPrompt
FNF:3
FNH:3
FNDA:5,getDiscoverWorkflowPrompt
FNDA:8,getExecuteWorkflowPrompt
FNDA:5,getTroubleshootExecutionPrompt
DA:51,5
DA:52,5
DA:53,5
DA:54,5
DA:55,5
DA:58,5
DA:59,9
DA:60,8
DA:61,8
DA:62,8
DA:63,1
DA:65,9
DA:66,5
DA:68,5
DA:72,5
DA:75,5
DA:83,5
DA:84,5
DA:85,5
DA:86,5
DA:87,5
DA:88,5
DA:89,5
DA:90,5
DA:91,5
DA:92,5
DA:97,8
DA:98,8
DA:99,8
DA:100,8
DA:101,8
DA:104,8
DA:105,8
DA:106,8
DA:107,13
DA:108,13
DA:109,13
DA:110,13
DA:111,13
DA:112,8
DA:113,8
DA:114,0
DA:117,8
DA:118,8
DA:119,8
DA:121,8
DA:124,8
DA:127,8
DA:129,8
DA:130,5
DA:131,5
DA:133,8
DA:134,2
DA:135,2
DA:137,8
DA:142,8
DA:143,8
DA:144,8
DA:145,8
DA:146,8
DA:147,8
DA:148,8
DA:149,8
DA:150,8
DA:151,8
DA:156,5
DA:157,5
DA:158,5
DA:159,5
DA:160,5
DA:163,5
DA:164,5
DA:165,5
DA:167,5
DA:170,5
DA:171,5
DA:172,5
DA:175,5
DA:178,5
DA:187,5
DA:188,5
DA:189,5
DA:190,5
DA:191,5
DA:192,5
DA:193,5
DA:194,5
DA:195,5
DA:196,5
LF:89
LH:88
BRDA:51,0,0,5
BRDA:58,1,0,9
BRDA:59,2,0,8
BRDA:62,3,0,1
BRDA:65,4,0,0
BRDA:61,5,0,10
BRDA:61,6,0,9
BRDA:61,7,0,1
BRDA:97,8,0,8
BRDA:113,9,0,0
BRDA:117,10,0,3
BRDA:124,11,0,1
BRDA:129,12,0,5
BRDA:133,13,0,2
BRDA:133,14,0,2
BRDA:106,15,0,13
BRDA:108,16,0,7
BRDA:109,17,0,6
BRDA:110,18,0,6
BRDA:118,19,0,5
BRDA:156,20,0,5
BRDA:163,21,0,0
BRDA:175,22,0,0
BRDA:178,23,0,1
BRDA:164,24,0,6
BRDA:164,25,0,3
BRDA:164,26,0,3
BRF:27
BRH:23
end_of_record
TN:
SF:src/resources/workflow-resource.ts
FN:31,listWorkflowResources
FN:61,getWorkflowResource
FN:93,getWorkflowSchemaResource
FNF:3
FNH:3
FNDA:3,listWorkflowResources
FNDA:5,getWorkflowResource
FNDA:6,getWorkflowSchemaResource
DA:31,3
DA:32,3
DA:33,3
DA:34,3
DA:35,3
DA:37,3
DA:39,6
DA:40,6
DA:41,6
DA:42,6
DA:43,6
DA:44,6
DA:47,6
DA:48,6
DA:49,6
DA:50,6
DA:51,6
DA:52,6
DA:53,6
DA:55,3
DA:56,3
DA:61,5
DA:62,5
DA:63,5
DA:64,5
DA:65,5
DA:67,4
DA:68,4
DA:69,5
DA:70,5
DA:71,5
DA:72,5
DA:73,5
DA:74,5
DA:75,7
DA:76,7
DA:77,7
DA:78,7
DA:79,5
DA:80,5
DA:82,5
DA:83,5
DA:84,5
DA:85,5
DA:86,5
DA:87,5
DA:88,5
DA:93,6
DA:94,6
DA:95,6
DA:96,6
DA:97,6
DA:98,6
DA:101,6
DA:102,6
DA:104,6
DA:105,10
DA:106,10
DA:107,10
DA:108,10
DA:109,10
DA:111,10
DA:112,6
DA:113,6
DA:114,10
DA:116,6
DA:117,6
DA:118,6
DA:119,6
DA:120,6
DA:121,6
DA:122,6
DA:124,6
DA:125,6
DA:126,6
DA:127,6
DA:128,6
DA:129,6
DA:130,6
LF:79
LH:79
BRDA:31,0,0,3
BRDA:37,1,0,6
BRDA:61,2,0,5
BRDA:65,3,0,4
BRDA:69,4,0,1
BRDA:70,5,0,1
BRDA:71,6,0,1
BRDA:72,7,0,1
BRDA:73,8,0,1
BRDA:74,9,0,0
BRDA:74,10,0,7
BRDA:78,11,0,3
BRDA:93,12,0,6
BRDA:98,13,0,1
BRDA:104,14,0,10
BRDA:111,15,0,6
BRF:16
BRH:15
end_of_record
TN:
SF:src/tools/execute-workflow.ts
FN:21,calculateParallelGroups
FN:77,executeWorkflow
FNF:2
FNH:2
FNDA:3,calculateParallelGroups
FNDA:16,executeWorkflow
DA:21,3
DA:22,3
DA:23,3
DA:25,3
DA:26,3
DA:28,3
DA:29,9
DA:30,9
DA:31,9
DA:33,3
DA:34,9
DA:35,8
DA:36,8
DA:37,8
DA:38,8
DA:39,9
DA:42,3
DA:43,3
DA:45,3
DA:47,7
DA:48,7
DA:49,16
DA:50,7
DA:51,7
DA:52,16
DA:54,7
DA:56,1
DA:57,1
DA:58,1
DA:60,6
DA:63,7
DA:64,7
DA:65,7
DA:66,6
DA:67,6
DA:68,7
DA:69,6
DA:71,3
DA:72,3
DA:77,16
DA:78,16
DA:79,16
DA:80,16
DA:81,16
DA:83,16
DA:84,3
DA:85,3
DA:87,3
DA:88,9
DA:89,9
DA:90,3
DA:92,3
DA:94,3
DA:95,3
DA:96,3
DA:97,3
DA:98,3
DA:99,3
DA:100,3
DA:101,3
DA:102,3
DA:103,3
DA:106,13
DA:108,16
DA:109,4
DA:110,4
DA:111,4
DA:112,4
DA:113,3
DA:114,3
DA:115,3
DA:116,4
DA:117,4
DA:118,1
DA:119,1
DA:120,1
DA:121,4
DA:122,4
DA:123,4
DA:124,4
DA:125,4
DA:128,7
DA:131,16
DA:133,3
DA:136,3
DA:137,3
DA:138,6
DA:139,2
DA:140,2
DA:141,6
DA:144,3
DA:145,1
DA:146,1
DA:148,3
DA:149,3
DA:150,3
DA:151,3
DA:152,3
DA:153,3
DA:154,3
DA:155,3
DA:156,3
DA:159,4
DA:160,9
DA:161,9
DA:162,9
DA:163,9
DA:164,9
DA:165,4
DA:168,4
DA:169,4
DA:170,4
DA:171,4
DA:172,4
DA:173,4
DA:174,4
DA:176,4
DA:177,16
DA:179,2
DA:181,2
DA:182,2
DA:183,2
DA:184,2
DA:185,2
DA:186,2
DA:187,2
DA:188,2
DA:189,16
LF:128
LH:128
BRDA:21,0,0,3
BRDA:28,1,0,9
BRDA:29,2,0,2
BRDA:33,3,0,9
BRDA:34,4,0,2
BRDA:34,5,0,8
BRDA:35,6,0,0
BRDA:45,7,0,7
BRDA:48,8,0,16
BRDA:49,9,0,0
BRDA:49,10,0,7
BRDA:54,11,0,1
BRDA:58,12,0,6
BRDA:65,13,0,0
BRDA:65,14,0,6
BRDA:66,15,0,0
BRDA:68,16,0,6
BRDA:43,17,0,9
BRDA:77,18,0,16
BRDA:83,19,0,3
BRDA:87,20,0,0
BRDA:100,21,0,1
BRDA:103,22,0,13
BRDA:106,23,0,11
BRDA:108,24,0,15
BRDA:108,25,0,4
BRDA:125,26,0,7
BRDA:131,27,0,5
BRDA:131,28,0,3
BRDA:137,29,0,6
BRDA:138,30,0,3
BRDA:138,31,0,2
BRDA:144,32,0,1
BRDA:151,33,0,0
BRDA:152,34,0,0
BRDA:153,35,0,2
BRDA:153,36,0,1
BRDA:156,37,0,4
BRDA:177,38,0,2
BRDA:179,39,0,1
BRDA:179,40,0,1
BRDA:87,41,0,9
BRDA:112,42,0,3
BRDA:117,43,0,1
BRDA:133,44,0,6
BRDA:159,45,0,9
BRF:46
BRH:39
end_of_record
TN:
SF:src/tools/get-workflow-details.ts
FN:17,getWorkflowDetails
FNF:1
FNH:1
FNDA:8,getWorkflowDetails
DA:17,8
DA:18,8
DA:19,8
DA:20,8
DA:22,8
DA:25,8
DA:26,9
DA:27,9
DA:28,9
DA:29,8
DA:32,8
DA:33,8
DA:34,2
DA:35,6
DA:36,6
DA:37,6
DA:38,6
DA:39,6
DA:40,6
DA:41,6
DA:42,2
DA:45,7
DA:47,7
DA:48,7
DA:49,8
DA:50,8
DA:51,8
DA:52,8
DA:53,8
DA:54,8
DA:55,8
DA:56,8
DA:57,8
DA:58,8
LF:34
LH:34
BRDA:17,0,0,8
BRDA:22,1,0,7
BRDA:25,2,0,0
BRDA:33,3,0,2
BRDA:34,4,0,6
BRDA:42,5,0,7
BRDA:49,6,0,0
BRDA:52,7,0,5
BRDA:54,8,0,2
BRDA:25,9,0,9
BRDA:28,10,0,1
BRF:11
BRH:9
end_of_record
TN:
SF:src/tools/list-labels.ts
FN:17,sortByName
FN:24,sortByUsage
FN:31,listLabels
FNF:3
FNH:3
FNDA:2,sortByName
FNDA:10,sortByUsage
FNDA:7,listLabels
DA:17,2
DA:18,2
DA:19,2
DA:24,10
DA:25,10
DA:26,10
DA:31,7
DA:32,7
DA:33,7
DA:34,7
DA:36,7
DA:38,7
DA:39,7
DA:46,7
DA:47,1
DA:48,1
DA:49,7
DA:50,1
DA:51,1
DA:52,5
DA:54,4
DA:55,4
DA:56,4
DA:58,6
DA:59,6
DA:60,6
DA:61,6
DA:62,6
DA:63,6
DA:64,6
LF:30
LH:30
BRDA:17,0,0,2
BRDA:18,1,0,8
BRDA:24,2,0,10
BRDA:25,3,0,16
BRDA:31,4,0,7
BRDA:36,5,0,6
BRDA:38,6,0,1
BRDA:39,7,0,1
BRDA:46,8,0,1
BRDA:49,9,0,5
BRDA:49,10,0,1
BRDA:52,11,0,4
BRDA:56,12,0,6
BRF:13
BRH:13
end_of_record
TN:
SF:src/tools/list-tasks.ts
FN:16,listTasks
FNF:1
FNH:1
FNDA:8,listTasks
DA:16,8
DA:17,8
DA:18,8
DA:19,8
DA:21,8
DA:22,7
DA:25,7
DA:28,8
DA:29,1
DA:30,3
DA:31,1
DA:32,1
DA:35,8
DA:36,2
DA:37,7
DA:38,2
DA:39,2
DA:42,8
DA:43,2
DA:44,7
DA:45,2
DA:46,2
DA:49,8
DA:50,2
DA:51,6
DA:52,2
DA:53,2
DA:55,7
DA:56,7
DA:57,7
DA:58,7
DA:59,7
DA:60,7
LF:33
LH:33
BRDA:16,0,0,8
BRDA:21,1,0,7
BRDA:28,2,0,1
BRDA:28,3,0,1
BRDA:32,4,0,7
BRDA:35,5,0,2
BRDA:35,6,0,2
BRDA:39,7,0,7
BRDA:42,8,0,2
BRDA:42,9,0,2
BRDA:46,10,0,7
BRDA:49,11,0,2
BRDA:53,12,0,7
BRDA:29,13,0,3
BRDA:30,14,0,5
BRDA:30,15,0,0
BRDA:36,16,0,7
BRDA:37,17,0,10
BRDA:37,18,0,0
BRDA:43,19,0,7
BRDA:44,20,0,7
BRDA:44,21,0,0
BRDA:50,22,0,6
BRDA:51,23,0,0
BRF:24
BRH:20
end_of_record
TN:
SF:src/tools/list-workflows.ts
FN:17,generateInputSummary
FN:34,toWorkflowSummary
FN:48,listWorkflows
FNF:3
FNH:3
FNDA:21,generateInputSummary
FNDA:21,toWorkflowSummary
FNDA:15,listWorkflows
DA:17,21
DA:18,21
DA:19,18
DA:20,18
DA:22,3
DA:23,3
DA:24,3
DA:26,3
DA:27,3
DA:28,0
DA:29,21
DA:34,21
DA:35,21
DA:36,21
DA:37,21
DA:38,21
DA:39,21
DA:40,21
DA:41,21
DA:42,21
DA:43,21
DA:48,15
DA:49,15
DA:50,15
DA:51,15
DA:53,15
DA:54,15
DA:57,15
DA:60,15
DA:61,3
DA:62,7
DA:63,3
DA:64,3
DA:67,15
DA:68,1
DA:69,4
DA:70,1
DA:71,1
DA:74,15
DA:75,3
DA:76,8
DA:77,3
DA:78,3
DA:81,15
DA:82,2
DA:83,7
DA:84,2
DA:85,2
DA:88,15
DA:89,2
DA:90,6
DA:91,2
DA:92,2
DA:95,15
DA:98,15
DA:99,1
DA:100,1
DA:101,1
DA:102,1
DA:103,1
DA:104,1
DA:105,1
DA:106,1
DA:107,1
DA:108,1
DA:109,1
DA:110,1
DA:111,1
DA:113,15
DA:114,15
DA:115,15
DA:116,15
DA:117,15
DA:118,15
LF:74
LH:73
BRDA:17,0,0,21
BRDA:18,1,0,3
BRDA:18,2,0,18
BRDA:20,3,0,3
BRDA:27,4,0,0
BRDA:23,5,0,6
BRDA:24,6,0,5
BRDA:34,7,0,21
BRDA:37,8,0,0
BRDA:41,9,0,0
BRDA:48,10,0,15
BRDA:60,11,0,3
BRDA:67,12,0,1
BRDA:67,13,0,1
BRDA:74,14,0,3
BRDA:74,15,0,3
BRDA:81,16,0,2
BRDA:81,17,0,2
BRDA:88,18,0,2
BRDA:88,19,0,2
BRDA:98,20,0,1
BRDA:61,21,0,7
BRDA:62,22,0,0
BRDA:68,23,0,4
BRDA:69,24,0,6
BRDA:69,25,0,0
BRDA:75,26,0,8
BRDA:76,27,0,10
BRDA:76,28,0,0
BRDA:82,29,0,7
BRDA:83,30,0,10
BRDA:83,31,0,0
BRDA:89,32,0,6
BRDA:90,33,0,8
BRDA:90,34,0,0
BRDA:100,35,0,1
BRF:36
BRH:28
end_of_record
TN:
SF:src/tools/manage-labels.ts
FN:17,validateInput
FN:38,manageLabels
FNF:2
FNH:2
FNDA:7,validateInput
FNDA:7,manageLabels
DA:17,7
DA:18,7
DA:19,1
DA:20,1
DA:22,6
DA:23,7
DA:24,2
DA:25,1
DA:26,1
DA:28,7
DA:29,1
DA:30,1
DA:32,5
DA:33,5
DA:38,7
DA:39,7
DA:40,7
DA:41,7
DA:43,7
DA:44,7
DA:45,2
DA:46,2
DA:47,2
DA:48,2
DA:49,2
DA:50,2
DA:51,2
DA:52,2
DA:53,2
DA:54,2
DA:55,2
DA:56,2
DA:57,2
DA:60,5
DA:61,5
DA:62,5
DA:63,5
DA:64,5
DA:65,5
DA:66,5
DA:67,5
DA:70,5
DA:72,7
DA:73,4
DA:74,7
DA:75,1
DA:76,1
DA:78,4
DA:79,4
LF:49
LH:49
BRDA:17,0,0,7
BRDA:18,1,0,1
BRDA:20,2,0,6
BRDA:23,3,0,4
BRDA:23,4,0,2
BRDA:24,5,0,1
BRDA:24,6,0,1
BRDA:25,7,0,0
BRDA:25,8,0,1
BRDA:26,9,0,0
BRDA:28,10,0,1
BRDA:30,11,0,5
BRDA:38,12,0,7
BRDA:44,13,0,2
BRDA:57,14,0,5
BRDA:72,15,0,4
BRDA:73,16,0,3
BRDA:74,17,0,1
BRDA:76,18,0,4
BRF:19
BRH:17
end_of_record
TN:
SF:src/tools/search-workflows.ts
FN:17,calculateConfidence
FN:61,generateMatchReason
FN:90,getRequiredInputs
FN:100,extractInputsFromContext
FN:118,getMissingInputs
FN:129,searchWorkflows
FNF:6
FNH:6
FNDA:17,calculateConfidence
FNDA:11,generateMatchReason
FNDA:16,getRequiredInputs
FNDA:5,extractInputsFromContext
FNDA:5,getMissingInputs
FNDA:11,searchWorkflows
DA:17,17
DA:18,17
DA:19,17
DA:20,17
DA:23,17
DA:24,2
DA:25,2
DA:28,17
DA:29,2
DA:30,2
DA:33,17
DA:34,0
DA:35,0
DA:38,13
DA:39,13
DA:40,27
DA:41,13
DA:43,17
DA:44,7
DA:45,7
DA:48,17
DA:49,17
DA:50,17
DA:51,17
DA:52,0
DA:53,0
DA:55,6
DA:56,6
DA:61,11
DA:62,11
DA:63,11
DA:64,11
DA:66,11
DA:67,2
DA:68,2
DA:69,11
DA:70,2
DA:71,2
DA:72,7
DA:73,5
DA:74,5
DA:76,2
DA:77,2
DA:78,7
DA:79,2
DA:80,2
DA:81,2
DA:82,2
DA:84,0
DA:85,0
DA:90,16
DA:91,16
DA:92,12
DA:93,12
DA:94,12
DA:95,12
DA:100,5
DA:101,5
DA:102,5
DA:103,5
DA:104,5
DA:106,4
DA:107,4
DA:108,5
DA:109,5
DA:110,5
DA:111,5
DA:112,4
DA:113,4
DA:118,5
DA:119,5
DA:120,5
DA:121,5
DA:122,5
DA:123,5
DA:124,5
DA:129,11
DA:130,11
DA:131,11
DA:132,11
DA:134,11
DA:137,11
DA:138,11
DA:139,17
DA:140,17
DA:141,11
DA:142,11
DA:143,11
DA:146,11
DA:147,11
DA:148,11
DA:149,11
DA:150,11
DA:151,11
DA:153,11
DA:156,11
DA:157,5
DA:158,5
DA:159,5
DA:161,5
DA:162,5
DA:163,5
DA:164,5
DA:165,5
DA:166,5
DA:167,5
DA:168,5
DA:170,11
DA:171,11
LF:109
LH:103
BRDA:17,0,0,17
BRDA:20,1,0,0
BRDA:23,2,0,2
BRDA:25,3,0,15
BRDA:28,4,0,2
BRDA:30,5,0,13
BRDA:33,6,0,0
BRDA:35,7,0,13
BRDA:43,8,0,15
BRDA:43,9,0,7
BRDA:45,10,0,6
BRDA:48,11,0,4
BRDA:49,12,0,5
BRDA:50,13,0,6
BRDA:51,14,0,0
BRDA:53,15,0,6
BRDA:38,16,0,31
BRDA:39,17,0,27
BRDA:40,18,0,16
BRDA:50,19,0,3
BRDA:51,20,0,2
BRDA:61,21,0,11
BRDA:64,22,0,0
BRDA:66,23,0,2
BRDA:68,24,0,9
BRDA:69,25,0,2
BRDA:71,26,0,7
BRDA:72,27,0,5
BRDA:74,28,0,2
BRDA:82,29,0,0
BRDA:76,30,0,9
BRDA:77,31,0,7
BRDA:78,32,0,2
BRDA:90,33,0,16
BRDA:91,34,0,4
BRDA:91,35,0,12
BRDA:93,36,0,22
BRDA:94,37,0,19
BRDA:100,38,0,5
BRDA:104,39,0,4
BRDA:104,40,0,4
BRDA:104,41,0,1
BRDA:107,42,0,5
BRDA:118,43,0,5
BRDA:123,44,0,8
BRDA:129,45,0,11
BRDA:156,46,0,6
BRDA:156,47,0,5
BRDA:138,48,0,17
BRDA:142,49,0,17
BRDA:143,50,0,2
BRDA:146,51,0,11
BRF:52
BRH:47
end_of_record
TN:
SF:src/tools/suggest-labels.ts
FN:64,suggestTagsFromName
FN:98,suggestCategoriesFromName
FN:115,suggestFromWorkflowTasks
FN:142,suggestLabels
FNF:4
FNH:4
FNDA:12,suggestTagsFromName
FNDA:12,suggestCategoriesFromName
FNDA:7,suggestFromWorkflowTasks
FNDA:9,suggestLabels
DA:18,1
DA:19,1
DA:20,1
DA:21,1
DA:22,1
DA:23,1
DA:24,1
DA:25,1
DA:26,1
DA:27,1
DA:28,1
DA:29,1
DA:32,1
DA:33,1
DA:34,1
DA:35,1
DA:36,1
DA:37,1
DA:38,1
DA:39,1
DA:40,1
DA:41,1
DA:44,1
DA:45,1
DA:46,1
DA:47,1
DA:48,1
DA:49,1
DA:52,1
DA:53,1
DA:54,1
DA:55,1
DA:56,1
DA:57,1
DA:58,1
DA:59,1
DA:64,12
DA:65,12
DA:66,12
DA:69,12
DA:70,120
DA:71,11
DA:72,11
DA:73,11
DA:74,120
DA:77,12
DA:78,96
DA:79,5
DA:80,5
DA:81,5
DA:82,96
DA:85,12
DA:86,48
DA:87,0
DA:88,0
DA:89,0
DA:90,48
DA:92,12
DA:93,12
DA:98,12
DA:99,12
DA:100,12
DA:102,12
DA:103,72
DA:104,10
DA:105,10
DA:106,10
DA:107,72
DA:109,12
DA:110,12
DA:115,7
DA:116,7
DA:117,7
DA:120,7
DA:121,1
DA:122,1
DA:123,1
DA:124,1
DA:125,1
DA:126,1
DA:127,7
DA:128,1
DA:129,1
DA:130,1
DA:131,1
DA:132,1
DA:133,1
DA:134,1
DA:136,7
DA:137,7
DA:142,9
DA:143,9
DA:144,9
DA:145,9
DA:146,9
DA:148,9
DA:150,8
DA:151,8
DA:154,7
DA:155,7
DA:156,7
DA:157,7
DA:160,8
DA:161,3
DA:162,3
DA:163,3
DA:164,3
DA:166,3
DA:167,7
DA:168,2
DA:169,2
DA:170,7
DA:171,3
DA:174,7
DA:176,8
DA:178,1
DA:179,1
DA:180,1
DA:181,1
DA:182,1
DA:183,9
DA:185,1
DA:186,1
DA:187,1
DA:188,1
DA:189,1
DA:192,9
DA:193,9
DA:194,9
DA:195,9
DA:196,23
DA:197,23
DA:198,23
DA:199,23
DA:200,9
DA:202,9
DA:203,9
DA:204,9
DA:205,9
DA:206,9
LF:140
LH:137
BRDA:64,0,0,12
BRDA:69,1,0,120
BRDA:70,2,0,11
BRDA:70,3,0,11
BRDA:77,4,0,96
BRDA:78,5,0,5
BRDA:78,6,0,5
BRDA:85,7,0,48
BRDA:86,8,0,0
BRDA:86,9,0,0
BRDA:98,10,0,12
BRDA:102,11,0,72
BRDA:103,12,0,10
BRDA:103,13,0,10
BRDA:115,14,0,7
BRDA:117,15,0,0
BRDA:120,16,0,1
BRDA:127,17,0,6
BRDA:127,18,0,1
BRDA:142,19,0,9
BRDA:148,20,0,8
BRDA:151,21,0,7
BRDA:160,22,0,3
BRDA:166,23,0,7
BRDA:167,24,0,2
BRDA:171,25,0,7
BRDA:176,26,0,1
BRDA:183,27,0,1
BRDA:167,28,0,8
BRDA:194,29,0,19
BRDA:195,30,0,23
BRDA:197,31,0,0
BRF:32
BRH:28
end_of_record
