{"/Users/darren/dev/workflow/packages/workflow-mcp-server/src/config/index.ts": {"path":"/Users/darren/dev/workflow/packages/workflow-mcp-server/src/config/index.ts","all":false,"statementMap":{"21":{"start":{"line":22,"column":0},"end":{"line":22,"column":38}},"22":{"start":{"line":23,"column":0},"end":{"line":23,"column":10}},"23":{"start":{"line":24,"column":0},"end":{"line":24,"column":51}},"24":{"start":{"line":25,"column":0},"end":{"line":25,"column":72}},"25":{"start":{"line":26,"column":0},"end":{"line":26,"column":75}},"26":{"start":{"line":27,"column":0},"end":{"line":27,"column":66}},"27":{"start":{"line":28,"column":0},"end":{"line":28,"column":4}},"28":{"start":{"line":29,"column":0},"end":{"line":29,"column":1}},"33":{"start":{"line":34,"column":0},"end":{"line":34,"column":43}},"34":{"start":{"line":35,"column":0},"end":{"line":35,"column":41}},"35":{"start":{"line":36,"column":0},"end":{"line":36,"column":1}}},"s":{"21":1,"22":13,"23":13,"24":13,"25":13,"26":13,"27":13,"28":13,"33":1,"34":0,"35":0},"branchMap":{"0":{"type":"branch","line":22,"loc":{"start":{"line":22,"column":7},"end":{"line":29,"column":1}},"locations":[{"start":{"line":22,"column":7},"end":{"line":29,"column":1}}]},"1":{"type":"branch","line":25,"loc":{"start":{"line":25,"column":23},"end":{"line":25,"column":72}},"locations":[{"start":{"line":25,"column":23},"end":{"line":25,"column":72}}]},"2":{"type":"branch","line":26,"loc":{"start":{"line":26,"column":36},"end":{"line":26,"column":71}},"locations":[{"start":{"line":26,"column":36},"end":{"line":26,"column":71}}]}},"b":{"0":[13],"1":[12],"2":[12]},"fnMap":{"0":{"name":"loadConfig","decl":{"start":{"line":22,"column":7},"end":{"line":29,"column":1}},"loc":{"start":{"line":22,"column":7},"end":{"line":29,"column":1}},"line":22},"1":{"name":"isLlmAvailable","decl":{"start":{"line":34,"column":7},"end":{"line":36,"column":1}},"loc":{"start":{"line":34,"column":7},"end":{"line":36,"column":1}},"line":34}},"f":{"0":13,"1":0}}
,"/Users/darren/dev/workflow/packages/workflow-mcp-server/src/prompts/error-fixing.ts": {"path":"/Users/darren/dev/workflow/packages/workflow-mcp-server/src/prompts/error-fixing.ts","all":false,"statementMap":{"16":{"start":{"line":17,"column":0},"end":{"line":17,"column":78}},"17":{"start":{"line":18,"column":0},"end":{"line":18,"column":64}},"18":{"start":{"line":19,"column":0},"end":{"line":19,"column":73}},"21":{"start":{"line":22,"column":0},"end":{"line":22,"column":41}},"22":{"start":{"line":23,"column":0},"end":{"line":23,"column":48}},"26":{"start":{"line":27,"column":0},"end":{"line":27,"column":41}},"27":{"start":{"line":28,"column":0},"end":{"line":28,"column":48}},"31":{"start":{"line":32,"column":0},"end":{"line":32,"column":71}},"32":{"start":{"line":33,"column":0},"end":{"line":33,"column":69}},"35":{"start":{"line":36,"column":0},"end":{"line":36,"column":65}},"36":{"start":{"line":37,"column":0},"end":{"line":37,"column":103}},"37":{"start":{"line":38,"column":0},"end":{"line":38,"column":54}},"39":{"start":{"line":40,"column":0},"end":{"line":40,"column":40}},"40":{"start":{"line":41,"column":0},"end":{"line":41,"column":39}},"43":{"start":{"line":44,"column":0},"end":{"line":44,"column":34}},"44":{"start":{"line":45,"column":0},"end":{"line":45,"column":39}},"47":{"start":{"line":48,"column":0},"end":{"line":48,"column":62}},"48":{"start":{"line":49,"column":0},"end":{"line":49,"column":58}},"50":{"start":{"line":51,"column":0},"end":{"line":51,"column":2}},"55":{"start":{"line":56,"column":0},"end":{"line":56,"column":68}},"56":{"start":{"line":57,"column":0},"end":{"line":57,"column":45}},"58":{"start":{"line":59,"column":0},"end":{"line":59,"column":89}},"59":{"start":{"line":60,"column":0},"end":{"line":60,"column":30}},"60":{"start":{"line":61,"column":0},"end":{"line":61,"column":3}},"61":{"start":{"line":62,"column":0},"end":{"line":62,"column":73}},"62":{"start":{"line":63,"column":0},"end":{"line":63,"column":30}},"63":{"start":{"line":64,"column":0},"end":{"line":64,"column":3}},"64":{"start":{"line":65,"column":0},"end":{"line":65,"column":76}},"65":{"start":{"line":66,"column":0},"end":{"line":66,"column":33}},"66":{"start":{"line":67,"column":0},"end":{"line":67,"column":3}},"67":{"start":{"line":68,"column":0},"end":{"line":68,"column":114}},"68":{"start":{"line":69,"column":0},"end":{"line":69,"column":29}},"69":{"start":{"line":70,"column":0},"end":{"line":70,"column":3}},"70":{"start":{"line":71,"column":0},"end":{"line":71,"column":80}},"71":{"start":{"line":72,"column":0},"end":{"line":72,"column":32}},"72":{"start":{"line":73,"column":0},"end":{"line":73,"column":3}},"73":{"start":{"line":74,"column":0},"end":{"line":74,"column":74}},"74":{"start":{"line":75,"column":0},"end":{"line":75,"column":31}},"75":{"start":{"line":76,"column":0},"end":{"line":76,"column":3}},"76":{"start":{"line":77,"column":0},"end":{"line":77,"column":72}},"77":{"start":{"line":78,"column":0},"end":{"line":78,"column":26}},"78":{"start":{"line":79,"column":0},"end":{"line":79,"column":3}},"79":{"start":{"line":80,"column":0},"end":{"line":80,"column":78}},"80":{"start":{"line":81,"column":0},"end":{"line":81,"column":36}},"81":{"start":{"line":82,"column":0},"end":{"line":82,"column":3}},"83":{"start":{"line":84,"column":0},"end":{"line":84,"column":14}},"84":{"start":{"line":85,"column":0},"end":{"line":85,"column":1}},"89":{"start":{"line":90,"column":0},"end":{"line":90,"column":35}},"90":{"start":{"line":91,"column":0},"end":{"line":91,"column":18}},"91":{"start":{"line":92,"column":0},"end":{"line":92,"column":27}},"92":{"start":{"line":93,"column":0},"end":{"line":93,"column":23}},"93":{"start":{"line":94,"column":0},"end":{"line":94,"column":45}},"95":{"start":{"line":96,"column":0},"end":{"line":96,"column":19}},"96":{"start":{"line":97,"column":0},"end":{"line":97,"column":21}},"97":{"start":{"line":98,"column":0},"end":{"line":98,"column":3}},"99":{"start":{"line":100,"column":0},"end":{"line":100,"column":22}},"100":{"start":{"line":101,"column":0},"end":{"line":101,"column":30}},"101":{"start":{"line":102,"column":0},"end":{"line":102,"column":54}},"102":{"start":{"line":103,"column":0},"end":{"line":103,"column":51}},"103":{"start":{"line":104,"column":0},"end":{"line":104,"column":74}},"104":{"start":{"line":105,"column":0},"end":{"line":105,"column":58}},"105":{"start":{"line":106,"column":0},"end":{"line":106,"column":5}},"106":{"start":{"line":107,"column":0},"end":{"line":107,"column":30}},"107":{"start":{"line":108,"column":0},"end":{"line":108,"column":47}},"108":{"start":{"line":109,"column":0},"end":{"line":109,"column":53}},"109":{"start":{"line":110,"column":0},"end":{"line":110,"column":52}},"110":{"start":{"line":111,"column":0},"end":{"line":111,"column":5}},"111":{"start":{"line":112,"column":0},"end":{"line":112,"column":33}},"112":{"start":{"line":113,"column":0},"end":{"line":113,"column":58}},"113":{"start":{"line":114,"column":0},"end":{"line":114,"column":50}},"114":{"start":{"line":115,"column":0},"end":{"line":115,"column":52}},"115":{"start":{"line":116,"column":0},"end":{"line":116,"column":5}},"116":{"start":{"line":117,"column":0},"end":{"line":117,"column":26}},"117":{"start":{"line":118,"column":0},"end":{"line":118,"column":47}},"118":{"start":{"line":119,"column":0},"end":{"line":119,"column":5}},"119":{"start":{"line":120,"column":0},"end":{"line":120,"column":12}},"120":{"start":{"line":121,"column":0},"end":{"line":121,"column":74}},"121":{"start":{"line":122,"column":0},"end":{"line":122,"column":3}},"122":{"start":{"line":123,"column":0},"end":{"line":123,"column":1}}},"s":{"16":1,"17":1,"18":5,"21":1,"22":4,"26":1,"27":3,"31":1,"32":1,"35":1,"36":1,"37":1,"39":1,"40":1,"43":1,"44":3,"47":1,"48":1,"50":1,"55":1,"56":27,"58":27,"59":6,"60":6,"61":27,"62":5,"63":5,"64":27,"65":4,"66":4,"67":27,"68":2,"69":2,"70":27,"71":2,"72":2,"73":27,"74":1,"75":1,"76":27,"77":3,"78":3,"79":27,"80":2,"81":2,"83":2,"84":2,"89":1,"90":13,"91":13,"92":13,"93":13,"95":13,"96":1,"97":1,"99":12,"100":13,"101":4,"102":4,"103":4,"104":4,"105":4,"106":13,"107":3,"108":3,"109":3,"110":3,"111":13,"112":2,"113":2,"114":2,"115":2,"116":13,"117":2,"118":2,"119":13,"120":1,"121":13,"122":13},"branchMap":{"0":{"type":"branch","line":18,"loc":{"start":{"line":18,"column":20},"end":{"line":19,"column":73}},"locations":[{"start":{"line":18,"column":20},"end":{"line":19,"column":73}}]},"1":{"type":"branch","line":22,"loc":{"start":{"line":22,"column":20},"end":{"line":23,"column":48}},"locations":[{"start":{"line":22,"column":20},"end":{"line":23,"column":48}}]},"2":{"type":"branch","line":27,"loc":{"start":{"line":27,"column":23},"end":{"line":28,"column":48}},"locations":[{"start":{"line":27,"column":23},"end":{"line":28,"column":48}}]},"3":{"type":"branch","line":32,"loc":{"start":{"line":32,"column":19},"end":{"line":33,"column":69}},"locations":[{"start":{"line":32,"column":19},"end":{"line":33,"column":69}}]},"4":{"type":"branch","line":36,"loc":{"start":{"line":36,"column":22},"end":{"line":38,"column":54}},"locations":[{"start":{"line":36,"column":22},"end":{"line":38,"column":54}}]},"5":{"type":"branch","line":40,"loc":{"start":{"line":40,"column":21},"end":{"line":41,"column":39}},"locations":[{"start":{"line":40,"column":21},"end":{"line":41,"column":39}}]},"6":{"type":"branch","line":44,"loc":{"start":{"line":44,"column":16},"end":{"line":45,"column":39}},"locations":[{"start":{"line":44,"column":16},"end":{"line":45,"column":39}}]},"7":{"type":"branch","line":48,"loc":{"start":{"line":48,"column":26},"end":{"line":49,"column":58}},"locations":[{"start":{"line":48,"column":26},"end":{"line":49,"column":58}}]},"8":{"type":"branch","line":56,"loc":{"start":{"line":56,"column":7},"end":{"line":85,"column":1}},"locations":[{"start":{"line":56,"column":7},"end":{"line":85,"column":1}}]},"9":{"type":"branch","line":59,"loc":{"start":{"line":59,"column":42},"end":{"line":59,"column":88}},"locations":[{"start":{"line":59,"column":42},"end":{"line":59,"column":88}}]},"10":{"type":"branch","line":59,"loc":{"start":{"line":59,"column":88},"end":{"line":61,"column":3}},"locations":[{"start":{"line":59,"column":88},"end":{"line":61,"column":3}}]},"11":{"type":"branch","line":61,"loc":{"start":{"line":61,"column":2},"end":{"line":62,"column":43}},"locations":[{"start":{"line":61,"column":2},"end":{"line":62,"column":43}}]},"12":{"type":"branch","line":62,"loc":{"start":{"line":62,"column":38},"end":{"line":62,"column":72}},"locations":[{"start":{"line":62,"column":38},"end":{"line":62,"column":72}}]},"13":{"type":"branch","line":62,"loc":{"start":{"line":62,"column":72},"end":{"line":64,"column":3}},"locations":[{"start":{"line":62,"column":72},"end":{"line":64,"column":3}}]},"14":{"type":"branch","line":64,"loc":{"start":{"line":64,"column":2},"end":{"line":65,"column":43}},"locations":[{"start":{"line":64,"column":2},"end":{"line":65,"column":43}}]},"15":{"type":"branch","line":65,"loc":{"start":{"line":65,"column":38},"end":{"line":65,"column":75}},"locations":[{"start":{"line":65,"column":38},"end":{"line":65,"column":75}}]},"16":{"type":"branch","line":65,"loc":{"start":{"line":65,"column":75},"end":{"line":67,"column":3}},"locations":[{"start":{"line":65,"column":75},"end":{"line":67,"column":3}}]},"17":{"type":"branch","line":67,"loc":{"start":{"line":67,"column":2},"end":{"line":68,"column":40}},"locations":[{"start":{"line":67,"column":2},"end":{"line":68,"column":40}}]},"18":{"type":"branch","line":68,"loc":{"start":{"line":68,"column":34},"end":{"line":68,"column":113}},"locations":[{"start":{"line":68,"column":34},"end":{"line":68,"column":113}}]},"19":{"type":"branch","line":68,"loc":{"start":{"line":68,"column":72},"end":{"line":68,"column":113}},"locations":[{"start":{"line":68,"column":72},"end":{"line":68,"column":113}}]},"20":{"type":"branch","line":68,"loc":{"start":{"line":68,"column":113},"end":{"line":70,"column":3}},"locations":[{"start":{"line":68,"column":113},"end":{"line":70,"column":3}}]},"21":{"type":"branch","line":70,"loc":{"start":{"line":70,"column":2},"end":{"line":71,"column":79}},"locations":[{"start":{"line":70,"column":2},"end":{"line":71,"column":79}}]},"22":{"type":"branch","line":70,"loc":{"start":{"line":70,"column":2},"end":{"line":71,"column":42}},"locations":[{"start":{"line":70,"column":2},"end":{"line":71,"column":42}}]},"23":{"type":"branch","line":71,"loc":{"start":{"line":71,"column":37},"end":{"line":71,"column":79}},"locations":[{"start":{"line":71,"column":37},"end":{"line":71,"column":79}}]},"24":{"type":"branch","line":71,"loc":{"start":{"line":71,"column":79},"end":{"line":73,"column":3}},"locations":[{"start":{"line":71,"column":79},"end":{"line":73,"column":3}}]},"25":{"type":"branch","line":73,"loc":{"start":{"line":73,"column":2},"end":{"line":74,"column":44}},"locations":[{"start":{"line":73,"column":2},"end":{"line":74,"column":44}}]},"26":{"type":"branch","line":74,"loc":{"start":{"line":74,"column":39},"end":{"line":74,"column":73}},"locations":[{"start":{"line":74,"column":39},"end":{"line":74,"column":73}}]},"27":{"type":"branch","line":74,"loc":{"start":{"line":74,"column":73},"end":{"line":76,"column":3}},"locations":[{"start":{"line":74,"column":73},"end":{"line":76,"column":3}}]},"28":{"type":"branch","line":76,"loc":{"start":{"line":76,"column":2},"end":{"line":77,"column":39}},"locations":[{"start":{"line":76,"column":2},"end":{"line":77,"column":39}}]},"29":{"type":"branch","line":77,"loc":{"start":{"line":77,"column":34},"end":{"line":77,"column":71}},"locations":[{"start":{"line":77,"column":34},"end":{"line":77,"column":71}}]},"30":{"type":"branch","line":77,"loc":{"start":{"line":77,"column":71},"end":{"line":80,"column":77}},"locations":[{"start":{"line":77,"column":71},"end":{"line":80,"column":77}}]},"31":{"type":"branch","line":77,"loc":{"start":{"line":77,"column":71},"end":{"line":79,"column":3}},"locations":[{"start":{"line":77,"column":71},"end":{"line":79,"column":3}}]},"32":{"type":"branch","line":79,"loc":{"start":{"line":79,"column":2},"end":{"line":80,"column":43}},"locations":[{"start":{"line":79,"column":2},"end":{"line":80,"column":43}}]},"33":{"type":"branch","line":80,"loc":{"start":{"line":80,"column":38},"end":{"line":80,"column":77}},"locations":[{"start":{"line":80,"column":38},"end":{"line":80,"column":77}}]},"34":{"type":"branch","line":80,"loc":{"start":{"line":80,"column":77},"end":{"line":85,"column":1}},"locations":[{"start":{"line":80,"column":77},"end":{"line":85,"column":1}}]},"35":{"type":"branch","line":90,"loc":{"start":{"line":90,"column":7},"end":{"line":123,"column":1}},"locations":[{"start":{"line":90,"column":7},"end":{"line":123,"column":1}}]},"36":{"type":"branch","line":96,"loc":{"start":{"line":96,"column":18},"end":{"line":98,"column":3}},"locations":[{"start":{"line":96,"column":18},"end":{"line":98,"column":3}}]},"37":{"type":"branch","line":98,"loc":{"start":{"line":98,"column":2},"end":{"line":100,"column":22}},"locations":[{"start":{"line":98,"column":2},"end":{"line":100,"column":22}}]},"38":{"type":"branch","line":101,"loc":{"start":{"line":101,"column":4},"end":{"line":106,"column":5}},"locations":[{"start":{"line":101,"column":4},"end":{"line":106,"column":5}}]},"39":{"type":"branch","line":103,"loc":{"start":{"line":103,"column":22},"end":{"line":103,"column":41}},"locations":[{"start":{"line":103,"column":22},"end":{"line":103,"column":41}}]},"40":{"type":"branch","line":103,"loc":{"start":{"line":103,"column":37},"end":{"line":103,"column":51}},"locations":[{"start":{"line":103,"column":37},"end":{"line":103,"column":51}}]},"41":{"type":"branch","line":104,"loc":{"start":{"line":104,"column":20},"end":{"line":104,"column":41}},"locations":[{"start":{"line":104,"column":20},"end":{"line":104,"column":41}}]},"42":{"type":"branch","line":104,"loc":{"start":{"line":104,"column":45},"end":{"line":104,"column":74}},"locations":[{"start":{"line":104,"column":45},"end":{"line":104,"column":74}}]},"43":{"type":"branch","line":107,"loc":{"start":{"line":107,"column":4},"end":{"line":111,"column":5}},"locations":[{"start":{"line":107,"column":4},"end":{"line":111,"column":5}}]},"44":{"type":"branch","line":109,"loc":{"start":{"line":109,"column":23},"end":{"line":109,"column":42}},"locations":[{"start":{"line":109,"column":23},"end":{"line":109,"column":42}}]},"45":{"type":"branch","line":109,"loc":{"start":{"line":109,"column":38},"end":{"line":109,"column":53}},"locations":[{"start":{"line":109,"column":38},"end":{"line":109,"column":53}}]},"46":{"type":"branch","line":112,"loc":{"start":{"line":112,"column":4},"end":{"line":116,"column":5}},"locations":[{"start":{"line":112,"column":4},"end":{"line":116,"column":5}}]},"47":{"type":"branch","line":114,"loc":{"start":{"line":114,"column":20},"end":{"line":114,"column":39}},"locations":[{"start":{"line":114,"column":20},"end":{"line":114,"column":39}}]},"48":{"type":"branch","line":114,"loc":{"start":{"line":114,"column":35},"end":{"line":114,"column":50}},"locations":[{"start":{"line":114,"column":35},"end":{"line":114,"column":50}}]},"49":{"type":"branch","line":117,"loc":{"start":{"line":117,"column":4},"end":{"line":119,"column":5}},"locations":[{"start":{"line":117,"column":4},"end":{"line":119,"column":5}}]},"50":{"type":"branch","line":120,"loc":{"start":{"line":120,"column":4},"end":{"line":121,"column":74}},"locations":[{"start":{"line":120,"column":4},"end":{"line":121,"column":74}}]}},"b":{"0":[5],"1":[4],"2":[3],"3":[1],"4":[1],"5":[1],"6":[3],"7":[1],"8":[27],"9":[22],"10":[6],"11":[21],"12":[16],"13":[5],"14":[16],"15":[13],"16":[4],"17":[12],"18":[3],"19":[2],"20":[2],"21":[23],"22":[10],"23":[9],"24":[2],"25":[8],"26":[1],"27":[1],"28":[7],"29":[4],"30":[22],"31":[3],"32":[4],"33":[2],"34":[2],"35":[13],"36":[1],"37":[12],"38":[4],"39":[3],"40":[1],"41":[3],"42":[1],"43":[3],"44":[1],"45":[2],"46":[2],"47":[1],"48":[1],"49":[2],"50":[1]},"fnMap":{"0":{"name":"unknown_task_ref","decl":{"start":{"line":18,"column":20},"end":{"line":19,"column":73}},"loc":{"start":{"line":18,"column":20},"end":{"line":19,"column":73}},"line":18},"1":{"name":"invalid_template","decl":{"start":{"line":22,"column":20},"end":{"line":23,"column":48}},"loc":{"start":{"line":22,"column":20},"end":{"line":23,"column":48}},"line":22},"2":{"name":"circular_dependency","decl":{"start":{"line":27,"column":23},"end":{"line":28,"column":48}},"loc":{"start":{"line":27,"column":23},"end":{"line":28,"column":48}},"line":27},"3":{"name":"schema_mismatch","decl":{"start":{"line":32,"column":19},"end":{"line":33,"column":69}},"loc":{"start":{"line":32,"column":19},"end":{"line":33,"column":69}},"line":32},"4":{"name":"missing_dependency","decl":{"start":{"line":36,"column":22},"end":{"line":38,"column":54}},"loc":{"start":{"line":36,"column":22},"end":{"line":38,"column":54}},"line":36},"5":{"name":"duplicate_task_id","decl":{"start":{"line":40,"column":21},"end":{"line":41,"column":39}},"loc":{"start":{"line":40,"column":21},"end":{"line":41,"column":39}},"line":40},"6":{"name":"invalid_yaml","decl":{"start":{"line":44,"column":16},"end":{"line":45,"column":39}},"loc":{"start":{"line":44,"column":16},"end":{"line":45,"column":39}},"line":44},"7":{"name":"missing_required_field","decl":{"start":{"line":48,"column":26},"end":{"line":49,"column":58}},"loc":{"start":{"line":48,"column":26},"end":{"line":49,"column":58}},"line":48},"8":{"name":"detectErrorType","decl":{"start":{"line":56,"column":7},"end":{"line":85,"column":1}},"loc":{"start":{"line":56,"column":7},"end":{"line":85,"column":1}},"line":56},"9":{"name":"generateSuggestion","decl":{"start":{"line":90,"column":7},"end":{"line":123,"column":1}},"loc":{"start":{"line":90,"column":7},"end":{"line":123,"column":1}},"line":90}},"f":{"0":5,"1":4,"2":3,"3":1,"4":1,"5":1,"6":3,"7":1,"8":27,"9":13}}
,"/Users/darren/dev/workflow/packages/workflow-mcp-server/src/prompts/few-shot-examples.ts": {"path":"/Users/darren/dev/workflow/packages/workflow-mcp-server/src/prompts/few-shot-examples.ts","all":false,"statementMap":{"12":{"start":{"line":13,"column":0},"end":{"line":13,"column":75}},"13":{"start":{"line":14,"column":0},"end":{"line":14,"column":15}},"14":{"start":{"line":15,"column":0},"end":{"line":15,"column":78}},"15":{"start":{"line":16,"column":0},"end":{"line":16,"column":36}},"37":{"start":{"line":38,"column":0},"end":{"line":38,"column":26}},"38":{"start":{"line":39,"column":0},"end":{"line":39,"column":178}},"39":{"start":{"line":40,"column":0},"end":{"line":40,"column":4}},"41":{"start":{"line":42,"column":0},"end":{"line":42,"column":13}},"42":{"start":{"line":43,"column":0},"end":{"line":43,"column":70}},"43":{"start":{"line":44,"column":0},"end":{"line":44,"column":31}},"66":{"start":{"line":67,"column":0},"end":{"line":67,"column":24}},"67":{"start":{"line":68,"column":0},"end":{"line":68,"column":161}},"68":{"start":{"line":69,"column":0},"end":{"line":69,"column":4}},"70":{"start":{"line":71,"column":0},"end":{"line":71,"column":12}},"71":{"start":{"line":72,"column":0},"end":{"line":72,"column":110}},"72":{"start":{"line":73,"column":0},"end":{"line":73,"column":43}},"112":{"start":{"line":113,"column":0},"end":{"line":113,"column":23}},"113":{"start":{"line":114,"column":0},"end":{"line":114,"column":191}},"114":{"start":{"line":115,"column":0},"end":{"line":115,"column":4}},"116":{"start":{"line":117,"column":0},"end":{"line":117,"column":12}},"117":{"start":{"line":118,"column":0},"end":{"line":118,"column":86}},"118":{"start":{"line":119,"column":0},"end":{"line":119,"column":39}},"158":{"start":{"line":159,"column":0},"end":{"line":159,"column":23}},"159":{"start":{"line":160,"column":0},"end":{"line":160,"column":163}},"160":{"start":{"line":161,"column":0},"end":{"line":161,"column":3}},"161":{"start":{"line":162,"column":0},"end":{"line":162,"column":2}},"166":{"start":{"line":167,"column":0},"end":{"line":167,"column":71}},"167":{"start":{"line":168,"column":0},"end":{"line":168,"column":43}},"170":{"start":{"line":171,"column":0},"end":{"line":171,"column":6}},"171":{"start":{"line":172,"column":0},"end":{"line":172,"column":47}},"172":{"start":{"line":173,"column":0},"end":{"line":173,"column":45}},"173":{"start":{"line":174,"column":0},"end":{"line":174,"column":42}},"174":{"start":{"line":175,"column":0},"end":{"line":175,"column":35}},"175":{"start":{"line":176,"column":0},"end":{"line":176,"column":64}},"176":{"start":{"line":177,"column":0},"end":{"line":177,"column":5}},"177":{"start":{"line":178,"column":0},"end":{"line":178,"column":38}},"178":{"start":{"line":179,"column":0},"end":{"line":179,"column":3}},"181":{"start":{"line":182,"column":0},"end":{"line":182,"column":6}},"182":{"start":{"line":183,"column":0},"end":{"line":183,"column":70}},"183":{"start":{"line":184,"column":0},"end":{"line":184,"column":76}},"184":{"start":{"line":185,"column":0},"end":{"line":185,"column":35}},"185":{"start":{"line":186,"column":0},"end":{"line":186,"column":32}},"186":{"start":{"line":187,"column":0},"end":{"line":187,"column":5}},"187":{"start":{"line":188,"column":0},"end":{"line":188,"column":37}},"188":{"start":{"line":189,"column":0},"end":{"line":189,"column":3}},"191":{"start":{"line":192,"column":0},"end":{"line":192,"column":6}},"192":{"start":{"line":193,"column":0},"end":{"line":193,"column":36}},"193":{"start":{"line":194,"column":0},"end":{"line":194,"column":39}},"194":{"start":{"line":195,"column":0},"end":{"line":195,"column":36}},"195":{"start":{"line":196,"column":0},"end":{"line":196,"column":5}},"196":{"start":{"line":197,"column":0},"end":{"line":197,"column":37}},"197":{"start":{"line":198,"column":0},"end":{"line":198,"column":3}},"200":{"start":{"line":201,"column":0},"end":{"line":201,"column":38}},"201":{"start":{"line":202,"column":0},"end":{"line":202,"column":1}},"206":{"start":{"line":207,"column":0},"end":{"line":207,"column":64}},"207":{"start":{"line":208,"column":0},"end":{"line":208,"column":49}},"211":{"start":{"line":212,"column":0},"end":{"line":212,"column":15}},"214":{"start":{"line":215,"column":0},"end":{"line":215,"column":31}},"215":{"start":{"line":216,"column":0},"end":{"line":216,"column":41}},"216":{"start":{"line":217,"column":0},"end":{"line":217,"column":1}}},"s":{"12":1,"13":1,"14":1,"15":1,"37":1,"38":1,"39":1,"41":1,"42":1,"43":1,"66":1,"67":1,"68":1,"70":1,"71":1,"72":1,"112":1,"113":1,"114":1,"116":1,"117":1,"118":1,"158":1,"159":1,"160":1,"161":1,"166":1,"167":26,"170":26,"171":26,"172":24,"173":23,"174":22,"175":22,"176":26,"177":7,"178":7,"181":19,"182":26,"183":18,"184":17,"185":17,"186":26,"187":2,"188":2,"191":17,"192":17,"193":16,"194":16,"195":26,"196":1,"197":1,"200":16,"201":16,"206":1,"207":9,"211":9,"214":9,"215":9,"216":9},"branchMap":{"0":{"type":"branch","line":167,"loc":{"start":{"line":167,"column":7},"end":{"line":202,"column":1}},"locations":[{"start":{"line":167,"column":7},"end":{"line":202,"column":1}}]},"1":{"type":"branch","line":172,"loc":{"start":{"line":172,"column":43},"end":{"line":173,"column":45}},"locations":[{"start":{"line":172,"column":43},"end":{"line":173,"column":45}}]},"2":{"type":"branch","line":173,"loc":{"start":{"line":173,"column":41},"end":{"line":174,"column":42}},"locations":[{"start":{"line":173,"column":41},"end":{"line":174,"column":42}}]},"3":{"type":"branch","line":174,"loc":{"start":{"line":174,"column":38},"end":{"line":175,"column":35}},"locations":[{"start":{"line":174,"column":38},"end":{"line":175,"column":35}}]},"4":{"type":"branch","line":175,"loc":{"start":{"line":175,"column":31},"end":{"line":176,"column":64}},"locations":[{"start":{"line":175,"column":31},"end":{"line":176,"column":64}}]},"5":{"type":"branch","line":176,"loc":{"start":{"line":176,"column":30},"end":{"line":176,"column":64}},"locations":[{"start":{"line":176,"column":30},"end":{"line":176,"column":64}}]},"6":{"type":"branch","line":177,"loc":{"start":{"line":177,"column":4},"end":{"line":183,"column":38}},"locations":[{"start":{"line":177,"column":4},"end":{"line":183,"column":38}}]},"7":{"type":"branch","line":177,"loc":{"start":{"line":177,"column":4},"end":{"line":179,"column":3}},"locations":[{"start":{"line":177,"column":4},"end":{"line":179,"column":3}}]},"8":{"type":"branch","line":179,"loc":{"start":{"line":179,"column":2},"end":{"line":183,"column":38}},"locations":[{"start":{"line":179,"column":2},"end":{"line":183,"column":38}}]},"9":{"type":"branch","line":183,"loc":{"start":{"line":183,"column":33},"end":{"line":183,"column":70}},"locations":[{"start":{"line":183,"column":33},"end":{"line":183,"column":70}}]},"10":{"type":"branch","line":183,"loc":{"start":{"line":183,"column":65},"end":{"line":184,"column":76}},"locations":[{"start":{"line":183,"column":65},"end":{"line":184,"column":76}}]},"11":{"type":"branch","line":184,"loc":{"start":{"line":184,"column":36},"end":{"line":184,"column":76}},"locations":[{"start":{"line":184,"column":36},"end":{"line":184,"column":76}}]},"12":{"type":"branch","line":184,"loc":{"start":{"line":184,"column":71},"end":{"line":185,"column":35}},"locations":[{"start":{"line":184,"column":71},"end":{"line":185,"column":35}}]},"13":{"type":"branch","line":185,"loc":{"start":{"line":185,"column":31},"end":{"line":186,"column":32}},"locations":[{"start":{"line":185,"column":31},"end":{"line":186,"column":32}}]},"14":{"type":"branch","line":187,"loc":{"start":{"line":187,"column":4},"end":{"line":193,"column":36}},"locations":[{"start":{"line":187,"column":4},"end":{"line":193,"column":36}}]},"15":{"type":"branch","line":187,"loc":{"start":{"line":187,"column":4},"end":{"line":189,"column":3}},"locations":[{"start":{"line":187,"column":4},"end":{"line":189,"column":3}}]},"16":{"type":"branch","line":189,"loc":{"start":{"line":189,"column":2},"end":{"line":193,"column":36}},"locations":[{"start":{"line":189,"column":2},"end":{"line":193,"column":36}}]},"17":{"type":"branch","line":193,"loc":{"start":{"line":193,"column":32},"end":{"line":194,"column":39}},"locations":[{"start":{"line":193,"column":32},"end":{"line":194,"column":39}}]},"18":{"type":"branch","line":194,"loc":{"start":{"line":194,"column":35},"end":{"line":195,"column":36}},"locations":[{"start":{"line":194,"column":35},"end":{"line":195,"column":36}}]},"19":{"type":"branch","line":196,"loc":{"start":{"line":196,"column":4},"end":{"line":202,"column":1}},"locations":[{"start":{"line":196,"column":4},"end":{"line":202,"column":1}}]},"20":{"type":"branch","line":196,"loc":{"start":{"line":196,"column":4},"end":{"line":198,"column":3}},"locations":[{"start":{"line":196,"column":4},"end":{"line":198,"column":3}}]},"21":{"type":"branch","line":198,"loc":{"start":{"line":198,"column":2},"end":{"line":202,"column":1}},"locations":[{"start":{"line":198,"column":2},"end":{"line":202,"column":1}}]},"22":{"type":"branch","line":207,"loc":{"start":{"line":207,"column":7},"end":{"line":217,"column":1}},"locations":[{"start":{"line":207,"column":7},"end":{"line":217,"column":1}}]}},"b":{"0":[26],"1":[24],"2":[23],"3":[22],"4":[22],"5":[3],"6":[23],"7":[7],"8":[19],"9":[1],"10":[18],"11":[1],"12":[17],"13":[17],"14":[22],"15":[2],"16":[17],"17":[16],"18":[16],"19":[21],"20":[1],"21":[16],"22":[9]},"fnMap":{"0":{"name":"selectRelevantExample","decl":{"start":{"line":167,"column":7},"end":{"line":202,"column":1}},"loc":{"start":{"line":167,"column":7},"end":{"line":202,"column":1}},"line":167},"1":{"name":"formatExample","decl":{"start":{"line":207,"column":7},"end":{"line":217,"column":1}},"loc":{"start":{"line":207,"column":7},"end":{"line":217,"column":1}},"line":207}},"f":{"0":26,"1":9}}
,"/Users/darren/dev/workflow/packages/workflow-mcp-server/src/prompts/system-prompt.ts": {"path":"/Users/darren/dev/workflow/packages/workflow-mcp-server/src/prompts/system-prompt.ts","all":false,"statementMap":{"5":{"start":{"line":6,"column":0},"end":{"line":6,"column":62}},"6":{"start":{"line":7,"column":0},"end":{"line":7,"column":27}},"7":{"start":{"line":8,"column":0},"end":{"line":8,"column":33}},"8":{"start":{"line":9,"column":0},"end":{"line":9,"column":3}},"10":{"start":{"line":11,"column":0},"end":{"line":11,"column":28}},"11":{"start":{"line":12,"column":0},"end":{"line":12,"column":51}},"12":{"start":{"line":13,"column":0},"end":{"line":13,"column":59}},"13":{"start":{"line":14,"column":0},"end":{"line":14,"column":15}},"14":{"start":{"line":15,"column":0},"end":{"line":15,"column":53}},"15":{"start":{"line":16,"column":0},"end":{"line":16,"column":60}},"16":{"start":{"line":17,"column":0},"end":{"line":17,"column":15}},"18":{"start":{"line":19,"column":0},"end":{"line":19,"column":70}},"19":{"start":{"line":20,"column":0},"end":{"line":20,"column":25}},"20":{"start":{"line":21,"column":0},"end":{"line":21,"column":29}},"21":{"start":{"line":22,"column":0},"end":{"line":22,"column":16}},"22":{"start":{"line":23,"column":0},"end":{"line":23,"column":1}},"27":{"start":{"line":28,"column":0},"end":{"line":28,"column":65}},"28":{"start":{"line":29,"column":0},"end":{"line":29,"column":41}},"30":{"start":{"line":31,"column":0},"end":{"line":31,"column":104}},"52":{"start":{"line":53,"column":0},"end":{"line":53,"column":11}},"70":{"start":{"line":71,"column":0},"end":{"line":71,"column":1}}},"s":{"5":1,"6":15,"7":3,"8":3,"10":12,"11":23,"12":21,"13":2,"14":23,"15":21,"16":2,"18":23,"19":23,"20":23,"21":12,"22":12,"27":1,"28":11,"30":11,"52":11,"70":11},"branchMap":{"0":{"type":"branch","line":6,"loc":{"start":{"line":6,"column":7},"end":{"line":23,"column":1}},"locations":[{"start":{"line":6,"column":7},"end":{"line":23,"column":1}}]},"1":{"type":"branch","line":7,"loc":{"start":{"line":7,"column":26},"end":{"line":9,"column":3}},"locations":[{"start":{"line":7,"column":26},"end":{"line":9,"column":3}}]},"2":{"type":"branch","line":9,"loc":{"start":{"line":9,"column":2},"end":{"line":23,"column":1}},"locations":[{"start":{"line":9,"column":2},"end":{"line":23,"column":1}}]},"3":{"type":"branch","line":11,"loc":{"start":{"line":11,"column":19},"end":{"line":22,"column":3}},"locations":[{"start":{"line":11,"column":19},"end":{"line":22,"column":3}}]},"4":{"type":"branch","line":12,"loc":{"start":{"line":12,"column":41},"end":{"line":13,"column":59}},"locations":[{"start":{"line":12,"column":41},"end":{"line":13,"column":59}}]},"5":{"type":"branch","line":13,"loc":{"start":{"line":13,"column":58},"end":{"line":14,"column":15}},"locations":[{"start":{"line":13,"column":58},"end":{"line":14,"column":15}}]},"6":{"type":"branch","line":15,"loc":{"start":{"line":15,"column":43},"end":{"line":16,"column":60}},"locations":[{"start":{"line":15,"column":43},"end":{"line":16,"column":60}}]},"7":{"type":"branch","line":16,"loc":{"start":{"line":16,"column":59},"end":{"line":17,"column":15}},"locations":[{"start":{"line":16,"column":59},"end":{"line":17,"column":15}}]},"8":{"type":"branch","line":28,"loc":{"start":{"line":28,"column":7},"end":{"line":71,"column":1}},"locations":[{"start":{"line":28,"column":7},"end":{"line":71,"column":1}}]}},"b":{"0":[15],"1":[3],"2":[12],"3":[23],"4":[21],"5":[2],"6":[21],"7":[2],"8":[11]},"fnMap":{"0":{"name":"formatTaskList","decl":{"start":{"line":6,"column":7},"end":{"line":23,"column":1}},"loc":{"start":{"line":6,"column":7},"end":{"line":23,"column":1}},"line":6},"1":{"name":"buildSystemPrompt","decl":{"start":{"line":28,"column":7},"end":{"line":71,"column":1}},"loc":{"start":{"line":28,"column":7},"end":{"line":71,"column":1}},"line":28}},"f":{"0":15,"1":11}}
,"/Users/darren/dev/workflow/packages/workflow-mcp-server/src/services/gateway-client.ts": {"path":"/Users/darren/dev/workflow/packages/workflow-mcp-server/src/services/gateway-client.ts","all":false,"statementMap":{"10":{"start":{"line":11,"column":0},"end":{"line":11,"column":28}},"11":{"start":{"line":12,"column":0},"end":{"line":12,"column":34}},"13":{"start":{"line":14,"column":0},"end":{"line":14,"column":33}},"14":{"start":{"line":15,"column":0},"end":{"line":15,"column":81}},"15":{"start":{"line":16,"column":0},"end":{"line":16,"column":3}},"20":{"start":{"line":21,"column":0},"end":{"line":21,"column":46}},"21":{"start":{"line":22,"column":0},"end":{"line":22,"column":65}},"23":{"start":{"line":24,"column":0},"end":{"line":24,"column":23}},"24":{"start":{"line":25,"column":0},"end":{"line":25,"column":90}},"25":{"start":{"line":26,"column":0},"end":{"line":26,"column":5}},"27":{"start":{"line":28,"column":0},"end":{"line":28,"column":54}},"28":{"start":{"line":29,"column":0},"end":{"line":29,"column":3}},"33":{"start":{"line":34,"column":0},"end":{"line":34,"column":54}},"34":{"start":{"line":35,"column":0},"end":{"line":35,"column":73}},"36":{"start":{"line":37,"column":0},"end":{"line":37,"column":23}},"37":{"start":{"line":38,"column":0},"end":{"line":38,"column":89}},"38":{"start":{"line":39,"column":0},"end":{"line":39,"column":5}},"40":{"start":{"line":41,"column":0},"end":{"line":41,"column":52}},"41":{"start":{"line":42,"column":0},"end":{"line":42,"column":3}},"46":{"start":{"line":47,"column":0},"end":{"line":47,"column":67}},"47":{"start":{"line":48,"column":0},"end":{"line":48,"column":83}},"48":{"start":{"line":49,"column":0},"end":{"line":49,"column":21}},"49":{"start":{"line":50,"column":0},"end":{"line":50,"column":56}},"50":{"start":{"line":51,"column":0},"end":{"line":51,"column":16}},"51":{"start":{"line":52,"column":0},"end":{"line":52,"column":7}},"53":{"start":{"line":54,"column":0},"end":{"line":54,"column":23}},"54":{"start":{"line":55,"column":0},"end":{"line":55,"column":96}},"55":{"start":{"line":56,"column":0},"end":{"line":56,"column":5}},"57":{"start":{"line":58,"column":0},"end":{"line":58,"column":45}},"63":{"start":{"line":64,"column":0},"end":{"line":64,"column":12}},"64":{"start":{"line":65,"column":0},"end":{"line":65,"column":34}},"65":{"start":{"line":66,"column":0},"end":{"line":66,"column":34}},"66":{"start":{"line":67,"column":0},"end":{"line":67,"column":37}},"67":{"start":{"line":68,"column":0},"end":{"line":68,"column":6}},"68":{"start":{"line":69,"column":0},"end":{"line":69,"column":3}},"73":{"start":{"line":74,"column":0},"end":{"line":74,"column":99}},"74":{"start":{"line":75,"column":0},"end":{"line":75,"column":83}},"75":{"start":{"line":76,"column":0},"end":{"line":76,"column":21}},"76":{"start":{"line":77,"column":0},"end":{"line":77,"column":54}},"77":{"start":{"line":78,"column":0},"end":{"line":78,"column":56}},"78":{"start":{"line":79,"column":0},"end":{"line":79,"column":7}},"80":{"start":{"line":81,"column":0},"end":{"line":81,"column":23}},"81":{"start":{"line":82,"column":0},"end":{"line":82,"column":95}},"82":{"start":{"line":83,"column":0},"end":{"line":83,"column":5}},"84":{"start":{"line":85,"column":0},"end":{"line":85,"column":45}},"90":{"start":{"line":91,"column":0},"end":{"line":91,"column":12}},"91":{"start":{"line":92,"column":0},"end":{"line":92,"column":35}},"92":{"start":{"line":93,"column":0},"end":{"line":93,"column":79}},"93":{"start":{"line":94,"column":0},"end":{"line":94,"column":33}},"94":{"start":{"line":95,"column":0},"end":{"line":95,"column":6}},"95":{"start":{"line":96,"column":0},"end":{"line":96,"column":3}},"100":{"start":{"line":101,"column":0},"end":{"line":101,"column":111}},"101":{"start":{"line":102,"column":0},"end":{"line":102,"column":94}},"102":{"start":{"line":103,"column":0},"end":{"line":103,"column":21}},"103":{"start":{"line":104,"column":0},"end":{"line":104,"column":54}},"104":{"start":{"line":105,"column":0},"end":{"line":105,"column":33}},"105":{"start":{"line":106,"column":0},"end":{"line":106,"column":7}},"107":{"start":{"line":108,"column":0},"end":{"line":108,"column":23}},"108":{"start":{"line":109,"column":0},"end":{"line":109,"column":36}},"109":{"start":{"line":110,"column":0},"end":{"line":110,"column":63}},"110":{"start":{"line":111,"column":0},"end":{"line":111,"column":7}},"111":{"start":{"line":112,"column":0},"end":{"line":112,"column":95}},"112":{"start":{"line":113,"column":0},"end":{"line":113,"column":5}},"114":{"start":{"line":115,"column":0},"end":{"line":115,"column":66}},"116":{"start":{"line":117,"column":0},"end":{"line":117,"column":12}},"117":{"start":{"line":118,"column":0},"end":{"line":118,"column":38}},"118":{"start":{"line":119,"column":0},"end":{"line":119,"column":28}},"119":{"start":{"line":120,"column":0},"end":{"line":120,"column":34}},"120":{"start":{"line":121,"column":0},"end":{"line":121,"column":44}},"121":{"start":{"line":122,"column":0},"end":{"line":122,"column":46}},"122":{"start":{"line":123,"column":0},"end":{"line":123,"column":6}},"123":{"start":{"line":124,"column":0},"end":{"line":124,"column":3}},"124":{"start":{"line":125,"column":0},"end":{"line":125,"column":1}}},"s":{"10":1,"11":21,"13":21,"14":21,"15":21,"20":21,"21":3,"23":3,"24":1,"25":1,"27":1,"28":3,"33":21,"34":2,"36":2,"37":1,"38":1,"40":1,"41":2,"46":21,"47":3,"48":3,"49":3,"50":3,"51":3,"53":3,"54":1,"55":1,"57":2,"63":2,"64":3,"65":3,"66":3,"67":3,"68":3,"73":21,"74":3,"75":3,"76":3,"77":3,"78":3,"80":3,"81":1,"82":1,"84":2,"90":2,"91":3,"92":3,"93":3,"94":3,"95":3,"100":21,"101":4,"102":4,"103":4,"104":4,"105":4,"107":4,"108":2,"109":1,"110":1,"111":1,"112":1,"114":2,"116":2,"117":2,"118":2,"119":4,"120":4,"121":4,"122":4,"123":4,"124":21},"branchMap":{"0":{"type":"branch","line":11,"loc":{"start":{"line":11,"column":27},"end":{"line":125,"column":1}},"locations":[{"start":{"line":11,"column":27},"end":{"line":125,"column":1}}]},"1":{"type":"branch","line":14,"loc":{"start":{"line":14,"column":2},"end":{"line":16,"column":3}},"locations":[{"start":{"line":14,"column":2},"end":{"line":16,"column":3}}]},"2":{"type":"branch","line":15,"loc":{"start":{"line":15,"column":19},"end":{"line":15,"column":57}},"locations":[{"start":{"line":15,"column":19},"end":{"line":15,"column":57}}]},"3":{"type":"branch","line":15,"loc":{"start":{"line":15,"column":42},"end":{"line":15,"column":81}},"locations":[{"start":{"line":15,"column":42},"end":{"line":15,"column":81}}]},"4":{"type":"branch","line":21,"loc":{"start":{"line":21,"column":2},"end":{"line":29,"column":3}},"locations":[{"start":{"line":21,"column":2},"end":{"line":29,"column":3}}]},"5":{"type":"branch","line":22,"loc":{"start":{"line":22,"column":63},"end":{"line":24,"column":22}},"locations":[{"start":{"line":22,"column":63},"end":{"line":24,"column":22}}]},"6":{"type":"branch","line":24,"loc":{"start":{"line":24,"column":22},"end":{"line":28,"column":54}},"locations":[{"start":{"line":24,"column":22},"end":{"line":28,"column":54}}]},"7":{"type":"branch","line":34,"loc":{"start":{"line":34,"column":2},"end":{"line":42,"column":3}},"locations":[{"start":{"line":34,"column":2},"end":{"line":42,"column":3}}]},"8":{"type":"branch","line":37,"loc":{"start":{"line":37,"column":22},"end":{"line":41,"column":52}},"locations":[{"start":{"line":37,"column":22},"end":{"line":41,"column":52}}]},"9":{"type":"branch","line":47,"loc":{"start":{"line":47,"column":2},"end":{"line":69,"column":3}},"locations":[{"start":{"line":47,"column":2},"end":{"line":69,"column":3}}]},"10":{"type":"branch","line":54,"loc":{"start":{"line":54,"column":22},"end":{"line":56,"column":5}},"locations":[{"start":{"line":54,"column":22},"end":{"line":56,"column":5}}]},"11":{"type":"branch","line":56,"loc":{"start":{"line":56,"column":4},"end":{"line":65,"column":29}},"locations":[{"start":{"line":56,"column":4},"end":{"line":65,"column":29}}]},"12":{"type":"branch","line":65,"loc":{"start":{"line":65,"column":20},"end":{"line":65,"column":34}},"locations":[{"start":{"line":65,"column":20},"end":{"line":65,"column":34}}]},"13":{"type":"branch","line":66,"loc":{"start":{"line":66,"column":21},"end":{"line":66,"column":34}},"locations":[{"start":{"line":66,"column":21},"end":{"line":66,"column":34}}]},"14":{"type":"branch","line":67,"loc":{"start":{"line":67,"column":23},"end":{"line":67,"column":37}},"locations":[{"start":{"line":67,"column":23},"end":{"line":67,"column":37}}]},"15":{"type":"branch","line":74,"loc":{"start":{"line":74,"column":2},"end":{"line":96,"column":3}},"locations":[{"start":{"line":74,"column":2},"end":{"line":96,"column":3}}]},"16":{"type":"branch","line":81,"loc":{"start":{"line":81,"column":22},"end":{"line":83,"column":5}},"locations":[{"start":{"line":81,"column":22},"end":{"line":83,"column":5}}]},"17":{"type":"branch","line":83,"loc":{"start":{"line":83,"column":4},"end":{"line":92,"column":29}},"locations":[{"start":{"line":83,"column":4},"end":{"line":92,"column":29}}]},"18":{"type":"branch","line":92,"loc":{"start":{"line":92,"column":20},"end":{"line":92,"column":35}},"locations":[{"start":{"line":92,"column":20},"end":{"line":92,"column":35}}]},"19":{"type":"branch","line":93,"loc":{"start":{"line":93,"column":28},"end":{"line":93,"column":79}},"locations":[{"start":{"line":93,"column":28},"end":{"line":93,"column":79}}]},"20":{"type":"branch","line":94,"loc":{"start":{"line":94,"column":21},"end":{"line":94,"column":33}},"locations":[{"start":{"line":94,"column":21},"end":{"line":94,"column":33}}]},"21":{"type":"branch","line":101,"loc":{"start":{"line":101,"column":2},"end":{"line":124,"column":3}},"locations":[{"start":{"line":101,"column":2},"end":{"line":124,"column":3}}]},"22":{"type":"branch","line":108,"loc":{"start":{"line":108,"column":22},"end":{"line":120,"column":31}},"locations":[{"start":{"line":108,"column":22},"end":{"line":120,"column":31}}]},"23":{"type":"branch","line":109,"loc":{"start":{"line":109,"column":35},"end":{"line":113,"column":5}},"locations":[{"start":{"line":109,"column":35},"end":{"line":113,"column":5}}]},"24":{"type":"branch","line":120,"loc":{"start":{"line":120,"column":21},"end":{"line":120,"column":34}},"locations":[{"start":{"line":120,"column":21},"end":{"line":120,"column":34}}]},"25":{"type":"branch","line":121,"loc":{"start":{"line":121,"column":26},"end":{"line":121,"column":44}},"locations":[{"start":{"line":121,"column":26},"end":{"line":121,"column":44}}]},"26":{"type":"branch","line":122,"loc":{"start":{"line":122,"column":28},"end":{"line":122,"column":46}},"locations":[{"start":{"line":122,"column":28},"end":{"line":122,"column":46}}]}},"b":{"0":[21],"1":[21],"2":[2],"3":[1],"4":[3],"5":[2],"6":[1],"7":[2],"8":[1],"9":[3],"10":[1],"11":[2],"12":[0],"13":[0],"14":[2],"15":[3],"16":[1],"17":[2],"18":[0],"19":[0],"20":[0],"21":[4],"22":[2],"23":[1],"24":[0],"25":[0],"26":[0]},"fnMap":{"0":{"name":"<instance_members_initializer>","decl":{"start":{"line":11,"column":27},"end":{"line":125,"column":1}},"loc":{"start":{"line":11,"column":27},"end":{"line":125,"column":1}},"line":11},"1":{"name":"GatewayClient","decl":{"start":{"line":14,"column":2},"end":{"line":16,"column":3}},"loc":{"start":{"line":14,"column":2},"end":{"line":16,"column":3}},"line":14},"2":{"name":"listTasks","decl":{"start":{"line":21,"column":2},"end":{"line":29,"column":3}},"loc":{"start":{"line":21,"column":2},"end":{"line":29,"column":3}},"line":21},"3":{"name":"getTask","decl":{"start":{"line":34,"column":2},"end":{"line":42,"column":3}},"loc":{"start":{"line":34,"column":2},"end":{"line":42,"column":3}},"line":34},"4":{"name":"validateWorkflow","decl":{"start":{"line":47,"column":2},"end":{"line":69,"column":3}},"loc":{"start":{"line":47,"column":2},"end":{"line":69,"column":3}},"line":47},"5":{"name":"dryRunWorkflow","decl":{"start":{"line":74,"column":2},"end":{"line":96,"column":3}},"loc":{"start":{"line":74,"column":2},"end":{"line":96,"column":3}},"line":74},"6":{"name":"executeWorkflow","decl":{"start":{"line":101,"column":2},"end":{"line":124,"column":3}},"loc":{"start":{"line":101,"column":2},"end":{"line":124,"column":3}},"line":101}},"f":{"0":21,"1":21,"2":3,"3":2,"4":3,"5":3,"6":4}}
,"/Users/darren/dev/workflow/packages/workflow-mcp-server/src/services/llm-service.ts": {"path":"/Users/darren/dev/workflow/packages/workflow-mcp-server/src/services/llm-service.ts","all":false,"statementMap":{"0":{"start":{"line":1,"column":0},"end":{"line":1,"column":42}},"9":{"start":{"line":10,"column":0},"end":{"line":10,"column":25}},"10":{"start":{"line":11,"column":0},"end":{"line":11,"column":42}},"11":{"start":{"line":12,"column":0},"end":{"line":12,"column":24}},"12":{"start":{"line":13,"column":0},"end":{"line":13,"column":28}},"14":{"start":{"line":15,"column":0},"end":{"line":15,"column":17}},"15":{"start":{"line":16,"column":0},"end":{"line":16,"column":32}},"16":{"start":{"line":17,"column":0},"end":{"line":17,"column":30}},"17":{"start":{"line":18,"column":0},"end":{"line":18,"column":38}},"19":{"start":{"line":20,"column":0},"end":{"line":20,"column":33}},"20":{"start":{"line":21,"column":0},"end":{"line":21,"column":70}},"21":{"start":{"line":22,"column":0},"end":{"line":22,"column":5}},"22":{"start":{"line":23,"column":0},"end":{"line":23,"column":3}},"27":{"start":{"line":28,"column":0},"end":{"line":28,"column":26}},"28":{"start":{"line":29,"column":0},"end":{"line":29,"column":32}},"29":{"start":{"line":30,"column":0},"end":{"line":30,"column":3}},"34":{"start":{"line":35,"column":0},"end":{"line":35,"column":25}},"35":{"start":{"line":36,"column":0},"end":{"line":36,"column":19}},"36":{"start":{"line":37,"column":0},"end":{"line":37,"column":33}},"37":{"start":{"line":38,"column":0},"end":{"line":38,"column":33}},"38":{"start":{"line":39,"column":0},"end":{"line":39,"column":23}},"39":{"start":{"line":40,"column":0},"end":{"line":40,"column":77}},"40":{"start":{"line":41,"column":0},"end":{"line":41,"column":5}},"43":{"start":{"line":44,"column":0},"end":{"line":44,"column":59}},"46":{"start":{"line":47,"column":0},"end":{"line":47,"column":50}},"47":{"start":{"line":48,"column":0},"end":{"line":48,"column":52}},"50":{"start":{"line":51,"column":0},"end":{"line":51,"column":48}},"51":{"start":{"line":52,"column":0},"end":{"line":52,"column":7}},"52":{"start":{"line":53,"column":0},"end":{"line":53,"column":21}},"53":{"start":{"line":54,"column":0},"end":{"line":54,"column":66}},"55":{"start":{"line":56,"column":0},"end":{"line":56,"column":19}},"58":{"start":{"line":59,"column":0},"end":{"line":59,"column":11}},"65":{"start":{"line":66,"column":0},"end":{"line":66,"column":7}},"66":{"start":{"line":67,"column":0},"end":{"line":67,"column":6}},"69":{"start":{"line":70,"column":0},"end":{"line":70,"column":56}},"70":{"start":{"line":71,"column":0},"end":{"line":71,"column":24}},"71":{"start":{"line":72,"column":0},"end":{"line":72,"column":33}},"72":{"start":{"line":73,"column":0},"end":{"line":73,"column":27}},"73":{"start":{"line":74,"column":0},"end":{"line":74,"column":14}},"74":{"start":{"line":75,"column":0},"end":{"line":75,"column":7}},"77":{"start":{"line":78,"column":0},"end":{"line":78,"column":41}},"78":{"start":{"line":79,"column":0},"end":{"line":79,"column":77}},"79":{"start":{"line":80,"column":0},"end":{"line":80,"column":31}},"80":{"start":{"line":81,"column":0},"end":{"line":81,"column":18}},"83":{"start":{"line":84,"column":0},"end":{"line":84,"column":52}},"84":{"start":{"line":85,"column":0},"end":{"line":85,"column":3}},"89":{"start":{"line":90,"column":0},"end":{"line":90,"column":82}},"91":{"start":{"line":92,"column":0},"end":{"line":92,"column":67}},"92":{"start":{"line":93,"column":0},"end":{"line":93,"column":21}},"93":{"start":{"line":94,"column":0},"end":{"line":94,"column":71}},"94":{"start":{"line":95,"column":0},"end":{"line":95,"column":5}},"95":{"start":{"line":96,"column":0},"end":{"line":96,"column":37}},"98":{"start":{"line":99,"column":0},"end":{"line":99,"column":45}},"101":{"start":{"line":102,"column":0},"end":{"line":102,"column":58}},"104":{"start":{"line":105,"column":0},"end":{"line":105,"column":25}},"105":{"start":{"line":106,"column":0},"end":{"line":106,"column":59}},"106":{"start":{"line":107,"column":0},"end":{"line":107,"column":64}},"108":{"start":{"line":109,"column":0},"end":{"line":109,"column":45}},"109":{"start":{"line":110,"column":0},"end":{"line":110,"column":45}},"110":{"start":{"line":111,"column":0},"end":{"line":111,"column":54}},"111":{"start":{"line":112,"column":0},"end":{"line":112,"column":55}},"112":{"start":{"line":113,"column":0},"end":{"line":113,"column":5}},"114":{"start":{"line":115,"column":0},"end":{"line":115,"column":23}},"115":{"start":{"line":116,"column":0},"end":{"line":116,"column":91}},"116":{"start":{"line":117,"column":0},"end":{"line":117,"column":5}},"118":{"start":{"line":119,"column":0},"end":{"line":119,"column":12}},"119":{"start":{"line":120,"column":0},"end":{"line":120,"column":11}},"120":{"start":{"line":121,"column":0},"end":{"line":121,"column":18}},"121":{"start":{"line":122,"column":0},"end":{"line":122,"column":16}},"122":{"start":{"line":123,"column":0},"end":{"line":123,"column":13}},"123":{"start":{"line":124,"column":0},"end":{"line":124,"column":6}},"124":{"start":{"line":125,"column":0},"end":{"line":125,"column":3}},"129":{"start":{"line":130,"column":0},"end":{"line":130,"column":56}},"130":{"start":{"line":131,"column":0},"end":{"line":131,"column":61}},"131":{"start":{"line":132,"column":0},"end":{"line":132,"column":51}},"133":{"start":{"line":134,"column":0},"end":{"line":134,"column":41}},"134":{"start":{"line":135,"column":0},"end":{"line":135,"column":52}},"137":{"start":{"line":138,"column":0},"end":{"line":138,"column":49}},"138":{"start":{"line":139,"column":0},"end":{"line":139,"column":24}},"139":{"start":{"line":140,"column":0},"end":{"line":140,"column":5}},"142":{"start":{"line":143,"column":0},"end":{"line":143,"column":65}},"143":{"start":{"line":144,"column":0},"end":{"line":144,"column":40}},"144":{"start":{"line":145,"column":0},"end":{"line":145,"column":23}},"145":{"start":{"line":146,"column":0},"end":{"line":146,"column":5}},"148":{"start":{"line":149,"column":0},"end":{"line":149,"column":44}},"149":{"start":{"line":150,"column":0},"end":{"line":150,"column":26}},"150":{"start":{"line":151,"column":0},"end":{"line":151,"column":5}},"153":{"start":{"line":154,"column":0},"end":{"line":154,"column":24}},"154":{"start":{"line":155,"column":0},"end":{"line":155,"column":23}},"155":{"start":{"line":156,"column":0},"end":{"line":156,"column":5}},"157":{"start":{"line":158,"column":0},"end":{"line":158,"column":24}},"158":{"start":{"line":159,"column":0},"end":{"line":159,"column":3}},"159":{"start":{"line":160,"column":0},"end":{"line":160,"column":1}}},"s":{"0":1,"9":1,"10":13,"11":13,"12":13,"14":13,"15":13,"16":13,"17":13,"19":13,"20":10,"21":10,"22":13,"27":13,"28":14,"29":14,"34":13,"35":9,"36":9,"37":9,"38":9,"39":1,"40":1,"43":8,"46":8,"47":8,"50":8,"51":8,"52":8,"53":8,"55":8,"58":8,"65":8,"66":8,"69":8,"70":8,"71":8,"72":8,"73":8,"74":8,"77":6,"78":6,"79":6,"80":6,"83":6,"84":9,"89":13,"91":6,"92":6,"93":1,"94":1,"95":5,"98":5,"101":6,"104":6,"105":6,"106":6,"108":6,"109":3,"110":3,"111":0,"112":0,"114":6,"115":2,"116":2,"118":5,"119":5,"120":5,"121":5,"122":5,"123":5,"124":6,"129":13,"130":5,"131":5,"133":5,"134":5,"137":5,"138":1,"139":1,"142":4,"143":5,"144":1,"145":1,"148":3,"149":3,"150":3,"153":0,"154":0,"155":0,"157":0,"158":5,"159":13},"branchMap":{"0":{"type":"branch","line":10,"loc":{"start":{"line":10,"column":24},"end":{"line":160,"column":1}},"locations":[{"start":{"line":10,"column":24},"end":{"line":160,"column":1}}]},"1":{"type":"branch","line":15,"loc":{"start":{"line":15,"column":2},"end":{"line":23,"column":3}},"locations":[{"start":{"line":15,"column":2},"end":{"line":23,"column":3}}]},"2":{"type":"branch","line":20,"loc":{"start":{"line":20,"column":32},"end":{"line":22,"column":5}},"locations":[{"start":{"line":20,"column":32},"end":{"line":22,"column":5}}]},"3":{"type":"branch","line":28,"loc":{"start":{"line":28,"column":2},"end":{"line":30,"column":3}},"locations":[{"start":{"line":28,"column":2},"end":{"line":30,"column":3}}]},"4":{"type":"branch","line":35,"loc":{"start":{"line":35,"column":2},"end":{"line":85,"column":3}},"locations":[{"start":{"line":35,"column":2},"end":{"line":85,"column":3}}]},"5":{"type":"branch","line":39,"loc":{"start":{"line":39,"column":22},"end":{"line":41,"column":5}},"locations":[{"start":{"line":39,"column":22},"end":{"line":41,"column":5}}]},"6":{"type":"branch","line":41,"loc":{"start":{"line":41,"column":4},"end":{"line":75,"column":7}},"locations":[{"start":{"line":41,"column":4},"end":{"line":75,"column":7}}]},"7":{"type":"branch","line":75,"loc":{"start":{"line":75,"column":5},"end":{"line":84,"column":52}},"locations":[{"start":{"line":75,"column":5},"end":{"line":84,"column":52}}]},"8":{"type":"branch","line":79,"loc":{"start":{"line":79,"column":14},"end":{"line":79,"column":76}},"locations":[{"start":{"line":79,"column":14},"end":{"line":79,"column":76}}]},"9":{"type":"branch","line":80,"loc":{"start":{"line":80,"column":11},"end":{"line":80,"column":30}},"locations":[{"start":{"line":80,"column":11},"end":{"line":80,"column":30}}]},"10":{"type":"branch","line":90,"loc":{"start":{"line":90,"column":10},"end":{"line":125,"column":3}},"locations":[{"start":{"line":90,"column":10},"end":{"line":125,"column":3}}]},"11":{"type":"branch","line":93,"loc":{"start":{"line":93,"column":20},"end":{"line":95,"column":5}},"locations":[{"start":{"line":93,"column":20},"end":{"line":95,"column":5}}]},"12":{"type":"branch","line":95,"loc":{"start":{"line":95,"column":4},"end":{"line":102,"column":47}},"locations":[{"start":{"line":95,"column":4},"end":{"line":102,"column":47}}]},"13":{"type":"branch","line":102,"loc":{"start":{"line":102,"column":42},"end":{"line":102,"column":51}},"locations":[{"start":{"line":102,"column":42},"end":{"line":102,"column":51}}]},"14":{"type":"branch","line":106,"loc":{"start":{"line":106,"column":49},"end":{"line":106,"column":57}},"locations":[{"start":{"line":106,"column":49},"end":{"line":106,"column":57}}]},"15":{"type":"branch","line":107,"loc":{"start":{"line":107,"column":54},"end":{"line":107,"column":62}},"locations":[{"start":{"line":107,"column":54},"end":{"line":107,"column":62}}]},"16":{"type":"branch","line":109,"loc":{"start":{"line":109,"column":8},"end":{"line":109,"column":44}},"locations":[{"start":{"line":109,"column":8},"end":{"line":109,"column":44}}]},"17":{"type":"branch","line":109,"loc":{"start":{"line":109,"column":44},"end":{"line":113,"column":5}},"locations":[{"start":{"line":109,"column":44},"end":{"line":113,"column":5}}]},"18":{"type":"branch","line":111,"loc":{"start":{"line":111,"column":4},"end":{"line":113,"column":5}},"locations":[{"start":{"line":111,"column":4},"end":{"line":113,"column":5}}]},"19":{"type":"branch","line":111,"loc":{"start":{"line":111,"column":15},"end":{"line":111,"column":53}},"locations":[{"start":{"line":111,"column":15},"end":{"line":111,"column":53}}]},"20":{"type":"branch","line":111,"loc":{"start":{"line":111,"column":53},"end":{"line":113,"column":5}},"locations":[{"start":{"line":111,"column":53},"end":{"line":113,"column":5}}]},"21":{"type":"branch","line":113,"loc":{"start":{"line":113,"column":4},"end":{"line":115,"column":22}},"locations":[{"start":{"line":113,"column":4},"end":{"line":115,"column":22}}]},"22":{"type":"branch","line":115,"loc":{"start":{"line":115,"column":22},"end":{"line":117,"column":5}},"locations":[{"start":{"line":115,"column":22},"end":{"line":117,"column":5}}]},"23":{"type":"branch","line":117,"loc":{"start":{"line":117,"column":4},"end":{"line":124,"column":6}},"locations":[{"start":{"line":117,"column":4},"end":{"line":124,"column":6}}]},"24":{"type":"branch","line":130,"loc":{"start":{"line":130,"column":10},"end":{"line":159,"column":3}},"locations":[{"start":{"line":130,"column":10},"end":{"line":159,"column":3}}]},"25":{"type":"branch","line":131,"loc":{"start":{"line":131,"column":53},"end":{"line":131,"column":61}},"locations":[{"start":{"line":131,"column":53},"end":{"line":131,"column":61}}]},"26":{"type":"branch","line":132,"loc":{"start":{"line":132,"column":43},"end":{"line":132,"column":51}},"locations":[{"start":{"line":132,"column":43},"end":{"line":132,"column":51}}]},"27":{"type":"branch","line":138,"loc":{"start":{"line":138,"column":28},"end":{"line":138,"column":48}},"locations":[{"start":{"line":138,"column":28},"end":{"line":138,"column":48}}]},"28":{"type":"branch","line":138,"loc":{"start":{"line":138,"column":48},"end":{"line":140,"column":5}},"locations":[{"start":{"line":138,"column":48},"end":{"line":140,"column":5}}]},"29":{"type":"branch","line":140,"loc":{"start":{"line":140,"column":4},"end":{"line":144,"column":39}},"locations":[{"start":{"line":140,"column":4},"end":{"line":144,"column":39}}]},"30":{"type":"branch","line":144,"loc":{"start":{"line":144,"column":39},"end":{"line":146,"column":5}},"locations":[{"start":{"line":144,"column":39},"end":{"line":146,"column":5}}]},"31":{"type":"branch","line":146,"loc":{"start":{"line":146,"column":4},"end":{"line":151,"column":5}},"locations":[{"start":{"line":146,"column":4},"end":{"line":151,"column":5}}]},"32":{"type":"branch","line":151,"loc":{"start":{"line":151,"column":4},"end":{"line":158,"column":24}},"locations":[{"start":{"line":151,"column":4},"end":{"line":158,"column":24}}]}},"b":{"0":[13],"1":[13],"2":[10],"3":[14],"4":[9],"5":[1],"6":[8],"7":[6],"8":[6],"9":[6],"10":[6],"11":[1],"12":[5],"13":[0],"14":[5],"15":[5],"16":[3],"17":[3],"18":[2],"19":[0],"20":[0],"21":[5],"22":[2],"23":[5],"24":[5],"25":[3],"26":[0],"27":[3],"28":[1],"29":[4],"30":[1],"31":[3],"32":[0]},"fnMap":{"0":{"name":"<instance_members_initializer>","decl":{"start":{"line":10,"column":24},"end":{"line":160,"column":1}},"loc":{"start":{"line":10,"column":24},"end":{"line":160,"column":1}},"line":10},"1":{"name":"LlmService","decl":{"start":{"line":15,"column":2},"end":{"line":23,"column":3}},"loc":{"start":{"line":15,"column":2},"end":{"line":23,"column":3}},"line":15},"2":{"name":"isAvailable","decl":{"start":{"line":28,"column":2},"end":{"line":30,"column":3}},"loc":{"start":{"line":28,"column":2},"end":{"line":30,"column":3}},"line":28},"3":{"name":"generateWorkflow","decl":{"start":{"line":35,"column":2},"end":{"line":85,"column":3}},"loc":{"start":{"line":35,"column":2},"end":{"line":85,"column":3}},"line":35},"4":{"name":"parseResponse","decl":{"start":{"line":90,"column":10},"end":{"line":125,"column":3}},"loc":{"start":{"line":90,"column":10},"end":{"line":125,"column":3}},"line":90},"5":{"name":"detectPattern","decl":{"start":{"line":130,"column":10},"end":{"line":159,"column":3}},"loc":{"start":{"line":130,"column":10},"end":{"line":159,"column":3}},"line":130}},"f":{"0":13,"1":13,"2":14,"3":9,"4":6,"5":5}}
,"/Users/darren/dev/workflow/packages/workflow-mcp-server/src/tools/dry-run-workflow.ts": {"path":"/Users/darren/dev/workflow/packages/workflow-mcp-server/src/tools/dry-run-workflow.ts","all":false,"statementMap":{"7":{"start":{"line":8,"column":0},"end":{"line":8,"column":37}},"8":{"start":{"line":9,"column":0},"end":{"line":9,"column":24}},"9":{"start":{"line":10,"column":0},"end":{"line":10,"column":30}},"10":{"start":{"line":11,"column":0},"end":{"line":11,"column":26}},"11":{"start":{"line":12,"column":0},"end":{"line":12,"column":39}},"13":{"start":{"line":14,"column":0},"end":{"line":14,"column":36}},"14":{"start":{"line":15,"column":0},"end":{"line":15,"column":12}},"15":{"start":{"line":16,"column":0},"end":{"line":16,"column":19}},"16":{"start":{"line":17,"column":0},"end":{"line":17,"column":55}},"17":{"start":{"line":18,"column":0},"end":{"line":18,"column":56}},"18":{"start":{"line":19,"column":0},"end":{"line":19,"column":6}},"19":{"start":{"line":20,"column":0},"end":{"line":20,"column":3}},"21":{"start":{"line":22,"column":0},"end":{"line":22,"column":7}},"22":{"start":{"line":23,"column":0},"end":{"line":23,"column":66}},"23":{"start":{"line":24,"column":0},"end":{"line":24,"column":18}},"24":{"start":{"line":25,"column":0},"end":{"line":25,"column":19}},"25":{"start":{"line":26,"column":0},"end":{"line":26,"column":92}},"26":{"start":{"line":27,"column":0},"end":{"line":27,"column":12}},"27":{"start":{"line":28,"column":0},"end":{"line":28,"column":19}},"28":{"start":{"line":29,"column":0},"end":{"line":29,"column":55}},"29":{"start":{"line":30,"column":0},"end":{"line":30,"column":27}},"30":{"start":{"line":31,"column":0},"end":{"line":31,"column":6}},"31":{"start":{"line":32,"column":0},"end":{"line":32,"column":3}},"32":{"start":{"line":33,"column":0},"end":{"line":33,"column":1}}},"s":{"7":7,"8":7,"9":7,"10":7,"11":7,"13":7,"14":1,"15":1,"16":1,"17":1,"18":1,"19":1,"21":6,"22":6,"23":5,"24":7,"25":1,"26":1,"27":1,"28":1,"29":1,"30":1,"31":1,"32":7},"branchMap":{"0":{"type":"branch","line":8,"loc":{"start":{"line":8,"column":0},"end":{"line":33,"column":1}},"locations":[{"start":{"line":8,"column":0},"end":{"line":33,"column":1}}]},"1":{"type":"branch","line":14,"loc":{"start":{"line":14,"column":7},"end":{"line":14,"column":35}},"locations":[{"start":{"line":14,"column":7},"end":{"line":14,"column":35}}]},"2":{"type":"branch","line":14,"loc":{"start":{"line":14,"column":35},"end":{"line":20,"column":3}},"locations":[{"start":{"line":14,"column":35},"end":{"line":20,"column":3}}]},"3":{"type":"branch","line":20,"loc":{"start":{"line":20,"column":2},"end":{"line":23,"column":66}},"locations":[{"start":{"line":20,"column":2},"end":{"line":23,"column":66}}]},"4":{"type":"branch","line":23,"loc":{"start":{"line":23,"column":64},"end":{"line":25,"column":11}},"locations":[{"start":{"line":23,"column":64},"end":{"line":25,"column":11}}]},"5":{"type":"branch","line":25,"loc":{"start":{"line":25,"column":2},"end":{"line":32,"column":3}},"locations":[{"start":{"line":25,"column":2},"end":{"line":32,"column":3}}]},"6":{"type":"branch","line":26,"loc":{"start":{"line":26,"column":51},"end":{"line":26,"column":92}},"locations":[{"start":{"line":26,"column":51},"end":{"line":26,"column":92}}]}},"b":{"0":[7],"1":[6],"2":[1],"3":[6],"4":[5],"5":[1],"6":[0]},"fnMap":{"0":{"name":"dryRunWorkflow","decl":{"start":{"line":8,"column":0},"end":{"line":33,"column":1}},"loc":{"start":{"line":8,"column":0},"end":{"line":33,"column":1}},"line":8}},"f":{"0":7}}
,"/Users/darren/dev/workflow/packages/workflow-mcp-server/src/tools/execute-workflow.ts": {"path":"/Users/darren/dev/workflow/packages/workflow-mcp-server/src/tools/execute-workflow.ts","all":false,"statementMap":{"7":{"start":{"line":8,"column":0},"end":{"line":8,"column":38}},"8":{"start":{"line":9,"column":0},"end":{"line":9,"column":24}},"9":{"start":{"line":10,"column":0},"end":{"line":10,"column":31}},"10":{"start":{"line":11,"column":0},"end":{"line":11,"column":35}},"11":{"start":{"line":12,"column":0},"end":{"line":12,"column":41}},"13":{"start":{"line":14,"column":0},"end":{"line":14,"column":52}},"14":{"start":{"line":15,"column":0},"end":{"line":15,"column":49}},"15":{"start":{"line":16,"column":0},"end":{"line":16,"column":3}},"17":{"start":{"line":18,"column":0},"end":{"line":18,"column":7}},"18":{"start":{"line":19,"column":0},"end":{"line":19,"column":69}},"19":{"start":{"line":20,"column":0},"end":{"line":20,"column":18}},"20":{"start":{"line":21,"column":0},"end":{"line":21,"column":19}},"21":{"start":{"line":22,"column":0},"end":{"line":22,"column":33}},"23":{"start":{"line":24,"column":0},"end":{"line":24,"column":18}},"24":{"start":{"line":25,"column":0},"end":{"line":25,"column":5}},"25":{"start":{"line":26,"column":0},"end":{"line":26,"column":63}},"26":{"start":{"line":27,"column":0},"end":{"line":27,"column":3}},"27":{"start":{"line":28,"column":0},"end":{"line":28,"column":1}}},"s":{"7":8,"8":8,"9":8,"10":8,"11":8,"13":8,"14":1,"15":1,"17":7,"18":7,"19":5,"20":8,"21":2,"23":2,"24":2,"25":0,"26":0,"27":8},"branchMap":{"0":{"type":"branch","line":8,"loc":{"start":{"line":8,"column":0},"end":{"line":28,"column":1}},"locations":[{"start":{"line":8,"column":0},"end":{"line":28,"column":1}}]},"1":{"type":"branch","line":14,"loc":{"start":{"line":14,"column":7},"end":{"line":14,"column":51}},"locations":[{"start":{"line":14,"column":7},"end":{"line":14,"column":51}}]},"2":{"type":"branch","line":14,"loc":{"start":{"line":14,"column":51},"end":{"line":16,"column":3}},"locations":[{"start":{"line":14,"column":51},"end":{"line":16,"column":3}}]},"3":{"type":"branch","line":16,"loc":{"start":{"line":16,"column":2},"end":{"line":19,"column":69}},"locations":[{"start":{"line":16,"column":2},"end":{"line":19,"column":69}}]},"4":{"type":"branch","line":19,"loc":{"start":{"line":19,"column":67},"end":{"line":21,"column":11}},"locations":[{"start":{"line":19,"column":67},"end":{"line":21,"column":11}}]},"5":{"type":"branch","line":21,"loc":{"start":{"line":21,"column":2},"end":{"line":27,"column":3}},"locations":[{"start":{"line":21,"column":2},"end":{"line":27,"column":3}}]},"6":{"type":"branch","line":25,"loc":{"start":{"line":25,"column":4},"end":{"line":27,"column":3}},"locations":[{"start":{"line":25,"column":4},"end":{"line":27,"column":3}}]}},"b":{"0":[8],"1":[7],"2":[1],"3":[7],"4":[5],"5":[2],"6":[0]},"fnMap":{"0":{"name":"executeWorkflow","decl":{"start":{"line":8,"column":0},"end":{"line":28,"column":1}},"loc":{"start":{"line":8,"column":0},"end":{"line":28,"column":1}},"line":8}},"f":{"0":8}}
,"/Users/darren/dev/workflow/packages/workflow-mcp-server/src/tools/generate-workflow.ts": {"path":"/Users/darren/dev/workflow/packages/workflow-mcp-server/src/tools/generate-workflow.ts","all":false,"statementMap":{"0":{"start":{"line":1,"column":0},"end":{"line":1,"column":67}},"15":{"start":{"line":16,"column":0},"end":{"line":16,"column":64}},"16":{"start":{"line":17,"column":0},"end":{"line":17,"column":43}},"19":{"start":{"line":20,"column":0},"end":{"line":20,"column":6}},"20":{"start":{"line":21,"column":0},"end":{"line":21,"column":47}},"21":{"start":{"line":22,"column":0},"end":{"line":22,"column":45}},"22":{"start":{"line":23,"column":0},"end":{"line":23,"column":42}},"23":{"start":{"line":24,"column":0},"end":{"line":24,"column":66}},"24":{"start":{"line":25,"column":0},"end":{"line":25,"column":5}},"25":{"start":{"line":26,"column":0},"end":{"line":26,"column":22}},"26":{"start":{"line":27,"column":0},"end":{"line":27,"column":3}},"29":{"start":{"line":30,"column":0},"end":{"line":30,"column":6}},"30":{"start":{"line":31,"column":0},"end":{"line":31,"column":70}},"31":{"start":{"line":32,"column":0},"end":{"line":32,"column":73}},"32":{"start":{"line":33,"column":0},"end":{"line":33,"column":35}},"33":{"start":{"line":34,"column":0},"end":{"line":34,"column":32}},"34":{"start":{"line":35,"column":0},"end":{"line":35,"column":5}},"35":{"start":{"line":36,"column":0},"end":{"line":36,"column":21}},"36":{"start":{"line":37,"column":0},"end":{"line":37,"column":3}},"39":{"start":{"line":40,"column":0},"end":{"line":40,"column":6}},"40":{"start":{"line":41,"column":0},"end":{"line":41,"column":36}},"41":{"start":{"line":42,"column":0},"end":{"line":42,"column":36}},"42":{"start":{"line":43,"column":0},"end":{"line":43,"column":5}},"43":{"start":{"line":44,"column":0},"end":{"line":44,"column":21}},"44":{"start":{"line":45,"column":0},"end":{"line":45,"column":3}},"47":{"start":{"line":48,"column":0},"end":{"line":48,"column":22}},"48":{"start":{"line":49,"column":0},"end":{"line":49,"column":1}},"53":{"start":{"line":54,"column":0},"end":{"line":54,"column":62}},"55":{"start":{"line":56,"column":0},"end":{"line":56,"column":80}},"56":{"start":{"line":57,"column":0},"end":{"line":57,"column":23}},"57":{"start":{"line":58,"column":0},"end":{"line":58,"column":36}},"58":{"start":{"line":59,"column":0},"end":{"line":59,"column":3}},"61":{"start":{"line":62,"column":0},"end":{"line":62,"column":58}},"63":{"start":{"line":64,"column":0},"end":{"line":64,"column":39}},"64":{"start":{"line":65,"column":0},"end":{"line":65,"column":35}},"65":{"start":{"line":66,"column":0},"end":{"line":66,"column":23}},"67":{"start":{"line":68,"column":0},"end":{"line":68,"column":31}},"68":{"start":{"line":69,"column":0},"end":{"line":69,"column":57}},"69":{"start":{"line":70,"column":0},"end":{"line":70,"column":22}},"70":{"start":{"line":71,"column":0},"end":{"line":71,"column":7}},"71":{"start":{"line":72,"column":0},"end":{"line":72,"column":19}},"73":{"start":{"line":74,"column":0},"end":{"line":74,"column":61}},"74":{"start":{"line":75,"column":0},"end":{"line":75,"column":16}},"75":{"start":{"line":76,"column":0},"end":{"line":76,"column":9}},"76":{"start":{"line":77,"column":0},"end":{"line":77,"column":29}},"77":{"start":{"line":78,"column":0},"end":{"line":78,"column":7}},"78":{"start":{"line":79,"column":0},"end":{"line":79,"column":5}},"80":{"start":{"line":81,"column":0},"end":{"line":81,"column":39}},"81":{"start":{"line":82,"column":0},"end":{"line":82,"column":3}},"83":{"start":{"line":84,"column":0},"end":{"line":84,"column":12}},"84":{"start":{"line":85,"column":0},"end":{"line":85,"column":1}},"89":{"start":{"line":90,"column":0},"end":{"line":90,"column":57}},"90":{"start":{"line":91,"column":0},"end":{"line":91,"column":10}},"91":{"start":{"line":92,"column":0},"end":{"line":92,"column":20}},"92":{"start":{"line":93,"column":0},"end":{"line":93,"column":40}},"93":{"start":{"line":94,"column":0},"end":{"line":94,"column":47}},"94":{"start":{"line":95,"column":0},"end":{"line":95,"column":33}},"95":{"start":{"line":96,"column":0},"end":{"line":96,"column":34}},"96":{"start":{"line":97,"column":0},"end":{"line":97,"column":4}},"97":{"start":{"line":98,"column":0},"end":{"line":98,"column":1}},"102":{"start":{"line":103,"column":0},"end":{"line":103,"column":55}},"103":{"start":{"line":104,"column":0},"end":{"line":104,"column":15}},"104":{"start":{"line":105,"column":0},"end":{"line":105,"column":18}},"105":{"start":{"line":106,"column":0},"end":{"line":106,"column":32}},"106":{"start":{"line":107,"column":0},"end":{"line":107,"column":17}},"107":{"start":{"line":108,"column":0},"end":{"line":108,"column":16}},"108":{"start":{"line":109,"column":0},"end":{"line":109,"column":15}},"109":{"start":{"line":110,"column":0},"end":{"line":110,"column":1}},"114":{"start":{"line":115,"column":0},"end":{"line":115,"column":30}},"115":{"start":{"line":116,"column":0},"end":{"line":116,"column":17}},"116":{"start":{"line":117,"column":0},"end":{"line":117,"column":23}},"117":{"start":{"line":118,"column":0},"end":{"line":118,"column":27}},"118":{"start":{"line":119,"column":0},"end":{"line":119,"column":19}},"119":{"start":{"line":120,"column":0},"end":{"line":120,"column":40}},"120":{"start":{"line":121,"column":0},"end":{"line":121,"column":52}},"121":{"start":{"line":122,"column":0},"end":{"line":122,"column":79}},"123":{"start":{"line":124,"column":0},"end":{"line":124,"column":34}},"124":{"start":{"line":125,"column":0},"end":{"line":125,"column":12}},"125":{"start":{"line":126,"column":0},"end":{"line":126,"column":34}},"131":{"start":{"line":132,"column":0},"end":{"line":132,"column":18}},"132":{"start":{"line":133,"column":0},"end":{"line":133,"column":6}},"133":{"start":{"line":134,"column":0},"end":{"line":134,"column":3}},"136":{"start":{"line":137,"column":0},"end":{"line":137,"column":21}},"137":{"start":{"line":138,"column":0},"end":{"line":138,"column":31}},"139":{"start":{"line":140,"column":0},"end":{"line":140,"column":41}},"140":{"start":{"line":141,"column":0},"end":{"line":141,"column":48}},"141":{"start":{"line":142,"column":0},"end":{"line":142,"column":25}},"143":{"start":{"line":144,"column":0},"end":{"line":144,"column":50}},"144":{"start":{"line":145,"column":0},"end":{"line":145,"column":48}},"145":{"start":{"line":146,"column":0},"end":{"line":146,"column":11}},"146":{"start":{"line":147,"column":0},"end":{"line":147,"column":46}},"147":{"start":{"line":148,"column":0},"end":{"line":148,"column":81}},"148":{"start":{"line":149,"column":0},"end":{"line":149,"column":19}},"150":{"start":{"line":151,"column":0},"end":{"line":151,"column":23}},"151":{"start":{"line":152,"column":0},"end":{"line":152,"column":48}},"152":{"start":{"line":153,"column":0},"end":{"line":153,"column":68}},"153":{"start":{"line":154,"column":0},"end":{"line":154,"column":52}},"154":{"start":{"line":155,"column":0},"end":{"line":155,"column":73}},"156":{"start":{"line":157,"column":0},"end":{"line":157,"column":49}},"157":{"start":{"line":158,"column":0},"end":{"line":158,"column":37}},"158":{"start":{"line":159,"column":0},"end":{"line":159,"column":93}},"159":{"start":{"line":160,"column":0},"end":{"line":160,"column":16}},"160":{"start":{"line":161,"column":0},"end":{"line":161,"column":64}},"161":{"start":{"line":162,"column":0},"end":{"line":162,"column":9}},"162":{"start":{"line":163,"column":0},"end":{"line":163,"column":29}},"163":{"start":{"line":164,"column":0},"end":{"line":164,"column":62}},"164":{"start":{"line":165,"column":0},"end":{"line":165,"column":7}},"165":{"start":{"line":166,"column":0},"end":{"line":166,"column":5}},"167":{"start":{"line":168,"column":0},"end":{"line":168,"column":35}},"168":{"start":{"line":169,"column":0},"end":{"line":169,"column":25}},"170":{"start":{"line":171,"column":0},"end":{"line":171,"column":31}},"171":{"start":{"line":172,"column":0},"end":{"line":172,"column":5}},"174":{"start":{"line":175,"column":0},"end":{"line":175,"column":36}},"175":{"start":{"line":176,"column":0},"end":{"line":176,"column":53}},"176":{"start":{"line":177,"column":0},"end":{"line":177,"column":54}},"177":{"start":{"line":178,"column":0},"end":{"line":178,"column":111}},"178":{"start":{"line":179,"column":0},"end":{"line":179,"column":19}},"179":{"start":{"line":180,"column":0},"end":{"line":180,"column":9}},"182":{"start":{"line":183,"column":0},"end":{"line":183,"column":49}},"183":{"start":{"line":184,"column":0},"end":{"line":184,"column":57}},"184":{"start":{"line":185,"column":0},"end":{"line":185,"column":54}},"185":{"start":{"line":186,"column":0},"end":{"line":186,"column":51}},"186":{"start":{"line":187,"column":0},"end":{"line":187,"column":17}},"187":{"start":{"line":188,"column":0},"end":{"line":188,"column":46}},"188":{"start":{"line":189,"column":0},"end":{"line":189,"column":81}},"189":{"start":{"line":190,"column":0},"end":{"line":190,"column":53}},"191":{"start":{"line":192,"column":0},"end":{"line":192,"column":37}},"195":{"start":{"line":196,"column":0},"end":{"line":196,"column":25}},"197":{"start":{"line":198,"column":0},"end":{"line":198,"column":16}},"199":{"start":{"line":200,"column":0},"end":{"line":200,"column":14}},"201":{"start":{"line":202,"column":0},"end":{"line":202,"column":63}},"202":{"start":{"line":203,"column":0},"end":{"line":203,"column":1}},"205":{"start":{"line":206,"column":0},"end":{"line":206,"column":41}},"210":{"start":{"line":211,"column":0},"end":{"line":211,"column":38}},"211":{"start":{"line":212,"column":0},"end":{"line":212,"column":20}},"212":{"start":{"line":213,"column":0},"end":{"line":213,"column":34}},"213":{"start":{"line":214,"column":0},"end":{"line":214,"column":3}},"214":{"start":{"line":215,"column":0},"end":{"line":215,"column":20}},"215":{"start":{"line":216,"column":0},"end":{"line":216,"column":1}},"220":{"start":{"line":221,"column":0},"end":{"line":221,"column":39}},"221":{"start":{"line":222,"column":0},"end":{"line":222,"column":24}},"222":{"start":{"line":223,"column":0},"end":{"line":223,"column":32}},"223":{"start":{"line":224,"column":0},"end":{"line":224,"column":31}},"225":{"start":{"line":226,"column":0},"end":{"line":226,"column":44}},"228":{"start":{"line":229,"column":0},"end":{"line":229,"column":23}},"229":{"start":{"line":230,"column":0},"end":{"line":230,"column":41}},"230":{"start":{"line":231,"column":0},"end":{"line":231,"column":82}},"231":{"start":{"line":232,"column":0},"end":{"line":232,"column":3}},"233":{"start":{"line":234,"column":0},"end":{"line":234,"column":49}},"236":{"start":{"line":237,"column":0},"end":{"line":237,"column":35}},"237":{"start":{"line":238,"column":0},"end":{"line":238,"column":12}},"238":{"start":{"line":239,"column":0},"end":{"line":239,"column":33}},"244":{"start":{"line":245,"column":0},"end":{"line":245,"column":119}},"245":{"start":{"line":246,"column":0},"end":{"line":246,"column":19}},"246":{"start":{"line":247,"column":0},"end":{"line":247,"column":27}},"247":{"start":{"line":248,"column":0},"end":{"line":248,"column":6}},"248":{"start":{"line":249,"column":0},"end":{"line":249,"column":3}},"251":{"start":{"line":252,"column":0},"end":{"line":252,"column":34}},"252":{"start":{"line":253,"column":0},"end":{"line":253,"column":72}},"254":{"start":{"line":255,"column":0},"end":{"line":255,"column":21}},"255":{"start":{"line":256,"column":0},"end":{"line":256,"column":9}},"256":{"start":{"line":257,"column":0},"end":{"line":257,"column":74}},"257":{"start":{"line":258,"column":0},"end":{"line":258,"column":21}},"259":{"start":{"line":260,"column":0},"end":{"line":260,"column":79}},"260":{"start":{"line":261,"column":0},"end":{"line":261,"column":5}},"261":{"start":{"line":262,"column":0},"end":{"line":262,"column":3}},"264":{"start":{"line":265,"column":0},"end":{"line":265,"column":98}},"265":{"start":{"line":266,"column":0},"end":{"line":266,"column":1}},"270":{"start":{"line":271,"column":0},"end":{"line":271,"column":38}},"271":{"start":{"line":272,"column":0},"end":{"line":272,"column":17}},"272":{"start":{"line":273,"column":0},"end":{"line":273,"column":31}},"273":{"start":{"line":274,"column":0},"end":{"line":274,"column":19}},"274":{"start":{"line":275,"column":0},"end":{"line":275,"column":22}},"276":{"start":{"line":277,"column":0},"end":{"line":277,"column":40}},"279":{"start":{"line":280,"column":0},"end":{"line":280,"column":51}},"280":{"start":{"line":281,"column":0},"end":{"line":281,"column":11}},"281":{"start":{"line":282,"column":0},"end":{"line":282,"column":18}},"282":{"start":{"line":283,"column":0},"end":{"line":283,"column":12}},"283":{"start":{"line":284,"column":0},"end":{"line":284,"column":12}},"284":{"start":{"line":285,"column":0},"end":{"line":285,"column":4}},"287":{"start":{"line":288,"column":0},"end":{"line":288,"column":48}},"288":{"start":{"line":289,"co
[...]
h","line":103,"loc":{"start":{"line":103,"column":0},"end":{"line":110,"column":1}},"locations":[{"start":{"line":103,"column":0},"end":{"line":110,"column":1}}]},"28":{"type":"branch","line":115,"loc":{"start":{"line":115,"column":0},"end":{"line":203,"column":1}},"locations":[{"start":{"line":115,"column":0},"end":{"line":203,"column":1}}]},"29":{"type":"branch","line":122,"loc":{"start":{"line":122,"column":23},"end":{"line":122,"column":61}},"locations":[{"start":{"line":122,"column":23},"end":{"line":122,"column":61}}]},"30":{"type":"branch","line":122,"loc":{"start":{"line":122,"column":57},"end":{"line":122,"column":79}},"locations":[{"start":{"line":122,"column":57},"end":{"line":122,"column":79}}]},"31":{"type":"branch","line":124,"loc":{"start":{"line":124,"column":33},"end":{"line":134,"column":3}},"locations":[{"start":{"line":124,"column":33},"end":{"line":134,"column":3}}]},"32":{"type":"branch","line":179,"loc":{"start":{"line":179,"column":18},"end":{"line":180,"column":9}},"locations":[{"start":{"line":179,"column":18},"end":{"line":180,"column":9}}]},"33":{"type":"branch","line":186,"loc":{"start":{"line":186,"column":50},"end":{"line":187,"column":17}},"locations":[{"start":{"line":186,"column":50},"end":{"line":187,"column":17}}]},"34":{"type":"branch","line":189,"loc":{"start":{"line":189,"column":75},"end":{"line":190,"column":53}},"locations":[{"start":{"line":189,"column":75},"end":{"line":190,"column":53}}]},"35":{"type":"branch","line":196,"loc":{"start":{"line":196,"column":2},"end":{"line":196,"column":24}},"locations":[{"start":{"line":196,"column":2},"end":{"line":196,"column":24}}]},"36":{"type":"branch","line":140,"loc":{"start":{"line":140,"column":23},"end":{"line":172,"column":3}},"locations":[{"start":{"line":140,"column":23},"end":{"line":172,"column":3}}]},"37":{"type":"branch","line":145,"loc":{"start":{"line":145,"column":47},"end":{"line":146,"column":11}},"locations":[{"start":{"line":145,"column":47},"end":{"line":146,"column":11}}]},"38":{"type":"branch","line":148,"loc":{"start":{"line":148,"column":80},"end":{"line":149,"column":19}},"locations":[{"start":{"line":148,"column":80},"end":{"line":149,"column":19}}]},"39":{"type":"branch","line":152,"loc":{"start":{"line":152,"column":20},"end":{"line":152,"column":47}},"locations":[{"start":{"line":152,"column":20},"end":{"line":152,"column":47}}]},"40":{"type":"branch","line":152,"loc":{"start":{"line":152,"column":47},"end":{"line":154,"column":15}},"locations":[{"start":{"line":152,"column":47},"end":{"line":154,"column":15}}]},"41":{"type":"branch","line":154,"loc":{"start":{"line":154,"column":4},"end":{"line":166,"column":5}},"locations":[{"start":{"line":154,"column":4},"end":{"line":166,"column":5}}]},"42":{"type":"branch","line":154,"loc":{"start":{"line":154,"column":27},"end":{"line":154,"column":51}},"locations":[{"start":{"line":154,"column":27},"end":{"line":154,"column":51}}]},"43":{"type":"branch","line":154,"loc":{"start":{"line":154,"column":51},"end":{"line":166,"column":5}},"locations":[{"start":{"line":154,"column":51},"end":{"line":166,"column":5}}]},"44":{"type":"branch","line":148,"loc":{"start":{"line":148,"column":23},"end":{"line":148,"column":69}},"locations":[{"start":{"line":148,"column":23},"end":{"line":148,"column":69}}]},"45":{"type":"branch","line":178,"loc":{"start":{"line":178,"column":13},"end":{"line":178,"column":110}},"locations":[{"start":{"line":178,"column":13},"end":{"line":178,"column":110}}]},"46":{"type":"branch","line":178,"loc":{"start":{"line":178,"column":92},"end":{"line":178,"column":108}},"locations":[{"start":{"line":178,"column":92},"end":{"line":178,"column":108}}]},"47":{"type":"branch","line":211,"loc":{"start":{"line":211,"column":0},"end":{"line":216,"column":1}},"locations":[{"start":{"line":211,"column":0},"end":{"line":216,"column":1}}]},"48":{"type":"branch","line":212,"loc":{"start":{"line":212,"column":19},"end":{"line":214,"column":3}},"locations":[{"start":{"line":212,"column":19},"end":{"line":214,"column":3}}]},"49":{"type":"branch","line":221,"loc":{"start":{"line":221,"column":0},"end":{"line":266,"column":1}},"locations":[{"start":{"line":221,"column":0},"end":{"line":266,"column":1}}]},"50":{"type":"branch","line":226,"loc":{"start":{"line":226,"column":42},"end":{"line":230,"column":26}},"locations":[{"start":{"line":226,"column":42},"end":{"line":230,"column":26}}]},"51":{"type":"branch","line":230,"loc":{"start":{"line":230,"column":13},"end":{"line":230,"column":40}},"locations":[{"start":{"line":230,"column":13},"end":{"line":230,"column":40}}]},"52":{"type":"branch","line":230,"loc":{"start":{"line":230,"column":40},"end":{"line":232,"column":3}},"locations":[{"start":{"line":230,"column":40},"end":{"line":232,"column":3}}]},"53":{"type":"branch","line":232,"loc":{"start":{"line":232,"column":2},"end":{"line":237,"column":34}},"locations":[{"start":{"line":232,"column":2},"end":{"line":237,"column":34}}]},"54":{"type":"branch","line":237,"loc":{"start":{"line":237,"column":34},"end":{"line":249,"column":3}},"locations":[{"start":{"line":237,"column":34},"end":{"line":249,"column":3}}]},"55":{"type":"branch","line":249,"loc":{"start":{"line":249,"column":2},"end":{"line":253,"column":50}},"locations":[{"start":{"line":249,"column":2},"end":{"line":253,"column":50}}]},"56":{"type":"branch","line":253,"loc":{"start":{"line":253,"column":41},"end":{"line":253,"column":72}},"locations":[{"start":{"line":253,"column":41},"end":{"line":253,"column":72}}]},"57":{"type":"branch","line":255,"loc":{"start":{"line":255,"column":20},"end":{"line":262,"column":3}},"locations":[{"start":{"line":255,"column":20},"end":{"line":262,"column":3}}]},"58":{"type":"branch","line":258,"loc":{"start":{"line":258,"column":4},"end":{"line":261,"column":5}},"locations":[{"start":{"line":258,"column":4},"end":{"line":261,"column":5}}]},"59":{"type":"branch","line":262,"loc":{"start":{"line":262,"column":2},"end":{"line":265,"column":88}},"locations":[{"start":{"line":262,"column":2},"end":{"line":265,"column":88}}]},"60":{"type":"branch","line":265,"loc":{"start":{"line":265,"column":75},"end":{"line":265,"column":96}},"locations":[{"start":{"line":265,"column":75},"end":{"line":265,"column":96}}]},"61":{"type":"branch","line":231,"loc":{"start":{"line":231,"column":25},"end":{"line":231,"column":80}},"locations":[{"start":{"line":231,"column":25},"end":{"line":231,"column":80}}]},"62":{"type":"branch","line":271,"loc":{"start":{"line":271,"column":0},"end":{"line":305,"column":1}},"locations":[{"start":{"line":271,"column":0},"end":{"line":305,"column":1}}]},"63":{"type":"branch","line":290,"loc":{"start":{"line":290,"column":16},"end":{"line":291,"column":74}},"locations":[{"start":{"line":290,"column":16},"end":{"line":291,"column":74}}]},"64":{"type":"branch","line":291,"loc":{"start":{"line":291,"column":8},"end":{"line":296,"column":52}},"locations":[{"start":{"line":291,"column":8},"end":{"line":296,"column":52}}]},"65":{"type":"branch","line":293,"loc":{"start":{"line":293,"column":8},"end":{"line":296,"column":52}},"locations":[{"start":{"line":293,"column":8},"end":{"line":296,"column":52}}]}},"b":{"0":[16],"1":[14],"2":[14],"3":[14],"4":[1],"5":[3],"6":[13],"7":[1],"8":[12],"9":[0],"10":[12],"11":[12],"12":[1],"13":[12],"14":[0],"15":[12],"16":[3],"17":[1],"18":[2],"19":[1],"20":[4],"21":[2],"22":[0],"23":[0],"24":[37],"25":[0],"26":[0],"27":[12],"28":[12],"29":[1],"30":[11],"31":[0],"32":[0],"33":[0],"34":[0],"35":[0],"36":[33],"37":[0],"38":[0],"39":[27],"40":[17],"41":[16],"42":[0],"43":[0],"44":[44],"45":[12],"46":[0],"47":[13],"48":[3],"49":[15],"50":[14],"51":[2],"52":[1],"53":[14],"54":[1],"55":[13],"56":[12],"57":[2],"58":[1],"59":[12],"60":[2],"61":[3],"62":[12],"63":[10],"64":[2],"65":[0]},"fnMap":{"0":{"name":"detectPattern","decl":{"start":{"line":16,"column":7},"end":{"line":49,"column":1}},"loc":{"start":{"line":16,"column":7},"end":{"line":49,"column":1}},"line":16},"1":{"name":"parseGeneratedYaml","decl":{"start":{"line":54,"column":7},"end":{"line":85,"column":1}},"loc":{"start":{"line":54,"column":7},"end":{"line":85,"column":1}},"line":54},"2":{"name":"toTaskSummary","decl":{"start":{"line":90,"column":0},"end":{"line":98,"column":1}},"loc":{"start":{"line":90,"column":0},"end":{"line":98,"column":1}},"line":90},"3":{"name":"generateWorkflowName","decl":{"start":{"line":103,"column":0},"end":{"line":110,"column":1}},"loc":{"start":{"line":103,"column":0},"end":{"line":110,"column":1}},"line":103},"4":{"name":"generateWorkflowYaml","decl":{"start":{"line":115,"column":0},"end":{"line":203,"column":1}},"loc":{"start":{"line":115,"column":0},"end":{"line":203,"column":1}},"line":115},"5":{"name":"getLlmService","decl":{"start":{"line":211,"column":0},"end":{"line":216,"column":1}},"loc":{"start":{"line":211,"column":0},"end":{"line":216,"column":1}},"line":211},"6":{"name":"generateWorkflow","decl":{"start":{"line":221,"column":0},"end":{"line":266,"column":1}},"loc":{"start":{"line":221,"column":0},"end":{"line":266,"column":1}},"line":221},"7":{"name":"generateWorkflowFromTemplate","decl":{"start":{"line":271,"column":0},"end":{"line":305,"column":1}},"loc":{"start":{"line":271,"column":0},"end":{"line":305,"column":1}},"line":271}},"f":{"0":16,"1":3,"2":37,"3":12,"4":12,"5":13,"6":15,"7":12}}
,"/Users/darren/dev/workflow/packages/workflow-mcp-server/src/tools/list-tasks.ts": {"path":"/Users/darren/dev/workflow/packages/workflow-mcp-server/src/tools/list-tasks.ts","all":false,"statementMap":{"10":{"start":{"line":11,"column":0},"end":{"line":11,"column":57}},"11":{"start":{"line":12,"column":0},"end":{"line":12,"column":10}},"12":{"start":{"line":13,"column":0},"end":{"line":13,"column":20}},"13":{"start":{"line":14,"column":0},"end":{"line":14,"column":40}},"14":{"start":{"line":15,"column":0},"end":{"line":15,"column":47}},"15":{"start":{"line":16,"column":0},"end":{"line":16,"column":33}},"16":{"start":{"line":17,"column":0},"end":{"line":17,"column":34}},"17":{"start":{"line":18,"column":0},"end":{"line":18,"column":4}},"18":{"start":{"line":19,"column":0},"end":{"line":19,"column":1}},"23":{"start":{"line":24,"column":0},"end":{"line":24,"column":69}},"24":{"start":{"line":25,"column":0},"end":{"line":25,"column":43}},"25":{"start":{"line":26,"column":0},"end":{"line":26,"column":39}},"26":{"start":{"line":27,"column":0},"end":{"line":27,"column":61}},"28":{"start":{"line":29,"column":0},"end":{"line":29,"column":73}},"29":{"start":{"line":30,"column":0},"end":{"line":30,"column":1}},"34":{"start":{"line":35,"column":0},"end":{"line":35,"column":32}},"35":{"start":{"line":36,"column":0},"end":{"line":36,"column":24}},"36":{"start":{"line":37,"column":0},"end":{"line":37,"column":25}},"37":{"start":{"line":38,"column":0},"end":{"line":38,"column":29}},"38":{"start":{"line":39,"column":0},"end":{"line":39,"column":41}},"40":{"start":{"line":41,"column":0},"end":{"line":41,"column":23}},"43":{"start":{"line":44,"column":0},"end":{"line":44,"column":24}},"44":{"start":{"line":45,"column":0},"end":{"line":45,"column":68}},"45":{"start":{"line":46,"column":0},"end":{"line":46,"column":3}},"48":{"start":{"line":49,"column":0},"end":{"line":49,"column":22}},"49":{"start":{"line":50,"column":0},"end":{"line":50,"column":70}},"50":{"start":{"line":51,"column":0},"end":{"line":51,"column":3}},"52":{"start":{"line":53,"column":0},"end":{"line":53,"column":10}},"53":{"start":{"line":54,"column":0},"end":{"line":54,"column":38}},"54":{"start":{"line":55,"column":0},"end":{"line":55,"column":4}},"55":{"start":{"line":56,"column":0},"end":{"line":56,"column":1}}},"s":{"10":13,"11":13,"12":13,"13":13,"14":13,"15":13,"16":13,"17":13,"18":13,"23":14,"24":14,"25":14,"26":14,"28":14,"29":14,"34":10,"35":10,"36":10,"37":10,"38":10,"40":9,"43":10,"44":2,"45":2,"48":10,"49":5,"50":5,"52":9,"53":9,"54":9,"55":9},"branchMap":{"0":{"type":"branch","line":11,"loc":{"start":{"line":11,"column":0},"end":{"line":19,"column":1}},"locations":[{"start":{"line":11,"column":0},"end":{"line":19,"column":1}}]},"1":{"type":"branch","line":14,"loc":{"start":{"line":14,"column":22},"end":{"line":14,"column":40}},"locations":[{"start":{"line":14,"column":22},"end":{"line":14,"column":40}}]},"2":{"type":"branch","line":15,"loc":{"start":{"line":15,"column":19},"end":{"line":15,"column":47}},"locations":[{"start":{"line":15,"column":19},"end":{"line":15,"column":47}}]},"3":{"type":"branch","line":24,"loc":{"start":{"line":24,"column":0},"end":{"line":30,"column":1}},"locations":[{"start":{"line":24,"column":0},"end":{"line":30,"column":1}}]},"4":{"type":"branch","line":27,"loc":{"start":{"line":27,"column":28},"end":{"line":27,"column":47}},"locations":[{"start":{"line":27,"column":28},"end":{"line":27,"column":47}}]},"5":{"type":"branch","line":29,"loc":{"start":{"line":29,"column":34},"end":{"line":29,"column":73}},"locations":[{"start":{"line":29,"column":34},"end":{"line":29,"column":73}}]},"6":{"type":"branch","line":35,"loc":{"start":{"line":35,"column":0},"end":{"line":56,"column":1}},"locations":[{"start":{"line":35,"column":0},"end":{"line":56,"column":1}}]},"7":{"type":"branch","line":39,"loc":{"start":{"line":39,"column":39},"end":{"line":44,"column":23}},"locations":[{"start":{"line":39,"column":39},"end":{"line":44,"column":23}}]},"8":{"type":"branch","line":44,"loc":{"start":{"line":44,"column":23},"end":{"line":46,"column":3}},"locations":[{"start":{"line":44,"column":23},"end":{"line":46,"column":3}}]},"9":{"type":"branch","line":46,"loc":{"start":{"line":46,"column":2},"end":{"line":49,"column":21}},"locations":[{"start":{"line":46,"column":2},"end":{"line":49,"column":21}}]},"10":{"type":"branch","line":49,"loc":{"start":{"line":49,"column":21},"end":{"line":51,"column":3}},"locations":[{"start":{"line":49,"column":21},"end":{"line":51,"column":3}}]},"11":{"type":"branch","line":51,"loc":{"start":{"line":51,"column":2},"end":{"line":56,"column":1}},"locations":[{"start":{"line":51,"column":2},"end":{"line":56,"column":1}}]},"12":{"type":"branch","line":45,"loc":{"start":{"line":45,"column":31},"end":{"line":45,"column":66}},"locations":[{"start":{"line":45,"column":31},"end":{"line":45,"column":66}}]},"13":{"type":"branch","line":50,"loc":{"start":{"line":50,"column":31},"end":{"line":50,"column":68}},"locations":[{"start":{"line":50,"column":31},"end":{"line":50,"column":68}}]}},"b":{"0":[13],"1":[1],"2":[1],"3":[14],"4":[0],"5":[11],"6":[10],"7":[9],"8":[2],"9":[9],"10":[5],"11":[9],"12":[6],"13":[14]},"fnMap":{"0":{"name":"toTaskSummary","decl":{"start":{"line":11,"column":0},"end":{"line":19,"column":1}},"loc":{"start":{"line":11,"column":0},"end":{"line":19,"column":1}},"line":11},"1":{"name":"matchesSearch","decl":{"start":{"line":24,"column":0},"end":{"line":30,"column":1}},"loc":{"start":{"line":24,"column":0},"end":{"line":30,"column":1}},"line":24},"2":{"name":"listTasks","decl":{"start":{"line":35,"column":0},"end":{"line":56,"column":1}},"loc":{"start":{"line":35,"column":0},"end":{"line":56,"column":1}},"line":35}},"f":{"0":13,"1":14,"2":10}}
,"/Users/darren/dev/workflow/packages/workflow-mcp-server/src/tools/validate-workflow.ts": {"path":"/Users/darren/dev/workflow/packages/workflow-mcp-server/src/tools/validate-workflow.ts","all":false,"statementMap":{"0":{"start":{"line":1,"column":0},"end":{"line":1,"column":67}},"12":{"start":{"line":13,"column":0},"end":{"line":13,"column":39}},"13":{"start":{"line":14,"column":0},"end":{"line":14,"column":24}},"14":{"start":{"line":15,"column":0},"end":{"line":15,"column":32}},"15":{"start":{"line":16,"column":0},"end":{"line":16,"column":30}},"17":{"start":{"line":18,"column":0},"end":{"line":18,"column":36}},"18":{"start":{"line":19,"column":0},"end":{"line":19,"column":38}},"19":{"start":{"line":20,"column":0},"end":{"line":20,"column":9}},"20":{"start":{"line":21,"column":0},"end":{"line":21,"column":45}},"21":{"start":{"line":22,"column":0},"end":{"line":22,"column":46}},"22":{"start":{"line":23,"column":0},"end":{"line":23,"column":13}},"24":{"start":{"line":25,"column":0},"end":{"line":25,"column":5}},"25":{"start":{"line":26,"column":0},"end":{"line":26,"column":3}},"28":{"start":{"line":29,"column":0},"end":{"line":29,"column":60}},"31":{"start":{"line":32,"column":0},"end":{"line":32,"column":64}},"32":{"start":{"line":33,"column":0},"end":{"line":33,"column":39}},"33":{"start":{"line":34,"column":0},"end":{"line":34,"column":29}},"34":{"start":{"line":35,"column":0},"end":{"line":35,"column":30}},"35":{"start":{"line":36,"column":0},"end":{"line":36,"column":6}},"37":{"start":{"line":38,"column":0},"end":{"line":38,"column":40}},"38":{"start":{"line":39,"column":0},"end":{"line":39,"column":75}},"39":{"start":{"line":40,"column":0},"end":{"line":40,"column":23}},"40":{"start":{"line":41,"column":0},"end":{"line":41,"column":41}},"41":{"start":{"line":42,"column":0},"end":{"line":42,"column":7}},"42":{"start":{"line":43,"column":0},"end":{"line":43,"column":5}},"44":{"start":{"line":45,"column":0},"end":{"line":45,"column":20}},"45":{"start":{"line":46,"column":0},"end":{"line":46,"column":5}},"48":{"start":{"line":49,"column":0},"end":{"line":49,"column":81}},"49":{"start":{"line":50,"column":0},"end":{"line":50,"column":29}},"50":{"start":{"line":51,"column":0},"end":{"line":51,"column":34}},"51":{"start":{"line":52,"column":0},"end":{"line":52,"column":6}},"53":{"start":{"line":54,"column":0},"end":{"line":54,"column":10}},"54":{"start":{"line":55,"column":0},"end":{"line":55,"column":24}},"55":{"start":{"line":56,"column":0},"end":{"line":56,"column":11}},"56":{"start":{"line":57,"column":0},"end":{"line":57,"column":12}},"57":{"start":{"line":58,"column":0},"end":{"line":58,"column":4}},"58":{"start":{"line":59,"column":0},"end":{"line":59,"column":1}}},"s":{"0":1,"12":10,"13":10,"14":10,"15":10,"17":10,"18":10,"19":9,"20":9,"21":9,"22":9,"24":0,"25":9,"28":10,"31":9,"32":7,"33":7,"34":7,"35":7,"37":7,"38":6,"39":6,"40":6,"41":6,"42":6,"44":7,"45":9,"48":10,"49":1,"50":1,"51":10,"53":10,"54":10,"55":10,"56":10,"57":10,"58":10},"branchMap":{"0":{"type":"branch","line":13,"loc":{"start":{"line":13,"column":0},"end":{"line":59,"column":1}},"locations":[{"start":{"line":13,"column":0},"end":{"line":59,"column":1}}]},"1":{"type":"branch","line":19,"loc":{"start":{"line":19,"column":37},"end":{"line":26,"column":3}},"locations":[{"start":{"line":19,"column":37},"end":{"line":26,"column":3}}]},"2":{"type":"branch","line":23,"loc":{"start":{"line":23,"column":4},"end":{"line":25,"column":5}},"locations":[{"start":{"line":23,"column":4},"end":{"line":25,"column":5}}]},"3":{"type":"branch","line":29,"loc":{"start":{"line":29,"column":58},"end":{"line":49,"column":60}},"locations":[{"start":{"line":29,"column":58},"end":{"line":49,"column":60}}]},"4":{"type":"branch","line":49,"loc":{"start":{"line":49,"column":48},"end":{"line":49,"column":64}},"locations":[{"start":{"line":49,"column":48},"end":{"line":49,"column":64}}]},"5":{"type":"branch","line":22,"loc":{"start":{"line":22,"column":33},"end":{"line":22,"column":44}},"locations":[{"start":{"line":22,"column":33},"end":{"line":22,"column":44}}]},"6":{"type":"branch","line":32,"loc":{"start":{"line":32,"column":54},"end":{"line":46,"column":3}},"locations":[{"start":{"line":32,"column":54},"end":{"line":46,"column":3}}]},"7":{"type":"branch","line":38,"loc":{"start":{"line":38,"column":39},"end":{"line":43,"column":5}},"locations":[{"start":{"line":38,"column":39},"end":{"line":43,"column":5}}]},"8":{"type":"branch","line":49,"loc":{"start":{"line":49,"column":68},"end":{"line":52,"column":4}},"locations":[{"start":{"line":49,"column":68},"end":{"line":52,"column":4}}]}},"b":{"0":[10],"1":[9],"2":[0],"3":[9],"4":[0],"5":[9],"6":[7],"7":[6],"8":[1]},"fnMap":{"0":{"name":"validateWorkflow","decl":{"start":{"line":13,"column":0},"end":{"line":59,"column":1}},"loc":{"start":{"line":13,"column":0},"end":{"line":59,"column":1}},"line":13}},"f":{"0":10}}
}
