TN:
SF:src/config/index.ts
FN:22,loadConfig
FN:34,isLlmAvailable
FNF:2
FNH:1
FNDA:13,loadConfig
FNDA:0,isLlmAvailable
DA:22,1
DA:23,13
DA:24,13
DA:25,13
DA:26,13
DA:27,13
DA:28,13
DA:29,13
DA:34,1
DA:35,0
DA:36,0
LF:11
LH:9
BRDA:22,0,0,13
BRDA:25,1,0,12
BRDA:26,2,0,12
BRF:3
BRH:3
end_of_record
TN:
SF:src/prompts/error-fixing.ts
FN:18,unknown_task_ref
FN:22,invalid_template
FN:27,circular_dependency
FN:32,schema_mismatch
FN:36,missing_dependency
FN:40,duplicate_task_id
FN:44,invalid_yaml
FN:48,missing_required_field
FN:56,detectErrorType
FN:90,generateSuggestion
FNF:10
FNH:10
FNDA:5,unknown_task_ref
FNDA:4,invalid_template
FNDA:3,circular_dependency
FNDA:1,schema_mismatch
FNDA:1,missing_dependency
FNDA:1,duplicate_task_id
FNDA:3,invalid_yaml
FNDA:1,missing_required_field
FNDA:27,detectErrorType
FNDA:13,generateSuggestion
DA:17,1
DA:18,1
DA:19,5
DA:22,1
DA:23,4
DA:27,1
DA:28,3
DA:32,1
DA:33,1
DA:36,1
DA:37,1
DA:38,1
DA:40,1
DA:41,1
DA:44,1
DA:45,3
DA:48,1
DA:49,1
DA:51,1
DA:56,1
DA:57,27
DA:59,27
DA:60,6
DA:61,6
DA:62,27
DA:63,5
DA:64,5
DA:65,27
DA:66,4
DA:67,4
DA:68,27
DA:69,2
DA:70,2
DA:71,27
DA:72,2
DA:73,2
DA:74,27
DA:75,1
DA:76,1
DA:77,27
DA:78,3
DA:79,3
DA:80,27
DA:81,2
DA:82,2
DA:84,2
DA:85,2
DA:90,1
DA:91,13
DA:92,13
DA:93,13
DA:94,13
DA:96,13
DA:97,1
DA:98,1
DA:100,12
DA:101,13
DA:102,4
DA:103,4
DA:104,4
DA:105,4
DA:106,4
DA:107,13
DA:108,3
DA:109,3
DA:110,3
DA:111,3
DA:112,13
DA:113,2
DA:114,2
DA:115,2
DA:116,2
DA:117,13
DA:118,2
DA:119,2
DA:120,13
DA:121,1
DA:122,13
DA:123,13
LF:79
LH:79
BRDA:18,0,0,5
BRDA:22,1,0,4
BRDA:27,2,0,3
BRDA:32,3,0,1
BRDA:36,4,0,1
BRDA:40,5,0,1
BRDA:44,6,0,3
BRDA:48,7,0,1
BRDA:56,8,0,27
BRDA:59,9,0,22
BRDA:59,10,0,6
BRDA:61,11,0,21
BRDA:62,12,0,16
BRDA:62,13,0,5
BRDA:64,14,0,16
BRDA:65,15,0,13
BRDA:65,16,0,4
BRDA:67,17,0,12
BRDA:68,18,0,3
BRDA:68,19,0,2
BRDA:68,20,0,2
BRDA:70,21,0,23
BRDA:70,22,0,10
BRDA:71,23,0,9
BRDA:71,24,0,2
BRDA:73,25,0,8
BRDA:74,26,0,1
BRDA:74,27,0,1
BRDA:76,28,0,7
BRDA:77,29,0,4
BRDA:77,30,0,22
BRDA:77,31,0,3
BRDA:79,32,0,4
BRDA:80,33,0,2
BRDA:80,34,0,2
BRDA:90,35,0,13
BRDA:96,36,0,1
BRDA:98,37,0,12
BRDA:101,38,0,4
BRDA:103,39,0,3
BRDA:103,40,0,1
BRDA:104,41,0,3
BRDA:104,42,0,1
BRDA:107,43,0,3
BRDA:109,44,0,1
BRDA:109,45,0,2
BRDA:112,46,0,2
BRDA:114,47,0,1
BRDA:114,48,0,1
BRDA:117,49,0,2
BRDA:120,50,0,1
BRF:51
BRH:51
end_of_record
TN:
SF:src/prompts/few-shot-examples.ts
FN:167,selectRelevantExample
FN:207,formatExample
FNF:2
FNH:2
FNDA:26,selectRelevantExample
FNDA:9,formatExample
DA:13,1
DA:14,1
DA:15,1
DA:16,1
DA:38,1
DA:39,1
DA:40,1
DA:42,1
DA:43,1
DA:44,1
DA:67,1
DA:68,1
DA:69,1
DA:71,1
DA:72,1
DA:73,1
DA:113,1
DA:114,1
DA:115,1
DA:117,1
DA:118,1
DA:119,1
DA:159,1
DA:160,1
DA:161,1
DA:162,1
DA:167,1
DA:168,26
DA:171,26
DA:172,26
DA:173,24
DA:174,23
DA:175,22
DA:176,22
DA:177,26
DA:178,7
DA:179,7
DA:182,19
DA:183,26
DA:184,18
DA:185,17
DA:186,17
DA:187,26
DA:188,2
DA:189,2
DA:192,17
DA:193,17
DA:194,16
DA:195,16
DA:196,26
DA:197,1
DA:198,1
DA:201,16
DA:202,16
DA:207,1
DA:208,9
DA:212,9
DA:215,9
DA:216,9
DA:217,9
LF:60
LH:60
BRDA:167,0,0,26
BRDA:172,1,0,24
BRDA:173,2,0,23
BRDA:174,3,0,22
BRDA:175,4,0,22
BRDA:176,5,0,3
BRDA:177,6,0,23
BRDA:177,7,0,7
BRDA:179,8,0,19
BRDA:183,9,0,1
BRDA:183,10,0,18
BRDA:184,11,0,1
BRDA:184,12,0,17
BRDA:185,13,0,17
BRDA:187,14,0,22
BRDA:187,15,0,2
BRDA:189,16,0,17
BRDA:193,17,0,16
BRDA:194,18,0,16
BRDA:196,19,0,21
BRDA:196,20,0,1
BRDA:198,21,0,16
BRDA:207,22,0,9
BRF:23
BRH:23
end_of_record
TN:
SF:src/prompts/system-prompt.ts
FN:6,formatTaskList
FN:28,buildSystemPrompt
FNF:2
FNH:2
FNDA:15,formatTaskList
FNDA:11,buildSystemPrompt
DA:6,1
DA:7,15
DA:8,3
DA:9,3
DA:11,12
DA:12,23
DA:13,21
DA:14,2
DA:15,23
DA:16,21
DA:17,2
DA:19,23
DA:20,23
DA:21,23
DA:22,12
DA:23,12
DA:28,1
DA:29,11
DA:31,11
DA:53,11
DA:71,11
LF:21
LH:21
BRDA:6,0,0,15
BRDA:7,1,0,3
BRDA:9,2,0,12
BRDA:11,3,0,23
BRDA:12,4,0,21
BRDA:13,5,0,2
BRDA:15,6,0,21
BRDA:16,7,0,2
BRDA:28,8,0,11
BRF:9
BRH:9
end_of_record
TN:
SF:src/services/gateway-client.ts
FN:11,<instance_members_initializer>
FN:14,GatewayClient
FN:21,listTasks
FN:34,getTask
FN:47,validateWorkflow
FN:74,dryRunWorkflow
FN:101,executeWorkflow
FNF:7
FNH:7
FNDA:21,<instance_members_initializer>
FNDA:21,GatewayClient
FNDA:3,listTasks
FNDA:2,getTask
FNDA:3,validateWorkflow
FNDA:3,dryRunWorkflow
FNDA:4,executeWorkflow
DA:11,1
DA:12,21
DA:14,21
DA:15,21
DA:16,21
DA:21,21
DA:22,3
DA:24,3
DA:25,1
DA:26,1
DA:28,1
DA:29,3
DA:34,21
DA:35,2
DA:37,2
DA:38,1
DA:39,1
DA:41,1
DA:42,2
DA:47,21
DA:48,3
DA:49,3
DA:50,3
DA:51,3
DA:52,3
DA:54,3
DA:55,1
DA:56,1
DA:58,2
DA:64,2
DA:65,3
DA:66,3
DA:67,3
DA:68,3
DA:69,3
DA:74,21
DA:75,3
DA:76,3
DA:77,3
DA:78,3
DA:79,3
DA:81,3
DA:82,1
DA:83,1
DA:85,2
DA:91,2
DA:92,3
DA:93,3
DA:94,3
DA:95,3
DA:96,3
DA:101,21
DA:102,4
DA:103,4
DA:104,4
DA:105,4
DA:106,4
DA:108,4
DA:109,2
DA:110,1
DA:111,1
DA:112,1
DA:113,1
DA:115,2
DA:117,2
DA:118,2
DA:119,2
DA:120,4
DA:121,4
DA:122,4
DA:123,4
DA:124,4
DA:125,21
LF:73
LH:73
BRDA:11,0,0,21
BRDA:14,1,0,21
BRDA:15,2,0,2
BRDA:15,3,0,1
BRDA:21,4,0,3
BRDA:22,5,0,2
BRDA:24,6,0,1
BRDA:34,7,0,2
BRDA:37,8,0,1
BRDA:47,9,0,3
BRDA:54,10,0,1
BRDA:56,11,0,2
BRDA:65,12,0,0
BRDA:66,13,0,0
BRDA:67,14,0,2
BRDA:74,15,0,3
BRDA:81,16,0,1
BRDA:83,17,0,2
BRDA:92,18,0,0
BRDA:93,19,0,0
BRDA:94,20,0,0
BRDA:101,21,0,4
BRDA:108,22,0,2
BRDA:109,23,0,1
BRDA:120,24,0,0
BRDA:121,25,0,0
BRDA:122,26,0,0
BRF:27
BRH:19
end_of_record
TN:
SF:src/services/llm-service.ts
FN:10,<instance_members_initializer>
FN:15,LlmService
FN:28,isAvailable
FN:35,generateWorkflow
FN:90,parseResponse
FN:130,detectPattern
FNF:6
FNH:6
FNDA:13,<instance_members_initializer>
FNDA:13,LlmService
FNDA:14,isAvailable
FNDA:9,generateWorkflow
FNDA:6,parseResponse
FNDA:5,detectPattern
DA:1,1
DA:10,1
DA:11,13
DA:12,13
DA:13,13
DA:15,13
DA:16,13
DA:17,13
DA:18,13
DA:20,13
DA:21,10
DA:22,10
DA:23,13
DA:28,13
DA:29,14
DA:30,14
DA:35,13
DA:36,9
DA:37,9
DA:38,9
DA:39,9
DA:40,1
DA:41,1
DA:44,8
DA:47,8
DA:48,8
DA:51,8
DA:52,8
DA:53,8
DA:54,8
DA:56,8
DA:59,8
DA:66,8
DA:67,8
DA:70,8
DA:71,8
DA:72,8
DA:73,8
DA:74,8
DA:75,8
DA:78,6
DA:79,6
DA:80,6
DA:81,6
DA:84,6
DA:85,9
DA:90,13
DA:92,6
DA:93,6
DA:94,1
DA:95,1
DA:96,5
DA:99,5
DA:102,6
DA:105,6
DA:106,6
DA:107,6
DA:109,6
DA:110,3
DA:111,3
DA:112,0
DA:113,0
DA:115,6
DA:116,2
DA:117,2
DA:119,5
DA:120,5
DA:121,5
DA:122,5
DA:123,5
DA:124,5
DA:125,6
DA:130,13
DA:131,5
DA:132,5
DA:134,5
DA:135,5
DA:138,5
DA:139,1
DA:140,1
DA:143,4
DA:144,5
DA:145,1
DA:146,1
DA:149,3
DA:150,3
DA:151,3
DA:154,0
DA:155,0
DA:156,0
DA:158,0
DA:159,5
DA:160,13
LF:93
LH:87
BRDA:10,0,0,13
BRDA:15,1,0,13
BRDA:20,2,0,10
BRDA:28,3,0,14
BRDA:35,4,0,9
BRDA:39,5,0,1
BRDA:41,6,0,8
BRDA:75,7,0,6
BRDA:79,8,0,6
BRDA:80,9,0,6
BRDA:90,10,0,6
BRDA:93,11,0,1
BRDA:95,12,0,5
BRDA:102,13,0,0
BRDA:106,14,0,5
BRDA:107,15,0,5
BRDA:109,16,0,3
BRDA:109,17,0,3
BRDA:111,18,0,2
BRDA:111,19,0,0
BRDA:111,20,0,0
BRDA:113,21,0,5
BRDA:115,22,0,2
BRDA:117,23,0,5
BRDA:130,24,0,5
BRDA:131,25,0,3
BRDA:132,26,0,0
BRDA:138,27,0,3
BRDA:138,28,0,1
BRDA:140,29,0,4
BRDA:144,30,0,1
BRDA:146,31,0,3
BRDA:151,32,0,0
BRF:33
BRH:28
end_of_record
TN:
SF:src/tools/dry-run-workflow.ts
FN:8,dryRunWorkflow
FNF:1
FNH:1
FNDA:7,dryRunWorkflow
DA:8,7
DA:9,7
DA:10,7
DA:11,7
DA:12,7
DA:14,7
DA:15,1
DA:16,1
DA:17,1
DA:18,1
DA:19,1
DA:20,1
DA:22,6
DA:23,6
DA:24,5
DA:25,7
DA:26,1
DA:27,1
DA:28,1
DA:29,1
DA:30,1
DA:31,1
DA:32,1
DA:33,7
LF:24
LH:24
BRDA:8,0,0,7
BRDA:14,1,0,6
BRDA:14,2,0,1
BRDA:20,3,0,6
BRDA:23,4,0,5
BRDA:25,5,0,1
BRDA:26,6,0,0
BRF:7
BRH:6
end_of_record
TN:
SF:src/tools/execute-workflow.ts
FN:8,executeWorkflow
FNF:1
FNH:1
FNDA:8,executeWorkflow
DA:8,8
DA:9,8
DA:10,8
DA:11,8
DA:12,8
DA:14,8
DA:15,1
DA:16,1
DA:18,7
DA:19,7
DA:20,5
DA:21,8
DA:22,2
DA:24,2
DA:25,2
DA:26,0
DA:27,0
DA:28,8
LF:18
LH:16
BRDA:8,0,0,8
BRDA:14,1,0,7
BRDA:14,2,0,1
BRDA:16,3,0,7
BRDA:19,4,0,5
BRDA:21,5,0,2
BRDA:25,6,0,0
BRF:7
BRH:6
end_of_record
TN:
SF:src/tools/generate-workflow.ts
FN:16,detectPattern
FN:54,parseGeneratedYaml
FN:90,toTaskSummary
FN:103,generateWorkflowName
FN:115,generateWorkflowYaml
FN:211,getLlmService
FN:221,generateWorkflow
FN:271,generateWorkflowFromTemplate
FNF:8
FNH:8
FNDA:16,detectPattern
FNDA:3,parseGeneratedYaml
FNDA:37,toTaskSummary
FNDA:12,generateWorkflowName
FNDA:12,generateWorkflowYaml
FNDA:13,getLlmService
FNDA:15,generateWorkflow
FNDA:12,generateWorkflowFromTemplate
DA:1,1
DA:16,1
DA:17,16
DA:20,16
DA:21,16
DA:22,14
DA:23,14
DA:24,14
DA:25,16
DA:26,3
DA:27,3
DA:30,13
DA:31,16
DA:32,12
DA:33,12
DA:34,12
DA:35,16
DA:36,1
DA:37,1
DA:40,12
DA:41,12
DA:42,12
DA:43,16
DA:44,0
DA:45,0
DA:48,12
DA:49,12
DA:54,1
DA:56,3
DA:57,3
DA:58,1
DA:59,1
DA:62,3
DA:64,1
DA:65,1
DA:66,1
DA:68,1
DA:69,4
DA:70,2
DA:71,2
DA:72,4
DA:74,4
DA:75,0
DA:76,0
DA:77,4
DA:78,4
DA:79,4
DA:81,1
DA:82,1
DA:84,1
DA:85,1
DA:90,37
DA:91,37
DA:92,37
DA:93,37
DA:94,37
DA:95,37
DA:96,37
DA:97,37
DA:98,37
DA:103,12
DA:104,12
DA:105,12
DA:106,12
DA:107,12
DA:108,12
DA:109,12
DA:110,12
DA:115,12
DA:116,12
DA:117,12
DA:118,12
DA:119,12
DA:120,12
DA:121,12
DA:122,12
DA:124,12
DA:125,0
DA:126,0
DA:132,0
DA:133,0
DA:134,0
DA:137,12
DA:138,12
DA:140,12
DA:141,33
DA:142,33
DA:144,33
DA:145,33
DA:146,0
DA:147,33
DA:148,33
DA:149,0
DA:151,33
DA:152,33
DA:153,17
DA:154,33
DA:155,0
DA:157,0
DA:158,0
DA:159,0
DA:160,0
DA:161,0
DA:162,0
DA:163,0
DA:164,0
DA:165,0
DA:166,0
DA:168,33
DA:169,33
DA:171,33
DA:172,12
DA:175,12
DA:176,12
DA:177,12
DA:178,12
DA:179,12
DA:180,0
DA:183,12
DA:184,12
DA:185,12
DA:186,12
DA:187,0
DA:188,12
DA:189,12
DA:190,0
DA:192,12
DA:196,12
DA:198,12
DA:200,12
DA:202,12
DA:203,12
DA:206,1
DA:211,13
DA:212,13
DA:213,3
DA:214,3
DA:215,13
DA:216,13
DA:221,15
DA:222,15
DA:223,15
DA:224,15
DA:226,15
DA:229,14
DA:230,15
DA:231,1
DA:232,1
DA:234,14
DA:237,15
DA:238,1
DA:239,1
DA:245,1
DA:246,1
DA:247,1
DA:248,1
DA:249,1
DA:252,13
DA:253,15
DA:255,15
DA:256,2
DA:257,2
DA:258,2
DA:260,1
DA:261,1
DA:262,2
DA:265,15
DA:266,15
DA:271,12
DA:272,12
DA:273,12
DA:274,12
DA:275,12
DA:277,12
DA:280,12
DA:281,12
DA:282,12
DA:283,12
DA:284,12
DA:285,12
DA:288,12
DA:289,12
DA:290,12
DA:291,10
DA:292,2
DA:293,2
DA:294,0
DA:295,0
DA:296,0
DA:297,12
DA:299,12
DA:300,12
DA:301,12
DA:302,12
DA:303,12
DA:304,12
DA:305,12
LF:197
LH:169
BRDA:16,0,0,16
BRDA:21,1,0,14
BRDA:22,2,0,14
BRDA:23,3,0,14
BRDA:24,4,0,1
BRDA:25,5,0,3
BRDA:27,6,0,13
BRDA:31,7,0,1
BRDA:31,8,0,12
BRDA:32,9,0,0
BRDA:32,10,0,12
BRDA:33,11,0,12
BRDA:35,12,0,1
BRDA:37,13,0,12
BRDA:43,14,0,0
BRDA:45,15,0,12
BRDA:54,16,0,3
BRDA:57,17,0,1
BRDA:59,18,0,2
BRDA:62,19,0,1
BRDA:68,20,0,4
BRDA:69,21,0,2
BRDA:74,22,0,0
BRDA:74,23,0,0
BRDA:90,24,0,37
BRDA:93,25,0,0
BRDA:94,26,0,0
BRDA:103,27,0,12
BRDA:115,28,0,12
BRDA:122,29,0,1
BRDA:122,30,0,11
BRDA:124,31,0,0
BRDA:179,32,0,0
BRDA:186,33,0,0
BRDA:189,34,0,0
BRDA:196,35,0,0
BRDA:140,36,0,33
BRDA:145,37,0,0
BRDA:148,38,0,0
BRDA:152,39,0,27
BRDA:152,40,0,17
BRDA:154,41,0,16
BRDA:154,42,0,0
BRDA:154,43,0,0
BRDA:148,44,0,44
BRDA:178,45,0,12
BRDA:178,46,0,0
BRDA:211,47,0,13
BRDA:212,48,0,3
BRDA:221,49,0,15
BRDA:226,50,0,14
BRDA:230,51,0,2
BRDA:230,52,0,1
BRDA:232,53,0,14
BRDA:237,54,0,1
BRDA:249,55,0,13
BRDA:253,56,0,12
BRDA:255,57,0,2
BRDA:258,58,0,1
BRDA:262,59,0,12
BRDA:265,60,0,2
BRDA:231,61,0,3
BRDA:271,62,0,12
BRDA:290,63,0,10
BRDA:291,64,0,2
BRDA:293,65,0,0
BRF:66
BRH:49
end_of_record
TN:
SF:src/tools/list-tasks.ts
FN:11,toTaskSummary
FN:24,matchesSearch
FN:35,listTasks
FNF:3
FNH:3
FNDA:13,toTaskSummary
FNDA:14,matchesSearch
FNDA:10,listTasks
DA:11,13
DA:12,13
DA:13,13
DA:14,13
DA:15,13
DA:16,13
DA:17,13
DA:18,13
DA:19,13
DA:24,14
DA:25,14
DA:26,14
DA:27,14
DA:29,14
DA:30,14
DA:35,10
DA:36,10
DA:37,10
DA:38,10
DA:39,10
DA:41,9
DA:44,10
DA:45,2
DA:46,2
DA:49,10
DA:50,5
DA:51,5
DA:53,9
DA:54,9
DA:55,9
DA:56,9
LF:31
LH:31
BRDA:11,0,0,13
BRDA:14,1,0,1
BRDA:15,2,0,1
BRDA:24,3,0,14
BRDA:27,4,0,0
BRDA:29,5,0,11
BRDA:35,6,0,10
BRDA:39,7,0,9
BRDA:44,8,0,2
BRDA:46,9,0,9
BRDA:49,10,0,5
BRDA:51,11,0,9
BRDA:45,12,0,6
BRDA:50,13,0,14
BRF:14
BRH:13
end_of_record
TN:
SF:src/tools/validate-workflow.ts
FN:13,validateWorkflow
FNF:1
FNH:1
FNDA:10,validateWorkflow
DA:1,1
DA:13,10
DA:14,10
DA:15,10
DA:16,10
DA:18,10
DA:19,10
DA:20,9
DA:21,9
DA:22,9
DA:23,9
DA:25,0
DA:26,9
DA:29,10
DA:32,9
DA:33,7
DA:34,7
DA:35,7
DA:36,7
DA:38,7
DA:39,6
DA:40,6
DA:41,6
DA:42,6
DA:43,6
DA:45,7
DA:46,9
DA:49,10
DA:50,1
DA:51,1
DA:52,10
DA:54,10
DA:55,10
DA:56,10
DA:57,10
DA:58,10
DA:59,10
LF:37
LH:36
BRDA:13,0,0,10
BRDA:19,1,0,9
BRDA:23,2,0,0
BRDA:29,3,0,9
BRDA:49,4,0,0
BRDA:22,5,0,9
BRDA:32,6,0,7
BRDA:38,7,0,6
BRDA:49,8,0,1
BRF:9
BRH:7
end_of_record
