TN:
SF:src/config/index.ts
FN:22,loadConfig
FN:34,isLlmAvailable
FNF:2
FNH:1
FNDA:13,loadConfig
FNDA:0,isLlmAvailable
DA:22,1
DA:23,13
DA:24,13
DA:25,13
DA:26,13
DA:27,13
DA:28,13
DA:29,13
DA:34,1
DA:35,0
DA:36,0
LF:11
LH:9
BRDA:22,0,0,13
BRDA:25,1,0,12
BRDA:26,2,0,12
BRF:3
BRH:3
end_of_record
TN:
SF:src/prompts/error-fixing.ts
FN:18,unknown_task_ref
FN:22,invalid_template
FN:27,circular_dependency
FN:32,schema_mismatch
FN:36,missing_dependency
FN:40,duplicate_task_id
FN:44,invalid_yaml
FN:48,missing_required_field
FN:56,detectErrorType
FN:90,generateSuggestion
FNF:10
FNH:10
FNDA:5,unknown_task_ref
FNDA:4,invalid_template
FNDA:3,circular_dependency
FNDA:1,schema_mismatch
FNDA:1,missing_dependency
FNDA:1,duplicate_task_id
FNDA:3,invalid_yaml
FNDA:1,missing_required_field
FNDA:128,detectErrorType
FNDA:13,generateSuggestion
DA:17,1
DA:18,1
DA:19,5
DA:22,1
DA:23,4
DA:27,1
DA:28,3
DA:32,1
DA:33,1
DA:36,1
DA:37,1
DA:38,1
DA:40,1
DA:41,1
DA:44,1
DA:45,3
DA:48,1
DA:49,1
DA:51,1
DA:56,1
DA:57,128
DA:59,128
DA:60,102
DA:61,102
DA:62,128
DA:63,7
DA:64,7
DA:65,128
DA:66,5
DA:67,5
DA:68,128
DA:69,3
DA:70,3
DA:71,128
DA:72,2
DA:73,2
DA:74,128
DA:75,1
DA:76,1
DA:77,128
DA:78,4
DA:79,4
DA:80,128
DA:81,2
DA:82,2
DA:84,2
DA:85,2
DA:90,1
DA:91,13
DA:92,13
DA:93,13
DA:94,13
DA:96,13
DA:97,1
DA:98,1
DA:100,12
DA:101,13
DA:102,4
DA:103,4
DA:104,4
DA:105,4
DA:106,4
DA:107,13
DA:108,3
DA:109,3
DA:110,3
DA:111,3
DA:112,13
DA:113,2
DA:114,2
DA:115,2
DA:116,2
DA:117,13
DA:118,2
DA:119,2
DA:120,13
DA:121,1
DA:122,13
DA:123,13
LF:79
LH:79
BRDA:18,0,0,5
BRDA:22,1,0,4
BRDA:27,2,0,3
BRDA:32,3,0,1
BRDA:36,4,0,1
BRDA:40,5,0,1
BRDA:44,6,0,3
BRDA:48,7,0,1
BRDA:56,8,0,128
BRDA:59,9,0,27
BRDA:59,10,0,102
BRDA:61,11,0,26
BRDA:62,12,0,19
BRDA:62,13,0,7
BRDA:64,14,0,19
BRDA:65,15,0,15
BRDA:65,16,0,5
BRDA:67,17,0,14
BRDA:68,18,0,4
BRDA:68,19,0,2
BRDA:68,20,0,28
BRDA:68,21,0,3
BRDA:70,22,0,24
BRDA:70,23,0,11
BRDA:71,24,0,10
BRDA:71,25,0,2
BRDA:73,26,0,9
BRDA:74,27,0,1
BRDA:74,28,0,1
BRDA:76,29,0,8
BRDA:77,30,0,4
BRDA:77,31,0,123
BRDA:77,32,0,4
BRDA:79,33,0,22
BRDA:79,34,0,4
BRDA:80,35,0,2
BRDA:80,36,0,2
BRDA:90,37,0,13
BRDA:96,38,0,1
BRDA:98,39,0,12
BRDA:101,40,0,4
BRDA:103,41,0,3
BRDA:103,42,0,1
BRDA:104,43,0,3
BRDA:104,44,0,1
BRDA:107,45,0,3
BRDA:109,46,0,1
BRDA:109,47,0,2
BRDA:112,48,0,2
BRDA:114,49,0,1
BRDA:114,50,0,1
BRDA:117,51,0,2
BRDA:120,52,0,1
BRF:53
BRH:53
end_of_record
TN:
SF:src/prompts/few-shot-examples.ts
FN:171,selectRelevantExample
FN:211,formatExample
FNF:2
FNH:2
FNDA:26,selectRelevantExample
FNDA:9,formatExample
DA:13,1
DA:14,1
DA:15,1
DA:16,1
DA:39,1
DA:40,1
DA:41,1
DA:43,1
DA:44,1
DA:45,1
DA:69,1
DA:70,1
DA:71,1
DA:73,1
DA:74,1
DA:75,1
DA:116,1
DA:117,1
DA:118,1
DA:120,1
DA:121,1
DA:122,1
DA:163,1
DA:164,1
DA:165,1
DA:166,1
DA:171,1
DA:172,26
DA:175,26
DA:176,26
DA:177,24
DA:178,23
DA:179,22
DA:180,22
DA:181,26
DA:182,7
DA:183,7
DA:186,19
DA:187,26
DA:188,18
DA:189,17
DA:190,17
DA:191,26
DA:192,2
DA:193,2
DA:196,17
DA:197,17
DA:198,16
DA:199,16
DA:200,26
DA:201,1
DA:202,1
DA:205,16
DA:206,16
DA:211,1
DA:212,9
DA:216,9
DA:219,9
DA:220,9
DA:221,9
LF:60
LH:60
BRDA:171,0,0,26
BRDA:176,1,0,24
BRDA:177,2,0,23
BRDA:178,3,0,22
BRDA:179,4,0,22
BRDA:180,5,0,3
BRDA:181,6,0,23
BRDA:181,7,0,7
BRDA:183,8,0,19
BRDA:187,9,0,1
BRDA:187,10,0,18
BRDA:188,11,0,1
BRDA:188,12,0,17
BRDA:189,13,0,17
BRDA:191,14,0,22
BRDA:191,15,0,2
BRDA:193,16,0,17
BRDA:197,17,0,16
BRDA:198,18,0,16
BRDA:200,19,0,21
BRDA:200,20,0,1
BRDA:202,21,0,16
BRDA:211,22,0,9
BRF:23
BRH:23
end_of_record
TN:
SF:src/prompts/system-prompt.ts
FN:6,formatTaskList
FN:28,buildSystemPrompt
FNF:2
FNH:2
FNDA:15,formatTaskList
FNDA:11,buildSystemPrompt
DA:6,1
DA:7,15
DA:8,3
DA:9,3
DA:11,12
DA:12,23
DA:13,21
DA:14,2
DA:15,23
DA:16,21
DA:17,2
DA:19,23
DA:20,23
DA:21,23
DA:22,12
DA:23,12
DA:28,1
DA:29,11
DA:31,11
DA:71,11
DA:90,11
LF:21
LH:21
BRDA:6,0,0,15
BRDA:7,1,0,3
BRDA:9,2,0,12
BRDA:11,3,0,23
BRDA:12,4,0,21
BRDA:13,5,0,2
BRDA:15,6,0,21
BRDA:16,7,0,2
BRDA:28,8,0,11
BRF:9
BRH:9
end_of_record
TN:
SF:src/services/gateway-client.ts
FN:11,<instance_members_initializer>
FN:14,GatewayClient
FN:21,listTasks
FN:37,getTask
FN:50,validateWorkflow
FN:94,dryRunWorkflow
FN:121,executeWorkflow
FNF:7
FNH:7
FNDA:21,<instance_members_initializer>
FNDA:21,GatewayClient
FNDA:3,listTasks
FNDA:2,getTask
FNDA:3,validateWorkflow
FNDA:3,dryRunWorkflow
FNDA:4,executeWorkflow
DA:11,1
DA:12,21
DA:14,21
DA:15,21
DA:16,21
DA:21,21
DA:22,3
DA:24,3
DA:25,1
DA:26,1
DA:28,1
DA:31,3
DA:32,3
DA:37,21
DA:38,2
DA:40,2
DA:41,1
DA:42,1
DA:44,1
DA:45,2
DA:50,21
DA:51,3
DA:52,3
DA:53,3
DA:54,3
DA:55,3
DA:58,3
DA:66,3
DA:68,1
DA:69,1
DA:70,1
DA:71,1
DA:72,1
DA:73,1
DA:74,1
DA:76,1
DA:77,1
DA:78,1
DA:79,1
DA:80,1
DA:81,1
DA:82,1
DA:84,2
DA:85,3
DA:86,3
DA:87,3
DA:88,3
DA:89,3
DA:94,21
DA:95,3
DA:96,3
DA:97,3
DA:98,3
DA:99,3
DA:101,3
DA:102,1
DA:103,1
DA:105,2
DA:111,2
DA:112,3
DA:113,3
DA:114,3
DA:115,3
DA:116,3
DA:121,21
DA:122,4
DA:123,4
DA:124,4
DA:125,4
DA:126,4
DA:128,4
DA:129,2
DA:130,1
DA:131,1
DA:132,1
DA:133,1
DA:135,2
DA:137,2
DA:138,2
DA:139,2
DA:140,4
DA:141,4
DA:142,4
DA:143,4
DA:144,4
DA:145,21
LF:86
LH:86
BRDA:11,0,0,21
BRDA:14,1,0,21
BRDA:15,2,0,2
BRDA:15,3,0,1
BRDA:21,4,0,3
BRDA:22,5,0,2
BRDA:24,6,0,1
BRDA:31,7,0,0
BRDA:37,8,0,2
BRDA:40,9,0,1
BRDA:50,10,0,3
BRDA:66,11,0,1
BRDA:74,12,0,0
BRDA:76,13,0,0
BRDA:76,14,0,0
BRDA:82,15,0,2
BRDA:85,16,0,0
BRDA:86,17,0,2
BRDA:86,18,0,0
BRDA:71,19,0,1
BRDA:86,20,0,1
BRDA:94,21,0,3
BRDA:101,22,0,1
BRDA:103,23,0,2
BRDA:112,24,0,0
BRDA:113,25,0,0
BRDA:114,26,0,0
BRDA:121,27,0,4
BRDA:128,28,0,2
BRDA:129,29,0,1
BRDA:140,30,0,0
BRDA:141,31,0,0
BRDA:142,32,0,0
BRF:33
BRH:21
end_of_record
TN:
SF:src/services/llm-service.ts
FN:10,<instance_members_initializer>
FN:15,LlmService
FN:28,isAvailable
FN:35,generateWorkflow
FN:90,parseResponse
FN:130,detectPattern
FNF:6
FNH:6
FNDA:13,<instance_members_initializer>
FNDA:13,LlmService
FNDA:14,isAvailable
FNDA:9,generateWorkflow
FNDA:6,parseResponse
FNDA:5,detectPattern
DA:1,1
DA:10,1
DA:11,13
DA:12,13
DA:13,13
DA:15,13
DA:16,13
DA:17,13
DA:18,13
DA:20,13
DA:21,10
DA:22,10
DA:23,13
DA:28,13
DA:29,14
DA:30,14
DA:35,13
DA:36,9
DA:37,9
DA:38,9
DA:39,9
DA:40,1
DA:41,1
DA:44,8
DA:47,8
DA:48,8
DA:51,8
DA:52,8
DA:53,8
DA:54,8
DA:56,8
DA:59,8
DA:66,8
DA:67,8
DA:70,8
DA:71,8
DA:72,8
DA:73,8
DA:74,8
DA:75,8
DA:78,6
DA:79,6
DA:80,6
DA:81,6
DA:84,6
DA:85,9
DA:90,13
DA:92,6
DA:93,6
DA:94,1
DA:95,1
DA:96,5
DA:99,5
DA:102,6
DA:105,6
DA:106,6
DA:107,6
DA:109,6
DA:110,3
DA:111,3
DA:112,0
DA:113,0
DA:115,6
DA:116,2
DA:117,2
DA:119,5
DA:120,5
DA:121,5
DA:122,5
DA:123,5
DA:124,5
DA:125,6
DA:130,13
DA:131,5
DA:132,5
DA:134,5
DA:135,5
DA:138,5
DA:139,1
DA:140,1
DA:143,4
DA:144,5
DA:145,1
DA:146,1
DA:149,3
DA:150,3
DA:151,3
DA:154,0
DA:155,0
DA:156,0
DA:158,0
DA:159,5
DA:160,13
LF:93
LH:87
BRDA:10,0,0,13
BRDA:15,1,0,13
BRDA:20,2,0,10
BRDA:28,3,0,14
BRDA:35,4,0,9
BRDA:39,5,0,1
BRDA:41,6,0,8
BRDA:75,7,0,6
BRDA:79,8,0,6
BRDA:80,9,0,6
BRDA:90,10,0,6
BRDA:93,11,0,1
BRDA:95,12,0,5
BRDA:102,13,0,0
BRDA:106,14,0,5
BRDA:107,15,0,5
BRDA:109,16,0,3
BRDA:109,17,0,3
BRDA:111,18,0,2
BRDA:111,19,0,0
BRDA:111,20,0,0
BRDA:113,21,0,5
BRDA:115,22,0,2
BRDA:117,23,0,5
BRDA:130,24,0,5
BRDA:131,25,0,3
BRDA:132,26,0,0
BRDA:138,27,0,3
BRDA:138,28,0,1
BRDA:140,29,0,4
BRDA:144,30,0,1
BRDA:146,31,0,3
BRDA:151,32,0,0
BRF:33
BRH:28
end_of_record
TN:
SF:src/services/refinement-service.ts
FN:23,<instance_members_initializer>
FN:26,RefinementService
FN:36,refineWorkflow
FN:116,hashErrors
FN:123,canAutoFix
FN:131,generateFixes
FN:153,generateFix
FN:203,applyFixes
FN:238,findClosestTask
FN:259,similarityScore
FN:280,fixTemplate
FN:298,addDependency
FN:352,escapeRegex
FNF:13
FNH:12
FNDA:15,<instance_members_initializer>
FNDA:15,RefinementService
FNDA:15,refineWorkflow
FNDA:24,hashErrors
FNDA:52,canAutoFix
FNDA:16,generateFixes
FNDA:49,generateFix
FNDA:16,applyFixes
FNDA:48,findClosestTask
FNDA:96,similarityScore
FNDA:1,fixTemplate
FNDA:0,addDependency
FNDA:48,escapeRegex
DA:1,1
DA:14,1
DA:15,1
DA:16,1
DA:17,1
DA:18,1
DA:23,1
DA:24,15
DA:26,15
DA:27,15
DA:28,15
DA:29,15
DA:30,15
DA:31,15
DA:36,15
DA:37,15
DA:38,15
DA:39,15
DA:40,15
DA:41,15
DA:42,15
DA:43,15
DA:45,15
DA:46,30
DA:49,30
DA:50,6
DA:51,6
DA:52,6
DA:53,6
DA:54,6
DA:55,6
DA:56,6
DA:59,24
DA:62,30
DA:63,3
DA:64,3
DA:65,3
DA:66,3
DA:67,3
DA:68,3
DA:69,3
DA:70,21
DA:73,30
DA:74,2
DA:75,2
DA:76,2
DA:77,2
DA:78,2
DA:79,2
DA:80,2
DA:81,19
DA:84,19
DA:85,30
DA:86,3
DA:87,3
DA:88,3
DA:89,3
DA:90,3
DA:91,3
DA:92,3
DA:95,16
DA:96,16
DA:98,16
DA:99,16
DA:100,16
DA:101,16
DA:102,16
DA:103,16
DA:105,16
DA:106,16
DA:107,16
DA:108,16
DA:109,16
DA:110,16
DA:111,15
DA:116,15
DA:117,24
DA:118,24
DA:123,15
DA:124,52
DA:125,52
DA:126,52
DA:131,15
DA:132,16
DA:133,16
DA:134,16
DA:135,16
DA:137,16
DA:138,49
DA:139,49
DA:141,49
DA:142,49
DA:143,49
DA:144,49
DA:145,49
DA:147,16
DA:148,16
DA:153,15
DA:154,49
DA:155,49
DA:156,49
DA:157,49
DA:158,49
DA:159,49
DA:161,48
DA:162,48
DA:163,48
DA:166,48
DA:167,48
DA:168,48
DA:169,48
DA:170,0
DA:171,0
DA:173,49
DA:175,1
DA:176,1
DA:177,1
DA:180,1
DA:181,1
DA:182,1
DA:183,1
DA:184,0
DA:185,0
DA:187,49
DA:189,0
DA:190,0
DA:191,0
DA:192,0
DA:193,0
DA:195,49
DA:196,0
DA:197,49
DA:198,49
DA:203,15
DA:204,16
DA:206,16
DA:208,49
DA:209,48
DA:210,48
DA:211,48
DA:212,48
DA:213,48
DA:214,48
DA:215,48
DA:216,48
DA:217,49
DA:218,1
DA:219,1
DA:220,1
DA:221,1
DA:222,1
DA:223,1
DA:224,0
DA:225,0
DA:226,0
DA:227,0
DA:228,0
DA:229,0
DA:230,49
DA:232,16
DA:233,16
DA:238,15
DA:239,48
DA:241,48
DA:242,48
DA:244,48
DA:245,96
DA:246,96
DA:247,84
DA:248,84
DA:249,84
DA:250,96
DA:253,48
DA:254,48
DA:259,15
DA:260,96
DA:261,96
DA:264,96
DA:265,96
DA:267,96
DA:268,96
DA:269,733
DA:270,298
DA:271,298
DA:272,733
DA:274,96
DA:275,96
DA:280,15
DA:281,1
DA:284,1
DA:285,1
DA:288,1
DA:289,0
DA:290,0
DA:292,1
DA:293,1
DA:298,15
DA:299,0
DA:300,0
DA:301,0
DA:302,0
DA:303,0
DA:304,0
DA:306,0
DA:307,0
DA:308,0
DA:311,0
DA:312,0
DA:313,0
DA:314,0
DA:315,0
DA:318,0
DA:319,0
DA:320,0
DA:322,0
DA:324,0
DA:325,0
DA:326,0
DA:327,0
DA:328,0
DA:329,0
DA:330,0
DA:333,0
DA:335,0
DA:336,0
DA:337,0
DA:338,0
DA:340,0
DA:341,0
DA:342,0
DA:343,0
DA:344,0
DA:346,0
DA:347,0
DA:352,15
DA:353,48
DA:354,48
DA:355,15
LF:238
LH:183
BRDA:23,0,0,15
BRDA:26,1,0,15
BRDA:36,2,0,15
BRDA:45,3,0,30
BRDA:49,4,0,6
BRDA:56,5,0,24
BRDA:62,6,0,3
BRDA:69,7,0,21
BRDA:73,8,0,7
BRDA:73,9,0,2
BRDA:80,10,0,19
BRDA:85,11,0,3
BRDA:92,12,0,16
BRDA:103,13,0,16
BRDA:84,14,0,52
BRDA:100,15,0,49
BRDA:116,16,0,24
BRDA:117,17,0,60
BRDA:123,18,0,52
BRDA:131,19,0,16
BRDA:137,20,0,49
BRDA:139,21,0,0
BRDA:153,22,0,49
BRDA:159,23,0,48
BRDA:162,24,0,0
BRDA:169,25,0,0
BRDA:173,26,0,1
BRDA:176,27,0,0
BRDA:183,28,0,0
BRDA:187,29,0,0
BRDA:195,30,0,0
BRDA:203,31,0,16
BRDA:206,32,0,49
BRDA:208,33,0,48
BRDA:217,34,0,1
BRDA:223,35,0,0
BRDA:238,36,0,48
BRDA:239,37,0,0
BRDA:244,38,0,96
BRDA:246,39,0,84
BRDA:253,40,0,40
BRDA:253,41,0,8
BRDA:259,42,0,96
BRDA:260,43,0,0
BRDA:261,44,0,0
BRDA:264,45,0,71
BRDA:264,46,0,25
BRDA:265,47,0,71
BRDA:265,48,0,25
BRDA:268,49,0,733
BRDA:269,50,0,298
BRDA:280,51,0,1
BRDA:288,52,0,0
BRDA:352,53,0,48
BRF:54
BRH:42
end_of_record
TN:
SF:src/tools/dry-run-workflow.ts
FN:8,dryRunWorkflow
FNF:1
FNH:1
FNDA:7,dryRunWorkflow
DA:8,7
DA:9,7
DA:10,7
DA:11,7
DA:12,7
DA:14,7
DA:15,1
DA:16,1
DA:17,1
DA:18,1
DA:19,1
DA:20,1
DA:22,6
DA:23,6
DA:24,5
DA:25,7
DA:26,1
DA:27,1
DA:28,1
DA:29,1
DA:30,1
DA:31,1
DA:32,1
DA:33,7
LF:24
LH:24
BRDA:8,0,0,7
BRDA:14,1,0,6
BRDA:14,2,0,1
BRDA:20,3,0,6
BRDA:23,4,0,5
BRDA:25,5,0,1
BRDA:26,6,0,0
BRF:7
BRH:6
end_of_record
TN:
SF:src/tools/execute-workflow.ts
FN:8,executeWorkflow
FNF:1
FNH:1
FNDA:8,executeWorkflow
DA:8,8
DA:9,8
DA:10,8
DA:11,8
DA:12,8
DA:14,8
DA:15,1
DA:16,1
DA:18,7
DA:19,7
DA:20,5
DA:21,8
DA:22,2
DA:24,2
DA:25,2
DA:26,0
DA:27,0
DA:28,8
LF:18
LH:16
BRDA:8,0,0,8
BRDA:14,1,0,7
BRDA:14,2,0,1
BRDA:16,3,0,7
BRDA:19,4,0,5
BRDA:21,5,0,2
BRDA:25,6,0,0
BRF:7
BRH:6
end_of_record
TN:
SF:src/tools/generate-workflow.ts
FN:17,detectPattern
FN:55,parseGeneratedYaml
FN:92,toTaskSummary
FN:107,generateWorkflowName
FN:119,generateWorkflowYaml
FN:215,getLlmService
FN:225,generateWorkflow
FN:275,generateWorkflowFromTemplate
FNF:8
FNH:8
FNDA:16,detectPattern
FNDA:3,parseGeneratedYaml
FNDA:37,toTaskSummary
FNDA:12,generateWorkflowName
FNDA:12,generateWorkflowYaml
FNDA:13,getLlmService
FNDA:15,generateWorkflow
FNDA:12,generateWorkflowFromTemplate
DA:1,1
DA:17,1
DA:18,16
DA:21,16
DA:22,16
DA:23,14
DA:24,14
DA:25,14
DA:26,16
DA:27,3
DA:28,3
DA:31,13
DA:32,16
DA:33,12
DA:34,12
DA:35,12
DA:36,16
DA:37,1
DA:38,1
DA:41,12
DA:42,12
DA:43,12
DA:44,16
DA:45,0
DA:46,0
DA:49,12
DA:50,12
DA:55,1
DA:57,3
DA:58,3
DA:59,1
DA:60,1
DA:63,3
DA:65,1
DA:66,1
DA:67,1
DA:69,1
DA:70,4
DA:71,2
DA:72,2
DA:73,4
DA:75,4
DA:76,0
DA:77,0
DA:78,4
DA:79,4
DA:80,4
DA:82,1
DA:83,1
DA:85,1
DA:86,1
DA:92,37
DA:93,37
DA:95,37
DA:96,37
DA:97,37
DA:98,37
DA:99,37
DA:100,37
DA:101,37
DA:102,37
DA:107,12
DA:108,12
DA:109,12
DA:110,12
DA:111,12
DA:112,12
DA:113,12
DA:114,12
DA:119,12
DA:120,12
DA:121,12
DA:122,12
DA:123,12
DA:124,12
DA:125,12
DA:126,12
DA:128,12
DA:129,0
DA:130,0
DA:136,0
DA:137,0
DA:138,0
DA:141,12
DA:142,12
DA:144,12
DA:145,33
DA:146,33
DA:148,33
DA:149,33
DA:150,0
DA:151,33
DA:152,33
DA:153,0
DA:155,33
DA:156,33
DA:157,17
DA:158,33
DA:159,0
DA:161,0
DA:162,0
DA:163,0
DA:164,0
DA:165,0
DA:166,0
DA:167,0
DA:168,0
DA:169,0
DA:170,0
DA:172,33
DA:173,33
DA:175,33
DA:176,12
DA:179,12
DA:180,12
DA:181,12
DA:182,12
DA:183,12
DA:184,0
DA:187,12
DA:188,12
DA:189,12
DA:190,12
DA:191,0
DA:192,12
DA:193,12
DA:194,0
DA:196,12
DA:200,12
DA:202,12
DA:204,12
DA:206,12
DA:207,12
DA:210,1
DA:215,13
DA:216,13
DA:217,3
DA:218,3
DA:219,13
DA:220,13
DA:225,15
DA:226,15
DA:227,15
DA:228,15
DA:230,15
DA:233,14
DA:234,15
DA:235,1
DA:236,1
DA:238,14
DA:241,15
DA:242,1
DA:243,1
DA:249,1
DA:250,1
DA:251,1
DA:252,1
DA:253,1
DA:256,13
DA:257,15
DA:259,15
DA:260,2
DA:261,2
DA:262,2
DA:264,1
DA:265,1
DA:266,2
DA:269,15
DA:270,15
DA:275,12
DA:276,12
DA:277,12
DA:278,12
DA:279,12
DA:281,12
DA:284,12
DA:285,12
DA:286,12
DA:287,12
DA:288,12
DA:289,12
DA:292,12
DA:293,12
DA:294,12
DA:295,10
DA:296,2
DA:297,2
DA:298,0
DA:299,0
DA:300,0
DA:301,12
DA:303,12
DA:304,12
DA:305,12
DA:306,12
DA:307,12
DA:308,12
DA:309,12
LF:198
LH:170
BRDA:17,0,0,16
BRDA:22,1,0,14
BRDA:23,2,0,14
BRDA:24,3,0,14
BRDA:25,4,0,1
BRDA:26,5,0,3
BRDA:28,6,0,13
BRDA:32,7,0,1
BRDA:32,8,0,12
BRDA:33,9,0,0
BRDA:33,10,0,12
BRDA:34,11,0,12
BRDA:36,12,0,1
BRDA:38,13,0,12
BRDA:44,14,0,0
BRDA:46,15,0,12
BRDA:55,16,0,3
BRDA:58,17,0,1
BRDA:60,18,0,2
BRDA:63,19,0,1
BRDA:69,20,0,4
BRDA:70,21,0,2
BRDA:75,22,0,0
BRDA:75,23,0,0
BRDA:92,24,0,37
BRDA:97,25,0,0
BRDA:98,26,0,0
BRDA:98,27,0,0
BRDA:99,28,0,0
BRDA:100,29,0,0
BRDA:107,30,0,12
BRDA:119,31,0,12
BRDA:126,32,0,1
BRDA:126,33,0,11
BRDA:128,34,0,0
BRDA:183,35,0,0
BRDA:190,36,0,0
BRDA:193,37,0,0
BRDA:200,38,0,0
BRDA:144,39,0,33
BRDA:149,40,0,0
BRDA:152,41,0,0
BRDA:156,42,0,27
BRDA:156,43,0,17
BRDA:158,44,0,16
BRDA:158,45,0,0
BRDA:158,46,0,0
BRDA:152,47,0,44
BRDA:182,48,0,12
BRDA:182,49,0,0
BRDA:215,50,0,13
BRDA:216,51,0,3
BRDA:225,52,0,15
BRDA:230,53,0,14
BRDA:234,54,0,2
BRDA:234,55,0,1
BRDA:236,56,0,14
BRDA:241,57,0,1
BRDA:253,58,0,13
BRDA:257,59,0,12
BRDA:259,60,0,2
BRDA:262,61,0,1
BRDA:266,62,0,12
BRDA:269,63,0,2
BRDA:235,64,0,3
BRDA:275,65,0,12
BRDA:294,66,0,10
BRDA:295,67,0,2
BRDA:297,68,0,0
BRF:69
BRH:49
end_of_record
TN:
SF:src/tools/list-tasks.ts
FN:12,toTaskSummary
FN:27,matchesSearch
FN:38,listTasks
FNF:3
FNH:3
FNDA:13,toTaskSummary
FNDA:14,matchesSearch
FNDA:10,listTasks
DA:12,13
DA:13,13
DA:15,13
DA:16,13
DA:17,13
DA:18,13
DA:19,13
DA:20,13
DA:21,13
DA:22,13
DA:27,14
DA:28,14
DA:29,14
DA:30,14
DA:32,14
DA:33,14
DA:38,10
DA:39,10
DA:40,10
DA:41,10
DA:42,10
DA:44,9
DA:47,10
DA:48,2
DA:49,2
DA:52,10
DA:53,5
DA:54,5
DA:56,9
DA:57,9
DA:58,9
DA:59,9
LF:32
LH:32
BRDA:12,0,0,13
BRDA:17,1,0,1
BRDA:18,2,0,1
BRDA:18,3,0,1
BRDA:19,4,0,0
BRDA:20,5,0,0
BRDA:27,6,0,14
BRDA:30,7,0,0
BRDA:32,8,0,11
BRDA:38,9,0,10
BRDA:42,10,0,9
BRDA:47,11,0,2
BRDA:49,12,0,9
BRDA:52,13,0,5
BRDA:54,14,0,9
BRDA:48,15,0,6
BRDA:48,16,0,0
BRDA:53,17,0,14
BRF:18
BRH:14
end_of_record
TN:
SF:src/tools/validate-workflow.ts
FN:13,validateWorkflow
FNF:1
FNH:1
FNDA:10,validateWorkflow
DA:1,1
DA:13,10
DA:14,10
DA:15,10
DA:16,10
DA:18,10
DA:19,10
DA:20,9
DA:21,9
DA:22,9
DA:23,9
DA:25,0
DA:26,9
DA:29,10
DA:32,9
DA:33,7
DA:34,7
DA:35,7
DA:36,7
DA:38,7
DA:39,6
DA:40,6
DA:41,6
DA:42,6
DA:43,6
DA:45,7
DA:46,9
DA:49,10
DA:50,1
DA:51,1
DA:52,10
DA:54,10
DA:55,10
DA:56,10
DA:57,10
DA:58,10
DA:59,10
LF:37
LH:36
BRDA:13,0,0,10
BRDA:19,1,0,9
BRDA:23,2,0,0
BRDA:29,3,0,9
BRDA:49,4,0,0
BRDA:22,5,0,9
BRDA:32,6,0,7
BRDA:38,7,0,6
BRDA:49,8,0,1
BRF:9
BRH:7
end_of_record
