<?xml version="1.0" encoding="utf-8"?>
<coverage line-rate="0.6772" branch-rate="0.8112999999999999" version="1.9" timestamp="1764289292" lines-covered="1473" lines-valid="2175" branches-covered="430" branches-valid="530">
  <sources>
    <source>/Users/darren/dev/workflow/src/WorkflowCore/</source>
  </sources>
  <packages>
    <package name="WorkflowCore" line-rate="0.6772" branch-rate="0.8112999999999999" complexity="720">
      <classes>
        <class name="WorkflowCore.Services.ExecutionGraphBuilder" filename="Services/ExecutionGraphBuilder.cs" line-rate="1" branch-rate="1" complexity="17">
          <methods>
            <method name="Build" signature="(WorkflowCore.Models.WorkflowResource)" line-rate="1" branch-rate="1" complexity="16">
              <lines>
                <line number="16" hits="16" branch="False" />
                <line number="17" hits="16" branch="False" />
                <line number="18" hits="16" branch="False" />
                <line number="21" hits="118" branch="True" condition-coverage="100% (2/2)">
                  <conditions>
                    <condition number="255" type="jump" coverage="100%" />
                  </conditions>
                </line>
                <line number="22" hits="35" branch="False" />
                <line number="23" hits="35" branch="False" />
                <line number="26" hits="155" branch="True" condition-coverage="100% (2/2)">
                  <conditions>
                    <condition number="225" type="jump" coverage="100%" />
                  </conditions>
                </line>
                <line number="27" hits="25" branch="False" />
                <line number="28" hits="25" branch="False" />
                <line number="29" hits="119" branch="True" condition-coverage="100% (2/2)">
                  <conditions>
                    <condition number="191" type="jump" coverage="100%" />
                  </conditions>
                </line>
                <line number="30" hits="22" branch="False" />
                <line number="31" hits="22" branch="False" />
                <line number="32" hits="22" branch="False" />
                <line number="33" hits="22" branch="False" />
                <line number="34" hits="25" branch="False" />
                <line number="35" hits="35" branch="False" />
                <line number="38" hits="16" branch="False" />
                <line number="39" hits="16" branch="True" condition-coverage="100% (2/2)">
                  <conditions>
                    <condition number="294" type="jump" coverage="100%" />
                  </conditions>
                </line>
                <line number="40" hits="4" branch="False" />
                <line number="41" hits="20" branch="True" condition-coverage="100% (2/2)">
                  <conditions>
                    <condition number="367" type="jump" coverage="100%" />
                  </conditions>
                </line>
                <line number="42" hits="4" branch="False" />
                <line number="43" hits="4" branch="True" condition-coverage="100% (4/4)">
                  <conditions>
                    <condition number="326" type="jump" coverage="100%" />
                    <condition number="338" type="jump" coverage="100%" />
                  </conditions>
                </line>
                <line number="44" hits="4" branch="False" />
                <line number="45" hits="4" branch="False" />
                <line number="46" hits="4" branch="False" />
                <line number="47" hits="4" branch="False" />
                <line number="49" hits="16" branch="True" condition-coverage="100% (2/2)">
                  <conditions>
                    <condition number="415" type="jump" coverage="100%" />
                  </conditions>
                </line>
                <line number="50" hits="16" branch="False" />
                <line number="51" hits="16" branch="False" />
                <line number="52" hits="16" branch="False" />
                <line number="53" hits="16" branch="False" />
                <line number="54" hits="16" branch="False" />
                <line number="55" hits="16" branch="False" />
              </lines>
            </method>
            <method name=".cctor" signature="()" line-rate="1" branch-rate="1" complexity="1">
              <lines>
                <line number="13" hits="1" branch="False" />
              </lines>
            </method>
          </methods>
          <lines>
            <line number="16" hits="16" branch="False" />
            <line number="17" hits="16" branch="False" />
            <line number="18" hits="16" branch="False" />
            <line number="21" hits="118" branch="True" condition-coverage="100% (2/2)">
              <conditions>
                <condition number="255" type="jump" coverage="100%" />
              </conditions>
            </line>
            <line number="22" hits="35" branch="False" />
            <line number="23" hits="35" branch="False" />
            <line number="26" hits="155" branch="True" condition-coverage="100% (2/2)">
              <conditions>
                <condition number="225" type="jump" coverage="100%" />
              </conditions>
            </line>
            <line number="27" hits="25" branch="False" />
            <line number="28" hits="25" branch="False" />
            <line number="29" hits="119" branch="True" condition-coverage="100% (2/2)">
              <conditions>
                <condition number="191" type="jump" coverage="100%" />
              </conditions>
            </line>
            <line number="30" hits="22" branch="False" />
            <line number="31" hits="22" branch="False" />
            <line number="32" hits="22" branch="False" />
            <line number="33" hits="22" branch="False" />
            <line number="34" hits="25" branch="False" />
            <line number="35" hits="35" branch="False" />
            <line number="38" hits="16" branch="False" />
            <line number="39" hits="16" branch="True" condition-coverage="100% (2/2)">
              <conditions>
                <condition number="294" type="jump" coverage="100%" />
              </conditions>
            </line>
            <line number="40" hits="4" branch="False" />
            <line number="41" hits="20" branch="True" condition-coverage="100% (2/2)">
              <conditions>
                <condition number="367" type="jump" coverage="100%" />
              </conditions>
            </line>
            <line number="42" hits="4" branch="False" />
            <line number="43" hits="4" branch="True" condition-coverage="100% (4/4)">
              <conditions>
                <condition number="326" type="jump" coverage="100%" />
                <condition number="338" type="jump" coverage="100%" />
              </conditions>
            </line>
            <line number="44" hits="4" branch="False" />
            <line number="45" hits="4" branch="False" />
            <line number="46" hits="4" branch="False" />
            <line number="47" hits="4" branch="False" />
            <line number="49" hits="16" branch="True" condition-coverage="100% (2/2)">
              <conditions>
                <condition number="415" type="jump" coverage="100%" />
              </conditions>
            </line>
            <line number="50" hits="16" branch="False" />
            <line number="51" hits="16" branch="False" />
            <line number="52" hits="16" branch="False" />
            <line number="53" hits="16" branch="False" />
            <line number="54" hits="16" branch="False" />
            <line number="55" hits="16" branch="False" />
            <line number="13" hits="1" branch="False" />
          </lines>
        </class>
        <class name="WorkflowCore.Services.HttpTaskExecutor" filename="Services/HttpTaskExecutor.cs" line-rate="1" branch-rate="0.5" complexity="8">
          <methods>
            <method name=".ctor" signature="(WorkflowCore.Services.ITemplateResolver,WorkflowCore.Services.ISchemaValidator,WorkflowCore.Services.IRetryPolicy,WorkflowCore.Services.IHttpClientWrapper)" line-rate="1" branch-rate="0.5" complexity="8">
              <lines>
                <line number="24" hits="27" branch="False" />
                <line number="25" hits="27" branch="False" />
                <line number="26" hits="27" branch="False" />
                <line number="27" hits="27" branch="False" />
                <line number="28" hits="27" branch="False" />
                <line number="29" hits="27" branch="False" />
                <line number="30" hits="27" branch="True" condition-coverage="50% (1/2)">
                  <conditions>
                    <condition number="11" type="jump" coverage="50%" />
                  </conditions>
                </line>
                <line number="31" hits="27" branch="True" condition-coverage="50% (1/2)">
                  <conditions>
                    <condition number="33" type="jump" coverage="50%" />
                  </conditions>
                </line>
                <line number="32" hits="27" branch="True" condition-coverage="50% (1/2)">
                  <conditions>
                    <condition number="55" type="jump" coverage="50%" />
                  </conditions>
                </line>
                <line number="33" hits="27" branch="True" condition-coverage="50% (1/2)">
                  <conditions>
                    <condition number="78" type="jump" coverage="50%" />
                  </conditions>
                </line>
                <line number="34" hits="27" branch="False" />
              </lines>
            </method>
          </methods>
          <lines>
            <line number="24" hits="27" branch="False" />
            <line number="25" hits="27" branch="False" />
            <line number="26" hits="27" branch="False" />
            <line number="27" hits="27" branch="False" />
            <line number="28" hits="27" branch="False" />
            <line number="29" hits="27" branch="False" />
            <line number="30" hits="27" branch="True" condition-coverage="50% (1/2)">
              <conditions>
                <condition number="11" type="jump" coverage="50%" />
              </conditions>
            </line>
            <line number="31" hits="27" branch="True" condition-coverage="50% (1/2)">
              <conditions>
                <condition number="33" type="jump" coverage="50%" />
              </conditions>
            </line>
            <line number="32" hits="27" branch="True" condition-coverage="50% (1/2)">
              <conditions>
                <condition number="55" type="jump" coverage="50%" />
              </conditions>
            </line>
            <line number="33" hits="27" branch="True" condition-coverage="50% (1/2)">
              <conditions>
                <condition number="78" type="jump" coverage="50%" />
              </conditions>
            </line>
            <line number="34" hits="27" branch="False" />
          </lines>
        </class>
        <class name="WorkflowCore.Services.HttpTaskExecutor/&lt;BuildHttpRequestAsync&gt;d__6" filename="Services/HttpTaskExecutor.cs" line-rate="1" branch-rate="1" complexity="22">
          <methods>
            <method name="MoveNext" signature="()" line-rate="1" branch-rate="1" complexity="22">
              <lines>
                <line number="186" hits="36" branch="False" />
                <line number="188" hits="36" branch="False" />
                <line number="191" hits="36" branch="True" condition-coverage="100% (10/10)">
                  <conditions>
                    <condition number="233" type="jump" coverage="100%" />
                    <condition number="247" type="jump" coverage="100%" />
                    <condition number="261" type="jump" coverage="100%" />
                    <condition number="275" type="jump" coverage="100%" />
                    <condition number="289" type="jump" coverage="100%" />
                  </conditions>
                </line>
                <line number="192" hits="36" branch="False" />
                <line number="193" hits="30" branch="False" />
                <line number="194" hits="2" branch="False" />
                <line number="195" hits="1" branch="False" />
                <line number="196" hits="1" branch="False" />
                <line number="197" hits="1" branch="False" />
                <line number="198" hits="1" branch="False" />
                <line number="199" hits="36" branch="False" />
                <line number="201" hits="35" branch="False" />
                <line number="204" hits="35" branch="True" condition-coverage="100% (2/2)">
                  <conditions>
                    <condition number="425" type="jump" coverage="100%" />
                  </conditions>
                </line>
                <line number="205" hits="1" branch="False" />
                <line number="206" hits="7" branch="True" condition-coverage="100% (2/2)">
                  <conditions>
                    <condition number="720" type="jump" coverage="100%" />
                  </conditions>
                </line>
                <line number="207" hits="2" branch="False" />
                <line number="208" hits="2" branch="False" />
                <line number="209" hits="2" branch="False" />
                <line number="210" hits="2" branch="False" />
                <line number="211" hits="1" branch="False" />
                <line number="214" hits="35" branch="True" condition-coverage="100% (8/8)">
                  <conditions>
                    <condition number="779" type="jump" coverage="100%" />
                    <condition number="797" type="jump" coverage="100%" />
                    <condition number="815" type="jump" coverage="100%" />
                    <condition number="843" type="jump" coverage="100%" />
                  </conditions>
                </line>
                <line number="215" hits="35" branch="False" />
                <line number="216" hits="3" branch="False" />
                <line number="217" hits="3" branch="False" />
                <line number="218" hits="3" branch="False" />
                <line number="219" hits="3" branch="False" />
                <line number="221" hits="35" branch="False" />
                <line number="222" hits="35" branch="False" />
              </lines>
            </method>
          </methods>
          <lines>
            <line number="186" hits="36" branch="False" />
            <line number="188" hits="36" branch="False" />
            <line number="191" hits="36" branch="True" condition-coverage="100% (10/10)">
              <conditions>
                <condition number="233" type="jump" coverage="100%" />
                <condition number="247" type="jump" coverage="100%" />
                <condition number="261" type="jump" coverage="100%" />
                <condition number="275" type="jump" coverage="100%" />
                <condition number="289" type="jump" coverage="100%" />
              </conditions>
            </line>
            <line number="192" hits="36" branch="False" />
            <line number="193" hits="30" branch="False" />
            <line number="194" hits="2" branch="False" />
            <line number="195" hits="1" branch="False" />
            <line number="196" hits="1" branch="False" />
            <line number="197" hits="1" branch="False" />
            <line number="198" hits="1" branch="False" />
            <line number="199" hits="36" branch="False" />
            <line number="201" hits="35" branch="False" />
            <line number="204" hits="35" branch="True" condition-coverage="100% (2/2)">
              <conditions>
                <condition number="425" type="jump" coverage="100%" />
              </conditions>
            </line>
            <line number="205" hits="1" branch="False" />
            <line number="206" hits="7" branch="True" condition-coverage="100% (2/2)">
              <conditions>
                <condition number="720" type="jump" coverage="100%" />
              </conditions>
            </line>
            <line number="207" hits="2" branch="False" />
            <line number="208" hits="2" branch="False" />
            <line number="209" hits="2" branch="False" />
            <line number="210" hits="2" branch="False" />
            <line number="211" hits="1" branch="False" />
            <line number="214" hits="35" branch="True" condition-coverage="100% (8/8)">
              <conditions>
                <condition number="779" type="jump" coverage="100%" />
                <condition number="797" type="jump" coverage="100%" />
                <condition number="815" type="jump" coverage="100%" />
                <condition number="843" type="jump" coverage="100%" />
              </conditions>
            </line>
            <line number="215" hits="35" branch="False" />
            <line number="216" hits="3" branch="False" />
            <line number="217" hits="3" branch="False" />
            <line number="218" hits="3" branch="False" />
            <line number="219" hits="3" branch="False" />
            <line number="221" hits="35" branch="False" />
            <line number="222" hits="35" branch="False" />
          </lines>
        </class>
        <class name="WorkflowCore.Services.HttpTaskExecutor/&lt;ExecuteAsync&gt;d__5" filename="Services/HttpTaskExecutor.cs" line-rate="0.9186" branch-rate="0.8636" complexity="22">
          <methods>
            <method name="MoveNext" signature="()" line-rate="0.9186" branch-rate="0.8636" complexity="22">
              <lines>
                <line number="40" hits="27" branch="False" />
                <line number="42" hits="27" branch="True" condition-coverage="100% (2/2)">
                  <conditions>
                    <condition number="32" type="jump" coverage="100%" />
                  </conditions>
                </line>
                <line number="44" hits="27" branch="True" condition-coverage="100% (2/2)">
                  <conditions>
                    <condition number="62" type="jump" coverage="100%" />
                  </conditions>
                </line>
                <line number="45" hits="1" branch="False" />
                <line number="46" hits="1" branch="False" />
                <line number="47" hits="1" branch="False" />
                <line number="48" hits="1" branch="False" />
                <line number="49" hits="1" branch="False" />
                <line number="50" hits="1" branch="False" />
                <line number="53" hits="26" branch="False" />
                <line number="54" hits="26" branch="False" />
                <line number="55" hits="26" branch="False" />
                <line number="58" hits="26" branch="False" />
                <line number="59" hits="26" branch="True" condition-coverage="100% (2/2)">
                  <conditions>
                    <condition number="167" type="jump" coverage="100%" />
                  </conditions>
                </line>
                <line number="60" hits="26" branch="False" />
                <line number="61" hits="26" branch="False" />
                <line number="63" hits="26" branch="True" condition-coverage="100% (2/2)">
                  <conditions>
                    <condition number="199" type="jump" coverage="100%" />
                  </conditions>
                </line>
                <line number="64" hits="1" branch="False" />
                <line number="65" hits="1" branch="False" />
                <line number="66" hits="1" branch="False" />
                <line number="68" hits="26" branch="True" condition-coverage="100% (2/2)">
                  <conditions>
                    <condition number="234" type="jump" coverage="100%" />
                  </conditions>
                </line>
                <line number="71" hits="26" branch="False" />
                <line number="72" hits="36" branch="False" />
                <line number="73" hits="36" branch="False" />
                <line number="74" hits="36" branch="False" />
                <line number="77" hits="36" branch="False" />
                <line number="79" hits="36" branch="False" />
                <line number="82" hits="35" branch="False" />
                <line number="83" hits="19" branch="False" />
                <line number="86" hits="19" branch="False" />
                <line number="88" hits="19" branch="False" />
                <line number="89" hits="19" branch="False" />
                <line number="90" hits="19" branch="False" />
                <line number="91" hits="19" branch="True" condition-coverage="50% (1/2)">
                  <conditions>
                    <condition number="848" type="jump" coverage="50%" />
                  </conditions>
                </line>
                <line number="92" hits="0" branch="False" />
                <line number="94" hits="0" branch="False" />
                <line number="95" hits="0" branch="False" />
                <line number="96" hits="0" branch="False" />
                <line number="97" hits="0" branch="False" />
                <line number="98" hits="0" branch="False" />
                <line number="99" hits="0" branch="False" />
                <line number="100" hits="19" branch="True" condition-coverage="100% (2/2)">
                  <conditions>
                    <condition number="935" type="jump" coverage="100%" />
                  </conditions>
                </line>
                <line number="101" hits="18" branch="False" />
                <line number="103" hits="18" branch="False" />
                <line number="104" hits="18" branch="False" />
                <line number="106" hits="1" branch="False" />
                <line number="108" hits="1" branch="False" />
                <line number="109" hits="1" branch="False" />
                <line number="110" hits="1" branch="False" />
                <line number="111" hits="1" branch="False" />
                <line number="112" hits="1" branch="False" />
                <line number="113" hits="1" branch="False" />
                <line number="114" hits="19" branch="False" />
                <line number="138" hits="19" branch="False" />
                <line number="139" hits="19" branch="False" />
                <line number="140" hits="19" branch="False" />
                <line number="141" hits="19" branch="False" />
                <line number="142" hits="19" branch="False" />
                <line number="143" hits="19" branch="False" />
                <line number="144" hits="19" branch="False" />
                <line number="145" hits="19" branch="False" />
                <line number="147" hits="17" branch="False" />
                <line number="148" hits="16" branch="False" />
                <line number="149" hits="16" branch="False" />
                <line number="152" hits="16" branch="True" condition-coverage="100% (2/2)">
                  <conditions>
                    <condition number="1310" type="jump" coverage="100%" />
                  </conditions>
                </line>
                <line number="153" hits="6" branch="False" />
                <line number="154" hits="6" branch="False" />
                <line number="158" hits="10" branch="False" />
                <line number="159" hits="10" branch="False" />
                <line number="160" hits="10" branch="False" />
                <line number="161" hits="10" branch="False" />
                <line number="164" hits="6" branch="False" />
                <line number="165" hits="6" branch="True" condition-coverage="50% (2/4)">
                  <conditions>
                    <condition number="1534" type="jump" coverage="50%" />
                    <condition number="1546" type="jump" coverage="50%" />
                  </conditions>
                </line>
                <line number="166" hits="6" branch="False" />
                <line number="167" hits="6" branch="False" />
                <line number="168" hits="6" branch="False" />
                <line number="169" hits="6" branch="False" />
                <line number="170" hits="6" branch="False" />
                <line number="171" hits="6" branch="False" />
                <line number="172" hits="6" branch="False" />
                <line number="173" hits="6" branch="False" />
                <line number="174" hits="6" branch="False" />
                <line number="177" hits="26" branch="False" />
                <line number="178" hits="26" branch="True" condition-coverage="100% (2/2)">
                  <conditions>
                    <condition number="1614" type="jump" coverage="100%" />
                  </conditions>
                </line>
                <line number="179" hits="26" branch="False" />
                <line number="180" hits="26" branch="False" />
              </lines>
            </method>
          </methods>
          <lines>
            <line number="40" hits="27" branch="False" />
            <line number="42" hits="27" branch="True" condition-coverage="100% (2/2)">
              <conditions>
                <condition number="32" type="jump" coverage="100%" />
              </conditions>
            </line>
            <line number="44" hits="27" branch="True" condition-coverage="100% (2/2)">
              <conditions>
                <condition number="62" type="jump" coverage="100%" />
              </conditions>
            </line>
            <line number="45" hits="1" branch="False" />
            <line number="46" hits="1" branch="False" />
            <line number="47" hits="1" branch="False" />
            <line number="48" hits="1" branch="False" />
            <line number="49" hits="1" branch="False" />
            <line number="50" hits="1" branch="False" />
            <line number="53" hits="26" branch="False" />
            <line number="54" hits="26" branch="False" />
            <line number="55" hits="26" branch="False" />
            <line number="58" hits="26" branch="False" />
            <line number="59" hits="26" branch="True" condition-coverage="100% (2/2)">
              <conditions>
                <condition number="167" type="jump" coverage="100%" />
              </conditions>
            </line>
            <line number="60" hits="26" branch="False" />
            <line number="61" hits="26" branch="False" />
            <line number="63" hits="26" branch="True" condition-coverage="100% (2/2)">
              <conditions>
                <condition number="199" type="jump" coverage="100%" />
              </conditions>
            </line>
            <line number="64" hits="1" branch="False" />
            <line number="65" hits="1" branch="False" />
            <line number="66" hits="1" branch="False" />
            <line number="68" hits="26" branch="True" condition-coverage="100% (2/2)">
              <conditions>
                <condition number="234" type="jump" coverage="100%" />
              </conditions>
            </line>
            <line number="71" hits="26" branch="False" />
            <line number="72" hits="36" branch="False" />
            <line number="73" hits="36" branch="False" />
            <line number="74" hits="36" branch="False" />
            <line number="77" hits="36" branch="False" />
            <line number="79" hits="36" branch="False" />
            <line number="82" hits="35" branch="False" />
            <line number="83" hits="19" branch="False" />
            <line number="86" hits="19" branch="False" />
            <line number="88" hits="19" branch="False" />
            <line number="89" hits="19" branch="False" />
            <line number="90" hits="19" branch="False" />
            <line number="91" hits="19" branch="True" condition-coverage="50% (1/2)">
              <conditions>
                <condition number="848" type="jump" coverage="50%" />
              </conditions>
            </line>
            <line number="92" hits="0" branch="False" />
            <line number="94" hits="0" branch="False" />
            <line number="95" hits="0" branch="False" />
            <line number="96" hits="0" branch="False" />
            <line number="97" hits="0" branch="False" />
            <line number="98" hits="0" branch="False" />
            <line number="99" hits="0" branch="False" />
            <line number="100" hits="19" branch="True" condition-coverage="100% (2/2)">
              <conditions>
                <condition number="935" type="jump" coverage="100%" />
              </conditions>
            </line>
            <line number="101" hits="18" branch="False" />
            <line number="103" hits="18" branch="False" />
            <line number="104" hits="18" branch="False" />
            <line number="106" hits="1" branch="False" />
            <line number="108" hits="1" branch="False" />
            <line number="109" hits="1" branch="False" />
            <line number="110" hits="1" branch="False" />
            <line number="111" hits="1" branch="False" />
            <line number="112" hits="1" branch="False" />
            <line number="113" hits="1" branch="False" />
            <line number="114" hits="19" branch="False" />
            <line number="138" hits="19" branch="False" />
            <line number="139" hits="19" branch="False" />
            <line number="140" hits="19" branch="False" />
            <line number="141" hits="19" branch="False" />
            <line number="142" hits="19" branch="False" />
            <line number="143" hits="19" branch="False" />
            <line number="144" hits="19" branch="False" />
            <line number="145" hits="19" branch="False" />
            <line number="147" hits="17" branch="False" />
            <line number="148" hits="16" branch="False" />
            <line number="149" hits="16" branch="False" />
            <line number="152" hits="16" branch="True" condition-coverage="100% (2/2)">
              <conditions>
                <condition number="1310" type="jump" coverage="100%" />
              </conditions>
            </line>
            <line number="153" hits="6" branch="False" />
            <line number="154" hits="6" branch="False" />
            <line number="158" hits="10" branch="False" />
            <line number="159" hits="10" branch="False" />
            <line number="160" hits="10" branch="False" />
            <line number="161" hits="10" branch="False" />
            <line number="164" hits="6" branch="False" />
            <line number="165" hits="6" branch="True" condition-coverage="50% (2/4)">
              <conditions>
                <condition number="1534" type="jump" coverage="50%" />
                <condition number="1546" type="jump" coverage="50%" />
              </conditions>
            </line>
            <line number="166" hits="6" branch="False" />
            <line number="167" hits="6" branch="False" />
            <line number="168" hits="6" branch="False" />
            <line number="169" hits="6" branch="False" />
            <line number="170" hits="6" branch="False" />
            <line number="171" hits="6" branch="False" />
            <line number="172" hits="6" branch="False" />
            <line number="173" hits="6" branch="False" />
            <line number="174" hits="6" branch="False" />
            <line number="177" hits="26" branch="False" />
            <line number="178" hits="26" branch="True" condition-coverage="100% (2/2)">
              <conditions>
                <condition number="1614" type="jump" coverage="100%" />
              </conditions>
            </line>
            <line number="179" hits="26" branch="False" />
            <line number="180" hits="26" branch="False" />
          </lines>
        </class>
        <class name="WorkflowCore.Services.JsonPathTransformer" filename="Services/JsonPathTransformer.cs" line-rate="0.8541" branch-rate="0.7333" complexity="30">
          <methods>
            <method name="TransformAsync" signature="(System.String,System.Object)" line-rate="1" branch-rate="0.9" complexity="10">
              <lines>
                <line number="14" hits="18" branch="False" />
                <line number="15" hits="18" branch="True" condition-coverage="100% (2/2)">
                  <conditions>
                    <condition number="11" type="jump" coverage="100%" />
                  </conditions>
                </line>
                <line number="16" hits="3" branch="False" />
                <line number="17" hits="3" branch="False" />
                <line number="20" hits="15" branch="True" condition-coverage="100% (2/2)">
                  <conditions>
                    <condition number="38" type="jump" coverage="100%" />
                  </conditions>
                </line>
                <line number="21" hits="1" branch="False" />
                <line number="22" hits="1" branch="False" />
                <line number="26" hits="14" branch="False" />
                <line number="27" hits="14" branch="False" />
                <line number="30" hits="14" branch="False" />
                <line number="31" hits="14" branch="False" />
                <line number="34" hits="14" branch="True" condition-coverage="75% (3/4)">
                  <conditions>
                    <condition number="110" type="jump" coverage="50%" />
                    <condition number="133" type="jump" coverage="100%" />
                  </conditions>
                </line>
                <line number="35" hits="2" branch="False" />
                <line number="36" hits="2" branch="False" />
                <line number="40" hits="12" branch="True" condition-coverage="100% (2/2)">
                  <conditions>
                    <condition number="164" type="jump" coverage="100%" />
                  </conditions>
                </line>
                <line number="41" hits="6" branch="False" />
                <line number="42" hits="6" branch="False" />
                <line number="43" hits="6" branch="False" />
                <line number="47" hits="20" branch="False" />
                <line number="48" hits="6" branch="False" />
                <line number="49" hits="14" branch="False" />
              </lines>
            </method>
            <method name="ConvertJsonNodeToObject" signature="(System.Text.Json.Nodes.JsonNode)" line-rate="0.7406999999999999" branch-rate="0.65" complexity="20">
              <lines>
                <line number="52" hits="32" branch="False" />
                <line number="53" hits="32" branch="True" condition-coverage="50% (1/2)">
                  <conditions>
                    <condition number="7" type="jump" coverage="50%" />
                  </conditions>
                </line>
                <line number="54" hits="0" branch="False" />
                <line number="55" hits="0" branch="False" />
                <line number="58" hits="32" branch="True" condition-coverage="100% (2/2)">
                  <conditions>
                    <condition number="33" type="jump" coverage="100%" />
                  </conditions>
                </line>
                <line number="59" hits="26" branch="False" />
                <line number="61" hits="26" branch="True" condition-coverage="100% (2/2)">
                  <conditions>
                    <condition number="51" type="jump" coverage="100%" />
                  </conditions>
                </line>
                <line number="62" hits="16" branch="False" />
                <line number="63" hits="10" branch="True" condition-coverage="100% (2/2)">
                  <conditions>
                    <condition number="74" type="jump" coverage="100%" />
                  </conditions>
                </line>
                <line number="64" hits="6" branch="False" />
                <line number="65" hits="4" branch="True" condition-coverage="50% (1/2)">
                  <conditions>
                    <condition number="102" type="jump" coverage="50%" />
                  </conditions>
                </line>
                <line number="66" hits="0" branch="False" />
                <line number="67" hits="4" branch="True" condition-coverage="100% (2/2)">
                  <conditions>
                    <condition number="130" type="jump" coverage="100%" />
                  </conditions>
                </line>
                <line number="68" hits="1" branch="False" />
                <line number="69" hits="3" branch="True" condition-coverage="50% (1/2)">
                  <conditions>
                    <condition number="158" type="jump" coverage="50%" />
                  </conditions>
                </line>
                <line number="70" hits="3" branch="False" />
                <line number="71" hits="0" branch="False" />
                <line number="73" hits="6" branch="True" condition-coverage="50% (1/2)">
                  <conditions>
                    <condition number="190" type="jump" coverage="50%" />
                  </conditions>
                </line>
                <line number="74" hits="0" branch="False" />
                <line number="75" hits="0" branch="True" condition-coverage="0% (0/2)">
                  <conditions>
                    <condition number="200" type="jump" coverage="0%" />
                  </conditions>
                </line>
                <line number="78" hits="6" branch="True" condition-coverage="50% (1/2)">
                  <conditions>
                    <condition number="250" type="jump" coverage="50%" />
                  </conditions>
                </line>
                <line number="79" hits="6" branch="False" />
                <line number="80" hits="6" branch="False" />
                <line number="81" hits="12" branch="False" />
                <line number="82" hits="18" branch="False" />
                <line number="85" hits="0" branch="False" />
                <line number="86" hits="32" branch="False" />
              </lines>
            </method>
          </methods>
          <lines>
            <line number="14" hits="18" branch="False" />
            <line number="15" hits="18" branch="True" condition-coverage="100% (2/2)">
              <conditions>
                <condition number="11" type="jump" coverage="100%" />
              </conditions>
            </line>
            <line number="16" hits="3" branch="False" />
            <line number="17" hits="3" branch="False" />
            <line number="20" hits="15" branch="True" condition-coverage="100% (2/2)">
              <conditions>
                <condition number="38" type="jump" coverage="100%" />
              </conditions>
            </line>
            <line number="21" hits="1" branch="False" />
            <line number="22" hits="1" branch="False" />
            <line number="26" hits="14" branch="False" />
            <line number="27" hits="14" branch="False" />
            <line number="30" hits="14" branch="False" />
            <line number="31" hits="14" branch="False" />
            <line number="34" hits="14" branch="True" condition-coverage="75% (3/4)">
              <conditions>
                <condition number="110" type="jump" coverage="50%" />
                <condition number="133" type="jump" coverage="100%" />
              </conditions>
            </line>
            <line number="35" hits="2" branch="False" />
            <line number="36" hits="2" branch="False" />
            <line number="40" hits="12" branch="True" condition-coverage="100% (2/2)">
              <conditions>
                <condition number="164" type="jump" coverage="100%" />
              </conditions>
            </line>
            <line number="41" hits="6" branch="False" />
            <line number="42" hits="6" branch="False" />
            <line number="43" hits="6" branch="False" />
            <line number="47" hits="20" branch="False" />
            <line number="48" hits="6" branch="False" />
            <line number="49" hits="14" branch="False" />
            <line number="52" hits="32" branch="False" />
            <line number="53" hits="32" branch="True" condition-coverage="50% (1/2)">
              <conditions>
                <condition number="7" type="jump" coverage="50%" />
              </conditions>
            </line>
            <line number="54" hits="0" branch="False" />
            <line number="55" hits="0" branch="False" />
            <line number="58" hits="32" branch="True" condition-coverage="100% (2/2)">
              <conditions>
                <condition number="33" type="jump" coverage="100%" />
              </conditions>
            </line>
            <line number="59" hits="26" branch="False" />
            <line number="61" hits="26" branch="True" condition-coverage="100% (2/2)">
              <conditions>
                <condition number="51" type="jump" coverage="100%" />
              </conditions>
            </line>
            <line number="62" hits="16" branch="False" />
            <line number="63" hits="10" branch="True" condition-coverage="100% (2/2)">
              <conditions>
                <condition number="74" type="jump" coverage="100%" />
              </conditions>
            </line>
            <line number="64" hits="6" branch="False" />
            <line number="65" hits="4" branch="True" condition-coverage="50% (1/2)">
              <conditions>
                <condition number="102" type="jump" coverage="50%" />
              </conditions>
            </line>
            <line number="66" hits="0" branch="False" />
            <line number="67" hits="4" branch="True" condition-coverage="100% (2/2)">
              <conditions>
                <condition number="130" type="jump" coverage="100%" />
              </conditions>
            </line>
            <line number="68" hits="1" branch="False" />
            <line number="69" hits="3" branch="True" condition-coverage="50% (1/2)">
              <conditions>
                <condition number="158" type="jump" coverage="50%" />
              </conditions>
            </line>
            <line number="70" hits="3" branch="False" />
            <line number="71" hits="0" branch="False" />
            <line number="73" hits="6" branch="True" condition-coverage="50% (1/2)">
              <conditions>
                <condition number="190" type="jump" coverage="50%" />
              </conditions>
            </line>
            <line number="74" hits="0" branch="False" />
            <line number="75" hits="0" branch="True" condition-coverage="0% (0/2)">
              <conditions>
                <condition number="200" type="jump" coverage="0%" />
              </conditions>
            </line>
            <line number="78" hits="6" branch="True" condition-coverage="50% (1/2)">
              <conditions>
                <condition number="250" type="jump" coverage="50%" />
              </conditions>
            </line>
            <line number="79" hits="6" branch="False" />
            <line number="80" hits="6" branch="False" />
            <line number="81" hits="12" branch="False" />
            <line number="82" hits="18" branch="False" />
            <line number="85" hits="0" branch="False" />
            <line number="86" hits="32" branch="False" />
          </lines>
        </class>
        <class name="WorkflowCore.Services.RetryPolicy" filename="Services/RetryPolicy.cs" line-rate="1" branch-rate="0.9285" complexity="14">
          <methods>
            <method name="CalculateDelay" signature="(System.Int32)" line-rate="1" branch-rate="1" complexity="2">
              <lines>
                <line number="21" hits="11" branch="False" />
                <line number="22" hits="11" branch="True" condition-coverage="100% (2/2)">
                  <conditions>
                    <condition number="7" type="jump" coverage="100%" />
                  </conditions>
                </line>
                <line number="23" hits="2" branch="False" />
                <line number="24" hits="2" branch="False" />
                <line number="28" hits="9" branch="False" />
                <line number="29" hits="9" branch="False" />
                <line number="32" hits="9" branch="False" />
                <line number="34" hits="9" branch="False" />
                <line number="35" hits="11" branch="False" />
              </lines>
            </method>
            <method name="ShouldRetry" signature="(System.Exception,System.Int32)" line-rate="1" branch-rate="1" complexity="10">
              <lines>
                <line number="38" hits="10" branch="False" />
                <line number="40" hits="10" branch="True" condition-coverage="100% (2/2)">
                  <conditions>
                    <condition number="17" type="jump" coverage="100%" />
                  </conditions>
                </line>
                <line number="41" hits="2" branch="False" />
                <line number="42" hits="2" branch="False" />
                <line number="46" hits="8" branch="True" condition-coverage="100% (6/6)">
                  <conditions>
                    <condition number="30" type="jump" coverage="100%" />
                    <condition number="38" type="jump" coverage="100%" />
                    <condition number="51" type="jump" coverage="100%" />
                  </conditions>
                </line>
                <line number="47" hits="2" branch="False" />
                <line number="48" hits="2" branch="False" />
                <line number="52" hits="6" branch="True" condition-coverage="100% (2/2)">
                  <conditions>
                    <condition number="71" type="jump" coverage="100%" />
                  </conditions>
                </line>
                <line number="53" hits="5" branch="False" />
                <line number="54" hits="5" branch="False" />
                <line number="58" hits="1" branch="False" />
                <line number="59" hits="10" branch="False" />
              </lines>
            </method>
            <method name=".ctor" signature="(WorkflowCore.Models.RetryPolicyOptions)" line-rate="1" branch-rate="0.5" complexity="2">
              <lines>
                <line number="15" hits="12" branch="False" />
                <line number="16" hits="12" branch="False" />
                <line number="17" hits="12" branch="True" condition-coverage="50% (1/2)">
                  <conditions>
                    <condition number="11" type="jump" coverage="50%" />
                  </conditions>
                </line>
                <line number="18" hits="12" branch="False" />
              </lines>
            </method>
          </methods>
          <lines>
            <line number="21" hits="11" branch="False" />
            <line number="22" hits="11" branch="True" condition-coverage="100% (2/2)">
              <conditions>
                <condition number="7" type="jump" coverage="100%" />
              </conditions>
            </line>
            <line number="23" hits="2" branch="False" />
            <line number="24" hits="2" branch="False" />
            <line number="28" hits="9" branch="False" />
            <line number="29" hits="9" branch="False" />
            <line number="32" hits="9" branch="False" />
            <line number="34" hits="9" branch="False" />
            <line number="35" hits="11" branch="False" />
            <line number="38" hits="10" branch="False" />
            <line number="40" hits="10" branch="True" condition-coverage="100% (2/2)">
              <conditions>
                <condition number="17" type="jump" coverage="100%" />
              </conditions>
            </line>
            <line number="41" hits="2" branch="False" />
            <line number="42" hits="2" branch="False" />
            <line number="46" hits="8" branch="True" condition-coverage="100% (6/6)">
              <conditions>
                <condition number="30" type="jump" coverage="100%" />
                <condition number="38" type="jump" coverage="100%" />
                <condition number="51" type="jump" coverage="100%" />
              </conditions>
            </line>
            <line number="47" hits="2" branch="False" />
            <line number="48" hits="2" branch="False" />
            <line number="52" hits="6" branch="True" condition-coverage="100% (2/2)">
              <conditions>
                <condition number="71" type="jump" coverage="100%" />
              </conditions>
            </line>
            <line number="53" hits="5" branch="False" />
            <line number="54" hits="5" branch="False" />
            <line number="58" hits="1" branch="False" />
            <line number="59" hits="10" branch="False" />
            <line number="15" hits="12" branch="False" />
            <line number="16" hits="12" branch="False" />
            <line number="17" hits="12" branch="True" condition-coverage="50% (1/2)">
              <conditions>
                <condition number="11" type="jump" coverage="50%" />
              </conditions>
            </line>
            <line number="18" hits="12" branch="False" />
          </lines>
        </class>
        <class name="WorkflowCore.Services.SchemaParser" filename="Services/SchemaParser.cs" line-rate="0.8125" branch-rate="1" complexity="2">
          <methods>
            <method name="ParseAsync" signature="(WorkflowCore.Models.SchemaDefinition)" line-rate="0.8125" branch-rate="1" complexity="2">
              <lines>
                <line number="16" hits="18" branch="False" />
                <line number="17" hits="18" branch="True" condition-coverage="100% (2/2)">
                  <conditions>
                    <condition number="7" type="jump" coverage="100%" />
                  </conditions>
                </line>
                <line number="18" hits="1" branch="False" />
                <line number="19" hits="1" branch="False" />
                <line number="23" hits="17" branch="False" />
                <line number="26" hits="17" branch="False" />
                <line number="27" hits="17" branch="False" />
                <line number="28" hits="17" branch="False" />
                <line number="29" hits="17" branch="False" />
                <line number="31" hits="17" branch="False" />
                <line number="32" hits="17" branch="False" />
                <line number="33" hits="17" branch="False" />
                <line number="35" hits="0" branch="False" />
                <line number="36" hits="0" branch="False" />
                <line number="37" hits="0" branch="False" />
                <line number="39" hits="18" branch="False" />
              </lines>
            </method>
          </methods>
          <lines>
            <line number="16" hits="18" branch="False" />
            <line number="17" hits="18" branch="True" condition-coverage="100% (2/2)">
              <conditions>
                <condition number="7" type="jump" coverage="100%" />
              </conditions>
            </line>
            <line number="18" hits="1" branch="False" />
            <line number="19" hits="1" branch="False" />
            <line number="23" hits="17" branch="False" />
            <line number="26" hits="17" branch="False" />
            <line number="27" hits="17" branch="False" />
            <line number="28" hits="17" branch="False" />
            <line number="29" hits="17" branch="False" />
            <line number="31" hits="17" branch="False" />
            <line number="32" hits="17" branch="False" />
            <line number="33" hits="17" branch="False" />
            <line number="35" hits="0" branch="False" />
            <line number="36" hits="0" branch="False" />
            <line number="37" hits="0" branch="False" />
            <line number="39" hits="18" branch="False" />
          </lines>
        </class>
        <class name="WorkflowCore.Services.SchemaParseException" filename="Services/SchemaParser.cs" line-rate="1" branch-rate="1" complexity="1">
          <methods>
            <method name=".ctor" signature="(System.String,System.Exception)" line-rate="1" branch-rate="1" complexity="1">
              <lines>
                <line number="45" hits="2" branch="False" />
                <line number="46" hits="2" branch="False" />
                <line number="47" hits="2" branch="False" />
              </lines>
            </method>
          </methods>
          <lines>
            <line number="45" hits="2" branch="False" />
            <line number="46" hits="2" branch="False" />
            <line number="47" hits="2" branch="False" />
          </lines>
        </class>
        <class name="WorkflowCore.Services.SchemaValidator" filename="Services/SchemaValidator.cs" line-rate="1" branch-rate="0.5" complexity="2">
          <methods>
            <method name=".ctor" signature="(WorkflowCore.Services.ISchemaParser)" line-rate="1" branch-rate="0.5" complexity="2">
              <lines>
                <line number="17" hits="8" branch="False" />
                <line number="18" hits="8" branch="False" />
                <line number="19" hits="8" branch="True" condition-coverage="50% (1/2)">
                  <conditions>
                    <condition number="11" type="jump" coverage="50%" />
                  </conditions>
                </line>
                <line number="20" hits="8" branch="False" />
              </lines>
            </method>
          </methods>
          <lines>
            <line number="17" hits="8" branch="False" />
            <line number="18" hits="8" branch="False" />
            <line number="19" hits="8" branch="True" condition-coverage="50% (1/2)">
              <conditions>
                <condition number="11" type="jump" coverage="50%" />
              </conditions>
            </line>
            <line number="20" hits="8" branch="False" />
          </lines>
        </class>
        <class name="WorkflowCore.Services.SchemaValidator/&lt;ValidateAsync&gt;d__2" filename="Services/SchemaValidator.cs" line-rate="0.9512" branch-rate="0.8332999999999999" complexity="18">
          <methods>
            <method name="MoveNext" signature="()" line-rate="0.9512" branch-rate="0.8332999999999999" complexity="18">
              <lines>
                <line number="23" hits="8" branch="False" />
                <line number="24" hits="8" branch="True" condition-coverage="100% (2/2)">
                  <conditions>
                    <condition number="26" type="jump" coverage="100%" />
                  </conditions>
                </line>
                <line number="25" hits="1" branch="False" />
                <line number="26" hits="1" branch="False" />
                <line number="29" hits="7" branch="False" />
                <line number="30" hits="7" branch="True" condition-coverage="50% (1/2)">
                  <conditions>
                    <condition number="198" type="jump" coverage="50%" />
                  </conditions>
                </line>
                <line number="31" hits="0" branch="False" />
                <line number="32" hits="0" branch="False" />
                <line number="35" hits="7" branch="False" />
                <line number="36" hits="7" branch="False" />
                <line number="38" hits="7" branch="False" />
                <line number="39" hits="7" branch="False" />
                <line number="40" hits="7" branch="False" />
                <line number="41" hits="7" branch="False" />
                <line number="43" hits="7" branch="True" condition-coverage="100% (2/2)">
                  <conditions>
                    <condition number="326" type="jump" coverage="100%" />
                  </conditions>
                </line>
                <line number="44" hits="3" branch="False" />
                <line number="45" hits="3" branch="False" />
                <line number="48" hits="4" branch="False" />
                <line number="49" hits="4" branch="True" condition-coverage="100% (2/2)">
                  <conditions>
                    <condition number="377" type="jump" coverage="100%" />
                  </conditions>
                </line>
                <line number="50" hits="4" branch="False" />
                <line number="51" hits="30" branch="True" condition-coverage="100% (2/2)">
                  <conditions>
                    <condition number="681" type="jump" coverage="100%" />
                  </conditions>
                </line>
                <line number="52" hits="9" branch="False" />
                <line number="53" hits="9" branch="True" condition-coverage="75% (3/4)">
                  <conditions>
                    <condition number="440" type="jump" coverage="50%" />
                    <condition number="463" type="jump" coverage="100%" />
                  </conditions>
                </line>
                <line number="54" hits="5" branch="False" />
                <line number="55" hits="25" branch="True" condition-coverage="100% (2/2)">
                  <conditions>
                    <condition number="622" type="jump" coverage="100%" />
                  </conditions>
                </line>
                <line number="56" hits="5" branch="False" />
                <line number="57" hits="5" branch="True" condition-coverage="50% (1/2)">
                  <conditions>
                    <condition number="560" type="jump" coverage="50%" />
                  </conditions>
                </line>
                <line number="58" hits="5" branch="False" />
                <line number="59" hits="5" branch="False" />
                <line number="60" hits="5" branch="False" />
                <line number="61" hits="5" branch="False" />
                <line number="62" hits="5" branch="False" />
                <line number="63" hits="5" branch="False" />
                <line number="64" hits="9" branch="False" />
                <line number="65" hits="4" branch="False" />
                <line number="67" hits="4" branch="False" />
                <line number="68" hits="4" branch="False" />
                <line number="69" hits="4" branch="False" />
                <line number="70" hits="4" branch="False" />
                <line number="71" hits="4" branch="False" />
                <line number="72" hits="8" branch="False" />
              </lines>
            </method>
          </methods>
          <lines>
            <line number="23" hits="8" branch="False" />
            <line number="24" hits="8" branch="True" condition-coverage="100% (2/2)">
              <conditions>
                <condition number="26" type="jump" coverage="100%" />
              </conditions>
            </line>
            <line number="25" hits="1" branch="False" />
            <line number="26" hits="1" branch="False" />
            <line number="29" hits="7" branch="False" />
            <line number="30" hits="7" branch="True" condition-coverage="50% (1/2)">
              <conditions>
                <condition number="198" type="jump" coverage="50%" />
              </conditions>
            </line>
            <line number="31" hits="0" branch="False" />
            <line number="32" hits="0" branch="False" />
            <line number="35" hits="7" branch="False" />
            <line number="36" hits="7" branch="False" />
            <line number="38" hits="7" branch="False" />
            <line number="39" hits="7" branch="False" />
            <line number="40" hits="7" branch="False" />
            <line number="41" hits="7" branch="False" />
            <line number="43" hits="7" branch="True" condition-coverage="100% (2/2)">
              <conditions>
                <condition number="326" type="jump" coverage="100%" />
              </conditions>
            </line>
            <line number="44" hits="3" branch="False" />
            <line number="45" hits="3" branch="False" />
            <line number="48" hits="4" branch="False" />
            <line number="49" hits="4" branch="True" condition-coverage="100% (2/2)">
              <conditions>
                <condition number="377" type="jump" coverage="100%" />
              </conditions>
            </line>
            <line number="50" hits="4" branch="False" />
            <line number="51" hits="30" branch="True" condition-coverage="100% (2/2)">
              <conditions>
                <condition number="681" type="jump" coverage="100%" />
              </conditions>
            </line>
            <line number="52" hits="9" branch="False" />
            <line number="53" hits="9" branch="True" condition-coverage="75% (3/4)">
              <conditions>
                <condition number="440" type="jump" coverage="50%" />
                <condition number="463" type="jump" coverage="100%" />
              </conditions>
            </line>
            <line number="54" hits="5" branch="False" />
            <line number="55" hits="25" branch="True" condition-coverage="100% (2/2)">
              <conditions>
                <condition number="622" type="jump" coverage="100%" />
              </conditions>
            </line>
            <line number="56" hits="5" branch="False" />
            <line number="57" hits="5" branch="True" condition-coverage="50% (1/2)">
              <conditions>
                <condition number="560" type="jump" coverage="50%" />
              </conditions>
            </line>
            <line number="58" hits="5" branch="False" />
            <line number="59" hits="5" branch="False" />
            <line number="60" hits="5" branch="False" />
            <line number="61" hits="5" branch="False" />
            <line number="62" hits="5" branch="False" />
            <line number="63" hits="5" branch="False" />
            <line number="64" hits="9" branch="False" />
            <line number="65" hits="4" branch="False" />
            <line number="67" hits="4" branch="False" />
            <line number="68" hits="4" branch="False" />
            <line number="69" hits="4" branch="False" />
            <line number="70" hits="4" branch="False" />
            <line number="71" hits="4" branch="False" />
            <line number="72" hits="8" branch="False" />
          </lines>
        </class>
        <class name="WorkflowCore.Services.TemplateParser" filename="Services/TemplateParser.cs" line-rate="0.8726999999999999" branch-rate="0.6666" complexity="19">
          <methods>
            <method name="Parse" signature="(System.String)" line-rate="0.875" branch-rate="0.8332999999999999" complexity="6">
              <lines>
                <line number="16" hits="5" branch="False" />
                <line number="17" hits="5" branch="False" />
                <line number="18" hits="5" branch="False" />
                <line number="21" hits="5" branch="True" condition-coverage="75% (3/4)">
                  <conditions>
                    <condition number="24" type="jump" coverage="50%" />
                    <condition number="45" type="jump" coverage="100%" />
                  </conditions>
                </line>
                <line number="22" hits="1" branch="False" />
                <line number="23" hits="1" branch="False" />
                <line number="24" hits="1" branch="False" />
                <line number="25" hits="1" branch="False" />
                <line number="26" hits="1" branch="False" />
                <line number="27" hits="1" branch="False" />
                <line number="28" hits="1" branch="False" />
                <line number="29" hits="1" branch="False" />
                <line number="32" hits="4" branch="False" />
                <line number="34" hits="22" branch="True" condition-coverage="100% (2/2)">
                  <conditions>
                    <condition number="220" type="jump" coverage="100%" />
                  </conditions>
                </line>
                <line number="35" hits="5" branch="False" />
                <line number="36" hits="5" branch="False" />
                <line number="39" hits="5" branch="False" />
                <line number="40" hits="5" branch="False" />
                <line number="41" hits="5" branch="False" />
                <line number="42" hits="5" branch="False" />
                <line number="43" hits="0" branch="False" />
                <line number="44" hits="0" branch="False" />
                <line number="45" hits="0" branch="False" />
                <line number="46" hits="0" branch="False" />
                <line number="47" hits="5" branch="False" />
                <line number="49" hits="4" branch="False" />
                <line number="50" hits="4" branch="False" />
                <line number="51" hits="4" branch="False" />
                <line number="52" hits="4" branch="False" />
                <line number="53" hits="4" branch="False" />
                <line number="54" hits="4" branch="False" />
                <line number="55" hits="5" branch="False" />
              </lines>
            </method>
            <method name="ParseExpression" signature="(System.String)" line-rate="0.8636" branch-rate="0.5832999999999999" complexity="12">
              <lines>
                <line number="58" hits="5" branch="False" />
                <line number="59" hits="5" branch="False" />
                <line number="61" hits="5" branch="True" condition-coverage="50% (1/2)">
                  <conditions>
                    <condition number="19" type="jump" coverage="50%" />
                  </conditions>
                </line>
                <line number="62" hits="0" branch="False" />
                <line number="63" hits="0" branch="False" />
                <line number="66" hits="5" branch="True" condition-coverage="100% (2/2)">
                  <conditions>
                    <condition number="54" type="jump" coverage="100%" />
                  </conditions>
                </line>
                <line number="67" hits="2" branch="False" />
                <line number="68" hits="2" branch="False" />
                <line number="69" hits="2" branch="False" />
                <line number="70" hits="2" branch="False" />
                <line number="71" hits="2" branch="False" />
                <line number="72" hits="2" branch="False" />
                <line number="75" hits="3" branch="True" condition-coverage="50% (3/6)">
                  <conditions>
                    <condition number="110" type="jump" coverage="50%" />
                    <condition number="116" type="jump" coverage="50%" />
                    <condition number="138" type="jump" coverage="50%" />
                  </conditions>
                </line>
                <line number="76" hits="3" branch="False" />
                <line number="77" hits="3" branch="True" condition-coverage="50% (1/2)">
                  <conditions>
                    <condition number="169" type="jump" coverage="50%" />
                  </conditions>
                </line>
                <line number="78" hits="3" branch="False" />
                <line number="79" hits="3" branch="False" />
                <line number="80" hits="3" branch="False" />
                <line number="81" hits="3" branch="False" />
                <line number="82" hits="3" branch="False" />
                <line number="85" hits="0" branch="False" />
                <line number="86" hits="5" branch="False" />
              </lines>
            </method>
            <method name=".cctor" signature="()" line-rate="1" branch-rate="1" complexity="1">
              <lines>
                <line number="13" hits="1" branch="False" />
              </lines>
            </method>
          </methods>
          <lines>
            <line number="16" hits="5" branch="False" />
            <line number="17" hits="5" branch="False" />
            <line number="18" hits="5" branch="False" />
            <line number="21" hits="5" branch="True" condition-coverage="75% (3/4)">
              <conditions>
                <condition number="24" type="jump" coverage="50%" />
                <condition number="45" type="jump" coverage="100%" />
              </conditions>
            </line>
            <line number="22" hits="1" branch="False" />
            <line number="23" hits="1" branch="False" />
            <line number="24" hits="1" branch="False" />
            <line number="25" hits="1" branch="False" />
            <line number="26" hits="1" branch="False" />
            <line number="27" hits="1" branch="False" />
            <line number="28" hits="1" branch="False" />
            <line number="29" hits="1" branch="False" />
            <line number="32" hits="4" branch="False" />
            <line number="34" hits="22" branch="True" condition-coverage="100% (2/2)">
              <conditions>
                <condition number="220" type="jump" coverage="100%" />
              </conditions>
            </line>
            <line number="35" hits="5" branch="False" />
            <line number="36" hits="5" branch="False" />
            <line number="39" hits="5" branch="False" />
            <line number="40" hits="5" branch="False" />
            <line number="41" hits="5" branch="False" />
            <line number="42" hits="5" branch="False" />
            <line number="43" hits="0" branch="False" />
            <line number="44" hits="0" branch="False" />
            <line number="45" hits="0" branch="False" />
            <line number="46" hits="0" branch="False" />
            <line number="47" hits="5" branch="False" />
            <line number="49" hits="4" branch="False" />
            <line number="50" hits="4" branch="False" />
            <line number="51" hits="4" branch="False" />
            <line number="52" hits="4" branch="False" />
            <line number="53" hits="4" branch="False" />
            <line number="54" hits="4" branch="False" />
            <line number="55" hits="5" branch="False" />
            <line number="58" hits="5" branch="False" />
            <line number="59" hits="5" branch="False" />
            <line number="61" hits="5" branch="True" condition-coverage="50% (1/2)">
              <conditions>
                <condition number="19" type="jump" coverage="50%" />
              </conditions>
            </line>
            <line number="62" hits="0" branch="False" />
            <line number="63" hits="0" branch="False" />
            <line number="66" hits="5" branch="True" condition-coverage="100% (2/2)">
              <conditions>
                <condition number="54" type="jump" coverage="100%" />
              </conditions>
            </line>
            <line number="67" hits="2" branch="False" />
            <line number="68" hits="2" branch="False" />
            <line number="69" hits="2" branch="False" />
            <line number="70" hits="2" branch="False" />
            <line number="71" hits="2" branch="False" />
            <line number="72" hits="2" branch="False" />
            <line number="75" hits="3" branch="True" condition-coverage="50% (3/6)">
              <conditions>
                <condition number="110" type="jump" coverage="50%" />
                <condition number="116" type="jump" coverage="50%" />
                <condition number="138" type="jump" coverage="50%" />
              </conditions>
            </line>
            <line number="76" hits="3" branch="False" />
            <line number="77" hits="3" branch="True" condition-coverage="50% (1/2)">
              <conditions>
                <condition number="169" type="jump" coverage="50%" />
              </conditions>
            </line>
            <line number="78" hits="3" branch="False" />
            <line number="79" hits="3" branch="False" />
            <line number="80" hits="3" branch="False" />
            <line number="81" hits="3" branch="False" />
            <line number="82" hits="3" branch="False" />
            <line number="85" hits="0" branch="False" />
            <line number="86" hits="5" branch="False" />
            <line number="13" hits="1" branch="False" />
          </lines>
        </class>
        <class name="WorkflowCore.Services.TemplatePreviewService" filename="Services/TemplatePreviewService.cs" line-rate="0.8833" branch-rate="0.6537999999999999" complexity="27">
          <methods>
            <method name="PreviewTemplate" signature="(System.String,System.Text.Json.JsonElement)" line-rate="1" branch-rate="1" complexity="6">
              <lines>
                <line number="20" hits="8" branch="False" />
                <line number="21" hits="8" branch="False" />
                <line number="23" hits="8" branch="False" />
                <line number="24" hits="40" branch="True" condition-coverage="100% (2/2)">
                  <conditions>
                    <condition number="194" type="jump" coverage="100%" />
                  </conditions>
                </line>
                <line number="25" hits="8" branch="False" />
                <line number="26" hits="8" branch="False" />
                <line number="27" hits="8" branch="False" />
                <line number="29" hits="8" branch="True" condition-coverage="100% (2/2)">
                  <conditions>
                    <condition number="93" type="jump" coverage="100%" />
                  </conditions>
                </line>
                <line number="30" hits="6" branch="False" />
                <line number="32" hits="6" branch="False" />
                <line number="33" hits="6" branch="False" />
                <line number="34" hits="6" branch="False" />
                <line number="35" hits="6" branch="False" />
                <line number="36" hits="2" branch="True" condition-coverage="100% (2/2)">
                  <conditions>
                    <condition number="147" type="jump" coverage="100%" />
                  </conditions>
                </line>
                <line number="37" hits="2" branch="False" />
                <line number="39" hits="2" branch="False" />
                <line number="40" hits="2" branch="False" />
                <line number="41" hits="2" branch="False" />
                <line number="42" hits="8" branch="False" />
                <line number="44" hits="8" branch="False" />
                <line number="45" hits="8" branch="False" />
              </lines>
            </method>
            <method name="ResolveInputPath" signature="(System.String,System.Text.Json.JsonElement)" line-rate="0.8157" branch-rate="0.55" complexity="20">
              <lines>
                <line number="52" hits="6" branch="False" />
                <line number="53" hits="6" branch="False" />
                <line number="54" hits="6" branch="False" />
                <line number="56" hits="36" branch="True" condition-coverage="100% (2/2)">
                  <conditions>
                    <condition number="223" type="jump" coverage="100%" />
                  </conditions>
                </line>
                <line number="57" hits="10" branch="False" />
                <line number="59" hits="10" branch="False" />
                <line number="60" hits="10" branch="True" condition-coverage="100% (2/2)">
                  <conditions>
                    <condition number="54" type="jump" coverage="100%" />
                  </conditions>
                </line>
                <line number="61" hits="1" branch="False" />
                <line number="62" hits="1" branch="False" />
                <line number="63" hits="1" branch="False" />
                <line number="65" hits="1" branch="True" condition-coverage="50% (3/6)">
                  <conditions>
                    <condition number="113" type="jump" coverage="50%" />
                    <condition number="123" type="jump" coverage="50%" />
                    <condition number="143" type="jump" coverage="50%" />
                  </conditions>
                </line>
                <line number="66" hits="1" branch="False" />
                <line number="67" hits="1" branch="False" />
                <line number="68" hits="1" branch="False" />
                <line number="69" hits="1" branch="False" />
                <line number="70" hits="1" branch="False" />
                <line number="72" hits="0" branch="False" />
                <line number="73" hits="0" branch="False" />
                <line number="75" hits="1" branch="False" />
                <line number="77" hits="9" branch="False" />
                <line number="78" hits="9" branch="True" condition-coverage="100% (2/2)">
                  <conditions>
                    <condition number="191" type="jump" coverage="100%" />
                  </conditions>
                </line>
                <line number="79" hits="7" branch="False" />
                <line number="80" hits="7" branch="False" />
                <line number="81" hits="7" branch="False" />
                <line number="83" hits="2" branch="False" />
                <line number="84" hits="2" branch="False" />
                <line number="86" hits="7" branch="False" />
                <line number="87" hits="8" branch="False" />
                <line number="90" hits="4" branch="True" condition-coverage="16.66% (1/6)">
                  <conditions>
                    <condition number="245" type="switch" coverage="16.66%" />
                  </conditions>
                </line>
                <line number="91" hits="4" branch="False" />
                <line number="92" hits="4" branch="True" condition-coverage="50% (1/2)">
                  <conditions>
                    <condition number="280" type="jump" coverage="50%" />
                  </conditions>
                </line>
                <line number="93" hits="0" branch="False" />
                <line number="94" hits="0" branch="False" />
                <line number="95" hits="0" branch="False" />
                <line number="96" hits="0" branch="False" />
                <line number="97" hits="0" branch="False" />
                <line number="98" hits="4" branch="False" />
                <line number="99" hits="6" branch="False" />
              </lines>
            </method>
            <method name=".cctor" signature="()" line-rate="1" branch-rate="1" complexity="1">
              <lines>
                <line number="12" hits="1" branch="False" />
              </lines>
            </method>
          </methods>
          <lines>
            <line number="20" hits="8" branch="False" />
            <line number="21" hits="8" branch="False" />
            <line number="23" hits="8" branch="False" />
            <line number="24" hits="40" branch="True" condition-coverage="100% (2/2)">
              <conditions>
                <condition number="194" type="jump" coverage="100%" />
              </conditions>
            </line>
            <line number="25" hits="8" branch="False" />
            <line number="26" hits="8" branch="False" />
            <line number="27" hits="8" branch="False" />
            <line number="29" hits="8" branch="True" condition-coverage="100% (2/2)">
              <conditions>
                <condition number="93" type="jump" coverage="100%" />
              </conditions>
            </line>
            <line number="30" hits="6" branch="False" />
            <line number="32" hits="6" branch="False" />
[...]
            <line number="76" hits="0" branch="False" />
            <line number="77" hits="0" branch="False" />
            <line number="78" hits="0" branch="False" />
            <line number="79" hits="0" branch="False" />
            <line number="80" hits="0" branch="False" />
            <line number="81" hits="0" branch="False" />
            <line number="82" hits="0" branch="False" />
            <line number="83" hits="0" branch="False" />
            <line number="84" hits="0" branch="False" />
            <line number="85" hits="0" branch="False" />
            <line number="86" hits="0" branch="False" />
            <line number="87" hits="0" branch="False" />
            <line number="88" hits="0" branch="False" />
            <line number="89" hits="0" branch="False" />
            <line number="90" hits="0" branch="False" />
            <line number="91" hits="0" branch="False" />
            <line number="92" hits="0" branch="False" />
            <line number="93" hits="0" branch="False" />
            <line number="94" hits="0" branch="False" />
            <line number="95" hits="0" branch="False" />
            <line number="96" hits="0" branch="False" />
            <line number="97" hits="0" branch="False" />
            <line number="98" hits="0" branch="False" />
            <line number="99" hits="0" branch="False" />
            <line number="100" hits="0" branch="False" />
            <line number="101" hits="0" branch="False" />
            <line number="102" hits="0" branch="False" />
            <line number="103" hits="0" branch="False" />
            <line number="104" hits="0" branch="False" />
            <line number="105" hits="0" branch="False" />
            <line number="106" hits="0" branch="False" />
            <line number="107" hits="0" branch="False" />
            <line number="109" hits="0" branch="False" />
            <line number="110" hits="0" branch="False" />
            <line number="111" hits="0" branch="False" />
            <line number="112" hits="0" branch="False" />
            <line number="113" hits="0" branch="False" />
            <line number="114" hits="0" branch="False" />
            <line number="115" hits="0" branch="False" />
            <line number="116" hits="0" branch="False" />
            <line number="117" hits="0" branch="False" />
            <line number="118" hits="0" branch="False" />
            <line number="119" hits="0" branch="False" />
            <line number="120" hits="0" branch="False" />
            <line number="121" hits="0" branch="False" />
            <line number="122" hits="0" branch="False" />
            <line number="123" hits="0" branch="False" />
            <line number="124" hits="0" branch="False" />
            <line number="125" hits="0" branch="False" />
            <line number="126" hits="0" branch="False" />
            <line number="127" hits="0" branch="False" />
            <line number="128" hits="0" branch="False" />
            <line number="129" hits="0" branch="False" />
            <line number="130" hits="0" branch="False" />
            <line number="131" hits="0" branch="False" />
            <line number="132" hits="0" branch="False" />
            <line number="133" hits="0" branch="False" />
            <line number="134" hits="0" branch="False" />
            <line number="135" hits="0" branch="False" />
            <line number="136" hits="0" branch="False" />
            <line number="138" hits="0" branch="False" />
            <line number="139" hits="0" branch="False" />
            <line number="140" hits="0" branch="False" />
            <line number="141" hits="0" branch="False" />
            <line number="142" hits="0" branch="False" />
            <line number="143" hits="0" branch="False" />
            <line number="144" hits="0" branch="False" />
            <line number="145" hits="0" branch="False" />
            <line number="146" hits="0" branch="False" />
            <line number="147" hits="0" branch="False" />
            <line number="149" hits="0" branch="False" />
            <line number="150" hits="0" branch="False" />
            <line number="151" hits="0" branch="False" />
            <line number="152" hits="0" branch="False" />
            <line number="154" hits="0" branch="False" />
          </lines>
        </class>
        <class name="WorkflowCore.Data.Migrations.WorkflowDbContextModelSnapshot" filename="Data/Migrations/WorkflowDbContextModelSnapshot.cs" line-rate="0" branch-rate="1" complexity="1">
          <methods>
            <method name="BuildModel" signature="(Microsoft.EntityFrameworkCore.ModelBuilder)" line-rate="0" branch-rate="1" complexity="1">
              <lines>
                <line number="17" hits="0" branch="False" />
                <line number="19" hits="0" branch="False" />
                <line number="20" hits="0" branch="False" />
                <line number="21" hits="0" branch="False" />
                <line number="23" hits="0" branch="False" />
                <line number="25" hits="0" branch="False" />
                <line number="26" hits="0" branch="False" />
                <line number="27" hits="0" branch="False" />
                <line number="28" hits="0" branch="False" />
                <line number="29" hits="0" branch="False" />
                <line number="30" hits="0" branch="False" />
                <line number="31" hits="0" branch="False" />
                <line number="32" hits="0" branch="False" />
                <line number="33" hits="0" branch="False" />
                <line number="34" hits="0" branch="False" />
                <line number="35" hits="0" branch="False" />
                <line number="36" hits="0" branch="False" />
                <line number="37" hits="0" branch="False" />
                <line number="38" hits="0" branch="False" />
                <line number="39" hits="0" branch="False" />
                <line number="40" hits="0" branch="False" />
                <line number="41" hits="0" branch="False" />
                <line number="42" hits="0" branch="False" />
                <line number="43" hits="0" branch="False" />
                <line number="44" hits="0" branch="False" />
                <line number="45" hits="0" branch="False" />
                <line number="46" hits="0" branch="False" />
                <line number="47" hits="0" branch="False" />
                <line number="48" hits="0" branch="False" />
                <line number="49" hits="0" branch="False" />
                <line number="50" hits="0" branch="False" />
                <line number="51" hits="0" branch="False" />
                <line number="52" hits="0" branch="False" />
                <line number="53" hits="0" branch="False" />
                <line number="54" hits="0" branch="False" />
                <line number="55" hits="0" branch="False" />
                <line number="56" hits="0" branch="False" />
                <line number="57" hits="0" branch="False" />
                <line number="58" hits="0" branch="False" />
                <line number="60" hits="0" branch="False" />
                <line number="61" hits="0" branch="False" />
                <line number="62" hits="0" branch="False" />
                <line number="63" hits="0" branch="False" />
                <line number="64" hits="0" branch="False" />
                <line number="65" hits="0" branch="False" />
                <line number="66" hits="0" branch="False" />
                <line number="67" hits="0" branch="False" />
                <line number="68" hits="0" branch="False" />
                <line number="69" hits="0" branch="False" />
                <line number="70" hits="0" branch="False" />
                <line number="71" hits="0" branch="False" />
                <line number="72" hits="0" branch="False" />
                <line number="73" hits="0" branch="False" />
                <line number="74" hits="0" branch="False" />
                <line number="75" hits="0" branch="False" />
                <line number="76" hits="0" branch="False" />
                <line number="77" hits="0" branch="False" />
                <line number="78" hits="0" branch="False" />
                <line number="79" hits="0" branch="False" />
                <line number="80" hits="0" branch="False" />
                <line number="81" hits="0" branch="False" />
                <line number="82" hits="0" branch="False" />
                <line number="83" hits="0" branch="False" />
                <line number="84" hits="0" branch="False" />
                <line number="85" hits="0" branch="False" />
                <line number="86" hits="0" branch="False" />
                <line number="87" hits="0" branch="False" />
                <line number="88" hits="0" branch="False" />
                <line number="89" hits="0" branch="False" />
                <line number="90" hits="0" branch="False" />
                <line number="91" hits="0" branch="False" />
                <line number="92" hits="0" branch="False" />
                <line number="93" hits="0" branch="False" />
                <line number="94" hits="0" branch="False" />
                <line number="95" hits="0" branch="False" />
                <line number="96" hits="0" branch="False" />
                <line number="97" hits="0" branch="False" />
                <line number="98" hits="0" branch="False" />
                <line number="99" hits="0" branch="False" />
                <line number="100" hits="0" branch="False" />
                <line number="101" hits="0" branch="False" />
                <line number="102" hits="0" branch="False" />
                <line number="103" hits="0" branch="False" />
                <line number="104" hits="0" branch="False" />
                <line number="106" hits="0" branch="False" />
                <line number="107" hits="0" branch="False" />
                <line number="108" hits="0" branch="False" />
                <line number="109" hits="0" branch="False" />
                <line number="110" hits="0" branch="False" />
                <line number="111" hits="0" branch="False" />
                <line number="112" hits="0" branch="False" />
                <line number="113" hits="0" branch="False" />
                <line number="114" hits="0" branch="False" />
                <line number="115" hits="0" branch="False" />
                <line number="116" hits="0" branch="False" />
                <line number="117" hits="0" branch="False" />
                <line number="118" hits="0" branch="False" />
                <line number="119" hits="0" branch="False" />
                <line number="120" hits="0" branch="False" />
                <line number="121" hits="0" branch="False" />
                <line number="122" hits="0" branch="False" />
                <line number="123" hits="0" branch="False" />
                <line number="124" hits="0" branch="False" />
                <line number="125" hits="0" branch="False" />
                <line number="126" hits="0" branch="False" />
                <line number="127" hits="0" branch="False" />
                <line number="128" hits="0" branch="False" />
                <line number="129" hits="0" branch="False" />
                <line number="130" hits="0" branch="False" />
                <line number="131" hits="0" branch="False" />
                <line number="132" hits="0" branch="False" />
                <line number="133" hits="0" branch="False" />
                <line number="135" hits="0" branch="False" />
                <line number="136" hits="0" branch="False" />
                <line number="137" hits="0" branch="False" />
                <line number="138" hits="0" branch="False" />
                <line number="139" hits="0" branch="False" />
                <line number="140" hits="0" branch="False" />
                <line number="141" hits="0" branch="False" />
                <line number="142" hits="0" branch="False" />
                <line number="143" hits="0" branch="False" />
                <line number="144" hits="0" branch="False" />
                <line number="146" hits="0" branch="False" />
                <line number="147" hits="0" branch="False" />
                <line number="148" hits="0" branch="False" />
                <line number="149" hits="0" branch="False" />
                <line number="151" hits="0" branch="False" />
              </lines>
            </method>
          </methods>
          <lines>
            <line number="17" hits="0" branch="False" />
            <line number="19" hits="0" branch="False" />
            <line number="20" hits="0" branch="False" />
            <line number="21" hits="0" branch="False" />
            <line number="23" hits="0" branch="False" />
            <line number="25" hits="0" branch="False" />
            <line number="26" hits="0" branch="False" />
            <line number="27" hits="0" branch="False" />
            <line number="28" hits="0" branch="False" />
            <line number="29" hits="0" branch="False" />
            <line number="30" hits="0" branch="False" />
            <line number="31" hits="0" branch="False" />
            <line number="32" hits="0" branch="False" />
            <line number="33" hits="0" branch="False" />
            <line number="34" hits="0" branch="False" />
            <line number="35" hits="0" branch="False" />
            <line number="36" hits="0" branch="False" />
            <line number="37" hits="0" branch="False" />
            <line number="38" hits="0" branch="False" />
            <line number="39" hits="0" branch="False" />
            <line number="40" hits="0" branch="False" />
            <line number="41" hits="0" branch="False" />
            <line number="42" hits="0" branch="False" />
            <line number="43" hits="0" branch="False" />
            <line number="44" hits="0" branch="False" />
            <line number="45" hits="0" branch="False" />
            <line number="46" hits="0" branch="False" />
            <line number="47" hits="0" branch="False" />
            <line number="48" hits="0" branch="False" />
            <line number="49" hits="0" branch="False" />
            <line number="50" hits="0" branch="False" />
            <line number="51" hits="0" branch="False" />
            <line number="52" hits="0" branch="False" />
            <line number="53" hits="0" branch="False" />
            <line number="54" hits="0" branch="False" />
            <line number="55" hits="0" branch="False" />
            <line number="56" hits="0" branch="False" />
            <line number="57" hits="0" branch="False" />
            <line number="58" hits="0" branch="False" />
            <line number="60" hits="0" branch="False" />
            <line number="61" hits="0" branch="False" />
            <line number="62" hits="0" branch="False" />
            <line number="63" hits="0" branch="False" />
            <line number="64" hits="0" branch="False" />
            <line number="65" hits="0" branch="False" />
            <line number="66" hits="0" branch="False" />
            <line number="67" hits="0" branch="False" />
            <line number="68" hits="0" branch="False" />
            <line number="69" hits="0" branch="False" />
            <line number="70" hits="0" branch="False" />
            <line number="71" hits="0" branch="False" />
            <line number="72" hits="0" branch="False" />
            <line number="73" hits="0" branch="False" />
            <line number="74" hits="0" branch="False" />
            <line number="75" hits="0" branch="False" />
            <line number="76" hits="0" branch="False" />
            <line number="77" hits="0" branch="False" />
            <line number="78" hits="0" branch="False" />
            <line number="79" hits="0" branch="False" />
            <line number="80" hits="0" branch="False" />
            <line number="81" hits="0" branch="False" />
            <line number="82" hits="0" branch="False" />
            <line number="83" hits="0" branch="False" />
            <line number="84" hits="0" branch="False" />
            <line number="85" hits="0" branch="False" />
            <line number="86" hits="0" branch="False" />
            <line number="87" hits="0" branch="False" />
            <line number="88" hits="0" branch="False" />
            <line number="89" hits="0" branch="False" />
            <line number="90" hits="0" branch="False" />
            <line number="91" hits="0" branch="False" />
            <line number="92" hits="0" branch="False" />
            <line number="93" hits="0" branch="False" />
            <line number="94" hits="0" branch="False" />
            <line number="95" hits="0" branch="False" />
            <line number="96" hits="0" branch="False" />
            <line number="97" hits="0" branch="False" />
            <line number="98" hits="0" branch="False" />
            <line number="99" hits="0" branch="False" />
            <line number="100" hits="0" branch="False" />
            <line number="101" hits="0" branch="False" />
            <line number="102" hits="0" branch="False" />
            <line number="103" hits="0" branch="False" />
            <line number="104" hits="0" branch="False" />
            <line number="106" hits="0" branch="False" />
            <line number="107" hits="0" branch="False" />
            <line number="108" hits="0" branch="False" />
            <line number="109" hits="0" branch="False" />
            <line number="110" hits="0" branch="False" />
            <line number="111" hits="0" branch="False" />
            <line number="112" hits="0" branch="False" />
            <line number="113" hits="0" branch="False" />
            <line number="114" hits="0" branch="False" />
            <line number="115" hits="0" branch="False" />
            <line number="116" hits="0" branch="False" />
            <line number="117" hits="0" branch="False" />
            <line number="118" hits="0" branch="False" />
            <line number="119" hits="0" branch="False" />
            <line number="120" hits="0" branch="False" />
            <line number="121" hits="0" branch="False" />
            <line number="122" hits="0" branch="False" />
            <line number="123" hits="0" branch="False" />
            <line number="124" hits="0" branch="False" />
            <line number="125" hits="0" branch="False" />
            <line number="126" hits="0" branch="False" />
            <line number="127" hits="0" branch="False" />
            <line number="128" hits="0" branch="False" />
            <line number="129" hits="0" branch="False" />
            <line number="130" hits="0" branch="False" />
            <line number="131" hits="0" branch="False" />
            <line number="132" hits="0" branch="False" />
            <line number="133" hits="0" branch="False" />
            <line number="135" hits="0" branch="False" />
            <line number="136" hits="0" branch="False" />
            <line number="137" hits="0" branch="False" />
            <line number="138" hits="0" branch="False" />
            <line number="139" hits="0" branch="False" />
            <line number="140" hits="0" branch="False" />
            <line number="141" hits="0" branch="False" />
            <line number="142" hits="0" branch="False" />
            <line number="143" hits="0" branch="False" />
            <line number="144" hits="0" branch="False" />
            <line number="146" hits="0" branch="False" />
            <line number="147" hits="0" branch="False" />
            <line number="148" hits="0" branch="False" />
            <line number="149" hits="0" branch="False" />
            <line number="151" hits="0" branch="False" />
          </lines>
        </class>
      </classes>
    </package>
  </packages>
</coverage>